[0.115s] Invoking command in '/home/caleb/ros2_ws/build/spot_ros': AMENT_PREFIX_PATH=/home/caleb/ros2_ws/install/spot_driver:/home/caleb/ros2_ws/install/spot_ros:/home/caleb/ros2_ws/install/spot_viz:/home/caleb/ros2_ws/install/spot_bringup:/home/caleb/ros2_ws/install/spot_navigation:/home/caleb/ros2_ws/install/spot_msgs:/home/caleb/ros2_ws/install/spot_manipulation_driver:/home/caleb/ros2_ws/install/spot_gazebo:/home/caleb/ros2_ws/install/spot_description:/home/caleb/ros2_ws/install/spot_control:/home/caleb/ros2_ws/install/spot_arm_moveit2_config:/home/caleb/ros2_ws/install/optimization:/home/caleb/ros2_ws/install/manipulator_path_optimization:/home/caleb/ros2_ws/install/manipulator_controller:/opt/ros/galactic CMAKE_PREFIX_PATH=/home/caleb/ros2_ws/install/spot_viz:/home/caleb/ros2_ws/install/spot_navigation:/home/caleb/ros2_ws/install/spot_msgs:/home/caleb/ros2_ws/install/spot_description:/home/caleb/ros2_ws/install/spot_control:/home/caleb/ros2_ws/install/spot_ros:/home/caleb/ros2_ws/install/spot_bringup:/home/caleb/ros2_ws/install/spot_gazebo:/home/caleb/ros2_ws/install/spot_arm_moveit2_config:/home/caleb/ros2_ws/install/optimization:/home/caleb/ros2_ws/install/manipulator_path_optimization:/home/caleb/ros2_ws/install/manipulator_controller:/home/caleb/ros2_ws/install/spot_driver:/home/caleb/ros2_ws/install/spot_manipulation_driver:/opt/ros/galactic /usr/local/bin/cmake /home/caleb/ros2_ws/src/spot_ros/spot_ros -DCMAKE_INSTALL_PREFIX=/home/caleb/ros2_ws/install/spot_ros
[0.142s] -- The C compiler identification is GNU 9.4.0
[0.172s] -- The CXX compiler identification is GNU 9.4.0
[0.177s] -- Detecting C compiler ABI info
[0.206s] -- Detecting C compiler ABI info - done
[0.214s] -- Check for working C compiler: /usr/bin/cc - skipped
[0.214s] -- Detecting C compile features
[0.215s] -- Detecting C compile features - done
[0.218s] -- Detecting CXX compiler ABI info
[0.255s] -- Detecting CXX compiler ABI info - done
[0.260s] -- Check for working CXX compiler: /usr/bin/c++ - skipped
[0.260s] -- Detecting CXX compile features
[0.260s] -- Detecting CXX compile features - done
[0.262s] -- Found ament_cmake: 1.1.6 (/opt/ros/galactic/share/ament_cmake/cmake)
[0.278s] -- Found PythonInterp: /usr/bin/python3 (found suitable version "3.8.10", minimum required is "3") 
[0.278s] -- Using PYTHON_EXECUTABLE: /usr/bin/python3
[0.377s] -- Configuring done
[0.380s] -- Generating done
[0.381s] -- Build files have been written to: /home/caleb/ros2_ws/build/spot_ros
[0.384s] Invoked command in '/home/caleb/ros2_ws/build/spot_ros' returned '0': AMENT_PREFIX_PATH=/home/caleb/ros2_ws/install/spot_driver:/home/caleb/ros2_ws/install/spot_ros:/home/caleb/ros2_ws/install/spot_viz:/home/caleb/ros2_ws/install/spot_bringup:/home/caleb/ros2_ws/install/spot_navigation:/home/caleb/ros2_ws/install/spot_msgs:/home/caleb/ros2_ws/install/spot_manipulation_driver:/home/caleb/ros2_ws/install/spot_gazebo:/home/caleb/ros2_ws/install/spot_description:/home/caleb/ros2_ws/install/spot_control:/home/caleb/ros2_ws/install/spot_arm_moveit2_config:/home/caleb/ros2_ws/install/optimization:/home/caleb/ros2_ws/install/manipulator_path_optimization:/home/caleb/ros2_ws/install/manipulator_controller:/opt/ros/galactic CMAKE_PREFIX_PATH=/home/caleb/ros2_ws/install/spot_viz:/home/caleb/ros2_ws/install/spot_navigation:/home/caleb/ros2_ws/install/spot_msgs:/home/caleb/ros2_ws/install/spot_description:/home/caleb/ros2_ws/install/spot_control:/home/caleb/ros2_ws/install/spot_ros:/home/caleb/ros2_ws/install/spot_bringup:/home/caleb/ros2_ws/install/spot_gazebo:/home/caleb/ros2_ws/install/spot_arm_moveit2_config:/home/caleb/ros2_ws/install/optimization:/home/caleb/ros2_ws/install/manipulator_path_optimization:/home/caleb/ros2_ws/install/manipulator_controller:/home/caleb/ros2_ws/install/spot_driver:/home/caleb/ros2_ws/install/spot_manipulation_driver:/opt/ros/galactic /usr/local/bin/cmake /home/caleb/ros2_ws/src/spot_ros/spot_ros -DCMAKE_INSTALL_PREFIX=/home/caleb/ros2_ws/install/spot_ros
[0.386s] Invoking command in '/home/caleb/ros2_ws/build/spot_ros': AMENT_PREFIX_PATH=/home/caleb/ros2_ws/install/spot_driver:/home/caleb/ros2_ws/install/spot_ros:/home/caleb/ros2_ws/install/spot_viz:/home/caleb/ros2_ws/install/spot_bringup:/home/caleb/ros2_ws/install/spot_navigation:/home/caleb/ros2_ws/install/spot_msgs:/home/caleb/ros2_ws/install/spot_manipulation_driver:/home/caleb/ros2_ws/install/spot_gazebo:/home/caleb/ros2_ws/install/spot_description:/home/caleb/ros2_ws/install/spot_control:/home/caleb/ros2_ws/install/spot_arm_moveit2_config:/home/caleb/ros2_ws/install/optimization:/home/caleb/ros2_ws/install/manipulator_path_optimization:/home/caleb/ros2_ws/install/manipulator_controller:/opt/ros/galactic CMAKE_PREFIX_PATH=/home/caleb/ros2_ws/install/spot_viz:/home/caleb/ros2_ws/install/spot_navigation:/home/caleb/ros2_ws/install/spot_msgs:/home/caleb/ros2_ws/install/spot_description:/home/caleb/ros2_ws/install/spot_control:/home/caleb/ros2_ws/install/spot_ros:/home/caleb/ros2_ws/install/spot_bringup:/home/caleb/ros2_ws/install/spot_gazebo:/home/caleb/ros2_ws/install/spot_arm_moveit2_config:/home/caleb/ros2_ws/install/optimization:/home/caleb/ros2_ws/install/manipulator_path_optimization:/home/caleb/ros2_ws/install/manipulator_controller:/home/caleb/ros2_ws/install/spot_driver:/home/caleb/ros2_ws/install/spot_manipulation_driver:/opt/ros/galactic /usr/local/bin/cmake --build /home/caleb/ros2_ws/build/spot_ros -- -j20 -l20
[0.395s] Invoked command in '/home/caleb/ros2_ws/build/spot_ros' returned '0': AMENT_PREFIX_PATH=/home/caleb/ros2_ws/install/spot_driver:/home/caleb/ros2_ws/install/spot_ros:/home/caleb/ros2_ws/install/spot_viz:/home/caleb/ros2_ws/install/spot_bringup:/home/caleb/ros2_ws/install/spot_navigation:/home/caleb/ros2_ws/install/spot_msgs:/home/caleb/ros2_ws/install/spot_manipulation_driver:/home/caleb/ros2_ws/install/spot_gazebo:/home/caleb/ros2_ws/install/spot_description:/home/caleb/ros2_ws/install/spot_control:/home/caleb/ros2_ws/install/spot_arm_moveit2_config:/home/caleb/ros2_ws/install/optimization:/home/caleb/ros2_ws/install/manipulator_path_optimization:/home/caleb/ros2_ws/install/manipulator_controller:/opt/ros/galactic CMAKE_PREFIX_PATH=/home/caleb/ros2_ws/install/spot_viz:/home/caleb/ros2_ws/install/spot_navigation:/home/caleb/ros2_ws/install/spot_msgs:/home/caleb/ros2_ws/install/spot_description:/home/caleb/ros2_ws/install/spot_control:/home/caleb/ros2_ws/install/spot_ros:/home/caleb/ros2_ws/install/spot_bringup:/home/caleb/ros2_ws/install/spot_gazebo:/home/caleb/ros2_ws/install/spot_arm_moveit2_config:/home/caleb/ros2_ws/install/optimization:/home/caleb/ros2_ws/install/manipulator_path_optimization:/home/caleb/ros2_ws/install/manipulator_controller:/home/caleb/ros2_ws/install/spot_driver:/home/caleb/ros2_ws/install/spot_manipulation_driver:/opt/ros/galactic /usr/local/bin/cmake --build /home/caleb/ros2_ws/build/spot_ros -- -j20 -l20
[0.403s] Invoking command in '/home/caleb/ros2_ws/build/spot_ros': AMENT_PREFIX_PATH=/home/caleb/ros2_ws/install/spot_driver:/home/caleb/ros2_ws/install/spot_ros:/home/caleb/ros2_ws/install/spot_viz:/home/caleb/ros2_ws/install/spot_bringup:/home/caleb/ros2_ws/install/spot_navigation:/home/caleb/ros2_ws/install/spot_msgs:/home/caleb/ros2_ws/install/spot_manipulation_driver:/home/caleb/ros2_ws/install/spot_gazebo:/home/caleb/ros2_ws/install/spot_description:/home/caleb/ros2_ws/install/spot_control:/home/caleb/ros2_ws/install/spot_arm_moveit2_config:/home/caleb/ros2_ws/install/optimization:/home/caleb/ros2_ws/install/manipulator_path_optimization:/home/caleb/ros2_ws/install/manipulator_controller:/opt/ros/galactic CMAKE_PREFIX_PATH=/home/caleb/ros2_ws/install/spot_viz:/home/caleb/ros2_ws/install/spot_navigation:/home/caleb/ros2_ws/install/spot_msgs:/home/caleb/ros2_ws/install/spot_description:/home/caleb/ros2_ws/install/spot_control:/home/caleb/ros2_ws/install/spot_ros:/home/caleb/ros2_ws/install/spot_bringup:/home/caleb/ros2_ws/install/spot_gazebo:/home/caleb/ros2_ws/install/spot_arm_moveit2_config:/home/caleb/ros2_ws/install/optimization:/home/caleb/ros2_ws/install/manipulator_path_optimization:/home/caleb/ros2_ws/install/manipulator_controller:/home/caleb/ros2_ws/install/spot_driver:/home/caleb/ros2_ws/install/spot_manipulation_driver:/opt/ros/galactic /usr/local/bin/cmake --install /home/caleb/ros2_ws/build/spot_ros
[0.404s] -- Install configuration: ""
[0.404s] -- Installing: /home/caleb/ros2_ws/install/spot_ros/share/ament_index/resource_index/package_run_dependencies/spot_ros
[0.404s] -- Installing: /home/caleb/ros2_ws/install/spot_ros/share/ament_index/resource_index/parent_prefix_path/spot_ros
[0.404s] -- Installing: /home/caleb/ros2_ws/install/spot_ros/share/spot_ros/environment/ament_prefix_path.sh
[0.404s] -- Installing: /home/caleb/ros2_ws/install/spot_ros/share/spot_ros/environment/ament_prefix_path.dsv
[0.405s] -- Installing: /home/caleb/ros2_ws/install/spot_ros/share/spot_ros/environment/path.sh
[0.405s] -- Installing: /home/caleb/ros2_ws/install/spot_ros/share/spot_ros/environment/path.dsv
[0.405s] -- Installing: /home/caleb/ros2_ws/install/spot_ros/share/spot_ros/local_setup.bash
[0.405s] -- Installing: /home/caleb/ros2_ws/install/spot_ros/share/spot_ros/local_setup.sh
[0.405s] -- Installing: /home/caleb/ros2_ws/install/spot_ros/share/spot_ros/local_setup.zsh
[0.405s] -- Installing: /home/caleb/ros2_ws/install/spot_ros/share/spot_ros/local_setup.dsv
[0.405s] -- Installing: /home/caleb/ros2_ws/install/spot_ros/share/spot_ros/package.dsv
[0.405s] -- Installing: /home/caleb/ros2_ws/install/spot_ros/share/ament_index/resource_index/packages/spot_ros
[0.405s] -- Installing: /home/caleb/ros2_ws/install/spot_ros/share/spot_ros/cmake/spot_rosConfig.cmake
[0.406s] -- Installing: /home/caleb/ros2_ws/install/spot_ros/share/spot_ros/cmake/spot_rosConfig-version.cmake
[0.406s] -- Installing: /home/caleb/ros2_ws/install/spot_ros/share/spot_ros/package.xml
[0.406s] Invoked command in '/home/caleb/ros2_ws/build/spot_ros' returned '0': AMENT_PREFIX_PATH=/home/caleb/ros2_ws/install/spot_driver:/home/caleb/ros2_ws/install/spot_ros:/home/caleb/ros2_ws/install/spot_viz:/home/caleb/ros2_ws/install/spot_bringup:/home/caleb/ros2_ws/install/spot_navigation:/home/caleb/ros2_ws/install/spot_msgs:/home/caleb/ros2_ws/install/spot_manipulation_driver:/home/caleb/ros2_ws/install/spot_gazebo:/home/caleb/ros2_ws/install/spot_description:/home/caleb/ros2_ws/install/spot_control:/home/caleb/ros2_ws/install/spot_arm_moveit2_config:/home/caleb/ros2_ws/install/optimization:/home/caleb/ros2_ws/install/manipulator_path_optimization:/home/caleb/ros2_ws/install/manipulator_controller:/opt/ros/galactic CMAKE_PREFIX_PATH=/home/caleb/ros2_ws/install/spot_viz:/home/caleb/ros2_ws/install/spot_navigation:/home/caleb/ros2_ws/install/spot_msgs:/home/caleb/ros2_ws/install/spot_description:/home/caleb/ros2_ws/install/spot_control:/home/caleb/ros2_ws/install/spot_ros:/home/caleb/ros2_ws/install/spot_bringup:/home/caleb/ros2_ws/install/spot_gazebo:/home/caleb/ros2_ws/install/spot_arm_moveit2_config:/home/caleb/ros2_ws/install/optimization:/home/caleb/ros2_ws/install/manipulator_path_optimization:/home/caleb/ros2_ws/install/manipulator_controller:/home/caleb/ros2_ws/install/spot_driver:/home/caleb/ros2_ws/install/spot_manipulation_driver:/opt/ros/galactic /usr/local/bin/cmake --install /home/caleb/ros2_ws/build/spot_ros
