[0.568s] Invoking command in '/home/caleb/ros2_ws/build/spot_gazebo': CMAKE_PREFIX_PATH=/home/caleb/ros2_ws/install/spot_description:/home/caleb/ros2_ws/install/spot_ros:/home/caleb/ros2_ws/install/spot_viz:/home/caleb/ros2_ws/install/spot_bringup:/home/caleb/ros2_ws/install/spot_navigation:/home/caleb/ros2_ws/install/spot_msgs:/home/caleb/ros2_ws/install/spot_gazebo:/home/caleb/ros2_ws/install/spot_control:/home/caleb/ros2_ws/install/spot_arm_moveit2_config:/home/caleb/ros2_ws/install/optimization:/home/caleb/ros2_ws/install/manipulator_path_optimization:/home/caleb/ros2_ws/install/manipulator_controller:/home/caleb/ros2_ws/install/spot_driver:/home/caleb/ros2_ws/install/spot_manipulation_driver:/opt/ros/galactic /usr/local/bin/cmake --build /home/caleb/ros2_ws/build/spot_gazebo -- -j20 -l20
[0.574s] Invoked command in '/home/caleb/ros2_ws/build/spot_gazebo' returned '0': CMAKE_PREFIX_PATH=/home/caleb/ros2_ws/install/spot_description:/home/caleb/ros2_ws/install/spot_ros:/home/caleb/ros2_ws/install/spot_viz:/home/caleb/ros2_ws/install/spot_bringup:/home/caleb/ros2_ws/install/spot_navigation:/home/caleb/ros2_ws/install/spot_msgs:/home/caleb/ros2_ws/install/spot_gazebo:/home/caleb/ros2_ws/install/spot_control:/home/caleb/ros2_ws/install/spot_arm_moveit2_config:/home/caleb/ros2_ws/install/optimization:/home/caleb/ros2_ws/install/manipulator_path_optimization:/home/caleb/ros2_ws/install/manipulator_controller:/home/caleb/ros2_ws/install/spot_driver:/home/caleb/ros2_ws/install/spot_manipulation_driver:/opt/ros/galactic /usr/local/bin/cmake --build /home/caleb/ros2_ws/build/spot_gazebo -- -j20 -l20
[0.586s] Invoking command in '/home/caleb/ros2_ws/build/spot_gazebo': CMAKE_PREFIX_PATH=/home/caleb/ros2_ws/install/spot_description:/home/caleb/ros2_ws/install/spot_ros:/home/caleb/ros2_ws/install/spot_viz:/home/caleb/ros2_ws/install/spot_bringup:/home/caleb/ros2_ws/install/spot_navigation:/home/caleb/ros2_ws/install/spot_msgs:/home/caleb/ros2_ws/install/spot_gazebo:/home/caleb/ros2_ws/install/spot_control:/home/caleb/ros2_ws/install/spot_arm_moveit2_config:/home/caleb/ros2_ws/install/optimization:/home/caleb/ros2_ws/install/manipulator_path_optimization:/home/caleb/ros2_ws/install/manipulator_controller:/home/caleb/ros2_ws/install/spot_driver:/home/caleb/ros2_ws/install/spot_manipulation_driver:/opt/ros/galactic /usr/local/bin/cmake --install /home/caleb/ros2_ws/build/spot_gazebo
[0.586s] -- Install configuration: ""
[0.587s] -- Up-to-date: /home/caleb/ros2_ws/install/spot_gazebo/share/spot_gazebo/launch
[0.588s] -- Up-to-date: /home/caleb/ros2_ws/install/spot_gazebo/share/spot_gazebo/launch/spawn_turtlebot3.launch.py
[0.588s] -- Up-to-date: /home/caleb/ros2_ws/install/spot_gazebo/share/spot_gazebo/launch/empty_world.launch.py
[0.588s] -- Up-to-date: /home/caleb/ros2_ws/install/spot_gazebo/share/spot_gazebo/launch/turtlebot3_world.launch.py
[0.589s] -- Up-to-date: /home/caleb/ros2_ws/install/spot_gazebo/share/spot_gazebo/worlds
[0.589s] -- Up-to-date: /home/caleb/ros2_ws/install/spot_gazebo/share/spot_gazebo/worlds/turtlebot3_world.world
[0.589s] -- Up-to-date: /home/caleb/ros2_ws/install/spot_gazebo/share/spot_gazebo/worlds/turtlebot3_dqn_stage2.world
[0.590s] -- Up-to-date: /home/caleb/ros2_ws/install/spot_gazebo/share/spot_gazebo/worlds/empty_world.world
[0.591s] -- Up-to-date: /home/caleb/ros2_ws/install/spot_gazebo/share/spot_gazebo/worlds/turtlebot3_dqn_stage1.world
[0.591s] -- Up-to-date: /home/caleb/ros2_ws/install/spot_gazebo/share/spot_gazebo/worlds/turtlebot3_dqn_stage4.world
[0.592s] -- Up-to-date: /home/caleb/ros2_ws/install/spot_gazebo/share/spot_gazebo/worlds/turtlebot3_house.world
[0.592s] -- Up-to-date: /home/caleb/ros2_ws/install/spot_gazebo/share/spot_gazebo/worlds/turtlebot3_dqn_stage3.world
[0.593s] -- Up-to-date: /home/caleb/ros2_ws/install/spot_gazebo/share/spot_gazebo/rviz
[0.593s] -- Up-to-date: /home/caleb/ros2_ws/install/spot_gazebo/share/spot_gazebo/rviz/tb3_gazebo.rviz
[0.594s] -- Up-to-date: /home/caleb/ros2_ws/install/spot_gazebo/share/spot_gazebo/models
[0.594s] -- Up-to-date: /home/caleb/ros2_ws/install/spot_gazebo/share/spot_gazebo/models/turtlebot3_waffle
[0.595s] -- Up-to-date: /home/caleb/ros2_ws/install/spot_gazebo/share/spot_gazebo/models/turtlebot3_waffle/model.sdf
[0.595s] -- Up-to-date: /home/caleb/ros2_ws/install/spot_gazebo/share/spot_gazebo/models/turtlebot3_waffle/model-1_4.sdf
[0.595s] -- Up-to-date: /home/caleb/ros2_ws/install/spot_gazebo/share/spot_gazebo/models/turtlebot3_waffle/model.config
[0.596s] -- Up-to-date: /home/caleb/ros2_ws/install/spot_gazebo/share/spot_gazebo/models/turtlebot3_dqn_world
[0.596s] -- Up-to-date: /home/caleb/ros2_ws/install/spot_gazebo/share/spot_gazebo/models/turtlebot3_dqn_world/obstacles
[0.596s] -- Up-to-date: /home/caleb/ros2_ws/install/spot_gazebo/share/spot_gazebo/models/turtlebot3_dqn_world/obstacles/model.sdf
[0.597s] -- Up-to-date: /home/caleb/ros2_ws/install/spot_gazebo/share/spot_gazebo/models/turtlebot3_dqn_world/obstacles/model.config
[0.597s] -- Up-to-date: /home/caleb/ros2_ws/install/spot_gazebo/share/spot_gazebo/models/turtlebot3_dqn_world/obstacle_plugin
[0.597s] -- Up-to-date: /home/caleb/ros2_ws/install/spot_gazebo/share/spot_gazebo/models/turtlebot3_dqn_world/obstacle_plugin/obstacle2.cc
[0.597s] -- Up-to-date: /home/caleb/ros2_ws/install/spot_gazebo/share/spot_gazebo/models/turtlebot3_dqn_world/obstacle_plugin/obstacles.cc
[0.597s] -- Up-to-date: /home/caleb/ros2_ws/install/spot_gazebo/share/spot_gazebo/models/turtlebot3_dqn_world/obstacle_plugin/CMakeLists.txt
[0.597s] -- Up-to-date: /home/caleb/ros2_ws/install/spot_gazebo/share/spot_gazebo/models/turtlebot3_dqn_world/obstacle_plugin/obstacle1.cc
[0.597s] -- Up-to-date: /home/caleb/ros2_ws/install/spot_gazebo/share/spot_gazebo/models/turtlebot3_dqn_world/goal_box
[0.598s] -- Up-to-date: /home/caleb/ros2_ws/install/spot_gazebo/share/spot_gazebo/models/turtlebot3_dqn_world/goal_box/model.sdf
[0.598s] -- Up-to-date: /home/caleb/ros2_ws/install/spot_gazebo/share/spot_gazebo/models/turtlebot3_dqn_world/goal_box/model.config
[0.599s] -- Up-to-date: /home/caleb/ros2_ws/install/spot_gazebo/share/spot_gazebo/models/turtlebot3_dqn_world/model.sdf
[0.599s] -- Up-to-date: /home/caleb/ros2_ws/install/spot_gazebo/share/spot_gazebo/models/turtlebot3_dqn_world/model.config
[0.599s] -- Up-to-date: /home/caleb/ros2_ws/install/spot_gazebo/share/spot_gazebo/models/turtlebot3_dqn_world/obstacle1
[0.600s] -- Up-to-date: /home/caleb/ros2_ws/install/spot_gazebo/share/spot_gazebo/models/turtlebot3_dqn_world/obstacle1/model.sdf
[0.600s] -- Up-to-date: /home/caleb/ros2_ws/install/spot_gazebo/share/spot_gazebo/models/turtlebot3_dqn_world/obstacle1/model.config
[0.600s] -- Up-to-date: /home/caleb/ros2_ws/install/spot_gazebo/share/spot_gazebo/models/turtlebot3_dqn_world/inner_walls
[0.601s] -- Up-to-date: /home/caleb/ros2_ws/install/spot_gazebo/share/spot_gazebo/models/turtlebot3_dqn_world/inner_walls/model.sdf
[0.602s] -- Up-to-date: /home/caleb/ros2_ws/install/spot_gazebo/share/spot_gazebo/models/turtlebot3_dqn_world/inner_walls/model.config
[0.602s] -- Up-to-date: /home/caleb/ros2_ws/install/spot_gazebo/share/spot_gazebo/models/turtlebot3_dqn_world/obstacle2
[0.603s] -- Up-to-date: /home/caleb/ros2_ws/install/spot_gazebo/share/spot_gazebo/models/turtlebot3_dqn_world/obstacle2/model.sdf
[0.603s] -- Up-to-date: /home/caleb/ros2_ws/install/spot_gazebo/share/spot_gazebo/models/turtlebot3_dqn_world/obstacle2/model.config
[0.604s] -- Up-to-date: /home/caleb/ros2_ws/install/spot_gazebo/share/spot_gazebo/models/turtlebot3_waffle_pi
[0.604s] -- Up-to-date: /home/caleb/ros2_ws/install/spot_gazebo/share/spot_gazebo/models/turtlebot3_waffle_pi/model-1_4_.sdf
[0.605s] -- Up-to-date: /home/caleb/ros2_ws/install/spot_gazebo/share/spot_gazebo/models/turtlebot3_waffle_pi/model.sdf
[0.605s] -- Up-to-date: /home/caleb/ros2_ws/install/spot_gazebo/share/spot_gazebo/models/turtlebot3_waffle_pi/model.config
[0.605s] -- Up-to-date: /home/caleb/ros2_ws/install/spot_gazebo/share/spot_gazebo/models/turtlebot3_world
[0.606s] -- Up-to-date: /home/caleb/ros2_ws/install/spot_gazebo/share/spot_gazebo/models/turtlebot3_world/model.sdf
[0.606s] -- Up-to-date: /home/caleb/ros2_ws/install/spot_gazebo/share/spot_gazebo/models/turtlebot3_world/model-1_4.sdf
[0.606s] -- Up-to-date: /home/caleb/ros2_ws/install/spot_gazebo/share/spot_gazebo/models/turtlebot3_world/model.config
[0.606s] -- Up-to-date: /home/caleb/ros2_ws/install/spot_gazebo/share/spot_gazebo/models/turtlebot3_world/meshes
[0.607s] -- Up-to-date: /home/caleb/ros2_ws/install/spot_gazebo/share/spot_gazebo/models/turtlebot3_world/meshes/wall.dae
[0.607s] -- Up-to-date: /home/caleb/ros2_ws/install/spot_gazebo/share/spot_gazebo/models/turtlebot3_world/meshes/hexagon.dae
[0.608s] -- Up-to-date: /home/caleb/ros2_ws/install/spot_gazebo/share/spot_gazebo/models/turtlebot3_common
[0.608s] -- Up-to-date: /home/caleb/ros2_ws/install/spot_gazebo/share/spot_gazebo/models/turtlebot3_common/model.config
[0.609s] -- Up-to-date: /home/caleb/ros2_ws/install/spot_gazebo/share/spot_gazebo/models/turtlebot3_common/meshes
[0.609s] -- Up-to-date: /home/caleb/ros2_ws/install/spot_gazebo/share/spot_gazebo/models/turtlebot3_common/meshes/lds.dae
[0.610s] -- Up-to-date: /home/caleb/ros2_ws/install/spot_gazebo/share/spot_gazebo/models/turtlebot3_common/meshes/waffle_pi_base.dae
[0.611s] -- Up-to-date: /home/caleb/ros2_ws/install/spot_gazebo/share/spot_gazebo/models/turtlebot3_common/meshes/waffle_base.dae
[0.611s] -- Up-to-date: /home/caleb/ros2_ws/install/spot_gazebo/share/spot_gazebo/models/turtlebot3_common/meshes/tire.dae
[0.612s] -- Up-to-date: /home/caleb/ros2_ws/install/spot_gazebo/share/spot_gazebo/models/turtlebot3_common/meshes/burger_base.dae
[0.613s] -- Up-to-date: /home/caleb/ros2_ws/install/spot_gazebo/share/spot_gazebo/models/turtlebot3_common/meshes/r200.dae
[0.613s] -- Up-to-date: /home/caleb/ros2_ws/install/spot_gazebo/share/spot_gazebo/models/turtlebot3_house
[0.613s] -- Up-to-date: /home/caleb/ros2_ws/install/spot_gazebo/share/spot_gazebo/models/turtlebot3_house/model.sdf
[0.614s] -- Up-to-date: /home/caleb/ros2_ws/install/spot_gazebo/share/spot_gazebo/models/turtlebot3_house/model.config
[0.614s] -- Up-to-date: /home/caleb/ros2_ws/install/spot_gazebo/share/spot_gazebo/models/turtlebot3_burger
[0.615s] -- Up-to-date: /home/caleb/ros2_ws/install/spot_gazebo/share/spot_gazebo/models/turtlebot3_burger/model.sdf
[0.616s] -- Up-to-date: /home/caleb/ros2_ws/install/spot_gazebo/share/spot_gazebo/models/turtlebot3_burger/model-1_4.sdf
[0.616s] -- Up-to-date: /home/caleb/ros2_ws/install/spot_gazebo/share/spot_gazebo/models/turtlebot3_burger/model.config
[0.617s] -- Up-to-date: /home/caleb/ros2_ws/install/spot_gazebo/share/ament_index/resource_index/package_run_dependencies/spot_gazebo
[0.618s] -- Up-to-date: /home/caleb/ros2_ws/install/spot_gazebo/share/ament_index/resource_index/parent_prefix_path/spot_gazebo
[0.618s] -- Up-to-date: /home/caleb/ros2_ws/install/spot_gazebo/share/spot_gazebo/environment/ament_prefix_path.sh
[0.619s] -- Up-to-date: /home/caleb/ros2_ws/install/spot_gazebo/share/spot_gazebo/environment/ament_prefix_path.dsv
[0.619s] -- Up-to-date: /home/caleb/ros2_ws/install/spot_gazebo/share/spot_gazebo/environment/path.sh
[0.620s] -- Up-to-date: /home/caleb/ros2_ws/install/spot_gazebo/share/spot_gazebo/environment/path.dsv
[0.620s] -- Up-to-date: /home/caleb/ros2_ws/install/spot_gazebo/share/spot_gazebo/local_setup.bash
[0.621s] -- Up-to-date: /home/caleb/ros2_ws/install/spot_gazebo/share/spot_gazebo/local_setup.sh
[0.621s] -- Up-to-date: /home/caleb/ros2_ws/install/spot_gazebo/share/spot_gazebo/local_setup.zsh
[0.622s] -- Up-to-date: /home/caleb/ros2_ws/install/spot_gazebo/share/spot_gazebo/local_setup.dsv
[0.622s] -- Installing: /home/caleb/ros2_ws/install/spot_gazebo/share/spot_gazebo/package.dsv
[0.622s] -- Up-to-date: /home/caleb/ros2_ws/install/spot_gazebo/share/ament_index/resource_index/packages/spot_gazebo
[0.622s] -- Up-to-date: /home/caleb/ros2_ws/install/spot_gazebo/share/spot_gazebo/cmake/spot_gazeboConfig.cmake
[0.622s] -- Up-to-date: /home/caleb/ros2_ws/install/spot_gazebo/share/spot_gazebo/cmake/spot_gazeboConfig-version.cmake
[0.622s] -- Up-to-date: /home/caleb/ros2_ws/install/spot_gazebo/share/spot_gazebo/package.xml
[0.691s] Invoked command in '/home/caleb/ros2_ws/build/spot_gazebo' returned '0': CMAKE_PREFIX_PATH=/home/caleb/ros2_ws/install/spot_description:/home/caleb/ros2_ws/install/spot_ros:/home/caleb/ros2_ws/install/spot_viz:/home/caleb/ros2_ws/install/spot_bringup:/home/caleb/ros2_ws/install/spot_navigation:/home/caleb/ros2_ws/install/spot_msgs:/home/caleb/ros2_ws/install/spot_gazebo:/home/caleb/ros2_ws/install/spot_control:/home/caleb/ros2_ws/install/spot_arm_moveit2_config:/home/caleb/ros2_ws/install/optimization:/home/caleb/ros2_ws/install/manipulator_path_optimization:/home/caleb/ros2_ws/install/manipulator_controller:/home/caleb/ros2_ws/install/spot_driver:/home/caleb/ros2_ws/install/spot_manipulation_driver:/opt/ros/galactic /usr/local/bin/cmake --install /home/caleb/ros2_ws/build/spot_gazebo
