[0.120s] Invoking command in '/home/caleb/ros2_ws/build/optimization': CMAKE_PREFIX_PATH=${CMAKE_PREFIX_PATH}:/home/caleb/ros2_ws/install/spot_driver:/home/caleb/ros2_ws/install/spot_manipulation_driver:/opt/ros/galactic /usr/local/bin/cmake --build /home/caleb/ros2_ws/build/optimization -- -j20 -l20
[0.129s] -- Found ament_cmake: 1.1.6 (/opt/ros/galactic/share/ament_cmake/cmake)
[0.143s] -- Using PYTHON_EXECUTABLE: /usr/bin/python3
[0.178s] -- Found rclcpp: 9.2.2 (/opt/ros/galactic/share/rclcpp/cmake)
[0.199s] -- Using all available rosidl_typesupport_c: rosidl_typesupport_fastrtps_c;rosidl_typesupport_introspection_c
[0.200s] -- Found rosidl_adapter: 2.2.3 (/opt/ros/galactic/share/rosidl_adapter/cmake)
[0.272s] -- Using all available rosidl_typesupport_cpp: rosidl_typesupport_fastrtps_cpp;rosidl_typesupport_introspection_cpp
[0.298s] -- Found rmw_implementation_cmake: 3.3.1 (/opt/ros/galactic/share/rmw_implementation_cmake/cmake)
[0.299s] -- Found rmw_cyclonedds_cpp: 0.22.6 (/opt/ros/galactic/share/rmw_cyclonedds_cpp/cmake)
[0.308s] -- Using RMW implementation 'rmw_cyclonedds_cpp' as default
[0.377s] -- Found moveit_core: 2.3.4 (/opt/ros/galactic/share/moveit_core/cmake)
[0.386s] -- Found Boost: /usr/lib/x86_64-linux-gnu/cmake/Boost-1.71.0/BoostConfig.cmake (found version "1.71.0") found components: chrono date_time filesystem iostreams program_options regex serialization system thread 
[0.394s] -- Found Boost: /usr/lib/x86_64-linux-gnu/cmake/Boost-1.71.0/BoostConfig.cmake (found version "1.71.0") found components: filesystem 
[0.437s] -- library: /usr/lib/x86_64-linux-gnu/libcurl.so
[1.446s] -- Found moveit_ros_planning_interface: 2.3.4 (/opt/ros/galactic/share/moveit_ros_planning_interface/cmake)
[1.449s] -- Found Boost: /usr/lib/x86_64-linux-gnu/cmake/Boost-1.71.0/BoostConfig.cmake (found version "1.71.0") found components: date_time filesystem program_options system thread 
[1.607s] -- Found Boost: /usr/lib/x86_64-linux-gnu/cmake/Boost-1.71.0/BoostConfig.cmake (found version "1.71.0") found components: system filesystem date_time program_options thread chrono 
[1.757s] -- Found Boost: /usr/lib/x86_64-linux-gnu/cmake/Boost-1.71.0/BoostConfig.cmake (found version "1.71.0") found components: thread 
[2.165s] -- Found Boost: /usr/lib/x86_64-linux-gnu/cmake/Boost-1.71.0/BoostConfig.cmake (found version "1.71.0") found components: thread system filesystem regex date_time program_options 
[2.377s] -- Found Boost: /usr/lib/x86_64-linux-gnu/cmake/Boost-1.71.0/BoostConfig.cmake (found version "1.71.0") found components: system filesystem date_time program_options thread 
[2.726s] -- Found ament_lint_auto: 0.10.7 (/opt/ros/galactic/share/ament_lint_auto/cmake)
[2.767s] -- Added test 'copyright' to check source files copyright and LICENSE
[2.858s] -- Added test 'cppcheck' to perform static code analysis on C / C++ code
[2.858s] -- Configured cppcheck include dirs: /home/caleb/ros2_ws/src/optimization/include
[2.858s] -- Configured cppcheck exclude dirs and/or files: 
[2.949s] -- Added test 'cpplint' to check C / C++ code against the Google style
[2.949s] -- Configured cpplint exclude dirs and/or files: 
[2.961s] -- Added test 'flake8' to check Python code syntax and style conventions
[2.984s] -- Added test 'lint_cmake' to check CMake code style
[2.995s] -- Added test 'pep257' to check Python code against some of the style conventions in PEP 257
[3.084s] -- Added test 'uncrustify' to check C / C++ code style
[3.084s] -- Configured uncrustify additional arguments: 
[3.097s] -- Added test 'xmllint' to check XML markup files
[3.098s] -- Configuring done
[3.124s] [0mCMake Error: Cannot determine link language for target "optimizationpy".[0m
[3.124s] [0mCMake Error: CMake can not determine linker language for target: optimizationpy[0m
[3.125s] -- Generating done
[3.127s] [0mCMake Generate step failed.  Build files cannot be regenerated correctly.[0m
[3.138s] make: *** [Makefile:267: cmake_check_build_system] Error 1
[3.139s] Invoked command in '/home/caleb/ros2_ws/build/optimization' returned '2': CMAKE_PREFIX_PATH=${CMAKE_PREFIX_PATH}:/home/caleb/ros2_ws/install/spot_driver:/home/caleb/ros2_ws/install/spot_manipulation_driver:/opt/ros/galactic /usr/local/bin/cmake --build /home/caleb/ros2_ws/build/optimization -- -j20 -l20
