[0.725s] Invoking command in '/home/caleb/ros2_ws/build/spot_msgs': CMAKE_PREFIX_PATH=${CMAKE_PREFIX_PATH}:/home/caleb/ros2_ws/install/spot_driver:/home/caleb/ros2_ws/install/spot_manipulation_driver:/opt/ros/galactic /usr/local/bin/cmake --build /home/caleb/ros2_ws/build/spot_msgs -- -j20 -l20
[1.112s] [  0%] Built target spot_msgs__cpp
[1.113s] [ 12%] Built target spot_msgs__rosidl_generator_c
[1.113s] [ 24%] Built target spot_msgs__rosidl_typesupport_cpp
[1.114s] [ 36%] Built target spot_msgs__rosidl_typesupport_c
[1.114s] [ 49%] Built target spot_msgs__rosidl_typesupport_introspection_cpp
[1.115s] [ 63%] Built target spot_msgs__rosidl_typesupport_introspection_c
[1.116s] [ 74%] Built target spot_msgs__rosidl_typesupport_fastrtps_cpp
[1.116s] [ 87%] Built target spot_msgs__rosidl_typesupport_fastrtps_c
[1.116s] [ 87%] Built target spot_msgs
[1.117s] [ 87%] Built target spot_msgs__py
[1.118s] [ 99%] Built target spot_msgs__python
[1.118s] [ 99%] Built target spot_msgs__rosidl_typesupport_fastrtps_c__pyext
[1.119s] [ 99%] Built target spot_msgs__rosidl_typesupport_introspection_c__pyext
[1.119s] [100%] Built target spot_msgs__rosidl_typesupport_c__pyext
[1.122s] Invoked command in '/home/caleb/ros2_ws/build/spot_msgs' returned '0': CMAKE_PREFIX_PATH=${CMAKE_PREFIX_PATH}:/home/caleb/ros2_ws/install/spot_driver:/home/caleb/ros2_ws/install/spot_manipulation_driver:/opt/ros/galactic /usr/local/bin/cmake --build /home/caleb/ros2_ws/build/spot_msgs -- -j20 -l20
[1.866s] Invoking command in '/home/caleb/ros2_ws/build/spot_msgs': CMAKE_PREFIX_PATH=${CMAKE_PREFIX_PATH}:/home/caleb/ros2_ws/install/spot_driver:/home/caleb/ros2_ws/install/spot_manipulation_driver:/opt/ros/galactic /usr/local/bin/cmake --install /home/caleb/ros2_ws/build/spot_msgs
[1.992s] -- Install configuration: ""
[1.992s] -- Up-to-date: /home/caleb/ros2_ws/install/spot_msgs/share/ament_index/resource_index/rosidl_interfaces/spot_msgs
[1.992s] -- Up-to-date: /home/caleb/ros2_ws/install/spot_msgs/include/spot_msgs
[1.992s] -- Up-to-date: /home/caleb/ros2_ws/install/spot_msgs/include/spot_msgs/srv
[1.992s] -- Up-to-date: /home/caleb/ros2_ws/install/spot_msgs/include/spot_msgs/srv/set_velocity.h
[1.993s] -- Up-to-date: /home/caleb/ros2_ws/install/spot_msgs/include/spot_msgs/srv/constrained_arm_joint_movement.h
[1.993s] -- Up-to-date: /home/caleb/ros2_ws/install/spot_msgs/include/spot_msgs/srv/hand_pose.h
[1.993s] -- Up-to-date: /home/caleb/ros2_ws/install/spot_msgs/include/spot_msgs/srv/arm_joint_movement.h
[1.993s] -- Up-to-date: /home/caleb/ros2_ws/install/spot_msgs/include/spot_msgs/srv/gripper_angle_move.h
[1.993s] -- Up-to-date: /home/caleb/ros2_ws/install/spot_msgs/include/spot_msgs/srv/list_graph.h
[1.993s] -- Up-to-date: /home/caleb/ros2_ws/install/spot_msgs/include/spot_msgs/srv/detail
[1.993s] -- Up-to-date: /home/caleb/ros2_ws/install/spot_msgs/include/spot_msgs/srv/detail/set_locomotion__type_support.h
[1.993s] -- Up-to-date: /home/caleb/ros2_ws/install/spot_msgs/include/spot_msgs/srv/detail/clear_behavior_fault__functions.c
[1.993s] -- Up-to-date: /home/caleb/ros2_ws/install/spot_msgs/include/spot_msgs/srv/detail/arm_joint_movement__type_support.h
[1.993s] -- Up-to-date: /home/caleb/ros2_ws/install/spot_msgs/include/spot_msgs/srv/detail/set_locomotion__functions.c
[1.993s] -- Up-to-date: /home/caleb/ros2_ws/install/spot_msgs/include/spot_msgs/srv/detail/constrained_arm_joint_movement__functions.h
[1.993s] -- Up-to-date: /home/caleb/ros2_ws/install/spot_msgs/include/spot_msgs/srv/detail/dock__functions.h
[1.993s] -- Up-to-date: /home/caleb/ros2_ws/install/spot_msgs/include/spot_msgs/srv/detail/set_velocity__functions.c
[1.993s] -- Up-to-date: /home/caleb/ros2_ws/install/spot_msgs/include/spot_msgs/srv/detail/clear_behavior_fault__struct.h
[1.993s] -- Up-to-date: /home/caleb/ros2_ws/install/spot_msgs/include/spot_msgs/srv/detail/arm_force_trajectory__functions.c
[1.993s] -- Up-to-date: /home/caleb/ros2_ws/install/spot_msgs/include/spot_msgs/srv/detail/gripper_angle_move__functions.c
[1.993s] -- Up-to-date: /home/caleb/ros2_ws/install/spot_msgs/include/spot_msgs/srv/detail/hand_pose__struct.h
[1.993s] -- Up-to-date: /home/caleb/ros2_ws/install/spot_msgs/include/spot_msgs/srv/detail/gripper_angle_move__functions.h
[1.993s] -- Up-to-date: /home/caleb/ros2_ws/install/spot_msgs/include/spot_msgs/srv/detail/arm_force_trajectory__functions.h
[1.994s] -- Up-to-date: /home/caleb/ros2_ws/install/spot_msgs/include/spot_msgs/srv/detail/arm_force_trajectory__struct.h
[1.994s] -- Up-to-date: /home/caleb/ros2_ws/install/spot_msgs/include/spot_msgs/srv/detail/arm_joint_movement__functions.c
[1.994s] -- Up-to-date: /home/caleb/ros2_ws/install/spot_msgs/include/spot_msgs/srv/detail/hand_pose__type_support.h
[1.994s] -- Up-to-date: /home/caleb/ros2_ws/install/spot_msgs/include/spot_msgs/srv/detail/list_graph__functions.c
[1.994s] -- Up-to-date: /home/caleb/ros2_ws/install/spot_msgs/include/spot_msgs/srv/detail/arm_joint_movement__functions.h
[1.994s] -- Up-to-date: /home/caleb/ros2_ws/install/spot_msgs/include/spot_msgs/srv/detail/clear_behavior_fault__type_support.h
[1.994s] -- Up-to-date: /home/caleb/ros2_ws/install/spot_msgs/include/spot_msgs/srv/detail/list_graph__functions.h
[1.994s] -- Up-to-date: /home/caleb/ros2_ws/install/spot_msgs/include/spot_msgs/srv/detail/gripper_angle_move__struct.h
[1.994s] -- Up-to-date: /home/caleb/ros2_ws/install/spot_msgs/include/spot_msgs/srv/detail/list_graph__type_support.h
[1.994s] -- Up-to-date: /home/caleb/ros2_ws/install/spot_msgs/include/spot_msgs/srv/detail/dock__struct.h
[1.994s] -- Up-to-date: /home/caleb/ros2_ws/install/spot_msgs/include/spot_msgs/srv/detail/gripper_angle_move__type_support.h
[1.994s] -- Up-to-date: /home/caleb/ros2_ws/install/spot_msgs/include/spot_msgs/srv/detail/constrained_arm_joint_movement__struct.h
[1.994s] -- Up-to-date: /home/caleb/ros2_ws/install/spot_msgs/include/spot_msgs/srv/detail/clear_behavior_fault__functions.h
[1.994s] -- Up-to-date: /home/caleb/ros2_ws/install/spot_msgs/include/spot_msgs/srv/detail/hand_pose__functions.c
[1.996s] -- Up-to-date: /home/caleb/ros2_ws/install/spot_msgs/include/spot_msgs/srv/detail/set_velocity__functions.h
[1.996s] -- Up-to-date: /home/caleb/ros2_ws/install/spot_msgs/include/spot_msgs/srv/detail/set_velocity__struct.h
[1.996s] -- Up-to-date: /home/caleb/ros2_ws/install/spot_msgs/include/spot_msgs/srv/detail/dock__functions.c
[1.996s] -- Up-to-date: /home/caleb/ros2_ws/install/spot_msgs/include/spot_msgs/srv/detail/set_locomotion__functions.h
[1.996s] -- Up-to-date: /home/caleb/ros2_ws/install/spot_msgs/include/spot_msgs/srv/detail/dock__type_support.h
[1.996s] -- Up-to-date: /home/caleb/ros2_ws/install/spot_msgs/include/spot_msgs/srv/detail/hand_pose__functions.h
[1.997s] -- Up-to-date: /home/caleb/ros2_ws/install/spot_msgs/include/spot_msgs/srv/detail/arm_joint_movement__struct.h
[1.997s] -- Up-to-date: /home/caleb/ros2_ws/install/spot_msgs/include/spot_msgs/srv/detail/set_locomotion__struct.h
[1.997s] -- Up-to-date: /home/caleb/ros2_ws/install/spot_msgs/include/spot_msgs/srv/detail/set_velocity__type_support.h
[1.997s] -- Up-to-date: /home/caleb/ros2_ws/install/spot_msgs/include/spot_msgs/srv/detail/constrained_arm_joint_movement__functions.c
[1.997s] -- Up-to-date: /home/caleb/ros2_ws/install/spot_msgs/include/spot_msgs/srv/detail/list_graph__struct.h
[1.998s] -- Up-to-date: /home/caleb/ros2_ws/install/spot_msgs/include/spot_msgs/srv/detail/arm_force_trajectory__type_support.h
[1.998s] -- Up-to-date: /home/caleb/ros2_ws/install/spot_msgs/include/spot_msgs/srv/detail/constrained_arm_joint_movement__type_support.h
[1.998s] -- Up-to-date: /home/caleb/ros2_ws/install/spot_msgs/include/spot_msgs/srv/set_locomotion.h
[1.998s] -- Up-to-date: /home/caleb/ros2_ws/install/spot_msgs/include/spot_msgs/srv/dock.h
[1.998s] -- Up-to-date: /home/caleb/ros2_ws/install/spot_msgs/include/spot_msgs/srv/clear_behavior_fault.h
[1.999s] -- Up-to-date: /home/caleb/ros2_ws/install/spot_msgs/include/spot_msgs/srv/arm_force_trajectory.h
[1.999s] -- Up-to-date: /home/caleb/ros2_ws/install/spot_msgs/include/spot_msgs/msg
[1.999s] -- Up-to-date: /home/caleb/ros2_ws/install/spot_msgs/include/spot_msgs/msg/rosidl_generator_c__visibility_control.h
[1.999s] -- Up-to-date: /home/caleb/ros2_ws/install/spot_msgs/include/spot_msgs/msg/manipulator_state.h
[1.999s] -- Up-to-date: /home/caleb/ros2_ws/install/spot_msgs/include/spot_msgs/msg/foot_state_array.h
[2.000s] -- Up-to-date: /home/caleb/ros2_ws/install/spot_msgs/include/spot_msgs/msg/system_fault_state.h
[2.000s] -- Up-to-date: /home/caleb/ros2_ws/install/spot_msgs/include/spot_msgs/msg/lease_resource.h
[2.000s] -- Up-to-date: /home/caleb/ros2_ws/install/spot_msgs/include/spot_msgs/msg/lease.h
[2.000s] -- Up-to-date: /home/caleb/ros2_ws/install/spot_msgs/include/spot_msgs/msg/foot_state.h
[2.001s] -- Up-to-date: /home/caleb/ros2_ws/install/spot_msgs/include/spot_msgs/msg/wi_fi_state.h
[2.001s] -- Up-to-date: /home/caleb/ros2_ws/install/spot_msgs/include/spot_msgs/msg/power_state.h
[2.001s] -- Up-to-date: /home/caleb/ros2_ws/install/spot_msgs/include/spot_msgs/msg/feedback.h
[2.001s] -- Up-to-date: /home/caleb/ros2_ws/install/spot_msgs/include/spot_msgs/msg/metrics.h
[2.002s] -- Up-to-date: /home/caleb/ros2_ws/install/spot_msgs/include/spot_msgs/msg/battery_state_array.h
[2.002s] -- Up-to-date: /home/caleb/ros2_ws/install/spot_msgs/include/spot_msgs/msg/dock_state.h
[2.002s] -- Up-to-date: /home/caleb/ros2_ws/install/spot_msgs/include/spot_msgs/msg/mobility_params.h
[2.002s] -- Up-to-date: /home/caleb/ros2_ws/install/spot_msgs/include/spot_msgs/msg/e_stop_state.h
[2.003s] -- Up-to-date: /home/caleb/ros2_ws/install/spot_msgs/include/spot_msgs/msg/detail
[2.003s] -- Up-to-date: /home/caleb/ros2_ws/install/spot_msgs/include/spot_msgs/msg/detail/foot_state_array__type_support.h
[2.003s] -- Up-to-date: /home/caleb/ros2_ws/install/spot_msgs/include/spot_msgs/msg/detail/dock_state__type_support.h
[2.003s] -- Up-to-date: /home/caleb/ros2_ws/install/spot_msgs/include/spot_msgs/msg/detail/mobility_params__struct.h
[2.003s] -- Up-to-date: /home/caleb/ros2_ws/install/spot_msgs/include/spot_msgs/msg/detail/wi_fi_state__struct.h
[2.004s] -- Up-to-date: /home/caleb/ros2_ws/install/spot_msgs/include/spot_msgs/msg/detail/dock_state__functions.h
[2.004s] -- Up-to-date: /home/caleb/ros2_ws/install/spot_msgs/include/spot_msgs/msg/detail/mobility_params__functions.c
[2.004s] -- Up-to-date: /home/caleb/ros2_ws/install/spot_msgs/include/spot_msgs/msg/detail/battery_state__type_support.h
[2.004s] -- Up-to-date: /home/caleb/ros2_ws/install/spot_msgs/include/spot_msgs/msg/detail/lease_resource__type_support.h
[2.004s] -- Up-to-date: /home/caleb/ros2_ws/install/spot_msgs/include/spot_msgs/msg/detail/foot_state_array__functions.h
[2.005s] -- Up-to-date: /home/caleb/ros2_ws/install/spot_msgs/include/spot_msgs/msg/detail/lease__functions.c
[2.005s] -- Up-to-date: /home/caleb/ros2_ws/install/spot_msgs/include/spot_msgs/msg/detail/e_stop_state__functions.h
[2.005s] -- Up-to-date: /home/caleb/ros2_ws/install/spot_msgs/include/spot_msgs/msg/detail/mobility_params__type_support.h
[2.005s] -- Up-to-date: /home/caleb/ros2_ws/install/spot_msgs/include/spot_msgs/msg/detail/lease_resource__functions.c
[2.005s] -- Up-to-date: /home/caleb/ros2_ws/install/spot_msgs/include/spot_msgs/msg/detail/system_fault_state__functions.h
[2.006s] -- Up-to-date: /home/caleb/ros2_ws/install/spot_msgs/include/spot_msgs/msg/detail/power_state__struct.h
[2.006s] -- Up-to-date: /home/caleb/ros2_ws/install/spot_msgs/include/spot_msgs/msg/detail/e_stop_state_array__type_support.h
[2.006s] -- Up-to-date: /home/caleb/ros2_ws/install/spot_msgs/include/spot_msgs/msg/detail/dock_state__struct.h
[2.006s] -- Up-to-date: /home/caleb/ros2_ws/install/spot_msgs/include/spot_msgs/msg/detail/foot_state__functions.h
[2.006s] -- Up-to-date: /home/caleb/ros2_ws/install/spot_msgs/include/spot_msgs/msg/detail/lease_array__functions.c
[2.006s] -- Up-to-date: /home/caleb/ros2_ws/install/spot_msgs/include/spot_msgs/msg/detail/battery_state__functions.h
[2.006s] -- Up-to-date: /home/caleb/ros2_ws/install/spot_msgs/include/spot_msgs/msg/detail/power_state__type_support.h
[2.006s] -- Up-to-date: /home/caleb/ros2_ws/install/spot_msgs/include/spot_msgs/msg/detail/system_fault_state__functions.c
[2.006s] -- Up-to-date: /home/caleb/ros2_ws/install/spot_msgs/include/spot_msgs/msg/detail/feedback__functions.h
[2.006s] -- Up-to-date: /home/caleb/ros2_ws/install/spot_msgs/include/spot_msgs/msg/detail/wi_fi_state__functions.c
[2.006s] -- Up-to-date: /home/caleb/ros2_ws/install/spot_msgs/include/spot_msgs/msg/detail/system_fault_state__type_support.h
[2.006s] -- Up-to-date: /home/caleb/ros2_ws/install/spot_msgs/include/spot_msgs/msg/detail/e_stop_state__type_support.h
[2.006s] -- Up-to-date: /home/caleb/ros2_ws/install/spot_msgs/include/spot_msgs/msg/detail/behavior_fault__type_support.h
[2.006s] -- Up-to-date: /home/caleb/ros2_ws/install/spot_msgs/include/spot_msgs/msg/detail/feedback__type_support.h
[2.007s] -- Up-to-date: /home/caleb/ros2_ws/install/spot_msgs/include/spot_msgs/msg/detail/behavior_fault_state__struct.h
[2.007s] -- Up-to-date: /home/caleb/ros2_ws/install/spot_msgs/include/spot_msgs/msg/detail/foot_state_array__functions.c
[2.007s] -- Up-to-date: /home/caleb/ros2_ws/install/spot_msgs/include/spot_msgs/msg/detail/behavior_fault_state__functions.h
[2.007s] -- Up-to-date: /home/caleb/ros2_ws/install/spot_msgs/include/spot_msgs/msg/detail/mobility_params__functions.h
[2.007s] -- Up-to-date: /home/caleb/ros2_ws/install/spot_msgs/include/spot_msgs/msg/detail/power_state__functions.c
[2.008s] -- Up-to-date: /home/caleb/ros2_ws/install/spot_msgs/include/spot_msgs/msg/detail/foot_state_array__struct.h
[2.008s] -- Up-to-date: /home/caleb/ros2_ws/install/spot_msgs/include/spot_msgs/msg/detail/lease_owner__struct.h
[2.008s] -- Up-to-date: /home/caleb/ros2_ws/install/spot_msgs/include/spot_msgs/msg/detail/lease__type_support.h
[2.008s] -- Up-to-date: /home/caleb/ros2_ws/install/spot_msgs/include/spot_msgs/msg/detail/metrics__struct.h
[2.009s] -- Up-to-date: /home/caleb/ros2_ws/install/spot_msgs/include/spot_msgs/msg/detail/battery_state_array__type_support.h
[2.009s] -- Up-to-date: /home/caleb/ros2_ws/install/spot_msgs/include/spot_msgs/msg/detail/e_stop_state__functions.c
[2.009s] -- Up-to-date: /home/caleb/ros2_ws/install/spot_msgs/include/spot_msgs/msg/detail/lease_owner__type_support.h
[2.009s] -- Up-to-date: /home/caleb/ros2_ws/install/spot_msgs/include/spot_msgs/msg/detail/behavior_fault_state__functions.c
[2.009s] -- Up-to-date: /home/caleb/ros2_ws/install/spot_msgs/include/spot_msgs/msg/detail/battery_state__struct.h
[2.009s] -- Up-to-date: /home/caleb/ros2_ws/install/spot_msgs/include/spot_msgs/msg/detail/manipulator_state__functions.h
[2.010s] -- Up-to-date: /home/caleb/ros2_ws/install/spot_msgs/include/spot_msgs/msg/detail/behavior_fault__struct.h
[2.010s] -- Up-to-date: /home/caleb/ros2_ws/install/spot_msgs/include/spot_msgs/msg/detail/metrics__functions.c
[2.010s] -- Up-to-date: /home/caleb/ros2_ws/install/spot_msgs/include/spot_msgs/msg/detail/e_stop_state_array__functions.c
[2.010s] -- Up-to-date: /home/caleb/ros2_ws/install/spot_msgs/include/spot_msgs/msg/detail/battery_state_array__functions.h
[2.010s] -- Up-to-date: /home/caleb/ros2_ws/install/spot_msgs/include/spot_msgs/msg/detail/battery_state_array__struct.h
[2.011s] -- Up-to-date: /home/caleb/ros2_ws/install/spot_msgs/include/spot_msgs/msg/detail/lease__struct.h
[2.011s] -- Up-to-date: /home/caleb/ros2_ws/install/spot_msgs/include/spot_msgs/msg/detail/system_fault__functions.c
[2.011s] -- Up-to-date: /home/caleb/ros2_ws/install/spot_msgs/include/spot_msgs/msg/detail/lease_array__type_support.h
[2.011s] -- Up-to-date: /home/caleb/ros2_ws/install/spot_msgs/include/spot_msgs/msg/detail/e_stop_state_array__struct.h
[2.011s] -- Up-to-date: /home/caleb/ros2_ws/install/spot_msgs/include/spot_msgs/msg/detail/lease_array__struct.h
[2.011s] -- Up-to-date: /home/caleb/ros2_ws/install/spot_msgs/include/spot_msgs/msg/detail/wi_fi_state__functions.h
[2.012s] -- Up-to-date: /home/caleb/ros2_ws/install/spot_msgs/include/spot_msgs/msg/detail/system_fault__struct.h
[2.012s] -- Up-to-date: /home/caleb/ros2_ws/install/spot_msgs/include/spot_msgs/msg/detail/behavior_fault__functions.h
[2.012s] -- Up-to-date: /home/caleb/ros2_ws/install/spot_msgs/include/spot_msgs/msg/detail/manipulator_state__type_support.h
[2.012s] -- Up-to-date: /home/caleb/ros2_ws/install/spot_msgs/include/spot_msgs/msg/detail/manipulator_state__struct.h
[2.012s] -- Up-to-date: /home/caleb/ros2_ws/install/spot_msgs/include/spot_msgs/msg/detail/foot_state__struct.h
[2.012s] -- Up-to-date: /home/caleb/ros2_ws/install/spot_msgs/include/spot_msgs/msg/detail/manipulator_state__functions.c
[2.013s] -- Up-to-date: /home/caleb/ros2_ws/install/spot_msgs/include/spot_msgs/msg/detail/feedback__functions.c
[2.013s] -- Up-to-date: /home/caleb/ros2_ws/install/spot_msgs/include/spot_msgs/msg/detail/behavior_fault__functions.c
[2.013s] -- Up-to-date: /home/caleb/ros2_ws/install/spot_msgs/include/spot_msgs/msg/detail/power_state__functions.h
[2.013s] -- Up-to-date: /home/caleb/ros2_ws/install/spot_msgs/include/spot_msgs/msg/detail/dock_state__functions.c
[2.013s] -- Up-to-date: /home/caleb/ros2_ws/install/spot_msgs/include/spot_msgs/msg/detail/metrics__type_support.h
[2.014s] -- Up-to-date: /home/caleb/ros2_ws/install/spot_msgs/include/spot_msgs/msg/detail/foot_state__functions.c
[2.014s] -- Up-to-date: /home/caleb/ros2_ws/install/spot_msgs/include/spot_msgs/msg/detail/behavior_fault_state__type_support.h
[2.014s] -- Up-to-date: /home/caleb/ros2_ws/install/spot_msgs/include/spot_msgs/msg/detail/lease_resource__struct.h
[2.014s] -- Up-to-date: /home/caleb/ros2_ws/install/spot_msgs/include/spot_msgs/msg/detail/lease_resource__functions.h
[2.014s] -- Up-to-date: /home/caleb/ros2_ws/install/spot_msgs/include/spot_msgs/msg/detail/lease_array__functions.h
[2.015s] -- Up-to-date: /home/caleb/ros2_ws/install/spot_msgs/include/spot_msgs/msg/detail/wi_fi_state__type_support.h
[2.015s] -- Up-to-date: /home/caleb/ros2_ws/install/spot_msgs/include/spot_msgs/msg/detail/battery_state_array__functions.c
[2.015s] -- Up-to-date: /home/caleb/ros2_ws/install/spot_msgs/include/spot_msgs/msg/detail/metrics__functions.h
[2.015s] -- Up-to-date: /home/caleb/ros2_ws/install/spot_msgs/include/spot_msgs/msg/detail/lease_owner__functions.h
[2.015s] -- Up-to-date: /home/caleb/ros2_ws/install/spot_msgs/include/spot_msgs/msg/detail/lease__functions.h
[2.015s] -- Up-to-date: /home/caleb/ros2_ws/install/spot_msgs/include/spot_msgs/msg/detail/battery_state__functions.c
[2.016s] -- Up-to-date: /home/caleb/ros2_ws/install/spot_msgs/include/spot_msgs/msg/detail/lease_owner__functions.c
[2.016s] -- Up-to-date: /home/caleb/ros2_ws/install/spot_msgs/include/spot_msgs/msg/detail/e_stop_state__struct.h
[2.016s] -- Up-to-date: /home/caleb/ros2_ws/install/spot_msgs/include/spot_msgs/msg/detail/system_fault_state__struct.h
[2.016s] -- Up-to-date: /home/caleb/ros2_ws/install/spot_msgs/include/spot_msgs/msg/detail/system_fault__type_support.h
[2.016s] -- Up-to-date: /home/caleb/ros2_ws/install/spot_msgs/include/spot_msgs/msg/detail/feedback__struct.h
[2.016s] -- Up-to-date: /home/caleb/ros2_ws/install/spot_msgs/include/spot_msgs/msg/detail/e_stop_state_array__functions.h
[2.016s] -- Up-to-date: /home/caleb/ros2_ws/install/spot_msgs/include/spot_msgs/msg/detail/foot_state__type_support.h
[2.016s] -- Up-to-date: /home/caleb/ros2_ws/install/spot_msgs/include/spot_msgs/msg/detail/system_fault__functions.h
[2.017s] -- Up-to-date: /home/caleb/ros2_ws/install/spot_msgs/include/spot_msgs/msg/lease_owner.h
[2.017s] -- Up-to-date: /home/caleb/ros2_ws/install/spot_msgs/include/spot_msgs/msg/system_fault.h
[2.017s] -- Up-to-date: /home/caleb/ros2_ws/install/spot_msgs/include/spot_msgs/msg/e_stop_state_array.h
[2.018s] -- Up-to-date: /home/caleb/ros2_ws/install/spot_msgs/include/spot_msgs/msg/lease_array.h
[2.018s] -- Up-to-date: /home/caleb/ros2_ws/install/spot_msgs/include/spot_msgs/msg/battery_state.h
[2.019s] -- Up-to-date: /home/caleb/ros2_ws/install/spot_msgs/include/spot_msgs/msg/behavior_fault.h
[2.019s] -- Up-to-date: /home/caleb/ros2_ws/install/spot_msgs/include/spot_msgs/msg/behavior_fault_state.h
[2.019s] -- Up-to-date: /home/caleb/ros2_ws/install/spot_msgs/include/spot_msgs/action
[2.019s] -- Up-to-date: /home/caleb/ros2_ws/install/spot_msgs/include/spot_msgs/action/trajectory.h
[2.020s] -- Up-to-date: /home/caleb/ros2_ws/install/spot_msgs/include/spot_msgs/action/detail
[2.020s] -- Up-to-date: /home/caleb/ros2_ws/install/spot_msgs/include/spot_msgs/action/detail/navigate_to__type_support.h
[2.020s] -- Up-to-date: /home/caleb/ros2_ws/install/spot_msgs/include/spot_msgs/action/detail/navigate_to__functions.h
[2.020s] -- Up-to-date: /home/caleb/ros2_ws/install/spot_msgs/include/spot_msgs/action/detail/trajectory__functions.h
[2.020s] -- Up-to-date: /home/caleb/ros2_ws/install/spot_msgs/include/spot_msgs/action/detail/trajectory__type_support.h
[2.021s] -- Up-to-date: /home/caleb/ros2_ws/install/spot_msgs/include/spot_msgs/action/detail/trajectory__struct.h
[2.021s] -- Up-to-date: /home/caleb/ros2_ws/install/spot_msgs/include/spot_msgs/action/detail/navigate_to__struct.h
[2.021s] -- Up-to-date: /home/caleb/ros2_ws/install/spot_msgs/include/spot_msgs/action/detail/navigate_to__functions.c
[2.021s] -- Up-to-date: /home/caleb/ros2_ws/install/spot_msgs/include/spot_msgs/action/detail/trajectory__functions.c
[2.022s] -- Up-to-date: /home/caleb/ros2_ws/install/spot_msgs/include/spot_msgs/action/navigate_to.h
[2.022s] -- Up-to-date: /home/caleb/ros2_ws/install/spot_msgs/share/spot_msgs/environment/library_path.sh
[2.022s] -- Up-to-date: /home/caleb/ros2_ws/install/spot_msgs/share/spot_msgs/environment/library_path.dsv
[2.022s] -- Up-to-date: /home/caleb/ros2_ws/install/spot_msgs/lib/libspot_msgs__rosidl_generator_c.so
[2.022s] -- Up-to-date: /home/caleb/ros2_ws/install/spot_msgs/include/spot_msgs
[2.023s] -- Up-to-date: /home/caleb/ros2_ws/install/spot_msgs/include/spot_msgs/srv
[2.023s] -- Up-to-date: /home/caleb/ros2_ws/install/spot_msgs/include/spot_msgs/srv/detail
[2.023s] -- Up-to-date: /home/caleb/ros2_ws/install/spot_msgs/include/spot_msgs/srv/detail/hand_pose__rosidl_typesupport_fastrtps_c.h
[2.023s] -- Up-to-date: /home/caleb/ros2_ws/install/spot_msgs/include/spot_msgs/srv/detail/arm_force_trajectory__rosidl_typesupport_fastrtps_c.h
[2.023s] -- Up-to-date: /home/caleb/ros2_ws/install/spot_msgs/include/spot_msgs/srv/detail/set_locomotion__rosidl_typesupport_fastrtps_c.h
[2.024s] -- Up-to-date: /home/caleb/ros2_ws/install/spot_msgs/include/spot_msgs/srv/detail/list_graph__rosidl_typesupport_fastrtps_c.h
[2.024s] -- Up-to-date: /home/caleb/ros2_ws/install/spot_msgs/include/spot_msgs/srv/detail/constrained_arm_joint_movement__rosidl_typesupport_fastrtps_c.h
[2.024s] -- Up-to-date: /home/caleb/ros2_ws/install/spot_msgs/include/spot_msgs/srv/detail/arm_joint_movement__rosidl_typesupport_fastrtps_c.h
[2.024s] -- Up-to-date: /home/caleb/ros2_ws/install/spot_msgs/include/spot_msgs/srv/detail/set_velocity__rosidl_typesupport_fastrtps_c.h
[2.025s] -- Up-to-date: /home/caleb/ros2_ws/install/spot_msgs/include/spot_msgs/srv/detail/gripper_angle_move__rosidl_typesupport_fastrtps_c.h
[2.025s] -- Up-to-date: /home/caleb/ros2_ws/install/spot_msgs/include/spot_msgs/srv/detail/clear_behavior_fault__rosidl_typesupport_fastrtps_c.h
[2.025s] -- Up-to-date: /home/caleb/ros2_ws/install/spot_msgs/include/spot_msgs/srv/detail/dock__rosidl_typesupport_fastrtps_c.h
[2.025s] -- Up-to-date: /home/caleb/ros2_ws/install/spot_msgs/include/spot_msgs/msg
[2.032s] -- Up-to-date: /home/caleb/ros2_ws/install/spot_msgs/include/spot_msgs/msg/detail
[2.032s] -- Up-to-date: /home/caleb/ros2_ws/install/spot_msgs/include/spot_msgs/msg/detail/dock_state__rosidl_typesupport_fastrtps_c.h
[2.033s] -- Up-to-date: /home/caleb/ros2_ws/install/spot_msgs/include/spot_msgs/msg/detail/mobility_params__rosidl_typesupport_fastrtps_c.h
[2.033s] -- Up-to-date: /home/caleb/ros2_ws/install/spot_msgs/include/spot_msgs/msg/detail/lease__rosidl_typesupport_fastrtps_c.h
[2.033s] -- Up-to-date: /home/caleb/ros2_ws/install/spot_msgs/include/spot_msgs/msg/detail/lease_owner__rosidl_typesupport_fastrtps_c.h
[2.033s] -- Up-to-date: /home/caleb/ros2_ws/install/spot_msgs/include/spot_msgs/msg/detail/system_fault_state__rosidl_typesupport_fastrtps_c.h
[2.033s] -- Up-to-date: /home/caleb/ros2_ws/install/spot_msgs/include/spot_msgs/msg/detail/foot_state_array__rosidl_typesupport_fastrtps_c.h
[2.033s] -- Up-to-date: /home/caleb/ros2_ws/install/spot_msgs/include/spot_msgs/msg/detail/battery_state_array__rosidl_typesupport_fastrtps_c.h
[2.033s] -- Up-to-date: /home/caleb/ros2_ws/install/spot_msgs/include/spot_msgs/msg/detail/e_stop_state_array__rosidl_typesupport_fastrtps_c.h
[2.033s] -- Up-to-date: /home/caleb/ros2_ws/install/spot_msgs/include/spot_msgs/msg/detail/manipulator_state__rosidl_typesupport_fastrtps_c.h
[2.033s] -- Up-to-date: /home/caleb/ros2_ws/install/spot_msgs/include/spot_msgs/msg/detail/e_stop_state__rosidl_typesupport_fastrtps_c.h
[2.033s] -- Up-to-date: /home/caleb/ros2_ws/install/spot_msgs/include/spot_msgs/msg/detail/feedback__rosidl_typesupport_fastrtps_c.h
[2.033s] -- Up-to-date: /home/caleb/ros2_ws/install/spot_msgs/include/spot_msgs/msg/detail/system_fault__rosidl_typesupport_fastrtps_c.h
[2.034s] -- Up-to-date: /home/caleb/ros2_ws/install/spot_msgs/include/spot_msgs/msg/detail/lease_array__rosidl_typesupport_fastrtps_c.h
[2.034s] -- Up-to-date: /home/caleb/ros2_ws/install/spot_msgs/include/spot_msgs/msg/detail/lease_resource__rosidl_typesupport_fastrtps_c.h
[2.034s] -- Up-to-date: /home/caleb/ros2_ws/install/spot_msgs/include/spot_msgs/msg/detail/wi_fi_state__rosidl_typesupport_fastrtps_c.h
[2.034s] -- Up-to-date: /home/caleb/ros2_ws/install/spot_msgs/include/spot_msgs/msg/detail/behavior_fault__rosidl_typesupport_fastrtps_c.h
[2.034s] -- Up-to-date: /home/caleb/ros2_ws/install/spot_msgs/include/spot_msgs/msg/detail/behavior_fault_state__rosidl_typesupport_fastrtps_c.h
[2.034s] -- Up-to-date: /home/caleb/ros2_ws/install/spot_msgs/include/spot_msgs/msg/detail/battery_state__rosidl_typesupport_fastrtps_c.h
[2.034s] -- Up-to-date: /home/caleb/ros2_ws/install/spot_msgs/include/spot_msgs/msg/detail/metrics__rosidl_typesupport_fastrtps_c.h
[2.034s] -- Up-to-date: /home/caleb/ros2_ws/install/spot_msgs/include/spot_msgs/msg/detail/foot_state__rosidl_typesupport_fastrtps_c.h
[2.035s] -- Up-to-date: /home/caleb/ros2_ws/install/spot_msgs/include/spot_msgs/msg/detail/power_state__rosidl_typesupport_fastrtps_c.h
[2.035s] -- Up-to-date: /home/caleb/ros2_ws/install/spot_msgs/include/spot_msgs/msg/rosidl_typesupport_fastrtps_c__visibility_control.h
[2.035s] -- Up-to-date: /home/caleb/ros2_ws/install/spot_msgs/include/spot_msgs/action
[2.035s] -- Up-to-date: /home/caleb/ros2_ws/install/spot_msgs/include/spot_msgs/action/detail
[2.035s] -- Up-to-date: /home/caleb/ros2_ws/install/spot_msgs/include/spot_msgs/action/detail/navigate_to__rosidl_typesupport_fastrtps_c.h
[2.035s] -- Up-to-date: /home/caleb/ros2_ws/install/spot_msgs/include/spot_msgs/action/detail/trajectory__rosidl_typesupport_fastrtps_c.h
[2.036s] -- Up-to-date: /home/caleb/ros2_ws/install/spot_msgs/lib/libspot_msgs__rosidl_typesupport_fastrtps_c.so
[2.039s] -- Up-to-date: /home/caleb/ros2_ws/install/spot_msgs/include/spot_msgs
[2.041s] -- Up-to-date: /home/caleb/ros2_ws/install/spot_msgs/include/spot_msgs/srv
[2.041s] -- Up-to-date: /home/caleb/ros2_ws/install/spot_msgs/include/spot_msgs/srv/detail
[2.041s] -- Up-to-date: /home/caleb/ros2_ws/install/spot_msgs/include/spot_msgs/srv/detail/clear_behavior_fault__rosidl_typesupport_fastrtps_cpp.hpp
[2.041s] -- Up-to-date: /home/caleb/ros2_ws/install/spot_msgs/include/spot_msgs/srv/detail/constrained_arm_joint_movement__rosidl_typesupport_fastrtps_cpp.hpp
[2.041s] -- Up-to-date: /home/caleb/ros2_ws/install/spot_msgs/include/spot_msgs/srv/detail/arm_joint_movement__rosidl_typesupport_fastrtps_cpp.hpp
[2.042s] -- Up-to-date: /home/caleb/ros2_ws/install/spot_msgs/include/spot_msgs/srv/detail/hand_pose__rosidl_typesupport_fastrtps_cpp.hpp
[2.043s] -- Up-to-date: /home/caleb/ros2_ws/install/spot_msgs/include/spot_msgs/srv/detail/gripper_angle_move__rosidl_typesupport_fastrtps_cpp.hpp
[2.043s] -- Up-to-date: /home/caleb/ros2_ws/install/spot_msgs/include/spot_msgs/srv/detail/dock__rosidl_typesupport_fastrtps_cpp.hpp
[2.043s] -- Up-to-date: /home/caleb/ros2_ws/install/spot_msgs/include/spot_msgs/srv/detail/set_locomotion__rosidl_typesupport_fastrtps_cpp.hpp
[2.043s] -- Up-to-date: /home/caleb/ros2_ws/install/spot_msgs/include/spot_msgs/srv/detail/arm_force_trajectory__rosidl_typesupport_fastrtps_cpp.hpp
[2.043s] -- Up-to-date: /home/caleb/ros2_ws/install/spot_msgs/include/spot_msgs/srv/detail/list_graph__rosidl_typesupport_fastrtps_cpp.hpp
[2.044s] -- Up-to-date: /home/caleb/ros2_ws/install/spot_msgs/include/spot_msgs/srv/detail/set_velocity__rosidl_typesupport_fastrtps_cpp.hpp
[2.044s] -- Up-to-date: /home/caleb/ros2_ws/install/spot_msgs/include/spot_msgs/srv/detail/dds_fastrtps
[2.044s] -- Up-to-date: /home/caleb/ros2_ws/install/spot_msgs/include/spot_msgs/msg
[2.044s] -- Up-to-date: /home/caleb/ros2_ws/install/spot_msgs/include/spot_msgs/msg/rosidl_typesupport_fastrtps_cpp__visibility_control.h
[2.044s] -- Up-to-date: /home/caleb/ros2_ws/install/spot_msgs/include/spot_msgs/msg/detail
[2.044s] -- Up-to-date: /home/caleb/ros2_ws/install/spot_msgs/include/spot_msgs/msg/detail/system_fault_state__rosidl_typesupport_fastrtps_cpp.hpp
[2.045s] -- Up-to-date: /home/caleb/ros2_ws/install/spot_msgs/include/spot_msgs/msg/detail/metrics__rosidl_typesupport_fastrtps_cpp.hpp
[2.045s] -- Up-to-date: /home/caleb/ros2_ws/install/spot_msgs/include/spot_msgs/msg/detail/manipulator_state__rosidl_typesupport_fastrtps_cpp.hpp
[2.045s] -- Up-to-date: /home/caleb/ros2_ws/install/spot_msgs/include/spot_msgs/msg/detail/behavior_fault__rosidl_typesupport_fastrtps_cpp.hpp
[2.045s] -- Up-to-date: /home/caleb/ros2_ws/install/spot_msgs/include/spot_msgs/msg/detail/dock_state__rosidl_typesupport_fastrtps_cpp.hpp
[2.045s] -- Up-to-date: /home/caleb/ros2_ws/install/spot_msgs/include/spot_msgs/msg/detail/lease_owner__rosidl_typesupport_fastrtps_cpp.hpp
[2.045s] -- Up-to-date: /home/caleb/ros2_ws/install/spot_msgs/include/spot_msgs/msg/detail/system_fault__rosidl_typesupport_fastrtps_cpp.hpp
[2.046s] -- Up-to-date: /home/caleb/ros2_ws/install/spot_msgs/include/spot_msgs/msg/detail/feedback__rosidl_typesupport_fastrtps_cpp.hpp
[2.046s] -- Up-to-date: /home/caleb/ros2_ws/install/spot_msgs/include/spot_msgs/msg/detail/mobility_params__rosidl_typesupport_fastrtps_cpp.hpp
[2.046s] -- Up-to-date: /home/caleb/ros2_ws/install/spot_msgs/include/spot_msgs/msg/detail/battery_state_array__rosidl_typesupport_fastrtps_cpp.hpp
[2.046s] -- Up-to-date: /home/caleb/ros2_ws/install/spot_msgs/include/spot_msgs/msg/detail/e_stop_state_array__rosidl_typesupport_fastrtps_cpp.hpp
[2.046s] -- Up-to-date: /home/caleb/ros2_ws/install/spot_msgs/include/spot_msgs/msg/detail/power_state__rosidl_typesupport_fastrtps_cpp.hpp
[2.047s] -- Up-to-date: /home/caleb/ros2_ws/install/spot_msgs/include/spot_msgs/msg/detail/battery_state__rosidl_typesupport_fastrtps_cpp.hpp
[2.047s] -- Up-to-date: /home/caleb/ros2_ws/install/spot_msgs/include/spot_msgs/msg/detail/lease__rosidl_typesupport_fastrtps_cpp.hpp
[2.047s] -- Up-to-date: /home/caleb/ros2_ws/install/spot_msgs/include/spot_msgs/msg/detail/lease_resource__rosidl_typesupport_fastrtps_cpp.hpp
[2.047s] -- Up-to-date: /home/caleb/ros2_ws/install/spot_msgs/include/spot_msgs/msg/detail/foot_state__rosidl_typesupport_fastrtps_cpp.hpp
[2.047s] -- Up-to-date: /home/caleb/ros2_ws/install/spot_msgs/include/spot_msgs/msg/detail/e_stop_state__rosidl_typesupport_fastrtps_cpp.hpp
[2.047s] -- Up-to-date: /home/caleb/ros2_ws/install/spot_msgs/include/spot_msgs/msg/detail/wi_fi_state__rosidl_typesupport_fastrtps_cpp.hpp
[2.048s] -- Up-to-date: /home/caleb/ros2_ws/install/spot_msgs/include/spot_msgs/msg/detail/foot_state_array__rosidl_typesupport_fastrtps_cpp.hpp
[2.048s] -- Up-to-date: /home/caleb/ros2_ws/install/spot_msgs/include/spot_msgs/msg/detail/behavior_fault_state__rosidl_typesupport_fastrtps_cpp.hpp
[2.049s] -- Up-to-date: /home/caleb/ros2_ws/install/spot_msgs/include/spot_msgs/msg/detail/lease_array__rosidl_typesupport_fastrtps_cpp.hpp
[2.049s] -- Up-to-date: /home/caleb/ros2_ws/install/spot_msgs/include/spot_msgs/msg/detail/dds_fastrtps
[2.049s] -- Up-to-date: /home/caleb/ros2_ws/install/spot_msgs/include/spot_msgs/action
[2.050s] -- Up-to-date: /home/caleb/ros2_ws/install/spot_msgs/include/spot_msgs/action/detail
[2.050s] -- Up-to-date: /home/caleb/ros2_ws/install/spot_msgs/include/spot_msgs/action/detail/navigate_to__rosidl_typesupport_fastrtps_cpp.hpp
[2.050s] -- Up-to-date: /home/caleb/ros2_ws/install/spot_msgs/include/spot_msgs/action/detail/trajectory__rosidl_typesupport_fastrtps_cpp.hpp
[2.051s] -- Up-to-date: /home/caleb/ros2_ws/install/spot_msgs/include/spot_msgs/action/detail/dds_fastrtps
[2.053s] -- Up-to-date: /home/caleb/ros2_ws/install/spot_msgs/lib/libspot_msgs__rosidl_typesupport_fastrtps_cpp.so
[2.054s] -- Up-to-date: /home/caleb/ros2_ws/install/spot_msgs/include/spot_msgs
[2.054s] -- Up-to-date: /home/caleb/ros2_ws/install/spot_msgs/include/spot_msgs/srv
[2.054s] -- Up-to-date: /home/caleb/ros2_ws/install/spot_msgs/include/spot_msgs/srv/detail
[2.055s] -- Up-to-date: /home/caleb/ros2_ws/install/spot_msgs/include/spot_msgs/srv/detail/dock__rosidl_typesupport_introspection_c.h
[2.058s] -- Up-to-date: /home/caleb/ros2_ws/install/spot_msgs/include/spot_msgs/srv/detail/set_velocity__rosidl_typesupport_introspection_c.h
[2.059s] -- Up-to-date: /home/caleb/ros2_ws/install/spot_msgs/include/spot_msgs/srv/detail/clear_behavior_fault__rosidl_typesupport_introspection_c.h
[2.060s] -- Up-to-date: /home/caleb/ros2_ws/install/spot_msgs/include/spot_msgs/srv/detail/hand_pose__rosidl_typesupport_introspection_c.h
[2.060s] -- Up-to-date: /home/caleb/ros2_ws/install/spot_msgs/include/spot_msgs/srv/detail/hand_pose__type_support.c
[2.061s] -- Up-to-date: /home/caleb/ros2_ws/install/spot_msgs/include/spot_msgs/srv/detail/dock__type_support.c
[2.062s] -- Up-to-date: /home/caleb/ros2_ws/install/spot_msgs/include/spot_msgs/srv/detail/constrained_arm_joint_movement__type_support.c
[2.062s] -- Up-to-date: /home/caleb/ros2_ws/install/spot_msgs/include/spot_msgs/srv/detail/list_graph__rosidl_typesupport_introspection_c.h
[2.063s] -- Up-to-date: /home/caleb/ros2_ws/install/spot_msgs/include/spot_msgs/srv/detail/arm_force_trajectory__type_support.c
[2.063s] -- Up-to-date: /home/caleb/ros2_ws/install/spot_msgs/include/spot_msgs/srv/detail/gripper_angle_move__type_support.c
[2.063s] -- Up-to-date: /home/caleb/ros2_ws/install/spot_msgs/include/spot_msgs/srv/detail/arm_joint_movement__rosidl_typesupport_introspection_c.h
[2.064s] -- Up-to-date: /home/caleb/ros2_ws/install/spot_msgs/include/spot_msgs/srv/detail/set_locomotion__type_support.c
[2.068s] -- Up-to-date: /home/caleb/ros2_ws/install/spot_msgs/include/spot_msgs/srv/detail/constrained_arm_joint_movement__rosidl_typesupport_introspection_c.h
[2.069s] -- Up-to-date: /home/caleb/ros2_ws/install/spot_msgs/include/spot_msgs/srv/detail/clear_behavior_fault__type_support.c
[2.069s] -- Up-to-date: /home/caleb/ros2_ws/install/spot_msgs/include/spot_msgs/srv/detail/arm_force_trajectory__rosidl_typesupport_introspection_c.h
[2.070s] -- Up-to-date: /home/caleb/ros2_ws/install/spot_msgs/include/spot_msgs/srv/detail/set_locomotion__rosidl_typesupport_introspection_c.h
[2.070s] -- Up-to-date: /home/caleb/ros2_ws/install/spot_msgs/include/spot_msgs/srv/detail/set_velocity__type_support.c
[2.071s] -- Up-to-date: /home/caleb/ros2_ws/install/spot_msgs/include/spot_msgs/srv/detail/arm_joint_movement__type_support.c
[2.072s] -- Up-to-date: /home/caleb/ros2_ws/install/spot_msgs/include/spot_msgs/srv/detail/list_graph__type_support.c
[2.073s] -- Up-to-date: /home/caleb/ros2_ws/install/spot_msgs/include/spot_msgs/srv/detail/gripper_angle_move__rosidl_typesupport_introspection_c.h
[2.073s] -- Up-to-date: /home/caleb/ros2_ws/install/spot_msgs/include/spot_msgs/msg
[2.073s] -- Up-to-date: /home/caleb/ros2_ws/install/spot_msgs/include/spot_msgs/msg/rosidl_typesupport_introspection_c__visibility_control.h
[2.073s] -- Up-to-date: /home/caleb/ros2_ws/install/spot_msgs/include/spot_msgs/msg/detail
[2.074s] -- Up-to-date: /home/caleb/ros2_ws/install/spot_msgs/include/spot_msgs/msg/detail/lease_resource__rosidl_typesupport_introspection_c.h
[2.074s] -- Up-to-date: /home/caleb/ros2_ws/install/spot_msgs/include/spot_msgs/msg/detail/foot_state__type_support.c
[2.074s] -- Up-to-date: /home/caleb/ros2_ws/install/spot_msgs/include/spot_msgs/msg/detail/feedback__rosidl_typesupport_introspection_c.h
[2.076s] -- Up-to-date: /home/caleb/ros2_ws/install/spot_msgs/include/spot_msgs/msg/detail/mobility_params__rosidl_typesupport_introspection_c.h
[2.076s] -- Up-to-date: /home/caleb/ros2_ws/install/spot_msgs/include/spot_msgs/msg/detail/mobility_params__type_support.c
[2.076s] -- Up-to-date: /home/caleb/ros2_ws/install/spot_msgs/include/spot_msgs/msg/detail/lease_owner__rosidl_typesupport_introspection_c.h
[2.076s] -- Up-to-date: /home/caleb/ros2_ws/install/spot_msgs/include/spot_msgs/msg/detail/manipulator_state__type_support.c
[2.077s] -- Up-to-date: /home/caleb/ros2_ws/install/spot_msgs/include/spot_msgs/msg/detail/lease__type_support.c
[2.077s] -- Up-to-date: /home/caleb/ros2_ws/install/spot_msgs/include/spot_msgs/msg/detail/lease_resource__type_support.c
[2.077s] -- Up-to-date: /home/caleb/ros2_ws/install/spot_msgs/include/spot_msgs/msg/detail/behavior_fault_state__type_support.c
[2.078s] -- Up-to-date: /home/caleb/ros2_ws/install/spot_msgs/include/spot_msgs/msg/detail/power_state__rosidl_typesupport_introspection_c.h
[2.078s] -- Up-to-date: /home/caleb/ros2_ws/install/spot_msgs/include/spot_msgs/msg/detail/foot_state_array__type_support.c
[2.078s] -- Up-to-date: /home/caleb/ros2_ws/install/spot_msgs/include/spot_msgs/msg/detail/battery_state__rosidl_typesupport_introspection_c.h
[2.078s] -- Up-to-date: /home/caleb/ros2_ws/install/spot_msgs/include/spot_msgs/msg/detail/manipulator_state__rosidl_typesupport_introspection_c.h
[2.079s] -- Up-to-date: /home/caleb/ros2_ws/install/spot_msgs/include/spot_msgs/msg/detail/feedback__type_support.c
[2.079s] -- Up-to-date: /home/caleb/ros2_ws/install/spot_msgs/include/spot_msgs/msg/detail/battery_state_array__rosidl_typesupport_introspection_c.h
[2.079s] -- Up-to-date: /home/caleb/ros2_ws/install/spot_msgs/include/spot_msgs/msg/detail/lease_array__type_support.c
[2.080s] -- Up-to-date: /home/caleb/ros2_ws/install/spot_msgs/include/spot_msgs/msg/detail/wi_fi_state__type_support.c
[2.080s] -- Up-to-date: /home/caleb/ros2_ws/install/spot_msgs/include/spot_msgs/msg/detail/system_fault__type_support.c
[2.081s] -- Up-to-date: /home/caleb/ros2_ws/install/spot_msgs/include/spot_msgs/msg/detail/system_fault_state__rosidl_typesupport_introspection_c.h
[2.081s] -- Up-to-date: /home/caleb/ros2_ws/install/spot_msgs/include/spot_msgs/msg/detail/metrics__rosidl_typesupport_introspection_c.h
[2.081s] -- Up-to-date: /home/caleb/ros2_ws/install/spot_msgs/include/spot_msgs/msg/detail/behavior_fault__type_support.c
[2.082s] -- Up-to-date: /home/caleb/ros2_ws/install/spot_msgs/include/spot_msgs/msg/detail/battery_state_array__type_support.c
[2.082s] -- Up-to-date: /home/caleb/ros2_ws/install/spot_msgs/include/spot_msgs/msg/detail/dock_state__type_support.c
[2.083s] -- Up-to-date: /home/caleb/ros2_ws/install/spot_msgs/include/spot_msgs/msg/detail/wi_fi_state__rosidl_typesupport_introspection_c.h
[2.083s] -- Up-to-date: /home/caleb/ros2_ws/install/spot_msgs/include/spot_msgs/msg/detail/battery_state__type_support.c
[2.084s] -- Up-to-date: /home/caleb/ros2_ws/install/spot_msgs/include/spot_msgs/msg/detail/behavior_fault_state__rosidl_typesupport_introspection_c.h
[2.084s] -- Up-to-date: /home/caleb/ros2_ws/install/spot_msgs/include/spot_msgs/msg/detail/e_stop_state__rosidl_typesupport_introspection_c.h
[2.085s] -- Up-to-date: /home/caleb/ros2_ws/install/spot_msgs/include/spot_msgs/msg/detail/foot_state_array__rosidl_typesupport_introspection_c.h
[2.085s] -- Up-to-date: /home/caleb/ros2_ws/install/spot_msgs/include/spot_msgs/msg/detail/system_fault_state__type_support.c
[2.085s] -- Up-to-date: /home/caleb/ros2_ws/install/spot_msgs/include/spot_msgs/msg/detail/lease_owner__type_support.c
[2.086s] -- Up-to-date: /home/caleb/ros2_ws/install/spot_msgs/include/spot_msgs/msg/detail/lease_array__rosidl_typesupport_introspection_c.h
[2.086s] -- Up-to-date: /home/caleb/ros2_ws/install/spot_msgs/include/spot_msgs/msg/detail/e_stop_state_array__type_support.c
[2.086s] -- Up-to-date: /home/caleb/ros2_ws/install/spot_msgs/include/spot_msgs/msg/detail/metrics__type_support.c
[2.086s] -- Up-to-date: /home/caleb/ros2_ws/install/spot_msgs/include/spot_msgs/msg/detail/system_fault__rosidl_typesupport_introspection_c.h
[2.087s] -- Up-to-date: /home/caleb/ros2_ws/install/spot_msgs/include/spot_msgs/msg/detail/e_stop_state_array__rosidl_typesupport_introspection_c.h
[2.087s] -- Up-to-date: /home/caleb/ros2_ws/install/spot_msgs/include/spot_msgs/msg/detail/e_stop_state__type_support.c
[2.087s] -- Up-to-date: /home/caleb/ros2_ws/install/spot_msgs/include/spot_msgs/msg/detail/power_state__type_support.c
[2.088s] -- Up-to-date: /home/caleb/ros2_ws/install/spot_msgs/include/spot_msgs/msg/detail/foot_state__rosidl_typesupport_introspection_c.h
[2.088s] -- Up-to-date: /home/caleb/ros2_ws/install/spot_msgs/include/spot_msgs/msg/detail/behavior_fault__rosidl_typesupport_introspection_c.h
[2.088s] -- Up-to-date: /home/caleb/ros2_ws/install/spot_msgs/include/spot_msgs/msg/detail/lease__rosidl_typesupport_introspection_c.h
[2.089s] -- Up-to-date: /home/caleb/ros2_ws/install/spot_msgs/include/spot_msgs/msg/detail/dock_state__rosidl_typesupport_introspection_c.h
[2.089s] -- Up-to-date: /home/caleb/ros2_ws/install/spot_msgs/include/spot_msgs/action
[2.089s] -- Up-to-date: /home/caleb/ros2_ws/install/spot_msgs/include/spot_msgs/action/detail
[2.090s] -- Up-to-date: /home/caleb/ros2_ws/install/spot_msgs/include/spot_msgs/action/detail/navigate_to__type_support.c
[2.098s] -- Up-to-date: /home/caleb/ros2_ws/install/spot_msgs/include/spot_msgs/action/detail/navigate_to__rosidl_typesupport_introspection_c.h
[2.099s] -- Up-to-date: /home/caleb/ros2_ws/install/spot_msgs/include/spot_msgs/action/detail/trajectory__rosidl_typesupport_introspection_c.h
[2.099s] -- Up-to-date: /home/caleb/ros2_ws/install/spot_msgs/include/spot_msgs/action/detail/trajectory__type_support.c
[2.100s] -- Up-to-date: /home/caleb/ros2_ws/install/spot_msgs/lib/libspot_msgs__rosidl_typesupport_introspection_c.so
[2.100s] -- Up-to-date: /home/caleb/ros2_ws/install/spot_msgs/lib/libspot_msgs__rosidl_typesupport_c.so
[2.109s] -- Up-to-date: /home/caleb/ros2_ws/install/spot_msgs/include/spot_msgs
[2.109s] -- Up-to-date: /home/caleb/ros2_ws/install/spot_msgs/include/spot_msgs/srv
[2.109s] -- Up-to-date: /home/caleb/ros2_ws/install/spot_msgs/include/spot_msgs/srv/arm_force_trajectory.hpp
[2.109s] -- Up-to-date: /home/caleb/ros2_ws/install/spot_msgs/include/spot_msgs/srv/arm_joint_movement.hpp
[2.109s] -- Up-to-date: /home/caleb/ros2_ws/install/spot_msgs/include/spot_msgs/srv/list_graph.hpp
[2.110s] -- Up-to-date: /home/caleb/ros2_ws/install/spot_msgs/include/spot_msgs/srv/constrained_arm_joint_movement.hpp
[2.110s] -- Up-to-date: /home/caleb/ros2_ws/install/spot_msgs/include/spot_msgs/srv/set_velocity.hpp
[2.110s] -- Up-to-date: /home/caleb/ros2_ws/install/spot_msgs/include/spot_msgs/srv/hand_pose.hpp
[2.110s] -- Up-to-date: /home/caleb/ros2_ws/install/spot_msgs/include/spot_msgs/srv/clear_behavior_fault.hpp
[2.112s] -- Up-to-date: /home/caleb/ros2_ws/install/spot_msgs/include/spot_msgs/srv/dock.hpp
[2.112s] -- Up-to-date: /home/caleb/ros2_ws/install/spot_msgs/include/spot_msgs/srv/detail
[2.114s] -- Up-to-date: /home/caleb/ros2_ws/install/spot_msgs/include/spot_msgs/srv/detail/hand_pose__struct.hpp
[2.114s] -- Up-to-date: /home/caleb/ros2_ws/install/spot_msgs/include/spot_msgs/srv/detail/arm_force_trajectory__traits.hpp
[2.114s] -- Up-to-date: /home/caleb/ros2_ws/install/spot_msgs/include/spot_msgs/srv/detail/list_graph__struct.hpp
[2.115s] -- Up-to-date: /home/caleb/ros2_ws/install/spot_msgs/include/spot_msgs/srv/detail/set_locomotion__traits.hpp
[2.115s] -- Up-to-date: /home/caleb/ros2_ws/install/spot_msgs/include/spot_msgs/srv/detail/dock__traits.hpp
[2.116s] -- Up-to-date: /home/caleb/ros2_ws/install/spot_msgs/include/spot_msgs/srv/detail/set_velocity__traits.hpp
[2.116s] -- Up-to-date: /home/caleb/ros2_ws/install/spot_msgs/include/spot_msgs/srv/detail/hand_pose__traits.hpp
[2.117s] -- Up-to-date: /home/caleb/ros2_ws/install/spot_msgs/include/spot_msgs/srv/detail/set_velocity__builder.hpp
[2.117s] -- Up-to-date: /home/caleb/ros2_ws/install/spot_msgs/include/spot_msgs/srv/detail/list_graph__traits.hpp
[2.117s] -- Up-to-date: /home/caleb/ros2_ws/install/spot_msgs/include/spot_msgs/srv/detail/list_graph__builder.hpp
[2.120s] -- Up-to-date: /home/caleb/ros2_ws/install/spot_msgs/include/spot_msgs/srv/detail/clear_behavior_fault__struct.hpp
[2.121s] -- Up-to-date: /home/caleb/ros2_ws/install/spot_msgs/include/spot_msgs/srv/detail/constrained_arm_joint_movement__struct.hpp
[2.121s] -- Up-to-date: /home/caleb/ros2_ws/install/spot_msgs/include/spot_msgs/srv/detail/arm_joint_movement__traits.hpp
[2.121s] -- Up-to-date: /home/caleb/ros2_ws/install/spot_msgs/include/spot_msgs/srv/detail/gripper_angle_move__traits.hpp
[2.121s] -- Up-to-date: /home/caleb/ros2_ws/install/spot_msgs/include/spot_msgs/srv/detail/arm_force_trajectory__builder.hpp
[2.121s] -- Up-to-date: /home/caleb/ros2_ws/install/spot_msgs/include/spot_msgs/srv/detail/gripper_angle_move__struct.hpp
[2.121s] -- Up-to-date: /home/caleb/ros2_ws/install/spot_msgs/include/spot_msgs/srv/detail/hand_pose__builder.hpp
[2.122s] -- Up-to-date: /home/caleb/ros2_ws/install/spot_msgs/include/spot_msgs/srv/detail/arm_force_trajectory__struct.hpp
[2.122s] -- Up-to-date: /home/caleb/ros2_ws/install/spot_msgs/include/spot_msgs/srv/detail/gripper_angle_move__builder.hpp
[2.122s] -- Up-to-date: /home/caleb/ros2_ws/install/spot_msgs/include/spot_msgs/srv/detail/clear_behavior_fault__builder.hpp
[2.123s] -- Up-to-date: /home/caleb/ros2_ws/install/spot_msgs/include/spot_msgs/srv/detail/set_locomotion__struct.hpp
[2.123s] -- Up-to-date: /home/caleb/ros2_ws/install/spot_msgs/include/spot_msgs/srv/detail/arm_joint_movement__builder.hpp
[2.124s] -- Up-to-date: /home/caleb/ros2_ws/install/spot_msgs/include/spot_msgs/srv/detail/clear_behavior_fault__traits.hpp
[2.126s] -- Up-to-date: /home/caleb/ros2_ws/install/spot_msgs/include/spot_msgs/srv/detail/set_locomotion__builder.hpp
[2.126s] -- Up-to-date: /home/caleb/ros2_ws/install/spot_msgs/include/spot_msgs/srv/detail/constrained_arm_joint_movement__builder.hpp
[2.127s] -- Up-to-date: /home/caleb/ros2_ws/install/spot_msgs/include/spot_msgs/srv/detail/set_velocity__struct.hpp
[2.127s] -- Up-to-date: /home/caleb/ros2_ws/install/spot_msgs/include/spot_msgs/srv/detail/constrained_arm_joint_movement__traits.hpp
[2.127s] -- Up-to-date: /home/caleb/ros2_ws/install/spot_msgs/include/spot_msgs/srv/detail/dock__builder.hpp
[2.129s] -- Up-to-date: /home/caleb/ros2_ws/install/spot_msgs/include/spot_msgs/srv/detail/arm_joint_movement__struct.hpp
[2.129s] -- Up-to-date: /home/caleb/ros2_ws/install/spot_msgs/include/spot_msgs/srv/detail/dock__struct.hpp
[2.130s] -- Up-to-date: /home/caleb/ros2_ws/install/spot_msgs/include/spot_msgs/srv/gripper_angle_move.hpp
[2.130s] -- Up-to-date: /home/caleb/ros2_ws/install/spot_msgs/include/spot_msgs/srv/set_locomotion.hpp
[2.130s] -- Up-to-date: /home/caleb/ros2_ws/install/spot_msgs/include/spot_msgs/msg
[2.132s] -- Up-to-date: /home/caleb/ros2_ws/install/spot_msgs/include/spot_msgs/msg/manipulator_state.hpp
[2.133s] -- Up-to-date: /home/caleb/ros2_ws/install/spot_msgs/include/spot_msgs/msg/power_state.hpp
[2.134s] -- Up-to-date: /home/caleb/ros2_ws/install/spot_msgs/include/spot_msgs/msg/foot_state.hpp
[2.135s] -- Up-to-date: /home/caleb/ros2_ws/install/spot_msgs/include/spot_msgs/msg/e_stop_state.hpp
[2.135s] -- Up-to-date: /home/caleb/ros2_ws/install/spot_msgs/include/spot_msgs/msg/behavior_fault_state.hpp
[2.136s] -- Up-to-date: /home/caleb/ros2_ws/install/spot_msgs/include/spot_msgs/msg/dock_state.hpp
[2.136s] -- Up-to-date: /home/caleb/ros2_ws/install/spot_msgs/include/spot_msgs/msg/mobility_params.hpp
[2.136s] -- Up-to-date: /home/caleb/ros2_ws/install/spot_msgs/include/spot_msgs/msg/wi_fi_state.hpp
[2.137s] -- Up-to-date: /home/caleb/ros2_ws/install/spot_msgs/include/spot_msgs/msg/battery_state_array.hpp
[2.137s] -- Up-to-date: /home/caleb/ros2_ws/install/spot_msgs/include/spot_msgs/msg/behavior_fault.hpp
[2.138s] -- Up-to-date: /home/caleb/ros2_ws/install/spot_msgs/include/spot_msgs/msg/lease_resource.hpp
[2.139s] -- Up-to-date: /home/caleb/ros2_ws/install/spot_msgs/include/spot_msgs/msg/foot_state_array.hpp
[2.139s] -- Up-to-date: /home/caleb/ros2_ws/install/spot_msgs/include/spot_msgs/msg/detail
[2.144s] -- Up-to-date: /home/caleb/ros2_ws/install/spot_msgs/include/spot_msgs/msg/detail/battery_state__builder.hpp
[2.144s] -- Up-to-date: /home/caleb/ros2_ws/install/spot_msgs/include/spot_msgs/msg/detail/system_fault_state__traits.hpp
[2.145s] -- Up-to-date: /home/caleb/ros2_ws/install/spot_msgs/include/spot_msgs/msg/detail/behavior_fault_state__traits.hpp
[2.145s] -- Up-to-date: /home/caleb/ros2_ws/install/spot_msgs/include/spot_msgs/msg/detail/lease_array__traits.hpp
[2.145s] -- Up-to-date: /home/caleb/ros2_ws/install/spot_msgs/include/spot_msgs/msg/detail/e_stop_state_array__builder.hpp
[2.145s] -- Up-to-date: /home/caleb/ros2_ws/install/spot_msgs/include/spot_msgs/msg/detail/battery_state_array__traits.hpp
[2.145s] -- Up-to-date: /home/caleb/ros2_ws/install/spot_msgs/include/spot_msgs/msg/detail/battery_state__struct.hpp
[2.145s] -- Up-to-date: /home/caleb/ros2_ws/install/spot_msgs/include/spot_msgs/msg/detail/lease_resource__traits.hpp
[2.145s] -- Up-to-date: /home/caleb/ros2_ws/install/spot_msgs/include/spot_msgs/msg/detail/behavior_fault_state__builder.hpp
[2.145s] -- Up-to-date: /home/caleb/ros2_ws/install/spot_msgs/include/spot_msgs/msg/detail/dock_state__traits.hpp
[2.147s] -- Up-to-date: /home/caleb/ros2_ws/install/spot_msgs/include/spot_msgs/msg/detail/manipulator_state__builder.hpp
[2.147s] -- Up-to-date: /home/caleb/ros2_ws/install/spot_msgs/include/spot_msgs/msg/detail/system_fault__builder.hpp
[2.148s] -- Up-to-date: /home/caleb/ros2_ws/install/spot_msgs/include/spot_msgs/msg/detail/battery_state_array__builder.hpp
[2.148s] -- Up-to-date: /home/caleb/ros2_ws/install/spot_msgs/include/spot_msgs/msg/detail/wi_fi_state__struct.hpp
[2.149s] -- Up-to-date: /home/caleb/ros2_ws/install/spot_msgs/include/spot_msgs/msg/detail/metrics__traits.hpp
[2.149s] -- Up-to-date: /home/caleb/ros2_ws/install/spot_msgs/include/spot_msgs/msg/detail/wi_fi_state__traits.hpp
[2.149s] -- Up-to-date: /home/caleb/ros2_ws/install/spot_msgs/include/spot_msgs/msg/detail/behavior_fault_state__struct.hpp
[2.150s] -- Up-to-date: /home/caleb/ros2_ws/install/spot_msgs/include/spot_msgs/msg/detail/system_fault__traits.hpp
[2.150s] -- Up-to-date: /home/caleb/ros2_ws/install/spot_msgs/include/spot_msgs/msg/detail/wi_fi_state__builder.hpp
[2.150s] -- Up-to-date: /home/caleb/ros2_ws/install/spot_msgs/include/spot_msgs/msg/detail/e_stop_state_array__traits.hpp
[2.151s] -- Up-to-date: /home/caleb/ros2_ws/install/spot_msgs/include/spot_msgs/msg/detail/feedback__struct.hpp
[2.151s] -- Up-to-date: /home/caleb/ros2_ws/install/spot_msgs/include/spot_msgs/msg/detail/lease_array__builder.hpp
[2.151s] -- Up-to-date: /home/caleb/ros2_ws/install/spot_msgs/include/spot_msgs/msg/detail/dock_state__struct.hpp
[2.152s] -- Up-to-date: /home/caleb/ros2_ws/install/spot_msgs/include/spot_msgs/msg/detail/manipulator_state__traits.hpp
[2.153s] -- Up-to-date: /home/caleb/ros2_ws/install/spot_msgs/include/spot_msgs/msg/detail/system_fault_state__struct.hpp
[2.155s] -- Up-to-date: /home/caleb/ros2_ws/install/spot_msgs/include/spot_msgs/msg/detail/behavior_fault__struct.hpp
[2.157s] -- Up-to-date: /home/caleb/ros2_ws/install/spot_msgs/include/spot_msgs/msg/detail/lease__traits.hpp
[2.157s] -- Up-to-date: /home/caleb/ros2_ws/install/spot_msgs/include/spot_msgs/msg/detail/lease_array__struct.hpp
[2.157s] -- Up-to-date: /home/caleb/ros2_ws/install/spot_msgs/include/spot_msgs/msg/detail/feedback__builder.hpp
[2.157s] -- Up-to-date: /home/caleb/ros2_ws/install/spot_msgs/include/spot_msgs/msg/detail/metrics__struct.hpp
[2.157s] -- Up-to-date: /home/caleb/ros2_ws/install/spot_msgs/include/spot_msgs/msg/detail/foot_state_array__struct.hpp
[2.157s] -- Up-to-date: /home/caleb/ros2_ws/install/spot_msgs/include/spot_msgs/msg/detail/lease_owner__struct.hpp
[2.157s] -- Up-to-date: /home/caleb/ros2_ws/install/spot_msgs/include/spot_msgs/msg/detail/foot_state__traits.hpp
[2.157s] -- Up-to-date: /home/caleb/ros2_ws/install/spot_msgs/include/spot_msgs/msg/detail/lease__builder.hpp
[2.157s] -- Up-to-date: /home/caleb/ros2_ws/install/spot_msgs/include/spot_msgs/msg/detail/dock_state__builder.hpp
[2.157s] -- Up-to-date: /home/caleb/ros2_ws/install/spot_msgs/include/spot_msgs/msg/detail/lease_resource__struct.hpp
[2.159s] -- Up-to-date: /home/caleb/ros2_ws/install/spot_msgs/include/spot_msgs/msg/detail/e_stop_state__traits.hpp
[2.159s] -- Up-to-date: /home/caleb/ros2_ws/install/spot_msgs/include/spot_msgs/msg/detail/mobility_params__traits.hpp
[2.159s] -- Up-to-date: /home/caleb/ros2_ws/install/spot_msgs/include/spot_msgs/msg/detail/power_state__builder.hpp
[2.159s] -- Up-to-date: /home/caleb/ros2_ws/install/spot_msgs/include/spot_msgs/msg/detail/mobility_params__struct.hpp
[2.160s] -- Up-to-date: /home/caleb/ros2_ws/install/spot_msgs/include/spot_msgs/msg/detail/mobility_params__builder.hpp
[2.160s] -- Up-to-date: /home/caleb/ros2_ws/install/spot_msgs/include/spot_msgs/msg/detail/lease_resource__builder.hpp
[2.160s] -- Up-to-date: /home/caleb/ros2_ws/install/spot_msgs/include/spot_msgs/msg/detail/foot_state__builder.hpp
[2.160s] -- Up-to-date: /home/caleb/ros2_ws/install/spot_msgs/include/spot_msgs/msg/detail/manipulator_state__struct.hpp
[2.160s] -- Up-to-date: /home/caleb/ros2_ws/install/spot_msgs/include/spot_msgs/msg/detail/lease__struct.hpp
[2.160s] -- Up-to-date: /home/caleb/ros2_ws/install/spot_msgs/include/spot_msgs/msg/detail/power_state__traits.hpp
[2.160s] -- Up-to-date: /home/caleb/ros2_ws/install/spot_msgs/include/spot_msgs/msg/detail/battery_state_array__struct.hpp
[2.161s] -- Up-to-date: /home/caleb/ros2_ws/install/spot_msgs/include/spot_msgs/msg/detail/foot_state_array__traits.hpp
[2.161s] -- Up-to-date: /home/caleb/ros2_ws/install/spot_msgs/include/spot_msgs/msg/detail/foot_state__struct.hpp
[2.161s] -- Up-to-date: /home/caleb/ros2_ws/install/spot_msgs/include/spot_msgs/msg/detail/feedback__traits.hpp
[2.161s] -- Up-to-date: /home/caleb/ros2_ws/install/spot_msgs/include/spot_msgs/msg/detail/lease_owner__traits.hpp
[2.161s] -- Up-to-date: /home/caleb/ros2_ws/install/spot_msgs/include/spot_msgs/msg/detail/e_stop_state_array__struct.hpp
[2.161s] -- Up-to-date: /home/caleb/ros2_ws/install/spot_msgs/include/spot_msgs/msg/detail/power_state__struct.hpp
[2.162s] -- Up-to-date: /home/caleb/ros2_ws/install/spot_msgs/include/spot_msgs/msg/detail/e_stop_state__builder.hpp
[2.162s] -- Up-to-date: /home/caleb/ros2_ws/install/spot_msgs/include/spot_msgs/msg/detail/system_fault_state__builder.hpp
[2.162s] -- Up-to-date: /home/caleb/ros2_ws/install/spot_msgs/include/spot_msgs/msg/detail/system_fault__struct.hpp
[2.162s] -- Up-to-date: /home/caleb/ros2_ws/install/spot_msgs/include/spot_msgs/msg/detail/behavior_fault__builder.hpp
[2.162s] -- Up-to-date: /home/caleb/ros2_ws/install/spot_msgs/include/spot_msgs/msg/detail/metrics__builder.hpp
[2.163s] -- Up-to-date: /home/caleb/ros2_ws/install/spot_msgs/include/spot_msgs/msg/detail/e_stop_state__struct.hpp
[2.163s] -- Up-to-date: /home/caleb/ros2_ws/install/spot_msgs/include/spot_msgs/msg/detail/foot_state_array__builder.hpp
[2.163s] -- Up-to-date: /home/caleb/ros2_ws/install/spot_msgs/include/spot_msgs/msg/detail/lease_owner__builder.hpp
[2.163s] -- Up-to-date: /home/caleb/ros2_ws/install/spot_msgs/include/spot_msgs/msg/detail/behavior_fault__traits.hpp
[2.163s] -- Up-to-date: /home/caleb/ros2_ws/install/spot_msgs/include/spot_msgs/msg/detail/battery_state__traits.hpp
[2.163s] -- Up-to-date: /home/caleb/ros2_ws/install/spot_msgs/include/spot_msgs/msg/lease.hpp
[2.164s] -- Up-to-date: /home/caleb/ros2_ws/install/spot_msgs/include/spot_msgs/msg/metrics.hpp
[2.164s] -- Up-to-date: /home/caleb/ros2_ws/install/spot_msgs/include/spot_msgs/msg/e_stop_state_array.hpp
[2.164s] -- Up-to-date: /home/caleb/ros2_ws/install/spot_msgs/include/spot_msgs/msg/battery_state.hpp
[2.164s] -- Up-to-date: /home/caleb/ros2_ws/install/spot_msgs/include/spot_msgs/msg/lease_array.hpp
[2.164s] -- Up-to-date: /home/caleb/ros2_ws/install/spot_msgs/include/spot_msgs/msg/feedback.hpp
[2.165s] -- Up-to-date: /home/caleb/ros2_ws/install/spot_msgs/include/spot_msgs/msg/lease_owner.hpp
[2.165s] -- Up-to-date: /home/caleb/ros2_ws/install/spot_msgs/include/spot_msgs/msg/system_fault.hpp
[2.165s] -- Up-to-date: /home/caleb/ros2_ws/install/spot_msgs/include/spot_msgs/msg/system_fault_state.hpp
[2.165s] -- Up-to-date: /home/caleb/ros2_ws/install/spot_msgs/include/spot_msgs/action
[2.165s] -- Up-to-date: /home/caleb/ros2_ws/install/spot_msgs/include/spot_msgs/action/trajectory.hpp
[2.166s] -- Up-to-date: /home/caleb/ros2_ws/install/spot_msgs/include/spot_msgs/action/detail
[2.167s] -- Up-to-date: /home/caleb/ros2_ws/install/spot_msgs/include/spot_msgs/action/detail/trajectory__struct.hpp
[2.167s] -- Up-to-date: /home/caleb/ros2_ws/install/spot_msgs/include/spot_msgs/action/detail/navigate_to__builder.hpp
[2.167s] -- Up-to-date: /home/caleb/ros2_ws/install/spot_msgs/include/spot_msgs/action/detail/navigate_to__struct.hpp
[2.167s] -- Up-to-date: /home/caleb/ros2_ws/install/spot_msgs/include/spot_msgs/action/detail/trajectory__traits.hpp
[2.167s] -- Up-to-date: /home/caleb/ros2_ws/install/spot_msgs/include/spot_msgs/action/detail/trajectory__builder.hpp
[2.168s] -- Up-to-date: /home/caleb/ros2_ws/install/spot_msgs/include/spot_msgs/action/detail/navigate_to__traits.hpp
[2.168s] -- Up-to-date: /home/caleb/ros2_ws/install/spot_msgs/include/spot_msgs/action/navigate_to.hpp
[2.170s] -- Up-to-date: /home/caleb/ros2_ws/install/spot_msgs/include/spot_msgs
[2.170s] -- Up-to-date: /home/caleb/ros2_ws/install/spot_msgs/include/spot_msgs/srv
[2.170s] -- Up-to-date: /home/caleb/ros2_ws/install/spot_msgs/include/spot_msgs/srv/detail
[2.172s] -- Up-to-date: /home/caleb/ros2_ws/install/spot_msgs/include/spot_msgs/srv/detail/clear_behavior_fault__type_support.cpp
[2.173s] -- Up-to-date: /home/caleb/ros2_ws/install/spot_msgs/include/spot_msgs/srv/detail/list_graph__type_support.cpp
[2.173s] -- Up-to-date: /home/caleb/ros2_ws/install/spot_msgs/include/spot_msgs/srv/detail/constrained_arm_joint_movement__type_support.cpp
[2.174s] -- Up-to-date: /home/caleb/ros2_ws/install/spot_msgs/include/spot_msgs/srv/detail/arm_joint_movement__type_support.cpp
[2.174s] -- Up-to-date: /home/caleb/ros2_ws/install/spot_msgs/include/spot_msgs/srv/detail/list_graph__rosidl_typesupport_introspection_cpp.hpp
[2.175s] -- Up-to-date: /home/caleb/ros2_ws/install/spot_msgs/include/spot_msgs/srv/detail/hand_pose__type_support.cpp
[2.176s] -- Up-to-date: /home/caleb/ros2_ws/install/spot_msgs/include/spot_msgs/srv/detail/set_locomotion__type_support.cpp
[2.176s] -- Up-to-date: /home/caleb/ros2_ws/install/spot_msgs/include/spot_msgs/srv/detail/arm_force_trajectory__rosidl_typesupport_introspection_cpp.hpp
[2.177s] -- Up-to-date: /home/caleb/ros2_ws/install/spot_msgs/include/spot_msgs/srv/detail/hand_pose__rosidl_typesupport_introspection_cpp.hpp
[2.177s] -- Up-to-date: /home/caleb/ros2_ws/install/spot_msgs/include/spot_msgs/srv/detail/set_locomotion__rosidl_typesupport_introspection_cpp.hpp
[2.177s] -- Up-to-date: /home/caleb/ros2_ws/install/spot_msgs/include/spot_msgs/srv/detail/arm_joint_movement__rosidl_typesupport_introspection_cpp.hpp
[2.178s] -- Up-to-date: /home/caleb/ros2_ws/install/spot_msgs/include/spot_msgs/srv/detail/set_velocity__type_support.cpp
[2.178s] -- Up-to-date: /home/caleb/ros2_ws/install/spot_msgs/include/spot_msgs/srv/detail/dock__rosidl_typesupport_introspection_cpp.hpp
[2.178s] -- Up-to-date: /home/caleb/ros2_ws/install/spot_msgs/include/spot_msgs/srv/detail/dock__type_support.cpp
[2.178s] -- Up-to-date: /home/caleb/ros2_ws/install/spot_msgs/include/spot_msgs/srv/detail/set_velocity__rosidl_typesupport_introspection_cpp.hpp
[2.178s] -- Up-to-date: /home/caleb/ros2_ws/install/spot_msgs/include/spot_msgs/srv/detail/gripper_angle_move__type_support.cpp
[2.179s] -- Up-to-date: /home/caleb/ros2_ws/install/spot_msgs/include/spot_msgs/srv/detail/arm_force_trajectory__type_support.cpp
[2.179s] -- Up-to-date: /home/caleb/ros2_ws/install/spot_msgs/include/spot_msgs/srv/detail/constrained_arm_joint_movement__rosidl_typesupport_introspection_cpp.hpp
[2.179s] -- Up-to-date: /home/caleb/ros2_ws/install/spot_msgs/include/spot_msgs/srv/detail/gripper_angle_move__rosidl_typesupport_introspection_cpp.hpp
[2.179s] -- Up-to-date: /home/caleb/ros2_ws/install/spot_msgs/include/spot_msgs/srv/detail/clear_behavior_fault__rosidl_typesupport_introspection_cpp.hpp
[2.180s] -- Up-to-date: /home/caleb/ros2_ws/install/spot_msgs/include/spot_msgs/msg
[2.180s] -- Up-to-date: /home/caleb/ros2_ws/install/spot_msgs/include/spot_msgs/msg/detail
[2.182s] -- Up-to-date: /home/caleb/ros2_ws/install/spot_msgs/include/spot_msgs/msg/detail/metrics__rosidl_typesupport_introspection_cpp.hpp
[2.182s] -- Up-to-date: /home/caleb/ros2_ws/install/spot_msgs/include/spot_msgs/msg/detail/behavior_fault__rosidl_typesupport_introspection_cpp.hpp
[2.182s] -- Up-to-date: /home/caleb/ros2_ws/install/spot_msgs/include/spot_msgs/msg/detail/behavior_fault__type_support.cpp
[2.182s] -- Up-to-date: /home/caleb/ros2_ws/install/spot_msgs/include/spot_msgs/msg/detail/power_state__rosidl_typesupport_introspection_cpp.hpp
[2.182s] -- Up-to-date: /home/caleb/ros2_ws/install/spot_msgs/include/spot_msgs/msg/detail/system_fault__rosidl_typesupport_introspection_cpp.hpp
[2.182s] -- Up-to-date: /home/caleb/ros2_ws/install/spot_msgs/include/spot_msgs/msg/detail/wi_fi_state__type_support.cpp
[2.182s] -- Up-to-date: /home/caleb/ros2_ws/install/spot_msgs/include/spot_msgs/msg/detail/feedback__rosidl_typesupport_introspection_cpp.hpp
[2.182s] -- Up-to-date: /home/caleb/ros2_ws/install/spot_msgs/include/spot_msgs/msg/detail/wi_fi_state__rosidl_typesupport_introspection_cpp.hpp
[2.182s] -- Up-to-date: /home/caleb/ros2_ws/install/spot_msgs/include/spot_msgs/msg/detail/foot_state__rosidl_typesupport_introspection_cpp.hpp
[2.182s] -- Up-to-date: /home/caleb/ros2_ws/install/spot_msgs/include/spot_msgs/msg/detail/battery_state_array__rosidl_typesupport_introspection_cpp.hpp
[2.182s] -- Up-to-date: /home/caleb/ros2_ws/install/spot_msgs/include/spot_msgs/msg/detail/manipulator_state__type_support.cpp
[2.182s] -- Up-to-date: /home/caleb/ros2_ws/install/spot_msgs/include/spot_msgs/msg/detail/manipulator_state__rosidl_typesupport_introspection_cpp.hpp
[2.182s] -- Up-to-date: /home/caleb/ros2_ws/install/spot_msgs/include/spot_msgs/msg/detail/dock_state__rosidl_typesupport_introspection_cpp.hpp
[2.182s] -- Up-to-date: /home/caleb/ros2_ws/install/spot_msgs/include/spot_msgs/msg/detail/e_stop_state_array__type_support.cpp
[2.183s] -- Up-to-date: /home/caleb/ros2_ws/install/spot_msgs/include/spot_msgs/msg/detail/behavior_fault_state__type_support.cpp
[2.183s] -- Up-to-date: /home/caleb/ros2_ws/install/spot_msgs/include/spot_msgs/msg/detail/system_fault_state__type_support.cpp
[2.183s] -- Up-to-date: /home/caleb/ros2_ws/install/spot_msgs/include/spot_msgs/msg/detail/dock_state__type_support.cpp
[2.183s] -- Up-to-date: /home/caleb/ros2_ws/install/spot_msgs/include/spot_msgs/msg/detail/mobility_params__rosidl_typesupport_introspection_cpp.hpp
[2.183s] -- Up-to-date: /home/caleb/ros2_ws/install/spot_msgs/include/spot_msgs/msg/detail/foot_state__type_support.cpp
[2.183s] -- Up-to-date: /home/caleb/ros2_ws/install/spot_msgs/include/spot_msgs/msg/detail/metrics__type_support.cpp
[2.183s] -- Up-to-date: /home/caleb/ros2_ws/install/spot_msgs/include/spot_msgs/msg/detail/lease_owner__rosidl_typesupport_introspection_cpp.hpp
[2.183s] -- Up-to-date: /home/caleb/ros2_ws/install/spot_msgs/include/spot_msgs/msg/detail/lease__type_support.cpp
[2.183s] -- Up-to-date: /home/caleb/ros2_ws/install/spot_msgs/include/spot_msgs/msg/detail/battery_state__type_support.cpp
[2.183s] -- Up-to-date: /home/caleb/ros2_ws/install/spot_msgs/include/spot_msgs/msg/detail/battery_state__rosidl_typesupport_introspection_cpp.hpp
[2.183s] -- Up-to-date: /home/caleb/ros2_ws/install/spot_msgs/include/spot_msgs/msg/detail/lease__rosidl_typesupport_introspection_cpp.hpp
[2.183s] -- Up-to-date: /home/caleb/ros2_ws/install/spot_msgs/include/spot_msgs/msg/detail/e_stop_state__rosidl_typesupport_introspection_cpp.hpp
[2.184s] -- Up-to-date: /home/caleb/ros2_ws/install/spot_msgs/include/spot_msgs/msg/detail/lease_array__rosidl_typesupport_introspection_cpp.hpp
[2.184s] -- Up-to-date: /home/caleb/ros2_ws/install/spot_msgs/include/spot_msgs/msg/detail/lease_owner__type_support.cpp
[2.184s] -- Up-to-date: /home/caleb/ros2_ws/install/spot_msgs/include/spot_msgs/msg/detail/system_fault_state__rosidl_typesupport_introspection_cpp.hpp
[2.184s] -- Up-to-date: /home/caleb/ros2_ws/install/spot_msgs/include/spot_msgs/msg/detail/battery_state_array__type_support.cpp
[2.184s] -- Up-to-date: /home/caleb/ros2_ws/install/spot_msgs/include/spot_msgs/msg/detail/system_fault__type_support.cpp
[2.185s] -- Up-to-date: /home/caleb/ros2_ws/install/spot_msgs/include/spot_msgs/msg/detail/lease_array__type_support.cpp
[2.185s] -- Up-to-date: /home/caleb/ros2_ws/install/spot_msgs/include/spot_msgs/msg/detail/power_state__type_support.cpp
[2.186s] -- Up-to-date: /home/caleb/ros2_ws/install/spot_msgs/include/spot_msgs/msg/detail/foot_state_array__type_support.cpp
[2.186s] -- Up-to-date: /home/caleb/ros2_ws/install/spot_msgs/include/spot_msgs/msg/detail/e_stop_state_array__rosidl_typesupport_introspection_cpp.hpp
[2.186s] -- Up-to-date: /home/caleb/ros2_ws/install/spot_msgs/include/spot_msgs/msg/detail/lease_resource__type_support.cpp
[2.186s] -- Up-to-date: /home/caleb/ros2_ws/install/spot_msgs/include/spot_msgs/msg/detail/behavior_fault_state__rosidl_typesupport_introspection_cpp.hpp
[2.186s] -- Up-to-date: /home/caleb/ros2_ws/install/spot_msgs/include/spot_msgs/msg/detail/lease_resource__rosidl_typesupport_introspection_cpp.hpp
[2.187s] -- Up-to-date: /home/caleb/ros2_ws/install/spot_msgs/include/spot_msgs/msg/detail/e_stop_state__type_support.cpp
[2.187s] -- Up-to-date: /home/caleb/ros2_ws/install/spot_msgs/include/spot_msgs/msg/detail/mobility_params__type_support.cpp
[2.187s] -- Up-to-date: /home/caleb/ros2_ws/install/spot_msgs/include/spot_msgs/msg/detail/foot_state_array__rosidl_typesupport_introspection_cpp.hpp
[2.187s] -- Up-to-date: /home/caleb/ros2_ws/install/spot_msgs/include/spot_msgs/msg/detail/feedback__type_support.cpp
[2.187s] -- Up-to-date: /home/caleb/ros2_ws/install/spot_msgs/include/spot_msgs/action
[2.187s] -- Up-to-date: /home/caleb/ros2_ws/install/spot_msgs/include/spot_msgs/action/detail
[2.187s] -- Up-to-date: /home/caleb/ros2_ws/install/spot_msgs/include/spot_msgs/action/detail/trajectory__rosidl_typesupport_introspection_cpp.hpp
[2.187s] -- Up-to-date: /home/caleb/ros2_ws/install/spot_msgs/include/spot_msgs/action/detail/navigate_to__rosidl_typesupport_introspection_cpp.hpp
[2.187s] -- Up-to-date: /home/caleb/ros2_ws/install/spot_msgs/include/spot_msgs/action/detail/trajectory__type_support.cpp
[2.188s] -- Up-to-date: /home/caleb/ros2_ws/install/spot_msgs/include/spot_msgs/action/detail/navigate_to__type_support.cpp
[2.190s] -- Up-to-date: /home/caleb/ros2_ws/install/spot_msgs/lib/libspot_msgs__rosidl_typesupport_introspection_cpp.so
[2.192s] -- Up-to-date: /home/caleb/ros2_ws/install/spot_msgs/lib/libspot_msgs__rosidl_typesupport_cpp.so
[2.192s] -- Up-to-date: /home/caleb/ros2_ws/install/spot_msgs/share/spot_msgs/environment/pythonpath.sh
[2.193s] -- Up-to-date: /home/caleb/ros2_ws/install/spot_msgs/share/spot_msgs/environment/pythonpath.dsv
[2.193s] -- Up-to-date: /home/caleb/ros2_ws/install/spot_msgs/lib/python3.8/site-packages/spot_msgs/__init__.py
[2.381s] -- Up-to-date: /home/caleb/ros2_ws/install/spot_msgs/lib/python3.8/site-packages/spot_msgs/action
[2.381s] -- Up-to-date: /home/caleb/ros2_ws/install/spot_msgs/lib/python3.8/site-packages/spot_msgs/action/_navigate_to.py
[2.381s] -- Up-to-date: /home/caleb/ros2_ws/install/spot_msgs/lib/python3.8/site-packages/spot_msgs/action/__init__.py
[2.381s] -- Up-to-date: /home/caleb/ros2_ws/install/spot_msgs/lib/python3.8/site-packages/spot_msgs/action/_trajectory.py
[2.381s] -- Up-to-date: /home/caleb/ros2_ws/install/spot_msgs/lib/python3.8/site-packages/spot_msgs/action/_trajectory_s.c
[2.382s] -- Up-to-date: /home/caleb/ros2_ws/install/spot_msgs/lib/python3.8/site-packages/spot_msgs/action/_navigate_to_s.c
[2.382s] -- Up-to-date: /home/caleb/ros2_ws/install/spot_msgs/lib/python3.8/site-packages/spot_msgs/srv
[2.382s] -- Up-to-date: /home/caleb/ros2_ws/install/spot_msgs/lib/python3.8/site-packages/spot_msgs/srv/_gripper_angle_move_s.c
[2.382s] -- Up-to-date: /home/caleb/ros2_ws/install/spot_msgs/lib/python3.8/site-packages/spot_msgs/srv/_set_locomotion_s.c
[2.383s] -- Up-to-date: /home/caleb/ros2_ws/install/spot_msgs/lib/python3.8/site-packages/spot_msgs/srv/_list_graph_s.c
[2.383s] -- Up-to-date: /home/caleb/ros2_ws/install/spot_msgs/lib/python3.8/site-packages/spot_msgs/srv/_arm_joint_movement_s.c
[2.383s] -- Up-to-date: /home/caleb/ros2_ws/install/spot_msgs/lib/python3.8/site-packages/spot_msgs/srv/_arm_force_trajectory_s.c
[2.383s] -- Up-to-date: /home/caleb/ros2_ws/install/spot_msgs/lib/python3.8/site-packages/spot_msgs/srv/__init__.py
[2.383s] -- Up-to-date: /home/caleb/ros2_ws/install/spot_msgs/lib/python3.8/site-packages/spot_msgs/srv/_constrained_arm_joint_movement.py
[2.383s] -- Up-to-date: /home/caleb/ros2_ws/install/spot_msgs/lib/python3.8/site-packages/spot_msgs/srv/_clear_behavior_fault.py
[2.384s] -- Up-to-date: /home/caleb/ros2_ws/install/spot_msgs/lib/python3.8/site-packages/spot_msgs/srv/_set_locomotion.py
[2.384s] -- Up-to-date: /home/caleb/ros2_ws/install/spot_msgs/lib/python3.8/site-packages/spot_msgs/srv/_dock_s.c
[2.384s] -- Up-to-date: /home/caleb/ros2_ws/install/spot_msgs/lib/python3.8/site-packages/spot_msgs/srv/_set_velocity.py
[2.384s] -- Up-to-date: /home/caleb/ros2_ws/install/spot_msgs/lib/python3.8/site-packages/spot_msgs/srv/_gripper_angle_move.py
[2.385s] -- Up-to-date: /home/caleb/ros2_ws/install/spot_msgs/lib/python3.8/site-packages/spot_msgs/srv/_clear_behavior_fault_s.c
[2.385s] -- Up-to-date: /home/caleb/ros2_ws/install/spot_msgs/lib/python3.8/site-packages/spot_msgs/srv/_dock.py
[2.385s] -- Up-to-date: /home/caleb/ros2_ws/install/spot_msgs/lib/python3.8/site-packages/spot_msgs/srv/_arm_force_trajectory.py
[2.385s] -- Up-to-date: /home/caleb/ros2_ws/install/spot_msgs/lib/python3.8/site-packages/spot_msgs/srv/_arm_joint_movement.py
[2.386s] -- Up-to-date: /home/caleb/ros2_ws/install/spot_msgs/lib/python3.8/site-packages/spot_msgs/srv/_constrained_arm_joint_movement_s.c
[2.386s] -- Up-to-date: /home/caleb/ros2_ws/install/spot_msgs/lib/python3.8/site-packages/spot_msgs/srv/_set_velocity_s.c
[2.386s] -- Up-to-date: /home/caleb/ros2_ws/install/spot_msgs/lib/python3.8/site-packages/spot_msgs/srv/_hand_pose_s.c
[2.386s] -- Up-to-date: /home/caleb/ros2_ws/install/spot_msgs/lib/python3.8/site-packages/spot_msgs/srv/_hand_pose.py
[2.387s] -- Up-to-date: /home/caleb/ros2_ws/install/spot_msgs/lib/python3.8/site-packages/spot_msgs/srv/_list_graph.py
[2.387s] -- Up-to-date: /home/caleb/ros2_ws/install/spot_msgs/lib/python3.8/site-packages/spot_msgs/msg
[2.387s] -- Up-to-date: /home/caleb/ros2_ws/install/spot_msgs/lib/python3.8/site-packages/spot_msgs/msg/_lease_array.py
[2.387s] -- Up-to-date: /home/caleb/ros2_ws/install/spot_msgs/lib/python3.8/site-packages/spot_msgs/msg/_manipulator_state_s.c
[2.388s] -- Up-to-date: /home/caleb/ros2_ws/install/spot_msgs/lib/python3.8/site-packages/spot_msgs/msg/_feedback_s.c
[2.388s] -- Up-to-date: /home/caleb/ros2_ws/install/spot_msgs/lib/python3.8/site-packages/spot_msgs/msg/_lease_resource_s.c
[2.388s] -- Up-to-date: /home/caleb/ros2_ws/install/spot_msgs/lib/python3.8/site-packages/spot_msgs/msg/_lease_owner.py
[2.388s] -- Up-to-date: /home/caleb/ros2_ws/install/spot_msgs/lib/python3.8/site-packages/spot_msgs/msg/_battery_state_s.c
[2.388s] -- Up-to-date: /home/caleb/ros2_ws/install/spot_msgs/lib/python3.8/site-packages/spot_msgs/msg/_manipulator_state.py
[2.389s] -- Up-to-date: /home/caleb/ros2_ws/install/spot_msgs/lib/python3.8/site-packages/spot_msgs/msg/_foot_state_array_s.c
[2.389s] -- Up-to-date: /home/caleb/ros2_ws/install/spot_msgs/lib/python3.8/site-packages/spot_msgs/msg/_battery_state_array_s.c
[2.389s] -- Up-to-date: /home/caleb/ros2_ws/install/spot_msgs/lib/python3.8/site-packages/spot_msgs/msg/_power_state.py
[2.389s] -- Up-to-date: /home/caleb/ros2_ws/install/spot_msgs/lib/python3.8/site-packages/spot_msgs/msg/_dock_state_s.c
[2.390s] -- Up-to-date: /home/caleb/ros2_ws/install/spot_msgs/lib/python3.8/site-packages/spot_msgs/msg/_foot_state_array.py
[2.390s] -- Up-to-date: /home/caleb/ros2_ws/install/spot_msgs/lib/python3.8/site-packages/spot_msgs/msg/_system_fault_state_s.c
[2.390s] -- Up-to-date: /home/caleb/ros2_ws/install/spot_msgs/lib/python3.8/site-packages/spot_msgs/msg/_system_fault.py
[2.390s] -- Up-to-date: /home/caleb/ros2_ws/install/spot_msgs/lib/python3.8/site-packages/spot_msgs/msg/_lease_array_s.c
[2.390s] -- Up-to-date: /home/caleb/ros2_ws/install/spot_msgs/lib/python3.8/site-packages/spot_msgs/msg/_lease_resource.py
[2.390s] -- Up-to-date: /home/caleb/ros2_ws/install/spot_msgs/lib/python3.8/site-packages/spot_msgs/msg/__init__.py
[2.390s] -- Up-to-date: /home/caleb/ros2_ws/install/spot_msgs/lib/python3.8/site-packages/spot_msgs/msg/_wi_fi_state_s.c
[2.390s] -- Up-to-date: /home/caleb/ros2_ws/install/spot_msgs/lib/python3.8/site-packages/spot_msgs/msg/_mobility_params.py
[2.390s] -- Up-to-date: /home/caleb/ros2_ws/install/spot_msgs/lib/python3.8/site-packages/spot_msgs/msg/_power_state_s.c
[2.391s] -- Up-to-date: /home/caleb/ros2_ws/install/spot_msgs/lib/python3.8/site-packages/spot_msgs/msg/_battery_state.py
[2.391s] -- Up-to-date: /home/caleb/ros2_ws/install/spot_msgs/lib/python3.8/site-packages/spot_msgs/msg/_system_fault_state.py
[2.391s] -- Up-to-date: /home/caleb/ros2_ws/install/spot_msgs/lib/python3.8/site-packages/spot_msgs/msg/_foot_state.py
[2.391s] -- Up-to-date: /home/caleb/ros2_ws/install/spot_msgs/lib/python3.8/site-packages/spot_msgs/msg/_metrics.py
[2.391s] -- Up-to-date: /home/caleb/ros2_ws/install/spot_msgs/lib/python3.8/site-packages/spot_msgs/msg/_dock_state.py
[2.391s] -- Up-to-date: /home/caleb/ros2_ws/install/spot_msgs/lib/python3.8/site-packages/spot_msgs/msg/_mobility_params_s.c
[2.392s] -- Up-to-date: /home/caleb/ros2_ws/install/spot_msgs/lib/python3.8/site-packages/spot_msgs/msg/_e_stop_state_array.py
[2.392s] -- Up-to-date: /home/caleb/ros2_ws/install/spot_msgs/lib/python3.8/site-packages/spot_msgs/msg/_wi_fi_state.py
[2.392s] -- Up-to-date: /home/caleb/ros2_ws/install/spot_msgs/lib/python3.8/site-packages/spot_msgs/msg/_foot_state_s.c
[2.398s] -- Up-to-date: /home/caleb/ros2_ws/install/spot_msgs/lib/python3.8/site-packages/spot_msgs/msg/_behavior_fault_s.c
[2.398s] -- Up-to-date: /home/caleb/ros2_ws/install/spot_msgs/lib/python3.8/site-packages/spot_msgs/msg/_e_stop_state_s.c
[2.399s] -- Up-to-date: /home/caleb/ros2_ws/install/spot_msgs/lib/python3.8/site-packages/spot_msgs/msg/_lease_owner_s.c
[2.399s] -- Up-to-date: /home/caleb/ros2_ws/install/spot_msgs/lib/python3.8/site-packages/spot_msgs/msg/_lease_s.c
[2.399s] -- Up-to-date: /home/caleb/ros2_ws/install/spot_msgs/lib/python3.8/site-packages/spot_msgs/msg/_behavior_fault_state_s.c
[2.399s] -- Up-to-date: /home/caleb/ros2_ws/install/spot_msgs/lib/python3.8/site-packages/spot_msgs/msg/_e_stop_state.py
[2.400s] -- Up-to-date: /home/caleb/ros2_ws/install/spot_msgs/lib/python3.8/site-packages/spot_msgs/msg/_system_fault_s.c
[2.400s] -- Up-to-date: /home/caleb/ros2_ws/install/spot_msgs/lib/python3.8/site-packages/spot_msgs/msg/_behavior_fault.py
[2.400s] -- Up-to-date: /home/caleb/ros2_ws/install/spot_msgs/lib/python3.8/site-packages/spot_msgs/msg/_battery_state_array.py
[2.400s] -- Up-to-date: /home/caleb/ros2_ws/install/spot_msgs/lib/python3.8/site-packages/spot_msgs/msg/_lease.py
[2.400s] -- Up-to-date: /home/caleb/ros2_ws/install/spot_msgs/lib/python3.8/site-packages/spot_msgs/msg/_feedback.py
[2.401s] -- Up-to-date: /home/caleb/ros2_ws/install/spot_msgs/lib/python3.8/site-packages/spot_msgs/msg/_behavior_fault_state.py
[2.401s] -- Up-to-date: /home/caleb/ros2_ws/install/spot_msgs/lib/python3.8/site-packages/spot_msgs/msg/_e_stop_state_array_s.c
[2.401s] -- Up-to-date: /home/caleb/ros2_ws/install/spot_msgs/lib/python3.8/site-packages/spot_msgs/msg/_metrics_s.c
[2.401s] -- Up-to-date: /home/caleb/ros2_ws/install/spot_msgs/lib/python3.8/site-packages/spot_msgs/spot_msgs_s__rosidl_typesupport_fastrtps_c.cpython-38-x86_64-linux-gnu.so
[2.402s] -- Up-to-date: /home/caleb/ros2_ws/install/spot_msgs/lib/python3.8/site-packages/spot_msgs/spot_msgs_s__rosidl_typesupport_introspection_c.cpython-38-x86_64-linux-gnu.so
[2.407s] -- Up-to-date: /home/caleb/ros2_ws/install/spot_msgs/lib/python3.8/site-packages/spot_msgs/spot_msgs_s__rosidl_typesupport_c.cpython-38-x86_64-linux-gnu.so
[2.408s] -- Up-to-date: /home/caleb/ros2_ws/install/spot_msgs/lib/libspot_msgs__python.so
[2.408s] -- Up-to-date: /home/caleb/ros2_ws/install/spot_msgs/share/spot_msgs/action/NavigateTo.idl
[2.408s] -- Up-to-date: /home/caleb/ros2_ws/install/spot_msgs/share/spot_msgs/action/Trajectory.idl
[2.409s] -- Up-to-date: /home/caleb/ros2_ws/install/spot_msgs/share/spot_msgs/srv/ClearBehaviorFault.idl
[2.409s] -- Up-to-date: /home/caleb/ros2_ws/install/spot_msgs/share/spot_msgs/srv/ListGraph.idl
[2.409s] -- Up-to-date: /home/caleb/ros2_ws/install/spot_msgs/share/spot_msgs/srv/Dock.idl
[2.409s] -- Up-to-date: /home/caleb/ros2_ws/install/spot_msgs/share/spot_msgs/srv/SetLocomotion.idl
[2.409s] -- Up-to-date: /home/caleb/ros2_ws/install/spot_msgs/share/spot_msgs/srv/SetVelocity.idl
[2.410s] -- Up-to-date: /home/caleb/ros2_ws/install/spot_msgs/share/spot_msgs/srv/ArmForceTrajectory.idl
[2.410s] -- Up-to-date: /home/caleb/ros2_ws/install/spot_msgs/share/spot_msgs/srv/ArmJointMovement.idl
[2.410s] -- Up-to-date: /home/caleb/ros2_ws/install/spot_msgs/share/spot_msgs/srv/ConstrainedArmJointMovement.idl
[2.410s] -- Up-to-date: /home/caleb/ros2_ws/install/spot_msgs/share/spot_msgs/srv/GripperAngleMove.idl
[2.410s] -- Up-to-date: /home/caleb/ros2_ws/install/spot_msgs/share/spot_msgs/srv/HandPose.idl
[2.410s] -- Up-to-date: /home/caleb/ros2_ws/install/spot_msgs/share/spot_msgs/msg/BatteryStateArray.idl
[2.410s] -- Up-to-date: /home/caleb/ros2_ws/install/spot_msgs/share/spot_msgs/msg/BehaviorFault.idl
[2.410s] -- Up-to-date: /home/caleb/ros2_ws/install/spot_msgs/share/spot_msgs/msg/DockState.idl
[2.410s] -- Up-to-date: /home/caleb/ros2_ws/install/spot_msgs/share/spot_msgs/msg/EStopStateArray.idl
[2.410s] -- Up-to-date: /home/caleb/ros2_ws/install/spot_msgs/share/spot_msgs/msg/FootStateArray.idl
[2.410s] -- Up-to-date: /home/caleb/ros2_ws/install/spot_msgs/share/spot_msgs/msg/LeaseArray.idl
[2.410s] -- Up-to-date: /home/caleb/ros2_ws/install/spot_msgs/share/spot_msgs/msg/LeaseOwner.idl
[2.410s] -- Up-to-date: /home/caleb/ros2_ws/install/spot_msgs/share/spot_msgs/msg/MobilityParams.idl
[2.411s] -- Up-to-date: /home/caleb/ros2_ws/install/spot_msgs/share/spot_msgs/msg/Metrics.idl
[2.411s] -- Up-to-date: /home/caleb/ros2_ws/install/spot_msgs/share/spot_msgs/msg/SystemFault.idl
[2.413s] -- Up-to-date: /home/caleb/ros2_ws/install/spot_msgs/share/spot_msgs/msg/WiFiState.idl
[2.413s] -- Up-to-date: /home/caleb/ros2_ws/install/spot_msgs/share/spot_msgs/msg/BatteryState.idl
[2.413s] -- Up-to-date: /home/caleb/ros2_ws/install/spot_msgs/share/spot_msgs/msg/BehaviorFaultState.idl
[2.413s] -- Up-to-date: /home/caleb/ros2_ws/install/spot_msgs/share/spot_msgs/msg/ManipulatorState.idl
[2.413s] -- Up-to-date: /home/caleb/ros2_ws/install/spot_msgs/share/spot_msgs/msg/EStopState.idl
[2.414s] -- Up-to-date: /home/caleb/ros2_ws/install/spot_msgs/share/spot_msgs/msg/Feedback.idl
[2.414s] -- Up-to-date: /home/caleb/ros2_ws/install/spot_msgs/share/spot_msgs/msg/FootState.idl
[2.414s] -- Up-to-date: /home/caleb/ros2_ws/install/spot_msgs/share/spot_msgs/msg/Lease.idl
[2.414s] -- Up-to-date: /home/caleb/ros2_ws/install/spot_msgs/share/spot_msgs/msg/LeaseResource.idl
[2.414s] -- Up-to-date: /home/caleb/ros2_ws/install/spot_msgs/share/spot_msgs/msg/PowerState.idl
[2.414s] -- Up-to-date: /home/caleb/ros2_ws/install/spot_msgs/share/spot_msgs/msg/SystemFaultState.idl
[2.414s] -- Up-to-date: /home/caleb/ros2_ws/install/spot_msgs/share/spot_msgs/action/NavigateTo.action
[2.415s] -- Up-to-date: /home/caleb/ros2_ws/install/spot_msgs/share/spot_msgs/action/Trajectory.action
[2.415s] -- Up-to-date: /home/caleb/ros2_ws/install/spot_msgs/share/spot_msgs/srv/ClearBehaviorFault.srv
[2.415s] -- Up-to-date: /home/caleb/ros2_ws/install/spot_msgs/share/spot_msgs/srv/ClearBehaviorFault_Request.msg
[2.415s] -- Up-to-date: /home/caleb/ros2_ws/install/spot_msgs/share/spot_msgs/srv/ClearBehaviorFault_Response.msg
[2.417s] -- Up-to-date: /home/caleb/ros2_ws/install/spot_msgs/share/spot_msgs/srv/ListGraph.srv
[2.418s] -- Up-to-date: /home/caleb/ros2_ws/install/spot_msgs/share/spot_msgs/srv/ListGraph_Request.msg
[2.418s] -- Up-to-date: /home/caleb/ros2_ws/install/spot_msgs/share/spot_msgs/srv/ListGraph_Response.msg
[2.418s] -- Up-to-date: /home/caleb/ros2_ws/install/spot_msgs/share/spot_msgs/srv/Dock.srv
[2.419s] -- Up-to-date: /home/caleb/ros2_ws/install/spot_msgs/share/spot_msgs/srv/Dock_Request.msg
[2.419s] -- Up-to-date: /home/caleb/ros2_ws/install/spot_msgs/share/spot_msgs/srv/Dock_Response.msg
[2.419s] -- Up-to-date: /home/caleb/ros2_ws/install/spot_msgs/share/spot_msgs/srv/SetLocomotion.srv
[2.419s] -- Up-to-date: /home/caleb/ros2_ws/install/spot_msgs/share/spot_msgs/srv/SetLocomotion_Request.msg
[2.419s] -- Up-to-date: /home/caleb/ros2_ws/install/spot_msgs/share/spot_msgs/srv/SetLocomotion_Response.msg
[2.420s] -- Up-to-date: /home/caleb/ros2_ws/install/spot_msgs/share/spot_msgs/srv/SetVelocity.srv
[2.420s] -- Up-to-date: /home/caleb/ros2_ws/install/spot_msgs/share/spot_msgs/srv/SetVelocity_Request.msg
[2.421s] -- Up-to-date: /home/caleb/ros2_ws/install/spot_msgs/share/spot_msgs/srv/SetVelocity_Response.msg
[2.421s] -- Up-to-date: /home/caleb/ros2_ws/install/spot_msgs/share/spot_msgs/srv/ArmForceTrajectory.srv
[2.421s] -- Up-to-date: /home/caleb/ros2_ws/install/spot_msgs/share/spot_msgs/srv/ArmForceTrajectory_Request.msg
[2.422s] -- Up-to-date: /home/caleb/ros2_ws/install/spot_msgs/share/spot_msgs/srv/ArmForceTrajectory_Response.msg
[2.422s] -- Up-to-date: /home/caleb/ros2_ws/install/spot_msgs/share/spot_msgs/srv/ArmJointMovement.srv
[2.423s] -- Up-to-date: /home/caleb/ros2_ws/install/spot_msgs/share/spot_msgs/srv/ArmJointMovement_Request.msg
[2.423s] -- Up-to-date: /home/caleb/ros2_ws/install/spot_msgs/share/spot_msgs/srv/ArmJointMovement_Response.msg
[2.424s] -- Up-to-date: /home/caleb/ros2_ws/install/spot_msgs/share/spot_msgs/srv/ConstrainedArmJointMovement.srv
[2.425s] -- Up-to-date: /home/caleb/ros2_ws/install/spot_msgs/share/spot_msgs/srv/ConstrainedArmJointMovement_Request.msg
[2.425s] -- Up-to-date: /home/caleb/ros2_ws/install/spot_msgs/share/spot_msgs/srv/ConstrainedArmJointMovement_Response.msg
[2.425s] -- Up-to-date: /home/caleb/ros2_ws/install/spot_msgs/share/spot_msgs/srv/GripperAngleMove.srv
[2.426s] -- Up-to-date: /home/caleb/ros2_ws/install/spot_msgs/share/spot_msgs/srv/GripperAngleMove_Request.msg
[2.426s] -- Up-to-date: /home/caleb/ros2_ws/install/spot_msgs/share/spot_msgs/srv/GripperAngleMove_Response.msg
[2.426s] -- Up-to-date: /home/caleb/ros2_ws/install/spot_msgs/share/spot_msgs/srv/HandPose.srv
[2.426s] -- Up-to-date: /home/caleb/ros2_ws/install/spot_msgs/share/spot_msgs/srv/HandPose_Request.msg
[2.427s] -- Up-to-date: /home/caleb/ros2_ws/install/spot_msgs/share/spot_msgs/srv/HandPose_Response.msg
[2.428s] -- Up-to-date: /home/caleb/ros2_ws/install/spot_msgs/share/spot_msgs/msg/BatteryStateArray.msg
[2.428s] -- Up-to-date: /home/caleb/ros2_ws/install/spot_msgs/share/spot_msgs/msg/BehaviorFault.msg
[2.429s] -- Up-to-date: /home/caleb/ros2_ws/install/spot_msgs/share/spot_msgs/msg/DockState.msg
[2.429s] -- Up-to-date: /home/caleb/ros2_ws/install/spot_msgs/share/spot_msgs/msg/EStopStateArray.msg
[2.429s] -- Up-to-date: /home/caleb/ros2_ws/install/spot_msgs/share/spot_msgs/msg/FootStateArray.msg
[2.430s] -- Up-to-date: /home/caleb/ros2_ws/install/spot_msgs/share/spot_msgs/msg/LeaseArray.msg
[2.430s] -- Up-to-date: /home/caleb/ros2_ws/install/spot_msgs/share/spot_msgs/msg/LeaseOwner.msg
[2.430s] -- Up-to-date: /home/caleb/ros2_ws/install/spot_msgs/share/spot_msgs/msg/MobilityParams.msg
[2.430s] -- Up-to-date: /home/caleb/ros2_ws/install/spot_msgs/share/spot_msgs/msg/Metrics.msg
[2.430s] -- Up-to-date: /home/caleb/ros2_ws/install/spot_msgs/share/spot_msgs/msg/SystemFault.msg
[2.430s] -- Up-to-date: /home/caleb/ros2_ws/install/spot_msgs/share/spot_msgs/msg/WiFiState.msg
[2.430s] -- Up-to-date: /home/caleb/ros2_ws/install/spot_msgs/share/spot_msgs/msg/BatteryState.msg
[2.430s] -- Up-to-date: /home/caleb/ros2_ws/install/spot_msgs/share/spot_msgs/msg/BehaviorFaultState.msg
[2.431s] -- Up-to-date: /home/caleb/ros2_ws/install/spot_msgs/share/spot_msgs/msg/ManipulatorState.msg
[2.434s] -- Up-to-date: /home/caleb/ros2_ws/install/spot_msgs/share/spot_msgs/msg/EStopState.msg
[2.434s] -- Up-to-date: /home/caleb/ros2_ws/install/spot_msgs/share/spot_msgs/msg/Feedback.msg
[2.434s] -- Up-to-date: /home/caleb/ros2_ws/install/spot_msgs/share/spot_msgs/msg/FootState.msg
[2.435s] -- Up-to-date: /home/caleb/ros2_ws/install/spot_msgs/share/spot_msgs/msg/Lease.msg
[2.437s] -- Up-to-date: /home/caleb/ros2_ws/install/spot_msgs/share/spot_msgs/msg/LeaseResource.msg
[2.437s] -- Up-to-date: /home/caleb/ros2_ws/install/spot_msgs/share/spot_msgs/msg/PowerState.msg
[2.438s] -- Up-to-date: /home/caleb/ros2_ws/install/spot_msgs/share/spot_msgs/msg/SystemFaultState.msg
[2.438s] -- Up-to-date: /home/caleb/ros2_ws/install/spot_msgs/share/ament_index/resource_index/package_run_dependencies/spot_msgs
[2.439s] -- Up-to-date: /home/caleb/ros2_ws/install/spot_msgs/share/ament_index/resource_index/parent_prefix_path/spot_msgs
[2.439s] -- Up-to-date: /home/caleb/ros2_ws/install/spot_msgs/share/spot_msgs/environment/ament_prefix_path.sh
[2.439s] -- Up-to-date: /home/caleb/ros2_ws/install/spot_msgs/share/spot_msgs/environment/ament_prefix_path.dsv
[2.439s] -- Up-to-date: /home/caleb/ros2_ws/install/spot_msgs/share/spot_msgs/environment/path.sh
[2.440s] -- Up-to-date: /home/caleb/ros2_ws/install/spot_msgs/share/spot_msgs/environment/path.dsv
[2.440s] -- Up-to-date: /home/caleb/ros2_ws/install/spot_msgs/share/spot_msgs/local_setup.bash
[2.441s] -- Up-to-date: /home/caleb/ros2_ws/install/spot_msgs/share/spot_msgs/local_setup.sh
[2.441s] -- Up-to-date: /home/caleb/ros2_ws/install/spot_msgs/share/spot_msgs/local_setup.zsh
[2.441s] -- Up-to-date: /home/caleb/ros2_ws/install/spot_msgs/share/spot_msgs/local_setup.dsv
[2.441s] -- Installing: /home/caleb/ros2_ws/install/spot_msgs/share/spot_msgs/package.dsv
[2.445s] -- Up-to-date: /home/caleb/ros2_ws/install/spot_msgs/share/ament_index/resource_index/packages/spot_msgs
[2.445s] -- Up-to-date: /home/caleb/ros2_ws/install/spot_msgs/share/spot_msgs/cmake/spot_msgs__rosidl_generator_cExport.cmake
[2.448s] -- Up-to-date: /home/caleb/ros2_ws/install/spot_msgs/share/spot_msgs/cmake/spot_msgs__rosidl_generator_cExport-noconfig.cmake
[2.448s] -- Up-to-date: /home/caleb/ros2_ws/install/spot_msgs/share/spot_msgs/cmake/spot_msgs__rosidl_typesupport_introspection_cExport.cmake
[2.448s] -- Up-to-date: /home/caleb/ros2_ws/install/spot_msgs/share/spot_msgs/cmake/spot_msgs__rosidl_typesupport_introspection_cExport-noconfig.cmake
[2.449s] -- Up-to-date: /home/caleb/ros2_ws/install/spot_msgs/share/spot_msgs/cmake/spot_msgs__rosidl_typesupport_cExport.cmake
[2.451s] -- Up-to-date: /home/caleb/ros2_ws/install/spot_msgs/share/spot_msgs/cmake/spot_msgs__rosidl_typesupport_cExport-noconfig.cmake
[2.452s] -- Up-to-date: /home/caleb/ros2_ws/install/spot_msgs/share/spot_msgs/cmake/spot_msgs__rosidl_generator_cppExport.cmake
[2.452s] -- Up-to-date: /home/caleb/ros2_ws/install/spot_msgs/share/spot_msgs/cmake/spot_msgs__rosidl_typesupport_introspection_cppExport.cmake
[2.452s] -- Up-to-date: /home/caleb/ros2_ws/install/spot_msgs/share/spot_msgs/cmake/spot_msgs__rosidl_typesupport_introspection_cppExport-noconfig.cmake
[2.453s] -- Up-to-date: /home/caleb/ros2_ws/install/spot_msgs/share/spot_msgs/cmake/spot_msgs__rosidl_typesupport_cppExport.cmake
[2.453s] -- Up-to-date: /home/caleb/ros2_ws/install/spot_msgs/share/spot_msgs/cmake/spot_msgs__rosidl_typesupport_cppExport-noconfig.cmake
[2.455s] -- Up-to-date: /home/caleb/ros2_ws/install/spot_msgs/share/spot_msgs/cmake/rosidl_cmake-extras.cmake
[2.455s] -- Up-to-date: /home/caleb/ros2_ws/install/spot_msgs/share/spot_msgs/cmake/ament_cmake_export_dependencies-extras.cmake
[2.456s] -- Up-to-date: /home/caleb/ros2_ws/install/spot_msgs/share/spot_msgs/cmake/ament_cmake_export_libraries-extras.cmake
[2.456s] -- Up-to-date: /home/caleb/ros2_ws/install/spot_msgs/share/spot_msgs/cmake/ament_cmake_export_targets-extras.cmake
[2.456s] -- Up-to-date: /home/caleb/ros2_ws/install/spot_msgs/share/spot_msgs/cmake/ament_cmake_export_include_directories-extras.cmake
[2.456s] -- Up-to-date: /home/caleb/ros2_ws/install/spot_msgs/share/spot_msgs/cmake/rosidl_cmake_export_typesupport_libraries-extras.cmake
[2.458s] -- Up-to-date: /home/caleb/ros2_ws/install/spot_msgs/share/spot_msgs/cmake/rosidl_cmake_export_typesupport_targets-extras.cmake
[2.458s] -- Up-to-date: /home/caleb/ros2_ws/install/spot_msgs/share/spot_msgs/cmake/spot_msgsConfig.cmake
[2.458s] -- Up-to-date: /home/caleb/ros2_ws/install/spot_msgs/share/spot_msgs/cmake/spot_msgsConfig-version.cmake
[2.458s] -- Up-to-date: /home/caleb/ros2_ws/install/spot_msgs/share/spot_msgs/package.xml
[2.935s] Invoked command in '/home/caleb/ros2_ws/build/spot_msgs' returned '0': CMAKE_PREFIX_PATH=${CMAKE_PREFIX_PATH}:/home/caleb/ros2_ws/install/spot_driver:/home/caleb/ros2_ws/install/spot_manipulation_driver:/opt/ros/galactic /usr/local/bin/cmake --install /home/caleb/ros2_ws/build/spot_msgs
