[0.842s] Invoking command in '/home/caleb/ros2_ws/build/spot_description': CMAKE_PREFIX_PATH=${CMAKE_PREFIX_PATH}:/home/caleb/ros2_ws/install/spot_driver:/home/caleb/ros2_ws/install/spot_manipulation_driver:/opt/ros/galactic /usr/local/bin/cmake --build /home/caleb/ros2_ws/build/spot_description -- -j20 -l20
[1.129s] Invoked command in '/home/caleb/ros2_ws/build/spot_description' returned '0': CMAKE_PREFIX_PATH=${CMAKE_PREFIX_PATH}:/home/caleb/ros2_ws/install/spot_driver:/home/caleb/ros2_ws/install/spot_manipulation_driver:/opt/ros/galactic /usr/local/bin/cmake --build /home/caleb/ros2_ws/build/spot_description -- -j20 -l20
[1.141s] Invoking command in '/home/caleb/ros2_ws/build/spot_description': CMAKE_PREFIX_PATH=${CMAKE_PREFIX_PATH}:/home/caleb/ros2_ws/install/spot_driver:/home/caleb/ros2_ws/install/spot_manipulation_driver:/opt/ros/galactic /usr/local/bin/cmake --install /home/caleb/ros2_ws/build/spot_description
[1.149s] -- Install configuration: ""
[1.150s] -- Up-to-date: /home/caleb/ros2_ws/install/spot_description/share/spot_description/launch
[1.150s] -- Up-to-date: /home/caleb/ros2_ws/install/spot_description/share/spot_description/launch/urdf.rviz
[1.151s] -- Up-to-date: /home/caleb/ros2_ws/install/spot_description/share/spot_description/launch/state_publisher.launch.py
[1.152s] -- Up-to-date: /home/caleb/ros2_ws/install/spot_description/share/spot_description/launch/gazebo.launch
[1.153s] -- Up-to-date: /home/caleb/ros2_ws/install/spot_description/share/spot_description/launch/opt_gazebo_sim.launch.py
[1.153s] -- Up-to-date: /home/caleb/ros2_ws/install/spot_description/share/spot_description/launch/controller.yaml
[1.153s] -- Up-to-date: /home/caleb/ros2_ws/install/spot_description/share/spot_description/launch/display.launch
[1.153s] -- Up-to-date: /home/caleb/ros2_ws/install/spot_description/share/spot_description/launch/description.launch.py
[1.153s] -- Up-to-date: /home/caleb/ros2_ws/install/spot_description/share/spot_description/launch/controller.launch
[1.154s] -- Up-to-date: /home/caleb/ros2_ws/install/spot_description/share/spot_description/urdf
[1.154s] -- Up-to-date: /home/caleb/ros2_ws/install/spot_description/share/spot_description/urdf/realsense_mount.urdf.xacro
[1.154s] -- Up-to-date: /home/caleb/ros2_ws/install/spot_description/share/spot_description/urdf/spot_with_arm.urdf.xacro
[1.154s] -- Up-to-date: /home/caleb/ros2_ws/install/spot_description/share/spot_description/urdf/arm
[1.154s] -- Up-to-date: /home/caleb/ros2_ws/install/spot_description/share/spot_description/urdf/arm/spot_arm.trans
[1.154s] -- Up-to-date: /home/caleb/ros2_ws/install/spot_description/share/spot_description/urdf/arm/spot_arm.urdf.xacro
[1.154s] -- Up-to-date: /home/caleb/ros2_ws/install/spot_description/share/spot_description/urdf/arm/materials.xacro
[1.154s] -- Up-to-date: /home/caleb/ros2_ws/install/spot_description/share/spot_description/urdf/arm/spot_arm.gazebo
[1.154s] -- Up-to-date: /home/caleb/ros2_ws/install/spot_description/share/spot_description/urdf/spot.urdf.xacro
[1.154s] -- Up-to-date: /home/caleb/ros2_ws/install/spot_description/share/spot_description/urdf/empty.urdf
[1.154s] -- Up-to-date: /home/caleb/ros2_ws/install/spot_description/share/spot_description/meshes
[1.155s] -- Up-to-date: /home/caleb/ros2_ws/install/spot_description/share/spot_description/meshes/accessories
[1.155s] -- Up-to-date: /home/caleb/ros2_ws/install/spot_description/share/spot_description/meshes/accessories/eap_lidar.STL
[1.155s] -- Up-to-date: /home/caleb/ros2_ws/install/spot_description/share/spot_description/meshes/accessories/eap_lidar.stl
[1.155s] -- Up-to-date: /home/caleb/ros2_ws/install/spot_description/share/spot_description/meshes/accessories/eap_lidar.step
[1.155s] -- Up-to-date: /home/caleb/ros2_ws/install/spot_description/share/spot_description/meshes/realsense
[1.155s] -- Up-to-date: /home/caleb/ros2_ws/install/spot_description/share/spot_description/meshes/realsense/camera_interface.dae
[1.155s] -- Up-to-date: /home/caleb/ros2_ws/install/spot_description/share/spot_description/meshes/realsense/slider_rev.dae
[1.155s] -- Up-to-date: /home/caleb/ros2_ws/install/spot_description/share/spot_description/meshes/realsense/chin_top.dae
[1.155s] -- Up-to-date: /home/caleb/ros2_ws/install/spot_description/share/spot_description/meshes/realsense/chin.dae
[1.155s] -- Up-to-date: /home/caleb/ros2_ws/install/spot_description/share/spot_description/meshes/realsense/slider_reg.dae
[1.156s] -- Up-to-date: /home/caleb/ros2_ws/install/spot_description/share/spot_description/meshes/arm
[1.157s] -- Up-to-date: /home/caleb/ros2_ws/install/spot_description/share/spot_description/meshes/arm/arm0.link_sh0.obj
[1.158s] -- Up-to-date: /home/caleb/ros2_ws/install/spot_description/share/spot_description/meshes/arm/arm0.link_fngr.obj
[1.158s] -- Up-to-date: /home/caleb/ros2_ws/install/spot_description/share/spot_description/meshes/arm/arm0.link_wr0.obj
[1.158s] -- Up-to-date: /home/caleb/ros2_ws/install/spot_description/share/spot_description/meshes/arm/arm0.link_sh1.obj
[1.158s] -- Up-to-date: /home/caleb/ros2_ws/install/spot_description/share/spot_description/meshes/arm/arm0.link_el0.obj
[1.158s] -- Up-to-date: /home/caleb/ros2_ws/install/spot_description/share/spot_description/meshes/arm/arm0.link_el1.obj
[1.159s] -- Up-to-date: /home/caleb/ros2_ws/install/spot_description/share/spot_description/meshes/arm/arm0.link_hr0.obj
[1.159s] -- Up-to-date: /home/caleb/ros2_ws/install/spot_description/share/spot_description/meshes/arm/arm0.link_wr1.obj
[1.159s] -- Up-to-date: /home/caleb/ros2_ws/install/spot_description/share/spot_description/meshes/body
[1.160s] -- Up-to-date: /home/caleb/ros2_ws/install/spot_description/share/spot_description/meshes/body/front_left_upper_leg.dae
[1.160s] -- Up-to-date: /home/caleb/ros2_ws/install/spot_description/share/spot_description/meshes/body/rear_left_lower_leg_collision.stl
[1.161s] -- Up-to-date: /home/caleb/ros2_ws/install/spot_description/share/spot_description/meshes/body/front_right_upper_leg.dae
[1.161s] -- Up-to-date: /home/caleb/ros2_ws/install/spot_description/share/spot_description/meshes/body/front_right_hip_collision.stl
[1.161s] -- Up-to-date: /home/caleb/ros2_ws/install/spot_description/share/spot_description/meshes/body/rear_left_hip.dae
[1.162s] -- Up-to-date: /home/caleb/ros2_ws/install/spot_description/share/spot_description/meshes/body/rear_right_hip_collision.stl
[1.162s] -- Up-to-date: /home/caleb/ros2_ws/install/spot_description/share/spot_description/meshes/body/front_left_hip_collision.stl
[1.163s] -- Up-to-date: /home/caleb/ros2_ws/install/spot_description/share/spot_description/meshes/body/front_left_upper_leg_collision.stl
[1.163s] -- Up-to-date: /home/caleb/ros2_ws/install/spot_description/share/spot_description/meshes/body/front_right_lower_leg.dae
[1.163s] -- Up-to-date: /home/caleb/ros2_ws/install/spot_description/share/spot_description/meshes/body/body_collision.stl
[1.164s] -- Up-to-date: /home/caleb/ros2_ws/install/spot_description/share/spot_description/meshes/body/rear_right_lower_leg.dae
[1.164s] -- Up-to-date: /home/caleb/ros2_ws/install/spot_description/share/spot_description/meshes/body/front_right_lower_leg_collision.stl
[1.165s] -- Up-to-date: /home/caleb/ros2_ws/install/spot_description/share/spot_description/meshes/body/front_left_hip.dae
[1.165s] -- Up-to-date: /home/caleb/ros2_ws/install/spot_description/share/spot_description/meshes/body/front_left_lower_leg.dae
[1.165s] -- Up-to-date: /home/caleb/ros2_ws/install/spot_description/share/spot_description/meshes/body/rear_right_upper_leg_collision.stl
[1.166s] -- Up-to-date: /home/caleb/ros2_ws/install/spot_description/share/spot_description/meshes/body/rear_right_upper_leg.dae
[1.166s] -- Up-to-date: /home/caleb/ros2_ws/install/spot_description/share/spot_description/meshes/body/front_left_lower_leg_collision.stl
[1.166s] -- Up-to-date: /home/caleb/ros2_ws/install/spot_description/share/spot_description/meshes/body/rear_right_hip.dae
[1.167s] -- Up-to-date: /home/caleb/ros2_ws/install/spot_description/share/spot_description/meshes/body/front_right_upper_leg_collision.stl
[1.167s] -- Up-to-date: /home/caleb/ros2_ws/install/spot_description/share/spot_description/meshes/body/rear_left_hip_collision.stl
[1.168s] -- Up-to-date: /home/caleb/ros2_ws/install/spot_description/share/spot_description/meshes/body/body.dae
[1.168s] -- Up-to-date: /home/caleb/ros2_ws/install/spot_description/share/spot_description/meshes/body/front_right_hip.dae
[1.169s] -- Up-to-date: /home/caleb/ros2_ws/install/spot_description/share/spot_description/meshes/body/rear_left_lower_leg.dae
[1.169s] -- Up-to-date: /home/caleb/ros2_ws/install/spot_description/share/spot_description/meshes/body/spot_mat.png
[1.169s] -- Up-to-date: /home/caleb/ros2_ws/install/spot_description/share/spot_description/meshes/body/rear_right_lower_leg_collision.stl
[1.170s] -- Up-to-date: /home/caleb/ros2_ws/install/spot_description/share/spot_description/meshes/body/rear_left_upper_leg.dae
[1.170s] -- Up-to-date: /home/caleb/ros2_ws/install/spot_description/share/spot_description/meshes/body/rear_left_upper_leg_collision.stl
[1.171s] -- Up-to-date: /home/caleb/ros2_ws/install/spot_description/share/ament_index/resource_index/package_run_dependencies/spot_description
[1.171s] -- Up-to-date: /home/caleb/ros2_ws/install/spot_description/share/ament_index/resource_index/parent_prefix_path/spot_description
[1.171s] -- Up-to-date: /home/caleb/ros2_ws/install/spot_description/share/spot_description/environment/ament_prefix_path.sh
[1.172s] -- Up-to-date: /home/caleb/ros2_ws/install/spot_description/share/spot_description/environment/ament_prefix_path.dsv
[1.179s] -- Up-to-date: /home/caleb/ros2_ws/install/spot_description/share/spot_description/environment/path.sh
[1.179s] -- Up-to-date: /home/caleb/ros2_ws/install/spot_description/share/spot_description/environment/path.dsv
[1.180s] -- Up-to-date: /home/caleb/ros2_ws/install/spot_description/share/spot_description/local_setup.bash
[1.180s] -- Up-to-date: /home/caleb/ros2_ws/install/spot_description/share/spot_description/local_setup.sh
[1.180s] -- Up-to-date: /home/caleb/ros2_ws/install/spot_description/share/spot_description/local_setup.zsh
[1.180s] -- Up-to-date: /home/caleb/ros2_ws/install/spot_description/share/spot_description/local_setup.dsv
[1.181s] -- Installing: /home/caleb/ros2_ws/install/spot_description/share/spot_description/package.dsv
[1.181s] -- Up-to-date: /home/caleb/ros2_ws/install/spot_description/share/ament_index/resource_index/packages/spot_description
[1.181s] -- Up-to-date: /home/caleb/ros2_ws/install/spot_description/share/spot_description/cmake/spot_descriptionConfig.cmake
[1.182s] -- Up-to-date: /home/caleb/ros2_ws/install/spot_description/share/spot_description/cmake/spot_descriptionConfig-version.cmake
[1.182s] -- Up-to-date: /home/caleb/ros2_ws/install/spot_description/share/spot_description/package.xml
[1.341s] Invoked command in '/home/caleb/ros2_ws/build/spot_description' returned '0': CMAKE_PREFIX_PATH=${CMAKE_PREFIX_PATH}:/home/caleb/ros2_ws/install/spot_driver:/home/caleb/ros2_ws/install/spot_manipulation_driver:/opt/ros/galactic /usr/local/bin/cmake --install /home/caleb/ros2_ws/build/spot_description
