[0.644s] Invoking command in '/home/caleb/ros2_ws/build/moveit_plugins': AMENT_PREFIX_PATH=/home/caleb/ros2_ws/install/moveit_simple_controller_manager:/home/caleb/ros2_ws/install/moveit_core:${AMENT_PREFIX_PATH} CMAKE_PREFIX_PATH=/home/caleb/ros2_ws/install/moveit_simple_controller_manager:/home/caleb/ros2_ws/install/moveit_core:/home/caleb/ros2_ws/install/spot_ros:/home/caleb/ros2_ws/install/spot_viz:/home/caleb/ros2_ws/install/spot_bringup:/home/caleb/ros2_ws/install/spot_navigation:/home/caleb/ros2_ws/install/spot_msgs:/home/caleb/ros2_ws/install/spot_gazebo:/home/caleb/ros2_ws/install/spot_description:/home/caleb/ros2_ws/install/spot_control:/home/caleb/ros2_ws/install/spot_arm_moveit2_config:/home/caleb/ros2_ws/install/optimization:/home/caleb/ros2_ws/install/spot_driver:/home/caleb/ros2_ws/install/spot_manipulation_driver:/opt/ros/galactic LD_LIBRARY_PATH=/home/caleb/ros2_ws/install/moveit_simple_controller_manager/lib:/home/caleb/ros2_ws/install/moveit_core/lib:${LD_LIBRARY_PATH} PATH=/home/caleb/ros2_ws/install/moveit_core/bin:${PATH} /usr/local/bin/cmake /home/caleb/ros2_ws/src/moveit2/moveit_plugins/moveit_plugins -DCMAKE_BUILD_TYPE=Release -DCMAKE_INSTALL_PREFIX=/home/caleb/ros2_ws/install/moveit_plugins
[0.679s] -- The C compiler identification is GNU 9.4.0
[0.720s] -- The CXX compiler identification is GNU 9.4.0
[0.727s] -- Detecting C compiler ABI info
[0.767s] -- Detecting C compiler ABI info - done
[0.778s] -- Check for working C compiler: /usr/bin/cc - skipped
[0.779s] -- Detecting C compile features
[0.779s] -- Detecting C compile features - done
[0.783s] -- Detecting CXX compiler ABI info
[0.835s] -- Detecting CXX compiler ABI info - done
[0.847s] -- Check for working CXX compiler: /usr/bin/c++ - skipped
[0.848s] -- Detecting CXX compile features
[0.848s] -- Detecting CXX compile features - done
[0.853s] -- Found ament_cmake: 1.1.6 (/opt/ros/galactic/share/ament_cmake/cmake)
[0.880s] -- Found PythonInterp: /usr/bin/python3 (found suitable version "3.8.10", minimum required is "3") 
[0.880s] -- Using PYTHON_EXECUTABLE: /usr/bin/python3
[0.982s] -- Found ament_lint_auto: 0.10.7 (/opt/ros/galactic/share/ament_lint_auto/cmake)
[1.071s] -- Added test 'copyright' to check source files copyright and LICENSE
[1.074s] -- Added test 'lint_cmake' to check CMake code style
[1.075s] -- Added test 'xmllint' to check XML markup files
[1.077s] -- Configuring done
[1.082s] -- Generating done
[1.083s] -- Build files have been written to: /home/caleb/ros2_ws/build/moveit_plugins
[1.088s] Invoked command in '/home/caleb/ros2_ws/build/moveit_plugins' returned '0': AMENT_PREFIX_PATH=/home/caleb/ros2_ws/install/moveit_simple_controller_manager:/home/caleb/ros2_ws/install/moveit_core:${AMENT_PREFIX_PATH} CMAKE_PREFIX_PATH=/home/caleb/ros2_ws/install/moveit_simple_controller_manager:/home/caleb/ros2_ws/install/moveit_core:/home/caleb/ros2_ws/install/spot_ros:/home/caleb/ros2_ws/install/spot_viz:/home/caleb/ros2_ws/install/spot_bringup:/home/caleb/ros2_ws/install/spot_navigation:/home/caleb/ros2_ws/install/spot_msgs:/home/caleb/ros2_ws/install/spot_gazebo:/home/caleb/ros2_ws/install/spot_description:/home/caleb/ros2_ws/install/spot_control:/home/caleb/ros2_ws/install/spot_arm_moveit2_config:/home/caleb/ros2_ws/install/optimization:/home/caleb/ros2_ws/install/spot_driver:/home/caleb/ros2_ws/install/spot_manipulation_driver:/opt/ros/galactic LD_LIBRARY_PATH=/home/caleb/ros2_ws/install/moveit_simple_controller_manager/lib:/home/caleb/ros2_ws/install/moveit_core/lib:${LD_LIBRARY_PATH} PATH=/home/caleb/ros2_ws/install/moveit_core/bin:${PATH} /usr/local/bin/cmake /home/caleb/ros2_ws/src/moveit2/moveit_plugins/moveit_plugins -DCMAKE_BUILD_TYPE=Release -DCMAKE_INSTALL_PREFIX=/home/caleb/ros2_ws/install/moveit_plugins
[1.091s] Invoking command in '/home/caleb/ros2_ws/build/moveit_plugins': AMENT_PREFIX_PATH=/home/caleb/ros2_ws/install/moveit_simple_controller_manager:/home/caleb/ros2_ws/install/moveit_core:${AMENT_PREFIX_PATH} CMAKE_PREFIX_PATH=/home/caleb/ros2_ws/install/moveit_simple_controller_manager:/home/caleb/ros2_ws/install/moveit_core:/home/caleb/ros2_ws/install/spot_ros:/home/caleb/ros2_ws/install/spot_viz:/home/caleb/ros2_ws/install/spot_bringup:/home/caleb/ros2_ws/install/spot_navigation:/home/caleb/ros2_ws/install/spot_msgs:/home/caleb/ros2_ws/install/spot_gazebo:/home/caleb/ros2_ws/install/spot_description:/home/caleb/ros2_ws/install/spot_control:/home/caleb/ros2_ws/install/spot_arm_moveit2_config:/home/caleb/ros2_ws/install/optimization:/home/caleb/ros2_ws/install/spot_driver:/home/caleb/ros2_ws/install/spot_manipulation_driver:/opt/ros/galactic LD_LIBRARY_PATH=/home/caleb/ros2_ws/install/moveit_simple_controller_manager/lib:/home/caleb/ros2_ws/install/moveit_core/lib:${LD_LIBRARY_PATH} PATH=/home/caleb/ros2_ws/install/moveit_core/bin:${PATH} /usr/local/bin/cmake --build /home/caleb/ros2_ws/build/moveit_plugins -- -j20 -l20
[1.101s] Invoked command in '/home/caleb/ros2_ws/build/moveit_plugins' returned '0': AMENT_PREFIX_PATH=/home/caleb/ros2_ws/install/moveit_simple_controller_manager:/home/caleb/ros2_ws/install/moveit_core:${AMENT_PREFIX_PATH} CMAKE_PREFIX_PATH=/home/caleb/ros2_ws/install/moveit_simple_controller_manager:/home/caleb/ros2_ws/install/moveit_core:/home/caleb/ros2_ws/install/spot_ros:/home/caleb/ros2_ws/install/spot_viz:/home/caleb/ros2_ws/install/spot_bringup:/home/caleb/ros2_ws/install/spot_navigation:/home/caleb/ros2_ws/install/spot_msgs:/home/caleb/ros2_ws/install/spot_gazebo:/home/caleb/ros2_ws/install/spot_description:/home/caleb/ros2_ws/install/spot_control:/home/caleb/ros2_ws/install/spot_arm_moveit2_config:/home/caleb/ros2_ws/install/optimization:/home/caleb/ros2_ws/install/spot_driver:/home/caleb/ros2_ws/install/spot_manipulation_driver:/opt/ros/galactic LD_LIBRARY_PATH=/home/caleb/ros2_ws/install/moveit_simple_controller_manager/lib:/home/caleb/ros2_ws/install/moveit_core/lib:${LD_LIBRARY_PATH} PATH=/home/caleb/ros2_ws/install/moveit_core/bin:${PATH} /usr/local/bin/cmake --build /home/caleb/ros2_ws/build/moveit_plugins -- -j20 -l20
[1.114s] Invoking command in '/home/caleb/ros2_ws/build/moveit_plugins': AMENT_PREFIX_PATH=/home/caleb/ros2_ws/install/moveit_simple_controller_manager:/home/caleb/ros2_ws/install/moveit_core:${AMENT_PREFIX_PATH} CMAKE_PREFIX_PATH=/home/caleb/ros2_ws/install/moveit_simple_controller_manager:/home/caleb/ros2_ws/install/moveit_core:/home/caleb/ros2_ws/install/spot_ros:/home/caleb/ros2_ws/install/spot_viz:/home/caleb/ros2_ws/install/spot_bringup:/home/caleb/ros2_ws/install/spot_navigation:/home/caleb/ros2_ws/install/spot_msgs:/home/caleb/ros2_ws/install/spot_gazebo:/home/caleb/ros2_ws/install/spot_description:/home/caleb/ros2_ws/install/spot_control:/home/caleb/ros2_ws/install/spot_arm_moveit2_config:/home/caleb/ros2_ws/install/optimization:/home/caleb/ros2_ws/install/spot_driver:/home/caleb/ros2_ws/install/spot_manipulation_driver:/opt/ros/galactic LD_LIBRARY_PATH=/home/caleb/ros2_ws/install/moveit_simple_controller_manager/lib:/home/caleb/ros2_ws/install/moveit_core/lib:${LD_LIBRARY_PATH} PATH=/home/caleb/ros2_ws/install/moveit_core/bin:${PATH} /usr/local/bin/cmake --install /home/caleb/ros2_ws/build/moveit_plugins
[1.116s] -- Install configuration: "Release"
[1.116s] -- Installing: /home/caleb/ros2_ws/install/moveit_plugins/share/ament_index/resource_index/package_run_dependencies/moveit_plugins
[1.117s] -- Installing: /home/caleb/ros2_ws/install/moveit_plugins/share/ament_index/resource_index/parent_prefix_path/moveit_plugins
[1.117s] -- Installing: /home/caleb/ros2_ws/install/moveit_plugins/share/moveit_plugins/environment/ament_prefix_path.sh
[1.117s] -- Installing: /home/caleb/ros2_ws/install/moveit_plugins/share/moveit_plugins/environment/ament_prefix_path.dsv
[1.117s] -- Installing: /home/caleb/ros2_ws/install/moveit_plugins/share/moveit_plugins/environment/path.sh
[1.117s] -- Installing: /home/caleb/ros2_ws/install/moveit_plugins/share/moveit_plugins/environment/path.dsv
[1.117s] -- Installing: /home/caleb/ros2_ws/install/moveit_plugins/share/moveit_plugins/local_setup.bash
[1.118s] -- Installing: /home/caleb/ros2_ws/install/moveit_plugins/share/moveit_plugins/local_setup.sh
[1.118s] -- Installing: /home/caleb/ros2_ws/install/moveit_plugins/share/moveit_plugins/local_setup.zsh
[1.118s] -- Installing: /home/caleb/ros2_ws/install/moveit_plugins/share/moveit_plugins/local_setup.dsv
[1.119s] -- Installing: /home/caleb/ros2_ws/install/moveit_plugins/share/moveit_plugins/package.dsv
[1.119s] -- Installing: /home/caleb/ros2_ws/install/moveit_plugins/share/ament_index/resource_index/packages/moveit_plugins
[1.119s] -- Installing: /home/caleb/ros2_ws/install/moveit_plugins/share/moveit_plugins/cmake/moveit_pluginsConfig.cmake
[1.119s] -- Installing: /home/caleb/ros2_ws/install/moveit_plugins/share/moveit_plugins/cmake/moveit_pluginsConfig-version.cmake
[1.119s] -- Installing: /home/caleb/ros2_ws/install/moveit_plugins/share/moveit_plugins/package.xml
[1.120s] Invoked command in '/home/caleb/ros2_ws/build/moveit_plugins' returned '0': AMENT_PREFIX_PATH=/home/caleb/ros2_ws/install/moveit_simple_controller_manager:/home/caleb/ros2_ws/install/moveit_core:${AMENT_PREFIX_PATH} CMAKE_PREFIX_PATH=/home/caleb/ros2_ws/install/moveit_simple_controller_manager:/home/caleb/ros2_ws/install/moveit_core:/home/caleb/ros2_ws/install/spot_ros:/home/caleb/ros2_ws/install/spot_viz:/home/caleb/ros2_ws/install/spot_bringup:/home/caleb/ros2_ws/install/spot_navigation:/home/caleb/ros2_ws/install/spot_msgs:/home/caleb/ros2_ws/install/spot_gazebo:/home/caleb/ros2_ws/install/spot_description:/home/caleb/ros2_ws/install/spot_control:/home/caleb/ros2_ws/install/spot_arm_moveit2_config:/home/caleb/ros2_ws/install/optimization:/home/caleb/ros2_ws/install/spot_driver:/home/caleb/ros2_ws/install/spot_manipulation_driver:/opt/ros/galactic LD_LIBRARY_PATH=/home/caleb/ros2_ws/install/moveit_simple_controller_manager/lib:/home/caleb/ros2_ws/install/moveit_core/lib:${LD_LIBRARY_PATH} PATH=/home/caleb/ros2_ws/install/moveit_core/bin:${PATH} /usr/local/bin/cmake --install /home/caleb/ros2_ws/build/moveit_plugins
