[0.282s] Invoking command in '/home/caleb/ros2_ws/build/spot_arm_moveit2_config': CMAKE_PREFIX_PATH=${CMAKE_PREFIX_PATH}:/home/caleb/ros2_ws/install/spot_driver:/home/caleb/ros2_ws/install/spot_manipulation_driver:/opt/ros/galactic /usr/local/bin/cmake --build /home/caleb/ros2_ws/build/spot_arm_moveit2_config -- -j20 -l20
[0.670s] Invoked command in '/home/caleb/ros2_ws/build/spot_arm_moveit2_config' returned '0': CMAKE_PREFIX_PATH=${CMAKE_PREFIX_PATH}:/home/caleb/ros2_ws/install/spot_driver:/home/caleb/ros2_ws/install/spot_manipulation_driver:/opt/ros/galactic /usr/local/bin/cmake --build /home/caleb/ros2_ws/build/spot_arm_moveit2_config -- -j20 -l20
[0.731s] Invoking command in '/home/caleb/ros2_ws/build/spot_arm_moveit2_config': CMAKE_PREFIX_PATH=${CMAKE_PREFIX_PATH}:/home/caleb/ros2_ws/install/spot_driver:/home/caleb/ros2_ws/install/spot_manipulation_driver:/opt/ros/galactic /usr/local/bin/cmake --install /home/caleb/ros2_ws/build/spot_arm_moveit2_config
[1.059s] -- Install configuration: ""
[1.059s] -- Up-to-date: /home/caleb/ros2_ws/install/spot_arm_moveit2_config/share/ament_index/resource_index/package_run_dependencies/spot_arm_moveit2_config
[1.059s] -- Up-to-date: /home/caleb/ros2_ws/install/spot_arm_moveit2_config/share/ament_index/resource_index/parent_prefix_path/spot_arm_moveit2_config
[1.059s] -- Up-to-date: /home/caleb/ros2_ws/install/spot_arm_moveit2_config/share/spot_arm_moveit2_config/environment/ament_prefix_path.sh
[1.059s] -- Up-to-date: /home/caleb/ros2_ws/install/spot_arm_moveit2_config/share/spot_arm_moveit2_config/environment/ament_prefix_path.dsv
[1.059s] -- Up-to-date: /home/caleb/ros2_ws/install/spot_arm_moveit2_config/share/spot_arm_moveit2_config/environment/path.sh
[1.059s] -- Up-to-date: /home/caleb/ros2_ws/install/spot_arm_moveit2_config/share/spot_arm_moveit2_config/environment/path.dsv
[1.059s] -- Up-to-date: /home/caleb/ros2_ws/install/spot_arm_moveit2_config/share/spot_arm_moveit2_config/local_setup.bash
[1.060s] -- Up-to-date: /home/caleb/ros2_ws/install/spot_arm_moveit2_config/share/spot_arm_moveit2_config/local_setup.sh
[1.060s] -- Up-to-date: /home/caleb/ros2_ws/install/spot_arm_moveit2_config/share/spot_arm_moveit2_config/local_setup.zsh
[1.060s] -- Up-to-date: /home/caleb/ros2_ws/install/spot_arm_moveit2_config/share/spot_arm_moveit2_config/local_setup.dsv
[1.060s] -- Installing: /home/caleb/ros2_ws/install/spot_arm_moveit2_config/share/spot_arm_moveit2_config/package.dsv
[1.060s] -- Up-to-date: /home/caleb/ros2_ws/install/spot_arm_moveit2_config/share/ament_index/resource_index/packages/spot_arm_moveit2_config
[1.060s] -- Up-to-date: /home/caleb/ros2_ws/install/spot_arm_moveit2_config/share/spot_arm_moveit2_config/cmake/spot_arm_moveit2_configConfig.cmake
[1.060s] -- Up-to-date: /home/caleb/ros2_ws/install/spot_arm_moveit2_config/share/spot_arm_moveit2_config/cmake/spot_arm_moveit2_configConfig-version.cmake
[1.060s] -- Up-to-date: /home/caleb/ros2_ws/install/spot_arm_moveit2_config/share/spot_arm_moveit2_config/package.xml
[1.060s] -- Up-to-date: /home/caleb/ros2_ws/install/spot_arm_moveit2_config/share/spot_arm_moveit2_config/config
[1.060s] -- Up-to-date: /home/caleb/ros2_ws/install/spot_arm_moveit2_config/share/spot_arm_moveit2_config/config/spot.srdf
[1.060s] -- Up-to-date: /home/caleb/ros2_ws/install/spot_arm_moveit2_config/share/spot_arm_moveit2_config/config/cartesian_limits.yaml
[1.061s] -- Up-to-date: /home/caleb/ros2_ws/install/spot_arm_moveit2_config/share/spot_arm_moveit2_config/config/gazebo_spot.urdf
[1.062s] -- Up-to-date: /home/caleb/ros2_ws/install/spot_arm_moveit2_config/share/spot_arm_moveit2_config/config/ompl_planning.yaml
[1.062s] -- Up-to-date: /home/caleb/ros2_ws/install/spot_arm_moveit2_config/share/spot_arm_moveit2_config/config/chomp_planning.yaml
[1.062s] -- Up-to-date: /home/caleb/ros2_ws/install/spot_arm_moveit2_config/share/spot_arm_moveit2_config/config/joint_limits.yaml
[1.062s] -- Up-to-date: /home/caleb/ros2_ws/install/spot_arm_moveit2_config/share/spot_arm_moveit2_config/config/stomp_planning.yaml
[1.063s] -- Up-to-date: /home/caleb/ros2_ws/install/spot_arm_moveit2_config/share/spot_arm_moveit2_config/config/gazebo_controllers.yaml
[1.063s] -- Up-to-date: /home/caleb/ros2_ws/install/spot_arm_moveit2_config/share/spot_arm_moveit2_config/config/controllers.yaml
[1.063s] -- Up-to-date: /home/caleb/ros2_ws/install/spot_arm_moveit2_config/share/spot_arm_moveit2_config/config/simple_moveit_controllers.yaml
[1.064s] -- Up-to-date: /home/caleb/ros2_ws/install/spot_arm_moveit2_config/share/spot_arm_moveit2_config/config/fake_controllers.yaml
[1.064s] -- Up-to-date: /home/caleb/ros2_ws/install/spot_arm_moveit2_config/share/spot_arm_moveit2_config/config/kinematics.yaml
[1.064s] -- Up-to-date: /home/caleb/ros2_ws/install/spot_arm_moveit2_config/share/spot_arm_moveit2_config/config/sensors_3d.yaml
[1.065s] -- Up-to-date: /home/caleb/ros2_ws/install/spot_arm_moveit2_config/share/spot_arm_moveit2_config/launch
[1.065s] -- Up-to-date: /home/caleb/ros2_ws/install/spot_arm_moveit2_config/share/spot_arm_moveit2_config/launch/.publishers.launch.py.swp
[1.065s] -- Up-to-date: /home/caleb/ros2_ws/install/spot_arm_moveit2_config/share/spot_arm_moveit2_config/launch/spot_arm_planning_execution.launch.py
[1.066s] -- Up-to-date: /home/caleb/ros2_ws/install/spot_arm_moveit2_config/share/spot_arm_moveit2_config/rviz
[1.066s] -- Up-to-date: /home/caleb/ros2_ws/install/spot_arm_moveit2_config/share/spot_arm_moveit2_config/rviz/view_robot_backup.rviz
[1.066s] -- Up-to-date: /home/caleb/ros2_ws/install/spot_arm_moveit2_config/share/spot_arm_moveit2_config/rviz/view_robot.rviz
[1.232s] Invoked command in '/home/caleb/ros2_ws/build/spot_arm_moveit2_config' returned '0': CMAKE_PREFIX_PATH=${CMAKE_PREFIX_PATH}:/home/caleb/ros2_ws/install/spot_driver:/home/caleb/ros2_ws/install/spot_manipulation_driver:/opt/ros/galactic /usr/local/bin/cmake --install /home/caleb/ros2_ws/build/spot_arm_moveit2_config
