[0.610s] Invoking command in '/home/caleb/ros2_ws/src/spot_ros/spot_driver': CMAKE_PREFIX_PATH=/home/caleb/ros2_ws/install/spot_msgs:/home/caleb/ros2_ws/install/spot_ros:/home/caleb/ros2_ws/install/spot_viz:/home/caleb/ros2_ws/install/spot_bringup:/home/caleb/ros2_ws/install/spot_navigation:/home/caleb/ros2_ws/install/spot_gazebo:/home/caleb/ros2_ws/install/spot_description:/home/caleb/ros2_ws/install/spot_control:/home/caleb/ros2_ws/install/spot_arm_moveit2_config:/home/caleb/ros2_ws/install/optimization:/home/caleb/ros2_ws/install/manipulator_path_optimization:/home/caleb/ros2_ws/install/manipulator_controller PYTHONPATH=/home/caleb/ros2_ws/build/spot_driver/prefix_override:/home/caleb/ros2_ws/install/spot_driver/lib/python3.8/site-packages:/home/caleb/ros2_ws/install/spot_msgs/lib/python3.8/site-packages:/home/caleb/ros2_ws/install/spot_driver/lib/python3.8/site-packages:/home/caleb/ros2_ws/install/spot_manipulation_driver/lib/python3.8/site-packages:/opt/ros/galactic/lib/python3.8/site-packages /usr/bin/python3 setup.py egg_info --egg-base ../../../build/spot_driver build --build-base /home/caleb/ros2_ws/build/spot_driver/build install --record /home/caleb/ros2_ws/build/spot_driver/install.log --install-scripts $base/lib/spot_driver --single-version-externally-managed
[0.738s] running egg_info
[0.738s] creating ../../../build/spot_driver/spot_driver.egg-info
[0.738s] writing ../../../build/spot_driver/spot_driver.egg-info/PKG-INFO
[0.738s] writing dependency_links to ../../../build/spot_driver/spot_driver.egg-info/dependency_links.txt
[0.738s] writing entry points to ../../../build/spot_driver/spot_driver.egg-info/entry_points.txt
[0.738s] writing requirements to ../../../build/spot_driver/spot_driver.egg-info/requires.txt
[0.738s] writing top-level names to ../../../build/spot_driver/spot_driver.egg-info/top_level.txt
[0.739s] writing manifest file '../../../build/spot_driver/spot_driver.egg-info/SOURCES.txt'
[0.756s] reading manifest file '../../../build/spot_driver/spot_driver.egg-info/SOURCES.txt'
[0.757s] writing manifest file '../../../build/spot_driver/spot_driver.egg-info/SOURCES.txt'
[0.757s] running build
[0.757s] running build_py
[0.757s] creating /home/caleb/ros2_ws/build/spot_driver/build
[0.757s] creating /home/caleb/ros2_ws/build/spot_driver/build/lib
[0.757s] creating /home/caleb/ros2_ws/build/spot_driver/build/lib/spot_driver
[0.757s] copying spot_driver/spot_ros.py -> /home/caleb/ros2_ws/build/spot_driver/build/lib/spot_driver
[0.758s] copying spot_driver/spot_driver.py -> /home/caleb/ros2_ws/build/spot_driver/build/lib/spot_driver
[0.758s] copying spot_driver/ros_helpers.py -> /home/caleb/ros2_ws/build/spot_driver/build/lib/spot_driver
[0.758s] copying spot_driver/__init__.py -> /home/caleb/ros2_ws/build/spot_driver/build/lib/spot_driver
[0.758s] copying spot_driver/async_queries.py -> /home/caleb/ros2_ws/build/spot_driver/build/lib/spot_driver
[0.758s] copying spot_driver/spot_wrapper.py -> /home/caleb/ros2_ws/build/spot_driver/build/lib/spot_driver
[0.758s] running install
[0.758s] running install_lib
[0.759s] creating /home/caleb/ros2_ws/install/spot_driver/lib/python3.8/site-packages/spot_driver
[0.759s] copying /home/caleb/ros2_ws/build/spot_driver/build/lib/spot_driver/spot_ros.py -> /home/caleb/ros2_ws/install/spot_driver/lib/python3.8/site-packages/spot_driver
[0.759s] copying /home/caleb/ros2_ws/build/spot_driver/build/lib/spot_driver/spot_driver.py -> /home/caleb/ros2_ws/install/spot_driver/lib/python3.8/site-packages/spot_driver
[0.759s] copying /home/caleb/ros2_ws/build/spot_driver/build/lib/spot_driver/ros_helpers.py -> /home/caleb/ros2_ws/install/spot_driver/lib/python3.8/site-packages/spot_driver
[0.759s] copying /home/caleb/ros2_ws/build/spot_driver/build/lib/spot_driver/__init__.py -> /home/caleb/ros2_ws/install/spot_driver/lib/python3.8/site-packages/spot_driver
[0.759s] copying /home/caleb/ros2_ws/build/spot_driver/build/lib/spot_driver/async_queries.py -> /home/caleb/ros2_ws/install/spot_driver/lib/python3.8/site-packages/spot_driver
[0.759s] copying /home/caleb/ros2_ws/build/spot_driver/build/lib/spot_driver/spot_wrapper.py -> /home/caleb/ros2_ws/install/spot_driver/lib/python3.8/site-packages/spot_driver
[0.759s] byte-compiling /home/caleb/ros2_ws/install/spot_driver/lib/python3.8/site-packages/spot_driver/spot_ros.py to spot_ros.cpython-38.pyc
[0.764s] byte-compiling /home/caleb/ros2_ws/install/spot_driver/lib/python3.8/site-packages/spot_driver/spot_driver.py to spot_driver.cpython-38.pyc
[0.764s] byte-compiling /home/caleb/ros2_ws/install/spot_driver/lib/python3.8/site-packages/spot_driver/ros_helpers.py to ros_helpers.cpython-38.pyc
[0.766s] byte-compiling /home/caleb/ros2_ws/install/spot_driver/lib/python3.8/site-packages/spot_driver/__init__.py to __init__.cpython-38.pyc
[0.766s] byte-compiling /home/caleb/ros2_ws/install/spot_driver/lib/python3.8/site-packages/spot_driver/async_queries.py to async_queries.cpython-38.pyc
[0.766s] byte-compiling /home/caleb/ros2_ws/install/spot_driver/lib/python3.8/site-packages/spot_driver/spot_wrapper.py to spot_wrapper.cpython-38.pyc
[0.768s] running install_data
[0.769s] creating /home/caleb/ros2_ws/install/spot_driver/share/ament_index
[0.769s] creating /home/caleb/ros2_ws/install/spot_driver/share/ament_index/resource_index
[0.769s] creating /home/caleb/ros2_ws/install/spot_driver/share/ament_index/resource_index/packages
[0.769s] copying resource/spot_driver -> /home/caleb/ros2_ws/install/spot_driver/share/ament_index/resource_index/packages
[0.769s] copying package.xml -> /home/caleb/ros2_ws/install/spot_driver/share/spot_driver
[0.769s] creating /home/caleb/ros2_ws/install/spot_driver/share/spot_driver/launch
[0.769s] copying launch/driver.launch.py -> /home/caleb/ros2_ws/install/spot_driver/share/spot_driver/launch
[0.769s] creating /home/caleb/ros2_ws/install/spot_driver/share/spot_driver/config
[0.769s] copying config/planar.yaml -> /home/caleb/ros2_ws/install/spot_driver/share/spot_driver/config
[0.769s] copying config/twist_mux.yaml -> /home/caleb/ros2_ws/install/spot_driver/share/spot_driver/config
[0.769s] copying config/spot_ros.yaml -> /home/caleb/ros2_ws/install/spot_driver/share/spot_driver/config
[0.769s] running install_egg_info
[0.770s] Copying ../../../build/spot_driver/spot_driver.egg-info to /home/caleb/ros2_ws/install/spot_driver/lib/python3.8/site-packages/spot_driver-2.0.0-py3.8.egg-info
[0.770s] running install_scripts
[0.780s] Installing driver script to /home/caleb/ros2_ws/install/spot_driver/lib/spot_driver
[0.780s] writing list of installed files to '/home/caleb/ros2_ws/build/spot_driver/install.log'
[0.791s] Invoked command in '/home/caleb/ros2_ws/src/spot_ros/spot_driver' returned '0': CMAKE_PREFIX_PATH=/home/caleb/ros2_ws/install/spot_msgs:/home/caleb/ros2_ws/install/spot_ros:/home/caleb/ros2_ws/install/spot_viz:/home/caleb/ros2_ws/install/spot_bringup:/home/caleb/ros2_ws/install/spot_navigation:/home/caleb/ros2_ws/install/spot_gazebo:/home/caleb/ros2_ws/install/spot_description:/home/caleb/ros2_ws/install/spot_control:/home/caleb/ros2_ws/install/spot_arm_moveit2_config:/home/caleb/ros2_ws/install/optimization:/home/caleb/ros2_ws/install/manipulator_path_optimization:/home/caleb/ros2_ws/install/manipulator_controller PYTHONPATH=/home/caleb/ros2_ws/build/spot_driver/prefix_override:/home/caleb/ros2_ws/install/spot_driver/lib/python3.8/site-packages:/home/caleb/ros2_ws/install/spot_msgs/lib/python3.8/site-packages:/home/caleb/ros2_ws/install/spot_driver/lib/python3.8/site-packages:/home/caleb/ros2_ws/install/spot_manipulation_driver/lib/python3.8/site-packages:/opt/ros/galactic/lib/python3.8/site-packages /usr/bin/python3 setup.py egg_info --egg-base ../../../build/spot_driver build --build-base /home/caleb/ros2_ws/build/spot_driver/build install --record /home/caleb/ros2_ws/build/spot_driver/install.log --install-scripts $base/lib/spot_driver --single-version-externally-managed
