running egg_info
creating ../../../build/moveit_configs_utils/moveit_configs_utils.egg-info
writing ../../../build/moveit_configs_utils/moveit_configs_utils.egg-info/PKG-INFO
writing dependency_links to ../../../build/moveit_configs_utils/moveit_configs_utils.egg-info/dependency_links.txt
writing entry points to ../../../build/moveit_configs_utils/moveit_configs_utils.egg-info/entry_points.txt
writing requirements to ../../../build/moveit_configs_utils/moveit_configs_utils.egg-info/requires.txt
writing top-level names to ../../../build/moveit_configs_utils/moveit_configs_utils.egg-info/top_level.txt
writing manifest file '../../../build/moveit_configs_utils/moveit_configs_utils.egg-info/SOURCES.txt'
reading manifest file '../../../build/moveit_configs_utils/moveit_configs_utils.egg-info/SOURCES.txt'
writing manifest file '../../../build/moveit_configs_utils/moveit_configs_utils.egg-info/SOURCES.txt'
running build
running build_py
creating /home/caleb/ros2_ws/build/moveit_configs_utils/build
creating /home/caleb/ros2_ws/build/moveit_configs_utils/build/lib
creating /home/caleb/ros2_ws/build/moveit_configs_utils/build/lib/moveit_configs_utils
copying moveit_configs_utils/__init__.py -> /home/caleb/ros2_ws/build/moveit_configs_utils/build/lib/moveit_configs_utils
copying moveit_configs_utils/moveit_configs_builder.py -> /home/caleb/ros2_ws/build/moveit_configs_utils/build/lib/moveit_configs_utils
running install
running install_lib
creating /home/caleb/ros2_ws/install/moveit_configs_utils/lib/python3.8/site-packages/moveit_configs_utils
copying /home/caleb/ros2_ws/build/moveit_configs_utils/build/lib/moveit_configs_utils/__init__.py -> /home/caleb/ros2_ws/install/moveit_configs_utils/lib/python3.8/site-packages/moveit_configs_utils
copying /home/caleb/ros2_ws/build/moveit_configs_utils/build/lib/moveit_configs_utils/moveit_configs_builder.py -> /home/caleb/ros2_ws/install/moveit_configs_utils/lib/python3.8/site-packages/moveit_configs_utils
byte-compiling /home/caleb/ros2_ws/install/moveit_configs_utils/lib/python3.8/site-packages/moveit_configs_utils/__init__.py to __init__.cpython-38.pyc
byte-compiling /home/caleb/ros2_ws/install/moveit_configs_utils/lib/python3.8/site-packages/moveit_configs_utils/moveit_configs_builder.py to moveit_configs_builder.cpython-38.pyc
running install_data
creating /home/caleb/ros2_ws/install/moveit_configs_utils/share/ament_index
creating /home/caleb/ros2_ws/install/moveit_configs_utils/share/ament_index/resource_index
creating /home/caleb/ros2_ws/install/moveit_configs_utils/share/ament_index/resource_index/packages
copying resource/moveit_configs_utils -> /home/caleb/ros2_ws/install/moveit_configs_utils/share/ament_index/resource_index/packages
copying package.xml -> /home/caleb/ros2_ws/install/moveit_configs_utils/share/moveit_configs_utils
running install_egg_info
Copying ../../../build/moveit_configs_utils/moveit_configs_utils.egg-info to /home/caleb/ros2_ws/install/moveit_configs_utils/lib/python3.8/site-packages/moveit_configs_utils-2.3.0-py3.8.egg-info
running install_scripts
writing list of installed files to '/home/caleb/ros2_ws/build/moveit_configs_utils/install.log'
