[3.446s] Invoking command in '/home/caleb/ros2_ws/src/moveit2/moveit_configs_utils': PYTHONPATH=/home/caleb/ros2_ws/build/moveit_configs_utils/prefix_override:/home/caleb/ros2_ws/install/moveit_configs_utils/lib/python3.8/site-packages:${PYTHONPATH} /usr/bin/python3 setup.py egg_info --egg-base ../../../build/moveit_configs_utils build --build-base /home/caleb/ros2_ws/build/moveit_configs_utils/build install --record /home/caleb/ros2_ws/build/moveit_configs_utils/install.log --single-version-externally-managed
[3.682s] running egg_info
[3.682s] creating ../../../build/moveit_configs_utils/moveit_configs_utils.egg-info
[3.682s] writing ../../../build/moveit_configs_utils/moveit_configs_utils.egg-info/PKG-INFO
[3.682s] writing dependency_links to ../../../build/moveit_configs_utils/moveit_configs_utils.egg-info/dependency_links.txt
[3.682s] writing entry points to ../../../build/moveit_configs_utils/moveit_configs_utils.egg-info/entry_points.txt
[3.682s] writing requirements to ../../../build/moveit_configs_utils/moveit_configs_utils.egg-info/requires.txt
[3.683s] writing top-level names to ../../../build/moveit_configs_utils/moveit_configs_utils.egg-info/top_level.txt
[3.683s] writing manifest file '../../../build/moveit_configs_utils/moveit_configs_utils.egg-info/SOURCES.txt'
[3.683s] reading manifest file '../../../build/moveit_configs_utils/moveit_configs_utils.egg-info/SOURCES.txt'
[3.683s] writing manifest file '../../../build/moveit_configs_utils/moveit_configs_utils.egg-info/SOURCES.txt'
[3.683s] running build
[3.683s] running build_py
[3.683s] creating /home/caleb/ros2_ws/build/moveit_configs_utils/build
[3.683s] creating /home/caleb/ros2_ws/build/moveit_configs_utils/build/lib
[3.683s] creating /home/caleb/ros2_ws/build/moveit_configs_utils/build/lib/moveit_configs_utils
[3.684s] copying moveit_configs_utils/__init__.py -> /home/caleb/ros2_ws/build/moveit_configs_utils/build/lib/moveit_configs_utils
[3.684s] copying moveit_configs_utils/moveit_configs_builder.py -> /home/caleb/ros2_ws/build/moveit_configs_utils/build/lib/moveit_configs_utils
[3.684s] running install
[3.685s] running install_lib
[3.685s] creating /home/caleb/ros2_ws/install/moveit_configs_utils/lib/python3.8/site-packages/moveit_configs_utils
[3.686s] copying /home/caleb/ros2_ws/build/moveit_configs_utils/build/lib/moveit_configs_utils/__init__.py -> /home/caleb/ros2_ws/install/moveit_configs_utils/lib/python3.8/site-packages/moveit_configs_utils
[3.686s] copying /home/caleb/ros2_ws/build/moveit_configs_utils/build/lib/moveit_configs_utils/moveit_configs_builder.py -> /home/caleb/ros2_ws/install/moveit_configs_utils/lib/python3.8/site-packages/moveit_configs_utils
[3.686s] byte-compiling /home/caleb/ros2_ws/install/moveit_configs_utils/lib/python3.8/site-packages/moveit_configs_utils/__init__.py to __init__.cpython-38.pyc
[3.686s] byte-compiling /home/caleb/ros2_ws/install/moveit_configs_utils/lib/python3.8/site-packages/moveit_configs_utils/moveit_configs_builder.py to moveit_configs_builder.cpython-38.pyc
[3.686s] running install_data
[3.687s] creating /home/caleb/ros2_ws/install/moveit_configs_utils/share/ament_index
[3.687s] creating /home/caleb/ros2_ws/install/moveit_configs_utils/share/ament_index/resource_index
[3.687s] creating /home/caleb/ros2_ws/install/moveit_configs_utils/share/ament_index/resource_index/packages
[3.688s] copying resource/moveit_configs_utils -> /home/caleb/ros2_ws/install/moveit_configs_utils/share/ament_index/resource_index/packages
[3.688s] copying package.xml -> /home/caleb/ros2_ws/install/moveit_configs_utils/share/moveit_configs_utils
[3.688s] running install_egg_info
[3.689s] Copying ../../../build/moveit_configs_utils/moveit_configs_utils.egg-info to /home/caleb/ros2_ws/install/moveit_configs_utils/lib/python3.8/site-packages/moveit_configs_utils-2.3.0-py3.8.egg-info
[3.689s] running install_scripts
[3.690s] writing list of installed files to '/home/caleb/ros2_ws/build/moveit_configs_utils/install.log'
[5.131s] Invoked command in '/home/caleb/ros2_ws/src/moveit2/moveit_configs_utils' returned '0': PYTHONPATH=/home/caleb/ros2_ws/build/moveit_configs_utils/prefix_override:/home/caleb/ros2_ws/install/moveit_configs_utils/lib/python3.8/site-packages:${PYTHONPATH} /usr/bin/python3 setup.py egg_info --egg-base ../../../build/moveit_configs_utils build --build-base /home/caleb/ros2_ws/build/moveit_configs_utils/build install --record /home/caleb/ros2_ws/build/moveit_configs_utils/install.log --single-version-externally-managed
