-- Found ament_cmake: 1.1.6 (/opt/ros/galactic/share/ament_cmake/cmake)
-- Using PYTHON_EXECUTABLE: /usr/bin/python3
-- Found rclcpp: 9.2.2 (/opt/ros/galactic/share/rclcpp/cmake)
-- Using all available rosidl_typesupport_c: rosidl_typesupport_fastrtps_c;rosidl_typesupport_introspection_c
-- Found rosidl_adapter: 2.2.3 (/opt/ros/galactic/share/rosidl_adapter/cmake)
-- Using all available rosidl_typesupport_cpp: rosidl_typesupport_fastrtps_cpp;rosidl_typesupport_introspection_cpp
-- Found rmw_implementation_cmake: 3.3.1 (/opt/ros/galactic/share/rmw_implementation_cmake/cmake)
-- Found rmw_cyclonedds_cpp: 0.22.6 (/opt/ros/galactic/share/rmw_cyclonedds_cpp/cmake)
-- Using RMW implementation 'rmw_cyclonedds_cpp' as default
-- Found moveit_core: 2.3.4 (/opt/ros/galactic/share/moveit_core/cmake)
-- Found Boost: /usr/lib/x86_64-linux-gnu/cmake/Boost-1.71.0/BoostConfig.cmake (found version "1.71.0") found components: chrono date_time filesystem iostreams program_options regex serialization system thread 
-- Found Boost: /usr/lib/x86_64-linux-gnu/cmake/Boost-1.71.0/BoostConfig.cmake (found version "1.71.0") found components: filesystem 
-- library: /usr/lib/x86_64-linux-gnu/libcurl.so
-- Found moveit_ros_planning_interface: 2.3.4 (/opt/ros/galactic/share/moveit_ros_planning_interface/cmake)
-- Found Boost: /usr/lib/x86_64-linux-gnu/cmake/Boost-1.71.0/BoostConfig.cmake (found version "1.71.0") found components: date_time filesystem program_options system thread 
-- Found Boost: /usr/lib/x86_64-linux-gnu/cmake/Boost-1.71.0/BoostConfig.cmake (found version "1.71.0") found components: system filesystem date_time program_options thread chrono 
-- Found Boost: /usr/lib/x86_64-linux-gnu/cmake/Boost-1.71.0/BoostConfig.cmake (found version "1.71.0") found components: thread 
-- Found Boost: /usr/lib/x86_64-linux-gnu/cmake/Boost-1.71.0/BoostConfig.cmake (found version "1.71.0") found components: thread system filesystem regex date_time program_options 
-- Found Boost: /usr/lib/x86_64-linux-gnu/cmake/Boost-1.71.0/BoostConfig.cmake (found version "1.71.0") found components: system filesystem date_time program_options thread 
-- Found ament_lint_auto: 0.10.7 (/opt/ros/galactic/share/ament_lint_auto/cmake)
-- Added test 'copyright' to check source files copyright and LICENSE
-- Added test 'cppcheck' to perform static code analysis on C / C++ code
-- Configured cppcheck include dirs: /home/caleb/ros2_ws/src/optimization/include
-- Configured cppcheck exclude dirs and/or files: 
-- Added test 'cpplint' to check C / C++ code against the Google style
-- Configured cpplint exclude dirs and/or files: 
-- Added test 'flake8' to check Python code syntax and style conventions
-- Added test 'lint_cmake' to check CMake code style
-- Added test 'pep257' to check Python code against some of the style conventions in PEP 257
-- Added test 'uncrustify' to check C / C++ code style
-- Configured uncrustify additional arguments: 
-- Added test 'xmllint' to check XML markup files
-- Configuring done
-- Generating done
-- Build files have been written to: /home/caleb/ros2_ws/build/optimization
[35m[1mConsolidate compiler generated dependencies of target optimization[0m
[100%] Built target optimization
-- Install configuration: ""
-- Installing: /home/caleb/ros2_ws/install/optimization/share/optimization//launch
-- Installing: /home/caleb/ros2_ws/install/optimization/share/optimization//launch/robot_simulation.launch.py
-- Up-to-date: /home/caleb/ros2_ws/install/optimization/lib/optimization/optimization
-- Up-to-date: /home/caleb/ros2_ws/install/optimization/share/ament_index/resource_index/package_run_dependencies/optimization
-- Up-to-date: /home/caleb/ros2_ws/install/optimization/share/ament_index/resource_index/parent_prefix_path/optimization
-- Up-to-date: /home/caleb/ros2_ws/install/optimization/share/optimization/environment/ament_prefix_path.sh
-- Installing: /home/caleb/ros2_ws/install/optimization/share/optimization/environment/ament_prefix_path.dsv
-- Up-to-date: /home/caleb/ros2_ws/install/optimization/share/optimization/environment/path.sh
-- Installing: /home/caleb/ros2_ws/install/optimization/share/optimization/environment/path.dsv
-- Up-to-date: /home/caleb/ros2_ws/install/optimization/share/optimization/local_setup.bash
-- Up-to-date: /home/caleb/ros2_ws/install/optimization/share/optimization/local_setup.sh
-- Up-to-date: /home/caleb/ros2_ws/install/optimization/share/optimization/local_setup.zsh
-- Installing: /home/caleb/ros2_ws/install/optimization/share/optimization/local_setup.dsv
-- Installing: /home/caleb/ros2_ws/install/optimization/share/optimization/package.dsv
-- Up-to-date: /home/caleb/ros2_ws/install/optimization/share/ament_index/resource_index/packages/optimization
-- Up-to-date: /home/caleb/ros2_ws/install/optimization/share/optimization/cmake/optimizationConfig.cmake
-- Up-to-date: /home/caleb/ros2_ws/install/optimization/share/optimization/cmake/optimizationConfig-version.cmake
-- Up-to-date: /home/caleb/ros2_ws/install/optimization/share/optimization/package.xml
