[0.111s] Invoking command in '/home/caleb/ros2_ws/build/optimization': CMAKE_PREFIX_PATH=${CMAKE_PREFIX_PATH}:/home/caleb/ros2_ws/install/spot_driver:/home/caleb/ros2_ws/install/spot_manipulation_driver:/opt/ros/galactic /usr/local/bin/cmake --build /home/caleb/ros2_ws/build/optimization -- -j20 -l20
[0.120s] -- Found ament_cmake: 1.1.6 (/opt/ros/galactic/share/ament_cmake/cmake)
[0.133s] -- Using PYTHON_EXECUTABLE: /usr/bin/python3
[0.172s] -- Found rclcpp: 9.2.2 (/opt/ros/galactic/share/rclcpp/cmake)
[0.193s] -- Using all available rosidl_typesupport_c: rosidl_typesupport_fastrtps_c;rosidl_typesupport_introspection_c
[0.194s] -- Found rosidl_adapter: 2.2.3 (/opt/ros/galactic/share/rosidl_adapter/cmake)
[0.266s] -- Using all available rosidl_typesupport_cpp: rosidl_typesupport_fastrtps_cpp;rosidl_typesupport_introspection_cpp
[0.292s] -- Found rmw_implementation_cmake: 3.3.1 (/opt/ros/galactic/share/rmw_implementation_cmake/cmake)
[0.293s] -- Found rmw_cyclonedds_cpp: 0.22.6 (/opt/ros/galactic/share/rmw_cyclonedds_cpp/cmake)
[0.302s] -- Using RMW implementation 'rmw_cyclonedds_cpp' as default
[0.373s] -- Found moveit_core: 2.3.4 (/opt/ros/galactic/share/moveit_core/cmake)
[0.381s] -- Found Boost: /usr/lib/x86_64-linux-gnu/cmake/Boost-1.71.0/BoostConfig.cmake (found version "1.71.0") found components: chrono date_time filesystem iostreams program_options regex serialization system thread 
[0.390s] -- Found Boost: /usr/lib/x86_64-linux-gnu/cmake/Boost-1.71.0/BoostConfig.cmake (found version "1.71.0") found components: filesystem 
[0.433s] -- library: /usr/lib/x86_64-linux-gnu/libcurl.so
[1.476s] -- Found moveit_ros_planning_interface: 2.3.4 (/opt/ros/galactic/share/moveit_ros_planning_interface/cmake)
[1.479s] -- Found Boost: /usr/lib/x86_64-linux-gnu/cmake/Boost-1.71.0/BoostConfig.cmake (found version "1.71.0") found components: date_time filesystem program_options system thread 
[1.640s] -- Found Boost: /usr/lib/x86_64-linux-gnu/cmake/Boost-1.71.0/BoostConfig.cmake (found version "1.71.0") found components: system filesystem date_time program_options thread chrono 
[1.793s] -- Found Boost: /usr/lib/x86_64-linux-gnu/cmake/Boost-1.71.0/BoostConfig.cmake (found version "1.71.0") found components: thread 
[2.212s] -- Found Boost: /usr/lib/x86_64-linux-gnu/cmake/Boost-1.71.0/BoostConfig.cmake (found version "1.71.0") found components: thread system filesystem regex date_time program_options 
[2.431s] -- Found Boost: /usr/lib/x86_64-linux-gnu/cmake/Boost-1.71.0/BoostConfig.cmake (found version "1.71.0") found components: system filesystem date_time program_options thread 
[2.783s] -- Found ament_lint_auto: 0.10.7 (/opt/ros/galactic/share/ament_lint_auto/cmake)
[2.817s] -- Added test 'copyright' to check source files copyright and LICENSE
[2.817s] -- Added test 'cppcheck' to perform static code analysis on C / C++ code
[2.818s] -- Configured cppcheck include dirs: /home/caleb/ros2_ws/src/optimization/include
[2.818s] -- Configured cppcheck exclude dirs and/or files: 
[2.818s] -- Added test 'cpplint' to check C / C++ code against the Google style
[2.818s] -- Configured cpplint exclude dirs and/or files: 
[2.818s] -- Added test 'flake8' to check Python code syntax and style conventions
[2.819s] -- Added test 'lint_cmake' to check CMake code style
[2.819s] -- Added test 'pep257' to check Python code against some of the style conventions in PEP 257
[2.819s] -- Added test 'uncrustify' to check C / C++ code style
[2.819s] -- Configured uncrustify additional arguments: 
[2.819s] -- Added test 'xmllint' to check XML markup files
[2.819s] -- Configuring done
[2.836s] -- Generating done
[2.837s] -- Build files have been written to: /home/caleb/ros2_ws/build/optimization
[2.847s] [35m[1mConsolidate compiler generated dependencies of target optimization[0m
[2.866s] [100%] Built target optimization
[2.870s] Invoked command in '/home/caleb/ros2_ws/build/optimization' returned '0': CMAKE_PREFIX_PATH=${CMAKE_PREFIX_PATH}:/home/caleb/ros2_ws/install/spot_driver:/home/caleb/ros2_ws/install/spot_manipulation_driver:/opt/ros/galactic /usr/local/bin/cmake --build /home/caleb/ros2_ws/build/optimization -- -j20 -l20
[2.880s] Invoking command in '/home/caleb/ros2_ws/build/optimization': CMAKE_PREFIX_PATH=${CMAKE_PREFIX_PATH}:/home/caleb/ros2_ws/install/spot_driver:/home/caleb/ros2_ws/install/spot_manipulation_driver:/opt/ros/galactic /usr/local/bin/cmake --install /home/caleb/ros2_ws/build/optimization
[2.881s] -- Install configuration: ""
[2.881s] -- Installing: /home/caleb/ros2_ws/install/optimization/share/optimization//launch
[2.881s] -- Installing: /home/caleb/ros2_ws/install/optimization/share/optimization//launch/robot_simulation.launch.py
[2.882s] -- Up-to-date: /home/caleb/ros2_ws/install/optimization/lib/optimization/optimization
[2.882s] -- Up-to-date: /home/caleb/ros2_ws/install/optimization/share/ament_index/resource_index/package_run_dependencies/optimization
[2.882s] -- Up-to-date: /home/caleb/ros2_ws/install/optimization/share/ament_index/resource_index/parent_prefix_path/optimization
[2.882s] -- Up-to-date: /home/caleb/ros2_ws/install/optimization/share/optimization/environment/ament_prefix_path.sh
[2.883s] -- Installing: /home/caleb/ros2_ws/install/optimization/share/optimization/environment/ament_prefix_path.dsv
[2.883s] -- Up-to-date: /home/caleb/ros2_ws/install/optimization/share/optimization/environment/path.sh
[2.883s] -- Installing: /home/caleb/ros2_ws/install/optimization/share/optimization/environment/path.dsv
[2.883s] -- Up-to-date: /home/caleb/ros2_ws/install/optimization/share/optimization/local_setup.bash
[2.883s] -- Up-to-date: /home/caleb/ros2_ws/install/optimization/share/optimization/local_setup.sh
[2.883s] -- Up-to-date: /home/caleb/ros2_ws/install/optimization/share/optimization/local_setup.zsh
[2.883s] -- Installing: /home/caleb/ros2_ws/install/optimization/share/optimization/local_setup.dsv
[2.883s] -- Installing: /home/caleb/ros2_ws/install/optimization/share/optimization/package.dsv
[2.883s] -- Up-to-date: /home/caleb/ros2_ws/install/optimization/share/ament_index/resource_index/packages/optimization
[2.884s] -- Up-to-date: /home/caleb/ros2_ws/install/optimization/share/optimization/cmake/optimizationConfig.cmake
[2.884s] -- Up-to-date: /home/caleb/ros2_ws/install/optimization/share/optimization/cmake/optimizationConfig-version.cmake
[2.884s] -- Up-to-date: /home/caleb/ros2_ws/install/optimization/share/optimization/package.xml
[2.884s] Invoked command in '/home/caleb/ros2_ws/build/optimization' returned '0': CMAKE_PREFIX_PATH=${CMAKE_PREFIX_PATH}:/home/caleb/ros2_ws/install/spot_driver:/home/caleb/ros2_ws/install/spot_manipulation_driver:/opt/ros/galactic /usr/local/bin/cmake --install /home/caleb/ros2_ws/build/optimization
