[1.475s] DEBUG:colcon:Command line arguments: ['/usr/bin/colcon', 'build', '--packages-select', 'optimization']
[1.475s] DEBUG:colcon:Parsed command line arguments: Namespace(allow_overriding=[], ament_cmake_args=None, base_paths=['.'], build_base='build', catkin_cmake_args=None, catkin_skip_building_tests=False, cmake_args=None, cmake_clean_cache=False, cmake_clean_first=False, cmake_force_configure=False, cmake_target=None, cmake_target_skip_unavailable=False, continue_on_error=False, event_handlers=None, executor='parallel', ignore_user_meta=False, install_base='install', log_base=None, log_level=None, main=<bound method BuildVerb.main of <colcon_core.verb.build.BuildVerb object at 0x7f5558061610>>, merge_install=False, metas=['./colcon.meta'], packages_above=None, packages_above_and_dependencies=None, packages_above_depth=None, packages_end=None, packages_ignore=None, packages_ignore_regex=None, packages_select=['optimization'], packages_select_build_failed=False, packages_select_by_dep=None, packages_select_regex=None, packages_select_test_failures=False, packages_skip=None, packages_skip_build_finished=False, packages_skip_by_dep=None, packages_skip_regex=None, packages_skip_test_passed=False, packages_skip_up_to=None, packages_start=None, packages_up_to=None, packages_up_to_regex=None, parallel_workers=20, paths=None, symlink_install=False, test_result_base=None, verb_extension=<colcon_core.verb.build.BuildVerb object at 0x7f5558061610>, verb_name='build', verb_parser=<colcon_defaults.argument_parser.defaults.DefaultArgumentsDecorator object at 0x7f5558061d30>)
[1.535s] Level 1:colcon.colcon_core.package_discovery:discover_packages(colcon_meta) check parameters
[1.536s] Level 1:colcon.colcon_core.package_discovery:discover_packages(recursive) check parameters
[1.536s] Level 1:colcon.colcon_core.package_discovery:discover_packages(ignore) check parameters
[1.536s] Level 1:colcon.colcon_core.package_discovery:discover_packages(path) check parameters
[1.536s] Level 1:colcon.colcon_core.package_discovery:discover_packages(colcon_meta) discover
[1.536s] Level 1:colcon.colcon_core.package_discovery:discover_packages(recursive) discover
[1.536s] INFO:colcon.colcon_core.package_discovery:Crawling recursively for packages in '/home/caleb/ros2_ws'
[1.536s] Level 1:colcon.colcon_core.package_identification:_identify(.) by extensions ['ignore', 'ignore_ament_install']
[1.536s] Level 1:colcon.colcon_core.package_identification:_identify(.) by extension 'ignore'
[1.536s] Level 1:colcon.colcon_core.package_identification:_identify(.) by extension 'ignore_ament_install'
[1.536s] Level 1:colcon.colcon_core.package_identification:_identify(.) by extensions ['colcon_pkg']
[1.536s] Level 1:colcon.colcon_core.package_identification:_identify(.) by extension 'colcon_pkg'
[1.536s] Level 1:colcon.colcon_core.package_identification:_identify(.) by extensions ['colcon_meta']
[1.536s] Level 1:colcon.colcon_core.package_identification:_identify(.) by extension 'colcon_meta'
[1.536s] Level 1:colcon.colcon_core.package_identification:_identify(.) by extensions ['ros']
[1.536s] Level 1:colcon.colcon_core.package_identification:_identify(.) by extension 'ros'
[1.542s] Level 1:colcon.colcon_core.package_identification:_identify(.) by extensions ['cmake', 'python']
[1.542s] Level 1:colcon.colcon_core.package_identification:_identify(.) by extension 'cmake'
[1.542s] Level 1:colcon.colcon_core.package_identification:_identify(.) by extension 'python'
[1.542s] Level 1:colcon.colcon_core.package_identification:_identify(.) by extensions ['python_setup_py']
[1.542s] Level 1:colcon.colcon_core.package_identification:_identify(.) by extension 'python_setup_py'
[1.542s] Level 1:colcon.colcon_core.package_identification:_identify(build) by extensions ['ignore', 'ignore_ament_install']
[1.542s] Level 1:colcon.colcon_core.package_identification:_identify(build) by extension 'ignore'
[1.542s] Level 1:colcon.colcon_core.package_identification:_identify(build) ignored
[1.542s] Level 1:colcon.colcon_core.package_identification:_identify(install) by extensions ['ignore', 'ignore_ament_install']
[1.542s] Level 1:colcon.colcon_core.package_identification:_identify(install) by extension 'ignore'
[1.542s] Level 1:colcon.colcon_core.package_identification:_identify(install) ignored
[1.542s] Level 1:colcon.colcon_core.package_identification:_identify(log) by extensions ['ignore', 'ignore_ament_install']
[1.542s] Level 1:colcon.colcon_core.package_identification:_identify(log) by extension 'ignore'
[1.542s] Level 1:colcon.colcon_core.package_identification:_identify(log) ignored
[1.542s] Level 1:colcon.colcon_core.package_identification:_identify(src) by extensions ['ignore', 'ignore_ament_install']
[1.542s] Level 1:colcon.colcon_core.package_identification:_identify(src) by extension 'ignore'
[1.542s] Level 1:colcon.colcon_core.package_identification:_identify(src) by extension 'ignore_ament_install'
[1.542s] Level 1:colcon.colcon_core.package_identification:_identify(src) by extensions ['colcon_pkg']
[1.542s] Level 1:colcon.colcon_core.package_identification:_identify(src) by extension 'colcon_pkg'
[1.542s] Level 1:colcon.colcon_core.package_identification:_identify(src) by extensions ['colcon_meta']
[1.542s] Level 1:colcon.colcon_core.package_identification:_identify(src) by extension 'colcon_meta'
[1.542s] Level 1:colcon.colcon_core.package_identification:_identify(src) by extensions ['ros']
[1.542s] Level 1:colcon.colcon_core.package_identification:_identify(src) by extension 'ros'
[1.543s] Level 1:colcon.colcon_core.package_identification:_identify(src) by extensions ['cmake', 'python']
[1.543s] Level 1:colcon.colcon_core.package_identification:_identify(src) by extension 'cmake'
[1.543s] Level 1:colcon.colcon_core.package_identification:_identify(src) by extension 'python'
[1.543s] Level 1:colcon.colcon_core.package_identification:_identify(src) by extensions ['python_setup_py']
[1.543s] Level 1:colcon.colcon_core.package_identification:_identify(src) by extension 'python_setup_py'
[1.543s] Level 1:colcon.colcon_core.package_identification:_identify(src/nrg_spot_manipulation) by extensions ['ignore', 'ignore_ament_install']
[1.543s] Level 1:colcon.colcon_core.package_identification:_identify(src/nrg_spot_manipulation) by extension 'ignore'
[1.543s] Level 1:colcon.colcon_core.package_identification:_identify(src/nrg_spot_manipulation) by extension 'ignore_ament_install'
[1.543s] Level 1:colcon.colcon_core.package_identification:_identify(src/nrg_spot_manipulation) by extensions ['colcon_pkg']
[1.543s] Level 1:colcon.colcon_core.package_identification:_identify(src/nrg_spot_manipulation) by extension 'colcon_pkg'
[1.543s] Level 1:colcon.colcon_core.package_identification:_identify(src/nrg_spot_manipulation) by extensions ['colcon_meta']
[1.543s] Level 1:colcon.colcon_core.package_identification:_identify(src/nrg_spot_manipulation) by extension 'colcon_meta'
[1.543s] Level 1:colcon.colcon_core.package_identification:_identify(src/nrg_spot_manipulation) by extensions ['ros']
[1.543s] Level 1:colcon.colcon_core.package_identification:_identify(src/nrg_spot_manipulation) by extension 'ros'
[1.543s] Level 1:colcon.colcon_core.package_identification:_identify(src/nrg_spot_manipulation) by extensions ['cmake', 'python']
[1.543s] Level 1:colcon.colcon_core.package_identification:_identify(src/nrg_spot_manipulation) by extension 'cmake'
[1.543s] Level 1:colcon.colcon_core.package_identification:_identify(src/nrg_spot_manipulation) by extension 'python'
[1.543s] Level 1:colcon.colcon_core.package_identification:_identify(src/nrg_spot_manipulation) by extensions ['python_setup_py']
[1.543s] Level 1:colcon.colcon_core.package_identification:_identify(src/nrg_spot_manipulation) by extension 'python_setup_py'
[1.543s] Level 1:colcon.colcon_core.package_identification:_identify(src/nrg_spot_manipulation/spot_manipulation_driver) by extensions ['ignore', 'ignore_ament_install']
[1.543s] Level 1:colcon.colcon_core.package_identification:_identify(src/nrg_spot_manipulation/spot_manipulation_driver) by extension 'ignore'
[1.543s] Level 1:colcon.colcon_core.package_identification:_identify(src/nrg_spot_manipulation/spot_manipulation_driver) by extension 'ignore_ament_install'
[1.543s] Level 1:colcon.colcon_core.package_identification:_identify(src/nrg_spot_manipulation/spot_manipulation_driver) by extensions ['colcon_pkg']
[1.543s] Level 1:colcon.colcon_core.package_identification:_identify(src/nrg_spot_manipulation/spot_manipulation_driver) by extension 'colcon_pkg'
[1.543s] Level 1:colcon.colcon_core.package_identification:_identify(src/nrg_spot_manipulation/spot_manipulation_driver) by extensions ['colcon_meta']
[1.543s] Level 1:colcon.colcon_core.package_identification:_identify(src/nrg_spot_manipulation/spot_manipulation_driver) by extension 'colcon_meta'
[1.543s] Level 1:colcon.colcon_core.package_identification:_identify(src/nrg_spot_manipulation/spot_manipulation_driver) by extensions ['ros']
[1.543s] Level 1:colcon.colcon_core.package_identification:_identify(src/nrg_spot_manipulation/spot_manipulation_driver) by extension 'ros'
[1.545s] DEBUG:colcon.colcon_core.package_identification:Package 'src/nrg_spot_manipulation/spot_manipulation_driver' with type 'ros.ament_python' and name 'spot_manipulation_driver'
[1.545s] Level 1:colcon.colcon_core.package_identification:_identify(src/nrg_spot_manipulation_moveit) by extensions ['ignore', 'ignore_ament_install']
[1.545s] Level 1:colcon.colcon_core.package_identification:_identify(src/nrg_spot_manipulation_moveit) by extension 'ignore'
[1.545s] Level 1:colcon.colcon_core.package_identification:_identify(src/nrg_spot_manipulation_moveit) by extension 'ignore_ament_install'
[1.545s] Level 1:colcon.colcon_core.package_identification:_identify(src/nrg_spot_manipulation_moveit) by extensions ['colcon_pkg']
[1.545s] Level 1:colcon.colcon_core.package_identification:_identify(src/nrg_spot_manipulation_moveit) by extension 'colcon_pkg'
[1.545s] Level 1:colcon.colcon_core.package_identification:_identify(src/nrg_spot_manipulation_moveit) by extensions ['colcon_meta']
[1.545s] Level 1:colcon.colcon_core.package_identification:_identify(src/nrg_spot_manipulation_moveit) by extension 'colcon_meta'
[1.545s] Level 1:colcon.colcon_core.package_identification:_identify(src/nrg_spot_manipulation_moveit) by extensions ['ros']
[1.545s] Level 1:colcon.colcon_core.package_identification:_identify(src/nrg_spot_manipulation_moveit) by extension 'ros'
[1.545s] Level 1:colcon.colcon_core.package_identification:_identify(src/nrg_spot_manipulation_moveit) by extensions ['cmake', 'python']
[1.545s] Level 1:colcon.colcon_core.package_identification:_identify(src/nrg_spot_manipulation_moveit) by extension 'cmake'
[1.545s] Level 1:colcon.colcon_core.package_identification:_identify(src/nrg_spot_manipulation_moveit) by extension 'python'
[1.545s] Level 1:colcon.colcon_core.package_identification:_identify(src/nrg_spot_manipulation_moveit) by extensions ['python_setup_py']
[1.545s] Level 1:colcon.colcon_core.package_identification:_identify(src/nrg_spot_manipulation_moveit) by extension 'python_setup_py'
[1.545s] Level 1:colcon.colcon_core.package_identification:_identify(src/nrg_spot_manipulation_moveit/spot_arm_moveit2_config) by extensions ['ignore', 'ignore_ament_install']
[1.545s] Level 1:colcon.colcon_core.package_identification:_identify(src/nrg_spot_manipulation_moveit/spot_arm_moveit2_config) by extension 'ignore'
[1.545s] Level 1:colcon.colcon_core.package_identification:_identify(src/nrg_spot_manipulation_moveit/spot_arm_moveit2_config) by extension 'ignore_ament_install'
[1.545s] Level 1:colcon.colcon_core.package_identification:_identify(src/nrg_spot_manipulation_moveit/spot_arm_moveit2_config) by extensions ['colcon_pkg']
[1.545s] Level 1:colcon.colcon_core.package_identification:_identify(src/nrg_spot_manipulation_moveit/spot_arm_moveit2_config) by extension 'colcon_pkg'
[1.545s] Level 1:colcon.colcon_core.package_identification:_identify(src/nrg_spot_manipulation_moveit/spot_arm_moveit2_config) by extensions ['colcon_meta']
[1.545s] Level 1:colcon.colcon_core.package_identification:_identify(src/nrg_spot_manipulation_moveit/spot_arm_moveit2_config) by extension 'colcon_meta'
[1.545s] Level 1:colcon.colcon_core.package_identification:_identify(src/nrg_spot_manipulation_moveit/spot_arm_moveit2_config) by extensions ['ros']
[1.545s] Level 1:colcon.colcon_core.package_identification:_identify(src/nrg_spot_manipulation_moveit/spot_arm_moveit2_config) by extension 'ros'
[1.546s] DEBUG:colcon.colcon_core.package_identification:Package 'src/nrg_spot_manipulation_moveit/spot_arm_moveit2_config' with type 'ros.ament_cmake' and name 'spot_arm_moveit2_config'
[1.546s] Level 1:colcon.colcon_core.package_identification:_identify(src/optimization) by extensions ['ignore', 'ignore_ament_install']
[1.546s] Level 1:colcon.colcon_core.package_identification:_identify(src/optimization) by extension 'ignore'
[1.546s] Level 1:colcon.colcon_core.package_identification:_identify(src/optimization) by extension 'ignore_ament_install'
[1.546s] Level 1:colcon.colcon_core.package_identification:_identify(src/optimization) by extensions ['colcon_pkg']
[1.546s] Level 1:colcon.colcon_core.package_identification:_identify(src/optimization) by extension 'colcon_pkg'
[1.546s] Level 1:colcon.colcon_core.package_identification:_identify(src/optimization) by extensions ['colcon_meta']
[1.546s] Level 1:colcon.colcon_core.package_identification:_identify(src/optimization) by extension 'colcon_meta'
[1.546s] Level 1:colcon.colcon_core.package_identification:_identify(src/optimization) by extensions ['ros']
[1.546s] Level 1:colcon.colcon_core.package_identification:_identify(src/optimization) by extension 'ros'
[1.546s] DEBUG:colcon.colcon_core.package_identification:Package 'src/optimization' with type 'ros.ament_cmake' and name 'optimization'
[1.546s] Level 1:colcon.colcon_core.package_identification:_identify(src/spot_ros) by extensions ['ignore', 'ignore_ament_install']
[1.546s] Level 1:colcon.colcon_core.package_identification:_identify(src/spot_ros) by extension 'ignore'
[1.546s] Level 1:colcon.colcon_core.package_identification:_identify(src/spot_ros) by extension 'ignore_ament_install'
[1.546s] Level 1:colcon.colcon_core.package_identification:_identify(src/spot_ros) by extensions ['colcon_pkg']
[1.546s] Level 1:colcon.colcon_core.package_identification:_identify(src/spot_ros) by extension 'colcon_pkg'
[1.546s] Level 1:colcon.colcon_core.package_identification:_identify(src/spot_ros) by extensions ['colcon_meta']
[1.546s] Level 1:colcon.colcon_core.package_identification:_identify(src/spot_ros) by extension 'colcon_meta'
[1.546s] Level 1:colcon.colcon_core.package_identification:_identify(src/spot_ros) by extensions ['ros']
[1.546s] Level 1:colcon.colcon_core.package_identification:_identify(src/spot_ros) by extension 'ros'
[1.546s] Level 1:colcon.colcon_core.package_identification:_identify(src/spot_ros) by extensions ['cmake', 'python']
[1.546s] Level 1:colcon.colcon_core.package_identification:_identify(src/spot_ros) by extension 'cmake'
[1.547s] Level 1:colcon.colcon_core.package_identification:_identify(src/spot_ros) by extension 'python'
[1.547s] Level 1:colcon.colcon_core.package_identification:_identify(src/spot_ros) by extensions ['python_setup_py']
[1.547s] Level 1:colcon.colcon_core.package_identification:_identify(src/spot_ros) by extension 'python_setup_py'
[1.547s] Level 1:colcon.colcon_core.package_identification:_identify(src/spot_ros/spot_bringup) by extensions ['ignore', 'ignore_ament_install']
[1.547s] Level 1:colcon.colcon_core.package_identification:_identify(src/spot_ros/spot_bringup) by extension 'ignore'
[1.547s] Level 1:colcon.colcon_core.package_identification:_identify(src/spot_ros/spot_bringup) by extension 'ignore_ament_install'
[1.547s] Level 1:colcon.colcon_core.package_identification:_identify(src/spot_ros/spot_bringup) by extensions ['colcon_pkg']
[1.547s] Level 1:colcon.colcon_core.package_identification:_identify(src/spot_ros/spot_bringup) by extension 'colcon_pkg'
[1.547s] Level 1:colcon.colcon_core.package_identification:_identify(src/spot_ros/spot_bringup) by extensions ['colcon_meta']
[1.547s] Level 1:colcon.colcon_core.package_identification:_identify(src/spot_ros/spot_bringup) by extension 'colcon_meta'
[1.547s] Level 1:colcon.colcon_core.package_identification:_identify(src/spot_ros/spot_bringup) by extensions ['ros']
[1.547s] Level 1:colcon.colcon_core.package_identification:_identify(src/spot_ros/spot_bringup) by extension 'ros'
[1.547s] DEBUG:colcon.colcon_core.package_identification:Package 'src/spot_ros/spot_bringup' with type 'ros.ament_cmake' and name 'spot_bringup'
[1.547s] Level 1:colcon.colcon_core.package_identification:_identify(src/spot_ros/spot_control) by extensions ['ignore', 'ignore_ament_install']
[1.547s] Level 1:colcon.colcon_core.package_identification:_identify(src/spot_ros/spot_control) by extension 'ignore'
[1.547s] Level 1:colcon.colcon_core.package_identification:_identify(src/spot_ros/spot_control) by extension 'ignore_ament_install'
[1.547s] Level 1:colcon.colcon_core.package_identification:_identify(src/spot_ros/spot_control) by extensions ['colcon_pkg']
[1.547s] Level 1:colcon.colcon_core.package_identification:_identify(src/spot_ros/spot_control) by extension 'colcon_pkg'
[1.547s] Level 1:colcon.colcon_core.package_identification:_identify(src/spot_ros/spot_control) by extensions ['colcon_meta']
[1.547s] Level 1:colcon.colcon_core.package_identification:_identify(src/spot_ros/spot_control) by extension 'colcon_meta'
[1.547s] Level 1:colcon.colcon_core.package_identification:_identify(src/spot_ros/spot_control) by extensions ['ros']
[1.547s] Level 1:colcon.colcon_core.package_identification:_identify(src/spot_ros/spot_control) by extension 'ros'
[1.548s] DEBUG:colcon.colcon_core.package_identification:Package 'src/spot_ros/spot_control' with type 'ros.ament_cmake' and name 'spot_control'
[1.548s] Level 1:colcon.colcon_core.package_identification:_identify(src/spot_ros/spot_description) by extensions ['ignore', 'ignore_ament_install']
[1.548s] Level 1:colcon.colcon_core.package_identification:_identify(src/spot_ros/spot_description) by extension 'ignore'
[1.548s] Level 1:colcon.colcon_core.package_identification:_identify(src/spot_ros/spot_description) by extension 'ignore_ament_install'
[1.548s] Level 1:colcon.colcon_core.package_identification:_identify(src/spot_ros/spot_description) by extensions ['colcon_pkg']
[1.548s] Level 1:colcon.colcon_core.package_identification:_identify(src/spot_ros/spot_description) by extension 'colcon_pkg'
[1.548s] Level 1:colcon.colcon_core.package_identification:_identify(src/spot_ros/spot_description) by extensions ['colcon_meta']
[1.548s] Level 1:colcon.colcon_core.package_identification:_identify(src/spot_ros/spot_description) by extension 'colcon_meta'
[1.548s] Level 1:colcon.colcon_core.package_identification:_identify(src/spot_ros/spot_description) by extensions ['ros']
[1.548s] Level 1:colcon.colcon_core.package_identification:_identify(src/spot_ros/spot_description) by extension 'ros'
[1.548s] DEBUG:colcon.colcon_core.package_identification:Package 'src/spot_ros/spot_description' with type 'ros.ament_cmake' and name 'spot_description'
[1.548s] Level 1:colcon.colcon_core.package_identification:_identify(src/spot_ros/spot_driver) by extensions ['ignore', 'ignore_ament_install']
[1.548s] Level 1:colcon.colcon_core.package_identification:_identify(src/spot_ros/spot_driver) by extension 'ignore'
[1.548s] Level 1:colcon.colcon_core.package_identification:_identify(src/spot_ros/spot_driver) by extension 'ignore_ament_install'
[1.548s] Level 1:colcon.colcon_core.package_identification:_identify(src/spot_ros/spot_driver) by extensions ['colcon_pkg']
[1.548s] Level 1:colcon.colcon_core.package_identification:_identify(src/spot_ros/spot_driver) by extension 'colcon_pkg'
[1.548s] Level 1:colcon.colcon_core.package_identification:_identify(src/spot_ros/spot_driver) by extensions ['colcon_meta']
[1.548s] Level 1:colcon.colcon_core.package_identification:_identify(src/spot_ros/spot_driver) by extension 'colcon_meta'
[1.548s] Level 1:colcon.colcon_core.package_identification:_identify(src/spot_ros/spot_driver) by extensions ['ros']
[1.548s] Level 1:colcon.colcon_core.package_identification:_identify(src/spot_ros/spot_driver) by extension 'ros'
[1.549s] DEBUG:colcon.colcon_core.package_identification:Package 'src/spot_ros/spot_driver' with type 'ros.ament_python' and name 'spot_driver'
[1.549s] Level 1:colcon.colcon_core.package_identification:_identify(src/spot_ros/spot_gazebo) by extensions ['ignore', 'ignore_ament_install']
[1.549s] Level 1:colcon.colcon_core.package_identification:_identify(src/spot_ros/spot_gazebo) by extension 'ignore'
[1.549s] Level 1:colcon.colcon_core.package_identification:_identify(src/spot_ros/spot_gazebo) by extension 'ignore_ament_install'
[1.549s] Level 1:colcon.colcon_core.package_identification:_identify(src/spot_ros/spot_gazebo) by extensions ['colcon_pkg']
[1.549s] Level 1:colcon.colcon_core.package_identification:_identify(src/spot_ros/spot_gazebo) by extension 'colcon_pkg'
[1.549s] Level 1:colcon.colcon_core.package_identification:_identify(src/spot_ros/spot_gazebo) by extensions ['colcon_meta']
[1.549s] Level 1:colcon.colcon_core.package_identification:_identify(src/spot_ros/spot_gazebo) by extension 'colcon_meta'
[1.549s] Level 1:colcon.colcon_core.package_identification:_identify(src/spot_ros/spot_gazebo) by extensions ['ros']
[1.549s] Level 1:colcon.colcon_core.package_identification:_identify(src/spot_ros/spot_gazebo) by extension 'ros'
[1.550s] DEBUG:colcon.colcon_core.package_identification:Package 'src/spot_ros/spot_gazebo' with type 'ros.ament_cmake' and name 'spot_gazebo'
[1.550s] Level 1:colcon.colcon_core.package_identification:_identify(src/spot_ros/spot_msgs) by extensions ['ignore', 'ignore_ament_install']
[1.550s] Level 1:colcon.colcon_core.package_identification:_identify(src/spot_ros/spot_msgs) by extension 'ignore'
[1.550s] Level 1:colcon.colcon_core.package_identification:_identify(src/spot_ros/spot_msgs) by extension 'ignore_ament_install'
[1.550s] Level 1:colcon.colcon_core.package_identification:_identify(src/spot_ros/spot_msgs) by extensions ['colcon_pkg']
[1.550s] Level 1:colcon.colcon_core.package_identification:_identify(src/spot_ros/spot_msgs) by extension 'colcon_pkg'
[1.550s] Level 1:colcon.colcon_core.package_identification:_identify(src/spot_ros/spot_msgs) by extensions ['colcon_meta']
[1.550s] Level 1:colcon.colcon_core.package_identification:_identify(src/spot_ros/spot_msgs) by extension 'colcon_meta'
[1.550s] Level 1:colcon.colcon_core.package_identification:_identify(src/spot_ros/spot_msgs) by extensions ['ros']
[1.550s] Level 1:colcon.colcon_core.package_identification:_identify(src/spot_ros/spot_msgs) by extension 'ros'
[1.551s] DEBUG:colcon.colcon_core.package_identification:Package 'src/spot_ros/spot_msgs' with type 'ros.ament_cmake' and name 'spot_msgs'
[1.551s] Level 1:colcon.colcon_core.package_identification:_identify(src/spot_ros/spot_navigation) by extensions ['ignore', 'ignore_ament_install']
[1.551s] Level 1:colcon.colcon_core.package_identification:_identify(src/spot_ros/spot_navigation) by extension 'ignore'
[1.551s] Level 1:colcon.colcon_core.package_identification:_identify(src/spot_ros/spot_navigation) by extension 'ignore_ament_install'
[1.551s] Level 1:colcon.colcon_core.package_identification:_identify(src/spot_ros/spot_navigation) by extensions ['colcon_pkg']
[1.551s] Level 1:colcon.colcon_core.package_identification:_identify(src/spot_ros/spot_navigation) by extension 'colcon_pkg'
[1.551s] Level 1:colcon.colcon_core.package_identification:_identify(src/spot_ros/spot_navigation) by extensions ['colcon_meta']
[1.551s] Level 1:colcon.colcon_core.package_identification:_identify(src/spot_ros/spot_navigation) by extension 'colcon_meta'
[1.551s] Level 1:colcon.colcon_core.package_identification:_identify(src/spot_ros/spot_navigation) by extensions ['ros']
[1.551s] Level 1:colcon.colcon_core.package_identification:_identify(src/spot_ros/spot_navigation) by extension 'ros'
[1.551s] DEBUG:colcon.colcon_core.package_identification:Package 'src/spot_ros/spot_navigation' with type 'ros.ament_cmake' and name 'spot_navigation'
[1.551s] Level 1:colcon.colcon_core.package_identification:_identify(src/spot_ros/spot_ros) by extensions ['ignore', 'ignore_ament_install']
[1.551s] Level 1:colcon.colcon_core.package_identification:_identify(src/spot_ros/spot_ros) by extension 'ignore'
[1.551s] Level 1:colcon.colcon_core.package_identification:_identify(src/spot_ros/spot_ros) by extension 'ignore_ament_install'
[1.551s] Level 1:colcon.colcon_core.package_identification:_identify(src/spot_ros/spot_ros) by extensions ['colcon_pkg']
[1.551s] Level 1:colcon.colcon_core.package_identification:_identify(src/spot_ros/spot_ros) by extension 'colcon_pkg'
[1.551s] Level 1:colcon.colcon_core.package_identification:_identify(src/spot_ros/spot_ros) by extensions ['colcon_meta']
[1.551s] Level 1:colcon.colcon_core.package_identification:_identify(src/spot_ros/spot_ros) by extension 'colcon_meta'
[1.551s] Level 1:colcon.colcon_core.package_identification:_identify(src/spot_ros/spot_ros) by extensions ['ros']
[1.551s] Level 1:colcon.colcon_core.package_identification:_identify(src/spot_ros/spot_ros) by extension 'ros'
[1.552s] DEBUG:colcon.colcon_core.package_identification:Package 'src/spot_ros/spot_ros' with type 'ros.ament_cmake' and name 'spot_ros'
[1.552s] Level 1:colcon.colcon_core.package_identification:_identify(src/spot_ros/spot_viz) by extensions ['ignore', 'ignore_ament_install']
[1.552s] Level 1:colcon.colcon_core.package_identification:_identify(src/spot_ros/spot_viz) by extension 'ignore'
[1.552s] Level 1:colcon.colcon_core.package_identification:_identify(src/spot_ros/spot_viz) by extension 'ignore_ament_install'
[1.552s] Level 1:colcon.colcon_core.package_identification:_identify(src/spot_ros/spot_viz) by extensions ['colcon_pkg']
[1.552s] Level 1:colcon.colcon_core.package_identification:_identify(src/spot_ros/spot_viz) by extension 'colcon_pkg'
[1.552s] Level 1:colcon.colcon_core.package_identification:_identify(src/spot_ros/spot_viz) by extensions ['colcon_meta']
[1.552s] Level 1:colcon.colcon_core.package_identification:_identify(src/spot_ros/spot_viz) by extension 'colcon_meta'
[1.552s] Level 1:colcon.colcon_core.package_identification:_identify(src/spot_ros/spot_viz) by extensions ['ros']
[1.552s] Level 1:colcon.colcon_core.package_identification:_identify(src/spot_ros/spot_viz) by extension 'ros'
[1.552s] DEBUG:colcon.colcon_core.package_identification:Package 'src/spot_ros/spot_viz' with type 'ros.ament_cmake' and name 'spot_viz'
[1.552s] Level 1:colcon.colcon_core.package_discovery:discover_packages(recursive) using defaults
[1.552s] Level 1:colcon.colcon_core.package_discovery:discover_packages(ignore) discover
[1.552s] Level 1:colcon.colcon_core.package_discovery:discover_packages(ignore) using defaults
[1.552s] Level 1:colcon.colcon_core.package_discovery:discover_packages(path) discover
[1.552s] Level 1:colcon.colcon_core.package_discovery:discover_packages(path) using defaults
[1.637s] INFO:colcon.colcon_core.package_selection:Skipping not selected package 'spot_arm_moveit2_config' in 'src/nrg_spot_manipulation_moveit/spot_arm_moveit2_config'
[1.637s] INFO:colcon.colcon_core.package_selection:Skipping not selected package 'spot_control' in 'src/spot_ros/spot_control'
[1.637s] INFO:colcon.colcon_core.package_selection:Skipping not selected package 'spot_description' in 'src/spot_ros/spot_description'
[1.637s] INFO:colcon.colcon_core.package_selection:Skipping not selected package 'spot_manipulation_driver' in 'src/nrg_spot_manipulation/spot_manipulation_driver'
[1.637s] INFO:colcon.colcon_core.package_selection:Skipping not selected package 'spot_msgs' in 'src/spot_ros/spot_msgs'
[1.637s] INFO:colcon.colcon_core.package_selection:Skipping not selected package 'spot_navigation' in 'src/spot_ros/spot_navigation'
[1.637s] INFO:colcon.colcon_core.package_selection:Skipping not selected package 'spot_driver' in 'src/spot_ros/spot_driver'
[1.637s] INFO:colcon.colcon_core.package_selection:Skipping not selected package 'spot_gazebo' in 'src/spot_ros/spot_gazebo'
[1.637s] INFO:colcon.colcon_core.package_selection:Skipping not selected package 'spot_viz' in 'src/spot_ros/spot_viz'
[1.637s] INFO:colcon.colcon_core.package_selection:Skipping not selected package 'spot_bringup' in 'src/spot_ros/spot_bringup'
[1.637s] INFO:colcon.colcon_core.package_selection:Skipping not selected package 'spot_ros' in 'src/spot_ros/spot_ros'
[1.686s] Level 1:colcon.colcon_core.package_discovery:discover_packages(prefix_path) check parameters
[1.686s] Level 1:colcon.colcon_core.package_discovery:discover_packages(prefix_path) discover
[1.743s] DEBUG:colcon.colcon_installed_package_information.package_discovery:Found 14 installed packages in /home/caleb/ros2_ws/install
[1.768s] DEBUG:colcon.colcon_installed_package_information.package_discovery:Found 359 installed packages in /opt/ros/galactic
[1.769s] Level 1:colcon.colcon_core.package_discovery:discover_packages(prefix_path) using defaults
[1.866s] Level 5:colcon.colcon_core.verb:set package 'optimization' build argument 'cmake_args' from command line to 'None'
[1.866s] Level 5:colcon.colcon_core.verb:set package 'optimization' build argument 'cmake_target' from command line to 'None'
[1.866s] Level 5:colcon.colcon_core.verb:set package 'optimization' build argument 'cmake_target_skip_unavailable' from command line to 'False'
[1.866s] Level 5:colcon.colcon_core.verb:set package 'optimization' build argument 'cmake_clean_cache' from command line to 'False'
[1.866s] Level 5:colcon.colcon_core.verb:set package 'optimization' build argument 'cmake_clean_first' from command line to 'False'
[1.866s] Level 5:colcon.colcon_core.verb:set package 'optimization' build argument 'cmake_force_configure' from command line to 'False'
[1.866s] Level 5:colcon.colcon_core.verb:set package 'optimization' build argument 'ament_cmake_args' from command line to 'None'
[1.866s] Level 5:colcon.colcon_core.verb:set package 'optimization' build argument 'catkin_cmake_args' from command line to 'None'
[1.866s] Level 5:colcon.colcon_core.verb:set package 'optimization' build argument 'catkin_skip_building_tests' from command line to 'False'
[1.866s] DEBUG:colcon.colcon_core.verb:Building package 'optimization' with the following arguments: {'ament_cmake_args': None, 'build_base': '/home/caleb/ros2_ws/build/optimization', 'catkin_cmake_args': None, 'catkin_skip_building_tests': False, 'cmake_args': None, 'cmake_clean_cache': False, 'cmake_clean_first': False, 'cmake_force_configure': False, 'cmake_target': None, 'cmake_target_skip_unavailable': False, 'install_base': '/home/caleb/ros2_ws/install/optimization', 'merge_install': False, 'path': '/home/caleb/ros2_ws/src/optimization', 'symlink_install': False, 'test_result_base': None}
[1.891s] INFO:colcon.colcon_core.executor:Executing jobs using 'parallel' executor
[1.925s] DEBUG:colcon.colcon_parallel_executor.executor.parallel:run_until_complete
[1.925s] INFO:colcon.colcon_ros.task.ament_cmake.build:Building ROS package in '/home/caleb/ros2_ws/src/optimization' with build type 'ament_cmake'
[1.925s] INFO:colcon.colcon_cmake.task.cmake.build:Building CMake package in '/home/caleb/ros2_ws/src/optimization'
[1.952s] INFO:colcon.colcon_core.plugin_system:Skipping extension 'colcon_core.shell.bat': Not used on non-Windows systems
[1.952s] INFO:colcon.colcon_core.shell:Skip shell extension 'powershell' for command environment: Not usable outside of PowerShell
[1.952s] DEBUG:colcon.colcon_core.shell:Skip shell extension 'dsv' for command environment
[2.038s] DEBUG:colcon.colcon_core.event_handler.log_command:Invoking command in '/home/caleb/ros2_ws/build/optimization': CMAKE_PREFIX_PATH=${CMAKE_PREFIX_PATH}:/home/caleb/ros2_ws/install/spot_driver:/home/caleb/ros2_ws/install/spot_manipulation_driver:/opt/ros/galactic /usr/local/bin/cmake --build /home/caleb/ros2_ws/build/optimization -- -j20 -l20
[2.058s] DEBUG:colcon.colcon_core.event_handler.log_command:Invoked command in '/home/caleb/ros2_ws/build/optimization' returned '0': CMAKE_PREFIX_PATH=${CMAKE_PREFIX_PATH}:/home/caleb/ros2_ws/install/spot_driver:/home/caleb/ros2_ws/install/spot_manipulation_driver:/opt/ros/galactic /usr/local/bin/cmake --build /home/caleb/ros2_ws/build/optimization -- -j20 -l20
[2.070s] DEBUG:colcon.colcon_core.event_handler.log_command:Invoking command in '/home/caleb/ros2_ws/build/optimization': CMAKE_PREFIX_PATH=${CMAKE_PREFIX_PATH}:/home/caleb/ros2_ws/install/spot_driver:/home/caleb/ros2_ws/install/spot_manipulation_driver:/opt/ros/galactic /usr/local/bin/cmake --install /home/caleb/ros2_ws/build/optimization
[2.117s] Level 1:colcon.colcon_core.environment:create_environment_scripts_only(optimization)
[2.160s] Level 1:colcon.colcon_core.environment:checking '/home/caleb/ros2_ws/install/optimization' for CMake module files
[2.160s] Level 1:colcon.colcon_core.environment:checking '/home/caleb/ros2_ws/install/optimization' for CMake config files
[2.161s] Level 1:colcon.colcon_core.shell:create_environment_hook('optimization', 'cmake_prefix_path')
[2.205s] INFO:colcon.colcon_core.shell:Creating environment hook '/home/caleb/ros2_ws/install/optimization/share/optimization/hook/cmake_prefix_path.ps1'
[2.205s] INFO:colcon.colcon_core.shell:Creating environment descriptor '/home/caleb/ros2_ws/install/optimization/share/optimization/hook/cmake_prefix_path.dsv'
[2.206s] INFO:colcon.colcon_core.shell:Creating environment hook '/home/caleb/ros2_ws/install/optimization/share/optimization/hook/cmake_prefix_path.sh'
[2.207s] Level 1:colcon.colcon_core.environment:checking '/home/caleb/ros2_ws/install/optimization/lib'
[2.208s] Level 1:colcon.colcon_core.environment:checking '/home/caleb/ros2_ws/install/optimization/bin'
[2.208s] Level 1:colcon.colcon_core.environment:checking '/home/caleb/ros2_ws/install/optimization/lib/pkgconfig/optimization.pc'
[2.208s] Level 1:colcon.colcon_core.environment:checking '/home/caleb/ros2_ws/install/optimization/lib/python3.8/site-packages'
[2.208s] Level 1:colcon.colcon_core.environment:checking '/home/caleb/ros2_ws/install/optimization/bin'
[2.253s] INFO:colcon.colcon_core.shell:Creating package script '/home/caleb/ros2_ws/install/optimization/share/optimization/package.ps1'
[2.254s] INFO:colcon.colcon_core.shell:Creating package descriptor '/home/caleb/ros2_ws/install/optimization/share/optimization/package.dsv'
[2.254s] INFO:colcon.colcon_core.shell:Creating package script '/home/caleb/ros2_ws/install/optimization/share/optimization/package.sh'
[2.254s] INFO:colcon.colcon_core.shell:Creating package script '/home/caleb/ros2_ws/install/optimization/share/optimization/package.bash'
[2.255s] INFO:colcon.colcon_core.shell:Creating package script '/home/caleb/ros2_ws/install/optimization/share/optimization/package.zsh'
[2.255s] Level 1:colcon.colcon_core.environment:create_file_with_runtime_dependencies(/home/caleb/ros2_ws/install/optimization/share/colcon-core/packages/optimization)
[2.317s] Level 1:colcon.colcon_core.environment:create_environment_scripts_only(optimization)
[2.388s] Level 1:colcon.colcon_core.environment:checking '/home/caleb/ros2_ws/install/optimization' for CMake module files
[2.389s] Level 1:colcon.colcon_core.environment:checking '/home/caleb/ros2_ws/install/optimization' for CMake config files
[2.389s] Level 1:colcon.colcon_core.shell:create_environment_hook('optimization', 'cmake_prefix_path')
[2.458s] INFO:colcon.colcon_core.shell:Creating environment hook '/home/caleb/ros2_ws/install/optimization/share/optimization/hook/cmake_prefix_path.ps1'
[2.458s] INFO:colcon.colcon_core.shell:Creating environment descriptor '/home/caleb/ros2_ws/install/optimization/share/optimization/hook/cmake_prefix_path.dsv'
[2.459s] INFO:colcon.colcon_core.shell:Creating environment hook '/home/caleb/ros2_ws/install/optimization/share/optimization/hook/cmake_prefix_path.sh'
[2.460s] Level 1:colcon.colcon_core.environment:checking '/home/caleb/ros2_ws/install/optimization/lib'
[2.460s] Level 1:colcon.colcon_core.environment:checking '/home/caleb/ros2_ws/install/optimization/bin'
[2.460s] Level 1:colcon.colcon_core.environment:checking '/home/caleb/ros2_ws/install/optimization/lib/pkgconfig/optimization.pc'
[2.460s] Level 1:colcon.colcon_core.environment:checking '/home/caleb/ros2_ws/install/optimization/lib/python3.8/site-packages'
[2.460s] Level 1:colcon.colcon_core.environment:checking '/home/caleb/ros2_ws/install/optimization/bin'
[2.530s] INFO:colcon.colcon_core.shell:Creating package script '/home/caleb/ros2_ws/install/optimization/share/optimization/package.ps1'
[2.531s] INFO:colcon.colcon_core.shell:Creating package descriptor '/home/caleb/ros2_ws/install/optimization/share/optimization/package.dsv'
[2.532s] INFO:colcon.colcon_core.shell:Creating package script '/home/caleb/ros2_ws/install/optimization/share/optimization/package.sh'
[2.532s] INFO:colcon.colcon_core.shell:Creating package script '/home/caleb/ros2_ws/install/optimization/share/optimization/package.bash'
[2.533s] INFO:colcon.colcon_core.shell:Creating package script '/home/caleb/ros2_ws/install/optimization/share/optimization/package.zsh'
[2.533s] Level 1:colcon.colcon_core.environment:create_file_with_runtime_dependencies(/home/caleb/ros2_ws/install/optimization/share/colcon-core/packages/optimization)
[2.534s] DEBUG:colcon.colcon_parallel_executor.executor.parallel:closing loop
[2.534s] DEBUG:colcon.colcon_parallel_executor.executor.parallel:loop closed
[2.534s] DEBUG:colcon.colcon_parallel_executor.executor.parallel:run_until_complete finished with '0'
[2.534s] DEBUG:colcon.colcon_core.event_reactor:joining thread
[2.698s] DEBUG:colcon.colcon_core.event_handler.log_command:Invoked command in '/home/caleb/ros2_ws/build/optimization' returned '0': CMAKE_PREFIX_PATH=${CMAKE_PREFIX_PATH}:/home/caleb/ros2_ws/install/spot_driver:/home/caleb/ros2_ws/install/spot_manipulation_driver:/opt/ros/galactic /usr/local/bin/cmake --install /home/caleb/ros2_ws/build/optimization
[2.754s] INFO:colcon.colcon_core.plugin_system:Skipping extension 'colcon_notification.desktop_notification.terminal_notifier': Not used on non-Darwin systems
[2.754s] INFO:colcon.colcon_core.plugin_system:Skipping extension 'colcon_notification.desktop_notification.win32': Not used on non-Windows systems
[2.754s] INFO:colcon.colcon_notification.desktop_notification:Sending desktop notification using 'notify2'
[2.763s] DEBUG:colcon.colcon_core.event_reactor:joined thread
[2.813s] INFO:colcon.colcon_core.shell:Creating prefix script '/home/caleb/ros2_ws/install/local_setup.ps1'
[2.814s] INFO:colcon.colcon_core.shell:Creating prefix util module '/home/caleb/ros2_ws/install/_local_setup_util_ps1.py'
[2.815s] INFO:colcon.colcon_core.shell:Creating prefix chain script '/home/caleb/ros2_ws/install/setup.ps1'
[2.865s] INFO:colcon.colcon_core.shell:Creating prefix script '/home/caleb/ros2_ws/install/local_setup.sh'
[2.866s] INFO:colcon.colcon_core.shell:Creating prefix util module '/home/caleb/ros2_ws/install/_local_setup_util_sh.py'
[2.866s] INFO:colcon.colcon_core.shell:Creating prefix chain script '/home/caleb/ros2_ws/install/setup.sh'
[2.917s] INFO:colcon.colcon_core.shell:Creating prefix script '/home/caleb/ros2_ws/install/local_setup.bash'
[2.918s] INFO:colcon.colcon_core.shell:Creating prefix chain script '/home/caleb/ros2_ws/install/setup.bash'
[2.968s] INFO:colcon.colcon_core.shell:Creating prefix script '/home/caleb/ros2_ws/install/local_setup.zsh'
[2.969s] INFO:colcon.colcon_core.shell:Creating prefix chain script '/home/caleb/ros2_ws/install/setup.zsh'
