[1.784s] Invoking command in '/home/caleb/ros2_ws/build/moveit_core': AMENT_PREFIX_PATH=/home/caleb/ros2_ws/install/moveit_common:${AMENT_PREFIX_PATH} CMAKE_PREFIX_PATH=/home/caleb/ros2_ws/install/moveit_common:/home/caleb/ros2_ws/install/spot_ros:/home/caleb/ros2_ws/install/spot_viz:/home/caleb/ros2_ws/install/spot_bringup:/home/caleb/ros2_ws/install/spot_navigation:/home/caleb/ros2_ws/install/spot_msgs:/home/caleb/ros2_ws/install/spot_gazebo:/home/caleb/ros2_ws/install/spot_description:/home/caleb/ros2_ws/install/spot_control:/home/caleb/ros2_ws/install/spot_arm_moveit2_config:/home/caleb/ros2_ws/install/optimization:/home/caleb/ros2_ws/install/spot_driver:/home/caleb/ros2_ws/install/spot_manipulation_driver:/opt/ros/galactic /usr/local/bin/cmake /home/caleb/ros2_ws/src/moveit2/moveit_core -DCMAKE_BUILD_TYPE=Release -DCMAKE_INSTALL_PREFIX=/home/caleb/ros2_ws/install/moveit_core
[1.817s] -- The CXX compiler identification is GNU 9.4.0
[1.825s] -- Detecting CXX compiler ABI info
[1.906s] -- Detecting CXX compiler ABI info - done
[1.909s] -- Check for working CXX compiler: /usr/bin/c++ - skipped
[1.909s] -- Detecting CXX compile features
[1.910s] -- Detecting CXX compile features - done
[1.911s] -- Found moveit_common: 2.3.4 (/home/caleb/ros2_ws/install/moveit_common/share/moveit_common/cmake)
[1.914s] -- Found ament_cmake: 1.1.6 (/opt/ros/galactic/share/ament_cmake/cmake)
[1.945s] -- Found PythonInterp: /usr/bin/python3 (found suitable version "3.8.10", minimum required is "3") 
[1.945s] -- Using PYTHON_EXECUTABLE: /usr/bin/python3
[2.146s] -- Found rclcpp: 9.2.2 (/opt/ros/galactic/share/rclcpp/cmake)
[2.293s] -- Using all available rosidl_typesupport_c: rosidl_typesupport_fastrtps_c;rosidl_typesupport_introspection_c
[2.327s] -- Found rosidl_adapter: 2.2.3 (/opt/ros/galactic/share/rosidl_adapter/cmake)
[2.545s] -- Found OpenSSL: /usr/lib/x86_64-linux-gnu/libcrypto.so (found version "1.1.1f")  
[2.617s] -- Found FastRTPS: /opt/ros/galactic/include  
[2.847s] -- Using all available rosidl_typesupport_cpp: rosidl_typesupport_fastrtps_cpp;rosidl_typesupport_introspection_cpp
[2.954s] -- Found rmw_implementation_cmake: 3.3.1 (/opt/ros/galactic/share/rmw_implementation_cmake/cmake)
[2.954s] -- Found rmw_cyclonedds_cpp: 0.22.6 (/opt/ros/galactic/share/rmw_cyclonedds_cpp/cmake)
[2.968s] -- Using RMW implementation 'rmw_cyclonedds_cpp' as default
[3.007s] -- Performing Test CMAKE_HAVE_LIBC_PTHREAD
[3.236s] -- Performing Test CMAKE_HAVE_LIBC_PTHREAD - Failed
[3.236s] -- Looking for pthread_create in pthreads
[3.395s] -- Looking for pthread_create in pthreads - not found
[3.395s] -- Looking for pthread_create in pthread
[3.564s] -- Looking for pthread_create in pthread - found
[3.565s] -- Found Threads: TRUE  
[3.755s] -- Found eigen3_cmake_module: 0.1.1 (/opt/ros/galactic/share/eigen3_cmake_module/cmake)
[3.761s] -- Found Eigen3: TRUE (found version "3.3.7") 
[3.769s] -- Found PkgConfig: /usr/bin/pkg-config (found version "0.29.1") 
[3.770s] -- Checking for module 'fcl>=0.5.0'
[3.791s] --   Found fcl, version 0.5.0
[3.901s] -- Found Bullet: /usr/lib/x86_64-linux-gnu/libBulletDynamics.so (Required is at least version "2.87") 
[3.907s] -- Found angles: 1.14.0 (/opt/ros/galactic/share/angles/cmake)
[3.923s] -- Found urdf: 2.5.2 (/opt/ros/galactic/share/urdf/cmake)
[3.974s] -- Found tf2_eigen: 0.17.5 (/opt/ros/galactic/share/tf2_eigen/cmake)
[4.482s] -- Found tf2_kdl: 0.17.5 (/opt/ros/galactic/share/tf2_kdl/cmake)
[4.511s] -- Found tf2_geometry_msgs: 0.17.5 (/opt/ros/galactic/share/tf2_geometry_msgs/cmake)
[4.549s] -- Found eigen_stl_containers: 1.0.0 (/opt/ros/galactic/share/eigen_stl_containers/cmake)
[4.553s] -- Found geometric_shapes: 2.1.2 (/opt/ros/galactic/share/geometric_shapes/cmake)
[4.571s] -- Found Boost: /usr/lib/x86_64-linux-gnu/cmake/Boost-1.71.0/BoostConfig.cmake (found version "1.71.0") found components: filesystem 
[4.693s] -- library: /usr/lib/x86_64-linux-gnu/libcurl.so
[4.834s] -- Found kdl_parser: 2.5.0 (/opt/ros/galactic/share/kdl_parser/cmake)
[4.839s] -- Found moveit_msgs: 2.2.0 (/opt/ros/galactic/share/moveit_msgs/cmake)
[5.999s] -- Found srdfdom: 2.0.3 (/opt/ros/galactic/share/srdfdom/cmake)
[6.002s] -- Found common_interfaces: 2.2.4 (/opt/ros/galactic/share/common_interfaces/cmake)
[6.026s] -- Found Boost: /usr/lib/x86_64-linux-gnu/cmake/Boost-1.71.0/BoostConfig.cmake (found version "1.71.0") found components: chrono date_time filesystem iostreams program_options regex serialization system thread 
[6.027s] --  *** Building MoveIt 2.3.4-Alpha ***
[6.035s] -- Performing Test COMPILER_HAS_HIDDEN_VISIBILITY
[6.074s] -- Performing Test COMPILER_HAS_HIDDEN_VISIBILITY - Success
[6.075s] -- Performing Test COMPILER_HAS_HIDDEN_INLINE_VISIBILITY
[6.114s] -- Performing Test COMPILER_HAS_HIDDEN_INLINE_VISIBILITY - Success
[6.114s] -- Performing Test COMPILER_HAS_DEPRECATED_ATTR
[6.150s] -- Performing Test COMPILER_HAS_DEPRECATED_ATTR - Success
[6.157s] -- Found ament_cmake_gtest: 1.1.6 (/opt/ros/galactic/share/ament_cmake_gtest/cmake)
[6.161s] -- Found gtest sources under '/opt/ros/galactic/src/gtest_vendor': C++ tests using 'Google Test' will be built
[6.204s] -- The C compiler identification is GNU 9.4.0
[6.213s] -- Detecting C compiler ABI info
[6.347s] -- Detecting C compiler ABI info - done
[6.358s] -- Check for working C compiler: /usr/bin/cc - skipped
[6.358s] -- Detecting C compile features
[6.359s] -- Detecting C compile features - done
[6.361s] -- Check if compiler accepts -pthread
[6.422s] -- Check if compiler accepts -pthread - yes
[6.430s] -- Found gtest sources under '/opt/ros/galactic/src/gtest_vendor': C++ tests using 'Google Test' will be built
[6.440s] -- Found ament_cmake_gtest: 1.1.6 (/opt/ros/galactic/share/ament_cmake_gtest/cmake)
[6.441s] -- Found gtest sources under '/opt/ros/galactic/src/gtest_vendor': C++ tests using 'Google Test' will be built
[6.459s] -- Found ament_cmake_gtest: 1.1.6 (/opt/ros/galactic/share/ament_cmake_gtest/cmake)
[6.459s] -- Found gtest sources under '/opt/ros/galactic/src/gtest_vendor': C++ tests using 'Google Test' will be built
[6.470s] -- Found ament_lint_auto: 0.10.7 (/opt/ros/galactic/share/ament_lint_auto/cmake)
[6.471s] -- Found ament_cmake_gtest: 1.1.6 (/opt/ros/galactic/share/ament_cmake_gtest/cmake)
[6.471s] -- Found gtest sources under '/opt/ros/galactic/src/gtest_vendor': C++ tests using 'Google Test' will be built
[6.481s] -- Found ament_cmake_gtest: 1.1.6 (/opt/ros/galactic/share/ament_cmake_gtest/cmake)
[6.482s] -- Found gtest sources under '/opt/ros/galactic/src/gtest_vendor': C++ tests using 'Google Test' will be built
[6.494s] -- Found ament_cmake_gtest: 1.1.6 (/opt/ros/galactic/share/ament_cmake_gtest/cmake)
[6.494s] -- Found gtest sources under '/opt/ros/galactic/src/gtest_vendor': C++ tests using 'Google Test' will be built
[6.500s] -- Found ament_cmake_gtest: 1.1.6 (/opt/ros/galactic/share/ament_cmake_gtest/cmake)
[6.501s] -- Found gtest sources under '/opt/ros/galactic/src/gtest_vendor': C++ tests using 'Google Test' will be built
[6.511s] -- Found gtest sources under '/opt/ros/galactic/src/gtest_vendor': C++ tests using 'Google Test' will be built
[6.517s] -- Found gtest sources under '/opt/ros/galactic/src/gtest_vendor': C++ tests using 'Google Test' will be built
[6.528s] -- Found ament_cmake_gtest: 1.1.6 (/opt/ros/galactic/share/ament_cmake_gtest/cmake)
[6.529s] -- Found gtest sources under '/opt/ros/galactic/src/gtest_vendor': C++ tests using 'Google Test' will be built
[6.546s] -- Found gtest sources under '/opt/ros/galactic/src/gtest_vendor': C++ tests using 'Google Test' will be built
[6.559s] -- Found gtest sources under '/opt/ros/galactic/src/gtest_vendor': C++ tests using 'Google Test' will be built
[6.568s] -- Found gtest sources under '/opt/ros/galactic/src/gtest_vendor': C++ tests using 'Google Test' will be built
[6.573s] -- Found ament_lint_auto: 0.10.7 (/opt/ros/galactic/share/ament_lint_auto/cmake)
[6.603s] -- Added test 'pep257' to check Python code against some of the style conventions in PEP 257
[6.605s] -- Added test 'xmllint' to check XML markup files
[6.608s] -- Configuring done
[7.082s] -- Generating done
[7.089s] -- Build files have been written to: /home/caleb/ros2_ws/build/moveit_core
[7.108s] Invoked command in '/home/caleb/ros2_ws/build/moveit_core' returned '0': AMENT_PREFIX_PATH=/home/caleb/ros2_ws/install/moveit_common:${AMENT_PREFIX_PATH} CMAKE_PREFIX_PATH=/home/caleb/ros2_ws/install/moveit_common:/home/caleb/ros2_ws/install/spot_ros:/home/caleb/ros2_ws/install/spot_viz:/home/caleb/ros2_ws/install/spot_bringup:/home/caleb/ros2_ws/install/spot_navigation:/home/caleb/ros2_ws/install/spot_msgs:/home/caleb/ros2_ws/install/spot_gazebo:/home/caleb/ros2_ws/install/spot_description:/home/caleb/ros2_ws/install/spot_control:/home/caleb/ros2_ws/install/spot_arm_moveit2_config:/home/caleb/ros2_ws/install/optimization:/home/caleb/ros2_ws/install/spot_driver:/home/caleb/ros2_ws/install/spot_manipulation_driver:/opt/ros/galactic /usr/local/bin/cmake /home/caleb/ros2_ws/src/moveit2/moveit_core -DCMAKE_BUILD_TYPE=Release -DCMAKE_INSTALL_PREFIX=/home/caleb/ros2_ws/install/moveit_core
[7.110s] Invoking command in '/home/caleb/ros2_ws/build/moveit_core': AMENT_PREFIX_PATH=/home/caleb/ros2_ws/install/moveit_common:${AMENT_PREFIX_PATH} CMAKE_PREFIX_PATH=/home/caleb/ros2_ws/install/moveit_common:/home/caleb/ros2_ws/install/spot_ros:/home/caleb/ros2_ws/install/spot_viz:/home/caleb/ros2_ws/install/spot_bringup:/home/caleb/ros2_ws/install/spot_navigation:/home/caleb/ros2_ws/install/spot_msgs:/home/caleb/ros2_ws/install/spot_gazebo:/home/caleb/ros2_ws/install/spot_description:/home/caleb/ros2_ws/install/spot_control:/home/caleb/ros2_ws/install/spot_arm_moveit2_config:/home/caleb/ros2_ws/install/optimization:/home/caleb/ros2_ws/install/spot_driver:/home/caleb/ros2_ws/install/spot_manipulation_driver:/opt/ros/galactic /usr/local/bin/cmake --build /home/caleb/ros2_ws/build/moveit_core -- -j20 -l20
[7.123s] [  1%] [32mBuilding CXX object background_processing/CMakeFiles/moveit_background_processing.dir/src/background_processing.cpp.o[0m
[7.123s] [  1%] [32mBuilding CXX object transforms/CMakeFiles/moveit_transforms.dir/src/transforms.cpp.o[0m
[7.123s] [  2%] [32mBuilding CXX object exceptions/CMakeFiles/moveit_exceptions.dir/src/exceptions.cpp.o[0m
[7.123s] [  4%] [32mBuilding CXX object kinematics_base/CMakeFiles/moveit_kinematics_base.dir/src/kinematics_base.cpp.o[0m
[7.123s] [  4%] [32mBuilding CXX object version/CMakeFiles/moveit_version.dir/version.cpp.o[0m
[7.124s] [  5%] [32mBuilding CXX object gtest/CMakeFiles/gtest.dir/src/gtest-all.cc.o[0m
[7.124s] [  6%] [32mBuilding CXX object profiler/CMakeFiles/moveit_profiler.dir/src/profiler.cpp.o[0m
[7.124s] [  6%] [32mBuilding CXX object utils/CMakeFiles/moveit_utils.dir/src/message_checks.cpp.o[0m
[7.124s] [  7%] [32mBuilding CXX object utils/CMakeFiles/moveit_utils.dir/src/rclcpp_utils.cpp.o[0m
[7.124s] [  8%] [32mBuilding CXX object online_signal_smoothing/CMakeFiles/moveit_smoothing_base.dir/src/smoothing_base_class.cpp.o[0m
[7.125s] [  9%] [32mBuilding CXX object gtest/CMakeFiles/gtest_main.dir/src/gtest_main.cc.o[0m
[7.125s] [ 10%] [32mBuilding CXX object distance_field/CMakeFiles/moveit_distance_field.dir/src/distance_field.cpp.o[0m
[7.125s] [ 10%] [32mBuilding CXX object distance_field/CMakeFiles/moveit_distance_field.dir/src/propagation_distance_field.cpp.o[0m
[7.125s] [ 11%] [32mBuilding CXX object distance_field/CMakeFiles/moveit_distance_field.dir/src/find_internal_points.cpp.o[0m
[7.130s] [ 12%] [32mBuilding CXX object utils/CMakeFiles/moveit_utils.dir/src/lexical_casts.cpp.o[0m
[7.156s] [ 13%] [32m[1mLinking CXX executable moveit_version[0m
[7.187s] [ 13%] Built target moveit_version
[8.179s] [ 13%] [32m[1mLinking CXX shared library libmoveit_utils.so[0m
[8.220s] [ 13%] [32m[1mLinking CXX static library libgtest_main.a[0m
[8.231s] [ 13%] Built target gtest_main
[8.285s] [ 13%] Built target moveit_utils
[9.524s] [ 13%] [32m[1mLinking CXX shared library libmoveit_exceptions.so[0m
[9.594s] [ 13%] Built target moveit_exceptions
[9.712s] [ 13%] [32m[1mLinking CXX shared library libmoveit_smoothing_base.so[0m
[9.788s] [ 13%] Built target moveit_smoothing_base
[10.806s] [ 13%] [32m[1mLinking CXX shared library libmoveit_kinematics_base.so[0m
[10.883s] [ 13%] Built target moveit_kinematics_base
[12.089s] [ 14%] [32m[1mLinking CXX shared library libmoveit_background_processing.so[0m
[12.162s] [ 14%] Built target moveit_background_processing
[12.422s] [ 15%] [32m[1mLinking CXX shared library libmoveit_distance_field.so[0m
[12.483s] [ 15%] [32m[1mLinking CXX static library libgtest.a[0m
[12.495s] [ 15%] Built target gtest
[12.527s] [ 15%] Built target moveit_distance_field
[12.532s] [ 15%] [32mBuilding CXX object distance_field/CMakeFiles/test_voxel_grid.dir/test/test_voxel_grid.cpp.o[0m
[12.532s] [ 16%] [32mBuilding CXX object distance_field/CMakeFiles/test_distance_field.dir/test/test_distance_field.cpp.o[0m
[13.646s] [ 17%] [32m[1mLinking CXX shared library libmoveit_transforms.so[0m
[13.733s] [ 17%] Built target moveit_transforms
[13.738s] [ 17%] [32mBuilding CXX object transforms/CMakeFiles/test_transforms.dir/test/test_transforms.cpp.o[0m
[14.618s] [ 18%] [32m[1mLinking CXX executable test_voxel_grid[0m
[14.687s] [ 18%] Built target test_voxel_grid
[14.873s] [ 18%] [32m[1mLinking CXX shared library libmoveit_profiler.so[0m
[14.946s] [ 18%] Built target moveit_profiler
[14.951s] [ 19%] [32mBuilding CXX object robot_model/CMakeFiles/moveit_robot_model.dir/src/aabb.cpp.o[0m
[14.951s] [ 19%] [32mBuilding CXX object robot_model/CMakeFiles/moveit_robot_model.dir/src/fixed_joint_model.cpp.o[0m
[14.951s] [ 20%] [32mBuilding CXX object robot_model/CMakeFiles/moveit_robot_model.dir/src/floating_joint_model.cpp.o[0m
[14.952s] [ 21%] [32mBuilding CXX object robot_model/CMakeFiles/moveit_robot_model.dir/src/joint_model.cpp.o[0m
[14.952s] [ 21%] [32mBuilding CXX object robot_model/CMakeFiles/moveit_robot_model.dir/src/joint_model_group.cpp.o[0m
[14.953s] [ 22%] [32mBuilding CXX object robot_model/CMakeFiles/moveit_robot_model.dir/src/link_model.cpp.o[0m
[14.953s] [ 22%] [32mBuilding CXX object robot_model/CMakeFiles/moveit_robot_model.dir/src/prismatic_joint_model.cpp.o[0m
[14.954s] [ 23%] [32mBuilding CXX object robot_model/CMakeFiles/moveit_robot_model.dir/src/planar_joint_model.cpp.o[0m
[14.954s] [ 24%] [32mBuilding CXX object robot_model/CMakeFiles/moveit_robot_model.dir/src/revolute_joint_model.cpp.o[0m
[14.954s] [ 24%] [32mBuilding CXX object robot_model/CMakeFiles/moveit_robot_model.dir/src/robot_model.cpp.o[0m
[15.506s] [ 25%] [32m[1mLinking CXX executable test_transforms[0m
[15.597s] [ 25%] Built target test_transforms
[18.092s] [ 26%] [32m[1mLinking CXX executable test_distance_field[0m
[18.240s] [ 26%] Built target test_distance_field
[26.973s] [ 27%] [32m[1mLinking CXX shared library libmoveit_robot_model.so[0m
[27.059s] [ 27%] Built target moveit_robot_model
[27.064s] [ 29%] [32mBuilding CXX object robot_state/CMakeFiles/moveit_robot_state.dir/src/attached_body.cpp.o[0m
[27.064s] [ 29%] [32mBuilding CXX object utils/CMakeFiles/moveit_test_utils.dir/src/robot_model_test_utils.cpp.o[0m
[27.064s] [ 29%] [32mBuilding CXX object online_signal_smoothing/CMakeFiles/moveit_butterworth_filter.dir/src/butterworth_filter.cpp.o[0m
[27.065s] [ 29%] [32mBuilding CXX object robot_state/CMakeFiles/moveit_robot_state.dir/src/conversions.cpp.o[0m
[27.065s] [ 30%] [32mBuilding CXX object robot_state/CMakeFiles/moveit_robot_state.dir/src/robot_state.cpp.o[0m
[27.065s] [ 30%] [32mBuilding CXX object robot_state/CMakeFiles/moveit_robot_state.dir/src/cartesian_interpolator.cpp.o[0m
[30.070s] [ 31%] [32m[1mLinking CXX shared library libmoveit_butterworth_filter.so[0m
[30.145s] [ 31%] Built target moveit_butterworth_filter
[30.149s] [ 31%] [32mBuilding CXX object online_signal_smoothing/CMakeFiles/test_butterworth_filter.dir/test/test_butterworth_filter.cpp.o[0m
[32.919s] [ 32%] [32m[1mLinking CXX shared library libmoveit_test_utils.so[0m
[33.006s] [ 32%] Built target moveit_test_utils
[33.011s] [ 33%] [32mBuilding CXX object robot_model/CMakeFiles/test_robot_model.dir/test/test.cpp.o[0m
[33.705s] [ 34%] [32m[1mLinking CXX executable test_butterworth_filter[0m
[33.784s] [ 34%] Built target test_butterworth_filter
[38.294s] [ 34%] [32m[1mLinking CXX executable test_robot_model[0m
[38.436s] [ 34%] Built target test_robot_model
[40.015s] [ 35%] [32m[1mLinking CXX shared library libmoveit_robot_state.so[0m
[40.116s] [ 35%] Built target moveit_robot_state
[40.120s] [ 36%] [32mBuilding CXX object robot_trajectory/CMakeFiles/moveit_robot_trajectory.dir/src/robot_trajectory.cpp.o[0m
[40.121s] [ 36%] [32mBuilding CXX object collision_detection/CMakeFiles/moveit_collision_detection.dir/src/allvalid/collision_env_allvalid.cpp.o[0m
[40.121s] [ 38%] [32mBuilding CXX object collision_detection/CMakeFiles/moveit_collision_detection.dir/src/collision_common.cpp.o[0m
[40.121s] [ 38%] [32mBuilding CXX object kinematics_metrics/CMakeFiles/moveit_kinematics_metrics.dir/src/kinematics_metrics.cpp.o[0m
[40.121s] [ 39%] [32mBuilding CXX object collision_detection/CMakeFiles/moveit_collision_detection.dir/src/collision_matrix.cpp.o[0m
[40.121s] [ 39%] [32mBuilding CXX object collision_detection/CMakeFiles/moveit_collision_detection.dir/src/collision_octomap_filter.cpp.o[0m
[40.121s] [ 40%] [32mBuilding CXX object collision_detection/CMakeFiles/moveit_collision_detection.dir/src/collision_tools.cpp.o[0m
[40.122s] [ 42%] [32mBuilding CXX object collision_detection/CMakeFiles/moveit_collision_detection.dir/src/world.cpp.o[0m
[40.122s] [ 42%] [32mBuilding CXX object dynamics_solver/CMakeFiles/moveit_dynamics_solver.dir/src/dynamics_solver.cpp.o[0m
[40.122s] [ 44%] [32mBuilding CXX object collision_detection/CMakeFiles/moveit_collision_detection.dir/src/collision_plugin_cache.cpp.o[0m
[40.122s] [ 44%] [32mBuilding CXX object collision_detection/CMakeFiles/moveit_collision_detection.dir/src/collision_env.cpp.o[0m
[40.122s] [ 44%] [32mBuilding CXX object collision_detection/CMakeFiles/moveit_collision_detection.dir/src/world_diff.cpp.o[0m
[40.122s] [ 44%] [32mBuilding CXX object robot_state/CMakeFiles/test_robot_state.dir/test/robot_state_test.cpp.o[0m
[40.122s] [ 45%] [32mBuilding CXX object robot_state/CMakeFiles/test_robot_state_benchmark.dir/test/robot_state_benchmark.cpp.o[0m
[40.123s] [ 46%] [32mBuilding CXX object robot_state/CMakeFiles/test_cartesian_interpolator.dir/test/test_cartesian_interpolator.cpp.o[0m
[40.123s] [ 46%] [32mBuilding CXX object robot_state/CMakeFiles/test_robot_state_complex.dir/test/test_kinematic_complex.cpp.o[0m
[40.123s] [ 46%] [32mBuilding CXX object robot_state/CMakeFiles/test_aabb.dir/test/test_aabb.cpp.o[0m
[47.884s] [ 46%] [32m[1mLinking CXX executable test_cartesian_interpolator[0m
[47.920s] [ 46%] [32m[1mLinking CXX shared library libmoveit_dynamics_solver.so[0m
[48.035s] [ 46%] Built target moveit_dynamics_solver
[48.139s] [ 46%] Built target test_cartesian_interpolator
[48.668s] [ 47%] [32m[1mLinking CXX executable test_robot_state_benchmark[0m
[48.851s] [ 47%] Built target test_robot_state_benchmark
[49.258s] [ 48%] [32m[1mLinking CXX executable test_aabb[0m
[49.430s] [ 48%] Built target test_aabb
[49.501s] [ 48%] [32m[1mLinking CXX executable test_robot_state[0m
[49.678s] [ 48%] Built target test_robot_state
[50.242s] [ 48%] [32m[1mLinking CXX shared library libmoveit_robot_trajectory.so[0m
[50.337s] [ 48%] Built target moveit_robot_trajectory
[50.343s] [ 48%] [32mBuilding CXX object trajectory_processing/CMakeFiles/moveit_trajectory_processing.dir/src/iterative_time_parameterization.cpp.o[0m
[50.343s] [ 48%] [32mBuilding CXX object planning_interface/CMakeFiles/moveit_planning_interface.dir/src/planning_interface.cpp.o[0m
[50.343s] [ 49%] [32mBuilding CXX object planning_interface/CMakeFiles/moveit_planning_interface.dir/src/planning_response.cpp.o[0m
[50.343s] [ 50%] [32mBuilding CXX object robot_trajectory/CMakeFiles/test_robot_trajectory.dir/test/test_robot_trajectory.cpp.o[0m
[50.343s] [ 51%] [32mBuilding CXX object trajectory_processing/CMakeFiles/moveit_trajectory_processing.dir/src/iterative_spline_parameterization.cpp.o[0m
[50.343s] [ 52%] [32mBuilding CXX object trajectory_processing/CMakeFiles/moveit_trajectory_processing.dir/src/trajectory_tools.cpp.o[0m
[50.344s] [ 52%] [32mBuilding CXX object trajectory_processing/CMakeFiles/moveit_trajectory_processing.dir/src/time_optimal_trajectory_generation.cpp.o[0m
[51.691s] [ 53%] [32m[1mLinking CXX shared library libmoveit_collision_detection.so[0m
[51.844s] [ 53%] Built target moveit_collision_detection
[51.850s] [ 54%] [32mBuilding CXX object collision_detection/CMakeFiles/test_world.dir/test/test_world.cpp.o[0m
[51.851s] [ 56%] [32mBuilding CXX object collision_detection_fcl/CMakeFiles/moveit_collision_detection_fcl.dir/src/collision_common.cpp.o[0m
[51.851s] [ 56%] [32mBuilding CXX object collision_detection/CMakeFiles/test_world_diff.dir/test/test_world_diff.cpp.o[0m
[51.851s] [ 57%] [32mBuilding CXX object collision_detection/CMakeFiles/test_all_valid.dir/test/test_all_valid.cpp.o[0m
[51.851s] [ 57%] [32mBuilding CXX object collision_detection_fcl/CMakeFiles/moveit_collision_detection_fcl.dir/src/collision_env_fcl.cpp.o[0m
[51.853s] [ 58%] [32mBuilding CXX object collision_detection_bullet/CMakeFiles/moveit_collision_detection_bullet.dir/src/bullet_integration/bullet_utils.cpp.o[0m
[51.853s] [ 58%] [32mBuilding CXX object collision_detection_bullet/CMakeFiles/moveit_collision_detection_bullet.dir/src/bullet_integration/bullet_discrete_bvh_manager.cpp.o[0m
[51.853s] [ 59%] [32mBuilding CXX object collision_detection_bullet/CMakeFiles/moveit_collision_detection_bullet.dir/src/bullet_integration/bullet_cast_bvh_manager.cpp.o[0m
[51.853s] [ 59%] [32mBuilding CXX object collision_detection_bullet/CMakeFiles/moveit_collision_detection_bullet.dir/src/collision_env_bullet.cpp.o[0m
[51.856s] [ 60%] [32mBuilding CXX object collision_detection_bullet/CMakeFiles/moveit_collision_detection_bullet.dir/src/bullet_integration/bullet_bvh_manager.cpp.o[0m
[51.856s] [ 61%] [32mBuilding CXX object collision_detection_bullet/CMakeFiles/moveit_collision_detection_bullet.dir/src/bullet_integration/contact_checker_common.cpp.o[0m
[51.858s] [ 61%] [32mBuilding CXX object collision_detection_bullet/CMakeFiles/moveit_collision_detection_bullet.dir/src/bullet_integration/ros_bullet_utils.cpp.o[0m
[52.529s] [ 62%] [32m[1mLinking CXX executable test_robot_state_complex[0m
[52.927s] [ 62%] Built target test_robot_state_complex
[58.617s] [ 63%] [32m[1mLinking CXX executable test_world_diff[0m
[59.015s] [ 63%] Built target test_world_diff
[59.265s] [ 64%] [32m[1mLinking CXX shared library libmoveit_trajectory_processing.so[0m
[59.494s] [ 64%] Built target moveit_trajectory_processing
[59.509s] [ 66%] [32mBuilding CXX object trajectory_processing/CMakeFiles/test_time_parameterization.dir/test/test_time_parameterization.cpp.o[0m
[59.510s] [ 66%] [32mBuilding CXX object trajectory_processing/CMakeFiles/test_time_optimal_trajectory_generation.dir/test/test_time_optimal_trajectory_generation.cpp.o[0m
[59.588s] [ 66%] [32m[1mLinking CXX executable test_world[0m
[59.860s] [ 66%] Built target test_world
[60.146s] [ 66%] [32m[1mLinking CXX executable test_robot_trajectory[0m
[60.223s] [ 66%] [32m[1mLinking CXX executable test_all_valid[0m
[60.350s] [ 66%] Built target test_robot_trajectory
[60.385s] [ 66%] Built target test_all_valid
[60.982s] [ 67%] [32m[1mLinking CXX shared library libmoveit_planning_interface.so[0m
[61.105s] [ 67%] Built target moveit_planning_interface
[61.341s] [ 68%] [32m[1mLinking CXX shared library libmoveit_kinematics_metrics.so[0m
[61.442s] [ 68%] Built target moveit_kinematics_metrics
[62.030s] [ 69%] [32m[1mLinking CXX shared library libmoveit_collision_detection_bullet.so[0m
[62.175s] [ 69%] Built target moveit_collision_detection_bullet
[62.181s] [ 70%] [32mBuilding CXX object collision_detection_bullet/CMakeFiles/test_bullet_collision_detection_panda.dir/test/test_bullet_collision_detection_panda.cpp.o[0m
[62.181s] [ 71%] [32mBuilding CXX object collision_detection_bullet/CMakeFiles/test_bullet_collision_detection.dir/test/test_bullet_collision_detection_pr2.cpp.o[0m
[62.182s] [ 71%] [32mBuilding CXX object collision_detection_bullet/CMakeFiles/test_bullet_continuous_collision_checking.dir/test/test_bullet_continuous_collision_checking.cpp.o[0m
[64.795s] [ 72%] [32m[1mLinking CXX shared library libmoveit_collision_detection_fcl.so[0m
[65.003s] [ 72%] [32m[1mLinking CXX executable test_time_optimal_trajectory_generation[0m
[65.116s] [ 72%] Built target moveit_collision_detection_fcl
[65.123s] [ 73%] [32mBuilding CXX object kinematic_constraints/CMakeFiles/moveit_kinematic_constraints.dir/src/kinematic_constraint.cpp.o[0m
[65.123s] [ 74%] [32mBuilding CXX object kinematic_constraints/CMakeFiles/moveit_kinematic_constraints.dir/src/utils.cpp.o[0m
[65.124s] [ 75%] [32mBuilding CXX object collision_detection_fcl/CMakeFiles/test_fcl_collision_env.dir/test/test_fcl_env.cpp.o[0m
[65.124s] [ 75%] [32mBuilding CXX object collision_detection_fcl/CMakeFiles/test_fcl_collision_detection.dir/test/test_fcl_collision_detection_pr2.cpp.o[0m
[65.124s] [ 75%] [32mBuilding CXX object collision_detection_fcl/CMakeFiles/test_fcl_collision_detection_panda.dir/test/test_fcl_collision_detection_panda.cpp.o[0m
[65.164s] [ 75%] Built target test_time_optimal_trajectory_generation
[67.390s] [ 76%] [32m[1mLinking CXX executable test_time_parameterization[0m
[67.679s] [ 76%] Built target test_time_parameterization
[67.815s] [ 77%] [32m[1mLinking CXX executable test_bullet_collision_detection_panda[0m
[68.149s] [ 77%] Built target test_bullet_collision_detection_panda
[68.163s] [ 78%] [32m[1mLinking CXX executable test_bullet_continuous_collision_checking[0m
[68.399s] [ 78%] Built target test_bullet_continuous_collision_checking
[69.161s] [ 78%] [32m[1mLinking CXX executable test_bullet_collision_detection[0m
[69.370s] [ 78%] Built target test_bullet_collision_detection
[71.857s] [ 79%] [32m[1mLinking CXX executable test_fcl_collision_detection[0m
[72.077s] [ 79%] Built target test_fcl_collision_detection
[74.663s] [ 79%] [32m[1mLinking CXX executable test_fcl_collision_env[0m
[74.861s] [ 79%] Built target test_fcl_collision_env
[74.989s] [ 80%] [32m[1mLinking CXX executable test_fcl_collision_detection_panda[0m
[75.168s] [ 80%] Built target test_fcl_collision_detection_panda
[77.820s] [ 80%] [32m[1mLinking CXX shared library libmoveit_kinematic_constraints.so[0m
[77.952s] [ 80%] Built target moveit_kinematic_constraints
[77.958s] [ 81%] [32mBuilding CXX object kinematic_constraints/CMakeFiles/test_constraints.dir/test/test_constraints.cpp.o[0m
[77.958s] [ 81%] [32mBuilding CXX object planning_scene/CMakeFiles/moveit_planning_scene.dir/src/planning_scene.cpp.o[0m
[77.958s] [ 81%] [32mBuilding CXX object kinematic_constraints/CMakeFiles/test_orientation_constraints.dir/test/test_orientation_constraints.cpp.o[0m
[83.287s] [ 82%] [32m[1mLinking CXX executable test_orientation_constraints[0m
[83.482s] [ 82%] Built target test_orientation_constraints
[84.178s] [ 82%] [32m[1mLinking CXX executable test_constraints[0m
[84.358s] [ 82%] Built target test_constraints
[88.249s] [ 83%] [32m[1mLinking CXX shared library libmoveit_planning_scene.so[0m
[88.390s] [ 83%] Built target moveit_planning_scene
[88.404s] [ 83%] [32mBuilding CXX object collision_detection_fcl/CMakeFiles/collision_detector_fcl_plugin.dir/src/collision_detector_fcl_plugin_loader.cpp.o[0m
[88.404s] [ 84%] [32mBuilding CXX object planning_scene/CMakeFiles/test_multi_threaded.dir/test/test_multi_threaded.cpp.o[0m
[88.405s] [ 84%] [32mBuilding CXX object constraint_samplers/CMakeFiles/moveit_constraint_samplers.dir/src/constraint_sampler.cpp.o[0m
[88.405s] [ 84%] [32mBuilding CXX object collision_distance_field/CMakeFiles/moveit_collision_distance_field.dir/src/collision_distance_field_types.cpp.o[0m
[88.405s] [ 85%] [32mBuilding CXX object collision_detection_bullet/CMakeFiles/collision_detector_bullet_plugin.dir/src/collision_detector_bullet_plugin_loader.cpp.o[0m
[88.405s] [ 85%] [32mBuilding CXX object planning_request_adapter/CMakeFiles/moveit_planning_request_adapter.dir/src/planning_request_adapter.cpp.o[0m
[88.405s] [ 85%] [32mBuilding CXX object constraint_samplers/CMakeFiles/moveit_constraint_samplers.dir/src/constraint_sampler_manager.cpp.o[0m
[88.406s] [ 88%] [32mBuilding CXX object collision_distance_field/CMakeFiles/moveit_collision_distance_field.dir/src/collision_common_distance_field.cpp.o[0m
[88.406s] [ 88%] [32mBuilding CXX object collision_distance_field/CMakeFiles/moveit_collision_distance_field.dir/src/collision_env_hybrid.cpp.o[0m
[88.406s] [ 88%] [32mBuilding CXX object collision_distance_field/CMakeFiles/moveit_collision_distance_field.dir/src/collision_env_distance_field.cpp.o[0m
[88.406s] [ 88%] [32mBuilding CXX object constraint_samplers/CMakeFiles/moveit_constraint_samplers.dir/src/default_constraint_samplers.cpp.o[0m
[88.406s] [ 89%] [32mBuilding CXX object planning_scene/CMakeFiles/test_planning_scene.dir/test/test_planning_scene.cpp.o[0m
[88.406s] [ 89%] [32mBuilding CXX object constraint_samplers/CMakeFiles/moveit_constraint_samplers.dir/src/constraint_sampler_tools.cpp.o[0m
[88.406s] [ 89%] [32mBuilding CXX object constraint_samplers/CMakeFiles/moveit_constraint_samplers.dir/src/union_constraint_sampler.cpp.o[0m
[88.406s] [ 89%] [32mBuilding CXX object planning_scene/CMakeFiles/test_collision_objects.dir/test/test_collision_objects.cpp.o[0m
[94.870s] [ 90%] [32m[1mLinking CXX executable test_multi_threaded[0m
[95.195s] [ 90%] Built target test_multi_threaded
[97.124s] [ 91%] [32m[1mLinking CXX shared library libcollision_detector_fcl_plugin.so[0m
[97.231s] [ 92%] [32m[1mLinking CXX shared library libcollision_detector_bullet_plugin.so[0m
[97.242s] [ 92%] Built target collision_detector_fcl_plugin
[97.356s] [ 92%] Built target collision_detector_bullet_plugin
[97.457s] [ 93%] [32m[1mLinking CXX shared library libmoveit_planning_request_adapter.so[0m
[97.598s] [ 93%] Built target moveit_planning_request_adapter
[99.458s] [ 93%] [32m[1mLinking CXX shared library libmoveit_constraint_samplers.so[0m
[99.568s] [ 93%] Built target moveit_constraint_samplers
[99.583s] [ 93%] [32mBuilding CXX object constraint_samplers/CMakeFiles/test_constraint_samplers.dir/test/test_constraint_samplers.cpp.o[0m
[99.584s] [ 94%] [32mBuilding CXX object constraint_samplers/CMakeFiles/test_constraint_samplers.dir/test/pr2_arm_kinematics_plugin.cpp.o[0m
[99.584s] [ 95%] [32mBuilding CXX object constraint_samplers/CMakeFiles/test_constraint_samplers.dir/test/pr2_arm_ik.cpp.o[0m
[100.322s] [ 96%] [32m[1mLinking CXX executable test_planning_scene[0m
[100.580s] [ 96%] Built target test_planning_scene
[100.741s] [ 97%] [32m[1mLinking CXX executable test_collision_objects[0m
[100.973s] [ 97%] Built target test_collision_objects
[102.490s] [ 98%] [32m[1mLinking CXX shared library libmoveit_collision_distance_field.so[0m
[102.670s] [ 98%] Built target moveit_collision_distance_field
[102.685s] [ 99%] [32mBuilding CXX object collision_distance_field/CMakeFiles/test_collision_distance_field.dir/test/test_collision_distance_field.cpp.o[0m
[107.052s] [ 99%] [32m[1mLinking CXX executable test_constraint_samplers[0m
[107.269s] [ 99%] Built target test_constraint_samplers
[108.673s] [100%] [32m[1mLinking CXX executable test_collision_distance_field[0m
[108.854s] [100%] Built target test_collision_distance_field
[108.867s] Invoked command in '/home/caleb/ros2_ws/build/moveit_core' returned '0': AMENT_PREFIX_PATH=/home/caleb/ros2_ws/install/moveit_common:${AMENT_PREFIX_PATH} CMAKE_PREFIX_PATH=/home/caleb/ros2_ws/install/moveit_common:/home/caleb/ros2_ws/install/spot_ros:/home/caleb/ros2_ws/install/spot_viz:/home/caleb/ros2_ws/install/spot_bringup:/home/caleb/ros2_ws/install/spot_navigation:/home/caleb/ros2_ws/install/spot_msgs:/home/caleb/ros2_ws/install/spot_gazebo:/home/caleb/ros2_ws/install/spot_description:/home/caleb/ros2_ws/install/spot_control:/home/caleb/ros2_ws/install/spot_arm_moveit2_config:/home/caleb/ros2_ws/install/optimization:/home/caleb/ros2_ws/install/spot_driver:/home/caleb/ros2_ws/install/spot_manipulation_driver:/opt/ros/galactic /usr/local/bin/cmake --build /home/caleb/ros2_ws/build/moveit_core -- -j20 -l20
[108.897s] Invoking command in '/home/caleb/ros2_ws/build/moveit_core': AMENT_PREFIX_PATH=/home/caleb/ros2_ws/install/moveit_common:${AMENT_PREFIX_PATH} CMAKE_PREFIX_PATH=/home/caleb/ros2_ws/install/moveit_common:/home/caleb/ros2_ws/install/spot_ros:/home/caleb/ros2_ws/install/spot_viz:/home/caleb/ros2_ws/install/spot_bringup:/home/caleb/ros2_ws/install/spot_navigation:/home/caleb/ros2_ws/install/spot_msgs:/home/caleb/ros2_ws/install/spot_gazebo:/home/caleb/ros2_ws/install/spot_description:/home/caleb/ros2_ws/install/spot_control:/home/caleb/ros2_ws/install/spot_arm_moveit2_config:/home/caleb/ros2_ws/install/optimization:/home/caleb/ros2_ws/install/spot_driver:/home/caleb/ros2_ws/install/spot_manipulation_driver:/opt/ros/galactic /usr/local/bin/cmake --install /home/caleb/ros2_ws/build/moveit_core
[108.901s] -- Install configuration: "Release"
[108.901s] -- Installing: /home/caleb/ros2_ws/install/moveit_core/include/moveit/version.h
[108.901s] -- Installing: /home/caleb/ros2_ws/install/moveit_core/lib/libmoveit_background_processing.so.2.3.4
[108.903s] -- Set runtime path of "/home/caleb/ros2_ws/install/moveit_core/lib/libmoveit_background_processing.so.2.3.4" to ""
[108.903s] -- Installing: /home/caleb/ros2_ws/install/moveit_core/lib/libmoveit_background_processing.so
[108.903s] -- Installing: /home/caleb/ros2_ws/install/moveit_core/lib/libmoveit_butterworth_filter.so.2.3.4
[108.903s] -- Set runtime path of "/home/caleb/ros2_ws/install/moveit_core/lib/libmoveit_butterworth_filter.so.2.3.4" to ""
[108.903s] -- Installing: /home/caleb/ros2_ws/install/moveit_core/lib/libmoveit_butterworth_filter.so
[108.903s] -- Installing: /home/caleb/ros2_ws/install/moveit_core/lib/libmoveit_collision_distance_field.so.2.3.4
[108.904s] -- Set runtime path of "/home/caleb/ros2_ws/install/moveit_core/lib/libmoveit_collision_distance_field.so.2.3.4" to ""
[108.904s] -- Installing: /home/caleb/ros2_ws/install/moveit_core/lib/libmoveit_collision_distance_field.so
[108.904s] -- Installing: /home/caleb/ros2_ws/install/moveit_core/lib/libmoveit_collision_detection.so.2.3.4
[108.906s] -- Set runtime path of "/home/caleb/ros2_ws/install/moveit_core/lib/libmoveit_collision_detection.so.2.3.4" to ""
[108.906s] -- Installing: /home/caleb/ros2_ws/install/moveit_core/lib/libmoveit_collision_detection.so
[108.906s] -- Installing: /home/caleb/ros2_ws/install/moveit_core/lib/libmoveit_collision_detection_fcl.so.2.3.4
[108.907s] -- Set runtime path of "/home/caleb/ros2_ws/install/moveit_core/lib/libmoveit_collision_detection_fcl.so.2.3.4" to ""
[108.907s] -- Installing: /home/caleb/ros2_ws/install/moveit_core/lib/libmoveit_collision_detection_fcl.so
[108.907s] -- Installing: /home/caleb/ros2_ws/install/moveit_core/lib/libmoveit_collision_detection_bullet.so.2.3.4
[108.909s] -- Set runtime path of "/home/caleb/ros2_ws/install/moveit_core/lib/libmoveit_collision_detection_bullet.so.2.3.4" to ""
[108.909s] -- Installing: /home/caleb/ros2_ws/install/moveit_core/lib/libmoveit_collision_detection_bullet.so
[108.909s] -- Installing: /home/caleb/ros2_ws/install/moveit_core/lib/libmoveit_dynamics_solver.so.2.3.4
[108.909s] -- Set runtime path of "/home/caleb/ros2_ws/install/moveit_core/lib/libmoveit_dynamics_solver.so.2.3.4" to ""
[108.909s] -- Installing: /home/caleb/ros2_ws/install/moveit_core/lib/libmoveit_dynamics_solver.so
[108.909s] -- Installing: /home/caleb/ros2_ws/install/moveit_core/lib/libmoveit_constraint_samplers.so.2.3.4
[108.910s] -- Set runtime path of "/home/caleb/ros2_ws/install/moveit_core/lib/libmoveit_constraint_samplers.so.2.3.4" to ""
[108.910s] -- Installing: /home/caleb/ros2_ws/install/moveit_core/lib/libmoveit_constraint_samplers.so
[108.910s] -- Installing: /home/caleb/ros2_ws/install/moveit_core/lib/libmoveit_distance_field.so.2.3.4
[108.911s] -- Set runtime path of "/home/caleb/ros2_ws/install/moveit_core/lib/libmoveit_distance_field.so.2.3.4" to ""
[108.911s] -- Installing: /home/caleb/ros2_ws/install/moveit_core/lib/libmoveit_distance_field.so
[108.911s] -- Installing: /home/caleb/ros2_ws/install/moveit_core/lib/libmoveit_exceptions.so.2.3.4
[108.911s] -- Set runtime path of "/home/caleb/ros2_ws/install/moveit_core/lib/libmoveit_exceptions.so.2.3.4" to ""
[108.911s] -- Installing: /home/caleb/ros2_ws/install/moveit_core/lib/libmoveit_exceptions.so
[108.912s] -- Installing: /home/caleb/ros2_ws/install/moveit_core/lib/libmoveit_kinematics_base.so
[108.912s] -- Set runtime path of "/home/caleb/ros2_ws/install/moveit_core/lib/libmoveit_kinematics_base.so" to ""
[108.912s] -- Installing: /home/caleb/ros2_ws/install/moveit_core/lib/libmoveit_kinematic_constraints.so.2.3.4
[108.913s] -- Set runtime path of "/home/caleb/ros2_ws/install/moveit_core/lib/libmoveit_kinematic_constraints.so.2.3.4" to ""
[108.913s] -- Installing: /home/caleb/ros2_ws/install/moveit_core/lib/libmoveit_kinematic_constraints.so
[108.913s] -- Installing: /home/caleb/ros2_ws/install/moveit_core/lib/libmoveit_kinematics_metrics.so.2.3.4
[108.914s] -- Set runtime path of "/home/caleb/ros2_ws/install/moveit_core/lib/libmoveit_kinematics_metrics.so.2.3.4" to ""
[108.914s] -- Installing: /home/caleb/ros2_ws/install/moveit_core/lib/libmoveit_kinematics_metrics.so
[108.914s] -- Installing: /home/caleb/ros2_ws/install/moveit_core/lib/libmoveit_planning_interface.so.2.3.4
[108.915s] -- Set runtime path of "/home/caleb/ros2_ws/install/moveit_core/lib/libmoveit_planning_interface.so.2.3.4" to ""
[108.915s] -- Installing: /home/caleb/ros2_ws/install/moveit_core/lib/libmoveit_planning_interface.so
[108.915s] -- Installing: /home/caleb/ros2_ws/install/moveit_core/lib/libmoveit_planning_scene.so.2.3.4
[108.916s] -- Set runtime path of "/home/caleb/ros2_ws/install/moveit_core/lib/libmoveit_planning_scene.so.2.3.4" to ""
[108.916s] -- Installing: /home/caleb/ros2_ws/install/moveit_core/lib/libmoveit_planning_scene.so
[108.916s] -- Installing: /home/caleb/ros2_ws/install/moveit_core/lib/libmoveit_planning_request_adapter.so.2.3.4
[108.916s] -- Set runtime path of "/home/caleb/ros2_ws/install/moveit_core/lib/libmoveit_planning_request_adapter.so.2.3.4" to ""
[108.916s] -- Installing: /home/caleb/ros2_ws/install/moveit_core/lib/libmoveit_planning_request_adapter.so
[108.916s] -- Installing: /home/caleb/ros2_ws/install/moveit_core/lib/libmoveit_profiler.so.2.3.4
[108.917s] -- Set runtime path of "/home/caleb/ros2_ws/install/moveit_core/lib/libmoveit_profiler.so.2.3.4" to ""
[108.917s] -- Installing: /home/caleb/ros2_ws/install/moveit_core/lib/libmoveit_profiler.so
[108.917s] -- Installing: /home/caleb/ros2_ws/install/moveit_core/lib/libmoveit_robot_model.so.2.3.4
[108.919s] -- Set runtime path of "/home/caleb/ros2_ws/install/moveit_core/lib/libmoveit_robot_model.so.2.3.4" to ""
[108.919s] -- Installing: /home/caleb/ros2_ws/install/moveit_core/lib/libmoveit_robot_model.so
[108.919s] -- Installing: /home/caleb/ros2_ws/install/moveit_core/lib/libmoveit_robot_state.so.2.3.4
[108.921s] -- Set runtime path of "/home/caleb/ros2_ws/install/moveit_core/lib/libmoveit_robot_state.so.2.3.4" to ""
[108.921s] -- Installing: /home/caleb/ros2_ws/install/moveit_core/lib/libmoveit_robot_state.so
[108.921s] -- Installing: /home/caleb/ros2_ws/install/moveit_core/lib/libmoveit_robot_trajectory.so.2.3.4
[108.922s] -- Set runtime path of "/home/caleb/ros2_ws/install/moveit_core/lib/libmoveit_robot_trajectory.so.2.3.4" to ""
[108.922s] -- Installing: /home/caleb/ros2_ws/install/moveit_core/lib/libmoveit_robot_trajectory.so
[108.922s] -- Installing: /home/caleb/ros2_ws/install/moveit_core/lib/libmoveit_smoothing_base.so.2.3.4
[108.922s] -- Set runtime path of "/home/caleb/ros2_ws/install/moveit_core/lib/libmoveit_smoothing_base.so.2.3.4" to ""
[108.922s] -- Installing: /home/caleb/ros2_ws/install/moveit_core/lib/libmoveit_smoothing_base.so
[108.922s] -- Installing: /home/caleb/ros2_ws/install/moveit_core/lib/libmoveit_test_utils.so.2.3.4
[108.923s] -- Set runtime path of "/home/caleb/ros2_ws/install/moveit_core/lib/libmoveit_test_utils.so.2.3.4" to ""
[108.923s] -- Installing: /home/caleb/ros2_ws/install/moveit_core/lib/libmoveit_test_utils.so
[108.923s] -- Installing: /home/caleb/ros2_ws/install/moveit_core/lib/libmoveit_trajectory_processing.so.2.3.4
[108.924s] -- Set runtime path of "/home/caleb/ros2_ws/install/moveit_core/lib/libmoveit_trajectory_processing.so.2.3.4" to ""
[108.924s] -- Installing: /home/caleb/ros2_ws/install/moveit_core/lib/libmoveit_trajectory_processing.so
[108.924s] -- Installing: /home/caleb/ros2_ws/install/moveit_core/lib/libmoveit_transforms.so.2.3.4
[108.924s] -- Set runtime path of "/home/caleb/ros2_ws/install/moveit_core/lib/libmoveit_transforms.so.2.3.4" to ""
[108.924s] -- Installing: /home/caleb/ros2_ws/install/moveit_core/lib/libmoveit_transforms.so
[108.925s] -- Installing: /home/caleb/ros2_ws/install/moveit_core/lib/libmoveit_utils.so.2.3.4
[108.925s] -- Set runtime path of "/home/caleb/ros2_ws/install/moveit_core/lib/libmoveit_utils.so.2.3.4" to ""
[108.925s] -- Installing: /home/caleb/ros2_ws/install/moveit_core/lib/libmoveit_utils.so
[108.925s] -- Installing: /home/caleb/ros2_ws/install/moveit_core/share/moveit_core/environment/library_path.sh
[108.925s] -- Installing: /home/caleb/ros2_ws/install/moveit_core/share/moveit_core/environment/library_path.dsv
[108.925s] -- Installing: /home/caleb/ros2_ws/install/moveit_core/share/moveit_core/collision_detector_fcl_description.xml
[108.925s] -- Installing: /home/caleb/ros2_ws/install/moveit_core/share/moveit_core/collision_detector_bullet_description.xml
[108.926s] -- Installing: /home/caleb/ros2_ws/install/moveit_core/share/moveit_core/filter_plugin_butterworth.xml
[108.926s] -- Installing: /home/caleb/ros2_ws/install/moveit_core/share/ament_index/resource_index/package_run_dependencies/moveit_core
[108.926s] -- Installing: /home/caleb/ros2_ws/install/moveit_core/share/ament_index/resource_index/parent_prefix_path/moveit_core
[108.927s] -- Installing: /home/caleb/ros2_ws/install/moveit_core/share/moveit_core/environment/ament_prefix_path.sh
[108.927s] -- Installing: /home/caleb/ros2_ws/install/moveit_core/share/moveit_core/environment/ament_prefix_path.dsv
[108.927s] -- Installing: /home/caleb/ros2_ws/install/moveit_core/share/moveit_core/environment/path.sh
[108.927s] -- Installing: /home/caleb/ros2_ws/install/moveit_core/share/moveit_core/environment/path.dsv
[108.927s] -- Installing: /home/caleb/ros2_ws/install/moveit_core/share/moveit_core/local_setup.bash
[108.927s] -- Installing: /home/caleb/ros2_ws/install/moveit_core/share/moveit_core/local_setup.sh
[108.928s] -- Installing: /home/caleb/ros2_ws/install/moveit_core/share/moveit_core/local_setup.zsh
[108.928s] -- Installing: /home/caleb/ros2_ws/install/moveit_core/share/moveit_core/local_setup.dsv
[108.928s] -- Installing: /home/caleb/ros2_ws/install/moveit_core/share/moveit_core/package.dsv
[108.928s] -- Installing: /home/caleb/ros2_ws/install/moveit_core/share/ament_index/resource_index/packages/moveit_core
[108.928s] -- Installing: /home/caleb/ros2_ws/install/moveit_core/share/ament_index/resource_index/moveit_core__pluginlib__plugin/moveit_core
[108.928s] -- Installing: /home/caleb/ros2_ws/install/moveit_core/share/moveit_core/cmake/export_moveit_coreExport.cmake
[108.929s] -- Installing: /home/caleb/ros2_ws/install/moveit_core/share/moveit_core/cmake/export_moveit_coreExport-release.cmake
[108.929s] -- Installing: /home/caleb/ros2_ws/install/moveit_core/share/moveit_core/cmake/ConfigExtras.cmake
[108.929s] -- Installing: /home/caleb/ros2_ws/install/moveit_core/share/moveit_core/cmake/ament_cmake_export_targets-extras.cmake
[108.929s] -- Installing: /home/caleb/ros2_ws/install/moveit_core/share/moveit_core/cmake/ament_cmake_export_dependencies-extras.cmake
[108.930s] -- Installing: /home/caleb/ros2_ws/install/moveit_core/share/moveit_core/cmake/moveit_coreConfig.cmake
[108.930s] -- Installing: /home/caleb/ros2_ws/install/moveit_core/share/moveit_core/cmake/moveit_coreConfig-version.cmake
[108.930s] -- Installing: /home/caleb/ros2_ws/install/moveit_core/share/moveit_core/package.xml
[108.930s] -- Up-to-date: /home/caleb/ros2_ws/install/moveit_core/include
[108.930s] -- Up-to-date: /home/caleb/ros2_ws/install/moveit_core/include/moveit
[108.930s] -- Installing: /home/caleb/ros2_ws/install/moveit_core/include/moveit/background_processing
[108.930s] -- Installing: /home/caleb/ros2_ws/install/moveit_core/include/moveit/background_processing/background_processing.h
[108.931s] -- Up-to-date: /home/caleb/ros2_ws/install/moveit_core/include
[108.931s] -- Up-to-date: /home/caleb/ros2_ws/install/moveit_core/include/moveit
[108.931s] -- Installing: /home/caleb/ros2_ws/install/moveit_core/include/moveit/backtrace
[108.931s] -- Installing: /home/caleb/ros2_ws/install/moveit_core/include/moveit/backtrace/backtrace.h
[108.931s] -- Up-to-date: /home/caleb/ros2_ws/install/moveit_core/include
[108.931s] -- Up-to-date: /home/caleb/ros2_ws/install/moveit_core/include/moveit
[108.931s] -- Installing: /home/caleb/ros2_ws/install/moveit_core/include/moveit/collision_distance_field
[108.931s] -- Installing: /home/caleb/ros2_ws/install/moveit_core/include/moveit/collision_distance_field/collision_common_distance_field.h
[108.931s] -- Installing: /home/caleb/ros2_ws/install/moveit_core/include/moveit/collision_distance_field/collision_detector_allocator_distance_field.h
[108.931s] -- Installing: /home/caleb/ros2_ws/install/moveit_core/include/moveit/collision_distance_field/collision_env_hybrid.h
[108.931s] -- Installing: /home/caleb/ros2_ws/install/moveit_core/include/moveit/collision_distance_field/collision_env_distance_field.h
[108.932s] -- Installing: /home/caleb/ros2_ws/install/moveit_core/include/moveit/collision_distance_field/collision_distance_field_types.h
[108.932s] -- Installing: /home/caleb/ros2_ws/install/moveit_core/include/moveit/collision_distance_field/collision_detector_allocator_hybrid.h
[108.932s] -- Installing: /home/caleb/ros2_ws/install/moveit_core/include/moveit_collision_distance_field_export.h
[108.932s] -- Up-to-date: /home/caleb/ros2_ws/install/moveit_core/include
[108.932s] -- Up-to-date: /home/caleb/ros2_ws/install/moveit_core/include/moveit
[108.932s] -- Installing: /home/caleb/ros2_ws/install/moveit_core/include/moveit/constraint_samplers
[108.932s] -- Installing: /home/caleb/ros2_ws/install/moveit_core/include/moveit/constraint_samplers/union_constraint_sampler.h
[108.932s] -- Installing: /home/caleb/ros2_ws/install/moveit_core/include/moveit/constraint_samplers/constraint_sampler.h
[108.932s] -- Installing: /home/caleb/ros2_ws/install/moveit_core/include/moveit/constraint_samplers/constraint_sampler_allocator.h
[108.932s] -- Installing: /home/caleb/ros2_ws/install/moveit_core/include/moveit/constraint_samplers/default_constraint_samplers.h
[108.932s] -- Installing: /home/caleb/ros2_ws/install/moveit_core/include/moveit/constraint_samplers/constraint_sampler_tools.h
[108.932s] -- Installing: /home/caleb/ros2_ws/install/moveit_core/include/moveit/constraint_samplers/constraint_sampler_manager.h
[108.933s] -- Up-to-date: /home/caleb/ros2_ws/install/moveit_core/include
[108.933s] -- Up-to-date: /home/caleb/ros2_ws/install/moveit_core/include/moveit
[108.933s] -- Installing: /home/caleb/ros2_ws/install/moveit_core/include/moveit/controller_manager
[108.933s] -- Installing: /home/caleb/ros2_ws/install/moveit_core/include/moveit/controller_manager/controller_manager.h
[108.933s] -- Up-to-date: /home/caleb/ros2_ws/install/moveit_core/include
[108.933s] -- Up-to-date: /home/caleb/ros2_ws/install/moveit_core/include/moveit
[108.933s] -- Installing: /home/caleb/ros2_ws/install/moveit_core/include/moveit/distance_field
[108.933s] -- Installing: /home/caleb/ros2_ws/install/moveit_core/include/moveit/distance_field/propagation_distance_field.h
[108.933s] -- Installing: /home/caleb/ros2_ws/install/moveit_core/include/moveit/distance_field/find_internal_points.h
[108.933s] -- Installing: /home/caleb/ros2_ws/install/moveit_core/include/moveit/distance_field/distance_field.h
[108.933s] -- Installing: /home/caleb/ros2_ws/install/moveit_core/include/moveit/distance_field/voxel_grid.h
[108.933s] -- Up-to-date: /home/caleb/ros2_ws/install/moveit_core/include
[108.934s] -- Up-to-date: /home/caleb/ros2_ws/install/moveit_core/include/moveit
[108.934s] -- Installing: /home/caleb/ros2_ws/install/moveit_core/include/moveit/dynamics_solver
[108.934s] -- Installing: /home/caleb/ros2_ws/install/moveit_core/include/moveit/dynamics_solver/dynamics_solver.h
[108.934s] -- Up-to-date: /home/caleb/ros2_ws/install/moveit_core/include
[108.934s] -- Up-to-date: /home/caleb/ros2_ws/install/moveit_core/include/moveit
[108.934s] -- Installing: /home/caleb/ros2_ws/install/moveit_core/include/moveit/exceptions
[108.934s] -- Installing: /home/caleb/ros2_ws/install/moveit_core/include/moveit/exceptions/exceptions.h
[108.934s] -- Up-to-date: /home/caleb/ros2_ws/install/moveit_core/include
[108.934s] -- Up-to-date: /home/caleb/ros2_ws/install/moveit_core/include/moveit
[108.934s] -- Installing: /home/caleb/ros2_ws/install/moveit_core/include/moveit/kinematics_base
[108.934s] -- Installing: /home/caleb/ros2_ws/install/moveit_core/include/moveit/kinematics_base/kinematics_base.h
[108.935s] -- Installing: /home/caleb/ros2_ws/install/moveit_core/include/moveit_kinematics_base_export.h
[108.935s] -- Up-to-date: /home/caleb/ros2_ws/install/moveit_core/include
[108.935s] -- Up-to-date: /home/caleb/ros2_ws/install/moveit_core/include/moveit
[108.935s] -- Installing: /home/caleb/ros2_ws/install/moveit_core/include/moveit/kinematic_constraints
[108.935s] -- Installing: /home/caleb/ros2_ws/install/moveit_core/include/moveit/kinematic_constraints/kinematic_constraint.h
[108.935s] -- Installing: /home/caleb/ros2_ws/install/moveit_core/include/moveit/kinematic_constraints/utils.h
[108.935s] -- Up-to-date: /home/caleb/ros2_ws/install/moveit_core/include
[108.935s] -- Up-to-date: /home/caleb/ros2_ws/install/moveit_core/include/moveit
[108.935s] -- Installing: /home/caleb/ros2_ws/install/moveit_core/include/moveit/kinematics_metrics
[108.935s] -- Installing: /home/caleb/ros2_ws/install/moveit_core/include/moveit/kinematics_metrics/kinematics_metrics.h
[108.935s] -- Up-to-date: /home/caleb/ros2_ws/install/moveit_core/include
[108.936s] -- Up-to-date: /home/caleb/ros2_ws/install/moveit_core/include/moveit
[108.936s] -- Installing: /home/caleb/ros2_ws/install/moveit_core/include/moveit/macros
[108.936s] -- Installing: /home/caleb/ros2_ws/install/moveit_core/include/moveit/macros/class_forward.h
[108.936s] -- Installing: /home/caleb/ros2_ws/install/moveit_core/include/moveit/macros/declare_ptr.h
[108.936s] -- Installing: /home/caleb/ros2_ws/install/moveit_core/include/moveit/macros/deprecation.h
[108.936s] -- Installing: /home/caleb/ros2_ws/install/moveit_core/include/moveit/macros/console_colors.h
[108.936s] -- Up-to-date: /home/caleb/ros2_ws/install/moveit_core/include
[108.936s] -- Up-to-date: /home/caleb/ros2_ws/install/moveit_core/include/moveit
[108.936s] -- Installing: /home/caleb/ros2_ws/install/moveit_core/include/moveit/online_signal_smoothing
[108.936s] -- Installing: /home/caleb/ros2_ws/install/moveit_core/include/moveit/online_signal_smoothing/smoothing_base_class.h
[108.936s] -- Installing: /home/caleb/ros2_ws/install/moveit_core/include/moveit/online_signal_smoothing/butterworth_filter.h
[108.936s] -- Installing: /home/caleb/ros2_ws/install/moveit_core/include/moveit_smoothing_base_export.h
[108.937s] -- Installing: /home/caleb/ros2_ws/install/moveit_core/include/moveit_butterworth_filter_export.h
[108.937s] -- Up-to-date: /home/caleb/ros2_ws/install/moveit_core/include
[108.937s] -- Up-to-date: /home/caleb/ros2_ws/install/moveit_core/include/moveit
[108.937s] -- Installing: /home/caleb/ros2_ws/install/moveit_core/include/moveit/planning_interface
[108.937s] -- Installing: /home/caleb/ros2_ws/install/moveit_core/include/moveit/planning_interface/planning_response.h
[108.937s] -- Installing: /home/caleb/ros2_ws/install/moveit_core/include/moveit/planning_interface/planning_request.h
[108.937s] -- Installing: /home/caleb/ros2_ws/install/moveit_core/include/moveit/planning_interface/planning_interface.h
[108.937s] -- Up-to-date: /home/caleb/ros2_ws/install/moveit_core/include
[108.937s] -- Up-to-date: /home/caleb/ros2_ws/install/moveit_core/include/moveit
[108.937s] -- Installing: /home/caleb/ros2_ws/install/moveit_core/include/moveit/planning_request_adapter
[108.937s] -- Installing: /home/caleb/ros2_ws/install/moveit_core/include/moveit/planning_request_adapter/planning_request_adapter.h
[108.937s] -- Up-to-date: /home/caleb/ros2_ws/install/moveit_core/include
[108.938s] -- Up-to-date: /home/caleb/ros2_ws/install/moveit_core/include/moveit
[108.938s] -- Installing: /home/caleb/ros2_ws/install/moveit_core/include/moveit/planning_scene
[108.938s] -- Installing: /home/caleb/ros2_ws/install/moveit_core/include/moveit/planning_scene/planning_scene.h
[108.938s] -- Installing: /home/caleb/ros2_ws/install/moveit_core/include/moveit_planning_scene_export.h
[108.938s] -- Up-to-date: /home/caleb/ros2_ws/install/moveit_core/include
[108.938s] -- Up-to-date: /home/caleb/ros2_ws/install/moveit_core/include/moveit
[108.938s] -- Installing: /home/caleb/ros2_ws/install/moveit_core/include/moveit/profiler
[108.938s] -- Installing: /home/caleb/ros2_ws/install/moveit_core/include/moveit/profiler/profiler.h
[108.938s] -- Up-to-date: /home/caleb/ros2_ws/install/moveit_core/include
[108.938s] -- Up-to-date: /home/caleb/ros2_ws/install/moveit_core/include/moveit
[108.938s] -- Installing: /home/caleb/ros2_ws/install/moveit_core/include/moveit/robot_model
[108.939s] -- Installing: /home/caleb/ros2_ws/install/moveit_core/include/moveit/robot_model/fixed_joint_model.h
[108.939s] -- Installing: /home/caleb/ros2_ws/install/moveit_core/include/moveit/robot_model/floating_joint_model.h
[108.939s] -- Installing: /home/caleb/ros2_ws/install/moveit_core/include/moveit/robot_model/prismatic_joint_model.h
[108.939s] -- Installing: /home/caleb/ros2_ws/install/moveit_core/include/moveit/robot_model/joint_model_group.h
[108.939s] -- Installing: /home/caleb/ros2_ws/install/moveit_core/include/moveit/robot_model/revolute_joint_model.h
[108.939s] -- Installing: /home/caleb/ros2_ws/install/moveit_core/include/moveit/robot_model/planar_joint_model.h
[108.939s] -- Installing: /home/caleb/ros2_ws/install/moveit_core/include/moveit/robot_model/joint_model.h
[108.939s] -- Installing: /home/caleb/ros2_ws/install/moveit_core/include/moveit/robot_model/robot_model.h
[108.939s] -- Installing: /home/caleb/ros2_ws/install/moveit_core/include/moveit/robot_model/aabb.h
[108.939s] -- Installing: /home/caleb/ros2_ws/install/moveit_core/include/moveit/robot_model/link_model.h
[108.939s] -- Up-to-date: /home/caleb/ros2_ws/install/moveit_core/include
[108.939s] -- Up-to-date: /home/caleb/ros2_ws/install/moveit_core/include/moveit
[108.939s] -- Installing: /home/caleb/ros2_ws/install/moveit_core/include/moveit/robot_state
[108.940s] -- Installing: /home/caleb/ros2_ws/install/moveit_core/include/moveit/robot_state/robot_state.h
[108.940s] -- Installing: /home/caleb/ros2_ws/install/moveit_core/include/moveit/robot_state/attached_body.h
[108.940s] -- Installing: /home/caleb/ros2_ws/install/moveit_core/include/moveit/robot_state/conversions.h
[108.940s] -- Installing: /home/caleb/ros2_ws/install/moveit_core/include/moveit/robot_state/cartesian_interpolator.h
[108.940s] -- Up-to-date: /home/caleb/ros2_ws/install/moveit_core/include
[108.940s] -- Up-to-date: /home/caleb/ros2_ws/install/moveit_core/include/moveit
[108.940s] -- Installing: /home/caleb/ros2_ws/install/moveit_core/include/moveit/robot_trajectory
[108.940s] -- Installing: /home/caleb/ros2_ws/install/moveit_core/include/moveit/robot_trajectory/robot_trajectory.h
[108.940s] -- Up-to-date: /home/caleb/ros2_ws/install/moveit_core/include
[108.940s] -- Up-to-date: /home/caleb/ros2_ws/install/moveit_core/include/moveit
[108.940s] -- Installing: /home/caleb/ros2_ws/install/moveit_core/include/moveit/sensor_manager
[108.941s] -- Installing: /home/caleb/ros2_ws/install/moveit_core/include/moveit/sensor_manager/sensor_manager.h
[108.941s] -- Up-to-date: /home/caleb/ros2_ws/install/moveit_core/include
[108.941s] -- Up-to-date: /home/caleb/ros2_ws/install/moveit_core/include/moveit
[108.941s] -- Installing: /home/caleb/ros2_ws/install/moveit_core/include/moveit/trajectory_processing
[108.941s] -- Installing: /home/caleb/ros2_ws/install/moveit_core/include/moveit/trajectory_processing/time_optimal_trajectory_generation.h
[108.941s] -- Installing: /home/caleb/ros2_ws/install/moveit_core/include/moveit/trajectory_processing/trajectory_tools.h
[108.941s] -- Installing: /home/caleb/ros2_ws/install/moveit_core/include/moveit/trajectory_processing/iterative_spline_parameterization.h
[108.941s] -- Installing: /home/caleb/ros2_ws/install/moveit_core/include/moveit/trajectory_processing/iterative_time_parameterization.h
[108.941s] -- Up-to-date: /home/caleb/ros2_ws/install/moveit_core/include
[108.941s] -- Up-to-date: /home/caleb/ros2_ws/install/moveit_core/include/moveit
[108.941s] -- Installing: /home/caleb/ros2_ws/install/moveit_core/include/moveit/transforms
[108.941s] -- Installing: /home/caleb/ros2_ws/install/moveit_core/include/moveit/transforms/transforms.h
[108.942s] -- Up-to-date: /home/caleb/ros2_ws/install/moveit_core/include
[108.942s] -- Up-to-date: /home/caleb/ros2_ws/install/moveit_core/include/moveit
[108.942s] -- Installing: /home/caleb/ros2_ws/install/moveit_core/include/moveit/utils
[108.942s] -- Installing: /home/caleb/ros2_ws/install/moveit_core/include/moveit/utils/robot_model_test_utils.h
[108.942s] -- Installing: /home/caleb/ros2_ws/install/moveit_core/include/moveit/utils/lexical_casts.h
[108.942s] -- Installing: /home/caleb/ros2_ws/install/moveit_core/include/moveit/utils/rclcpp_utils.h
[108.942s] -- Installing: /home/caleb/ros2_ws/install/moveit_core/include/moveit/utils/message_checks.h
[108.942s] -- Installing: /home/caleb/ros2_ws/install/moveit_core/bin/moveit_version
[108.942s] -- Up-to-date: /home/caleb/ros2_ws/install/moveit_core/include
[108.942s] -- Up-to-date: /home/caleb/ros2_ws/install/moveit_core/include/moveit
[108.942s] -- Installing: /home/caleb/ros2_ws/install/moveit_core/include/moveit/collision_detection
[108.942s] -- Installing: /home/caleb/ros2_ws/install/moveit_core/include/moveit/collision_detection/occupancy_map.h
[108.943s] -- Installing: /home/caleb/ros2_ws/install/moveit_core/include/moveit/collision_detection/collision_matrix.h
[108.943s] -- Installing: /home/caleb/ros2_ws/install/moveit_core/include/moveit/collision_detection/collision_plugin_cache.h
[108.943s] -- Installing: /home/caleb/ros2_ws/install/moveit_core/include/moveit/collision_detection/test_collision_common_panda.h
[108.943s] -- Installing: /home/caleb/ros2_ws/install/moveit_core/include/moveit/collision_detection/collision_tools.h
[108.943s] -- Installing: /home/caleb/ros2_ws/install/moveit_core/include/moveit/collision_detection/allvalid
[108.943s] -- Installing: /home/caleb/ros2_ws/install/moveit_core/include/moveit/collision_detection/allvalid/collision_detector_allocator_allvalid.h
[108.943s] -- Installing: /home/caleb/ros2_ws/install/moveit_core/include/moveit/collision_detection/allvalid/collision_env_allvalid.h
[108.943s] -- Installing: /home/caleb/ros2_ws/install/moveit_core/include/moveit/collision_detection/test_collision_common_pr2.h
[108.943s] -- Installing: /home/caleb/ros2_ws/install/moveit_core/include/moveit/collision_detection/collision_common.h
[108.943s] -- Installing: /home/caleb/ros2_ws/install/moveit_core/include/moveit/collision_detection/collision_env.h
[108.943s] -- Installing: /home/caleb/ros2_ws/install/moveit_core/include/moveit/collision_detection/collision_plugin.h
[108.944s] -- Installing: /home/caleb/ros2_ws/install/moveit_core/include/moveit/collision_detection/collision_octomap_filter.h
[108.944s] -- Installing: /home/caleb/ros2_ws/install/moveit_core/include/moveit/collision_detection/collision_detector_allocator.h
[108.944s] -- Installing: /home/caleb/ros2_ws/install/moveit_core/include/moveit/collision_detection/world_diff.h
[108.944s] -- Installing: /home/caleb/ros2_ws/install/moveit_core/include/moveit/collision_detection/world.h
[108.944s] -- Installing: /home/caleb/ros2_ws/install/moveit_core/include/moveit_collision_detection_export.h
[108.944s] -- Up-to-date: /home/caleb/ros2_ws/install/moveit_core/include
[108.945s] -- Up-to-date: /home/caleb/ros2_ws/install/moveit_core/include/moveit
[108.945s] -- Installing: /home/caleb/ros2_ws/install/moveit_core/include/moveit/collision_detection_bullet
[108.945s] -- Installing: /home/caleb/ros2_ws/install/moveit_core/include/moveit/collision_detection_bullet/collision_detector_bullet_plugin_loader.h
[108.946s] -- Installing: /home/caleb/ros2_ws/install/moveit_core/include/moveit/collision_detection_bullet/bullet_integration
[108.946s] -- Installing: /home/caleb/ros2_ws/install/moveit_core/include/moveit/collision_detection_bullet/bullet_integration/basic_types.h
[108.946s] -- Installing: /home/caleb/ros2_ws/install/moveit_core/include/moveit/collision_detection_bullet/bullet_integration/bullet_discrete_bvh_manager.h
[108.946s] -- Installing: /home/caleb/ros2_ws/install/moveit_core/include/moveit/collision_detection_bullet/bullet_integration/bullet_bvh_manager.h
[108.946s] -- Installing: /home/caleb/ros2_ws/install/moveit_core/include/moveit/collision_detection_bullet/bullet_integration/contact_checker_common.h
[108.946s] -- Installing: /home/caleb/ros2_ws/install/moveit_core/include/moveit/collision_detection_bullet/bullet_integration/bullet_utils.h
[108.947s] -- Installing: /home/caleb/ros2_ws/install/moveit_core/include/moveit/collision_detection_bullet/bullet_integration/ros_bullet_utils.h
[108.947s] -- Installing: /home/caleb/ros2_ws/install/moveit_core/include/moveit/collision_detection_bullet/bullet_integration/bullet_cast_bvh_manager.h
[108.947s] -- Installing: /home/caleb/ros2_ws/install/moveit_core/include/moveit/collision_detection_bullet/collision_detector_allocator_bullet.h
[108.947s] -- Installing: /home/caleb/ros2_ws/install/moveit_core/include/moveit/collision_detection_bullet/collision_env_bullet.h
[108.947s] -- Installing: /home/caleb/ros2_ws/install/moveit_core/include/moveit_collision_detection_bullet_export.h
[108.947s] -- Up-to-date: /home/caleb/ros2_ws/install/moveit_core/lib/libmoveit_collision_detection_bullet.so.2.3.4
[108.947s] -- Up-to-date: /home/caleb/ros2_ws/install/moveit_core/lib/libmoveit_collision_detection_bullet.so
[108.948s] -- Installing: /home/caleb/ros2_ws/install/moveit_core/lib/libcollision_detector_bullet_plugin.so.2.3.4
[108.948s] -- Set runtime path of "/home/caleb/ros2_ws/install/moveit_core/lib/libcollision_detector_bullet_plugin.so.2.3.4" to ""
[108.949s] -- Installing: /home/caleb/ros2_ws/install/moveit_core/lib/libcollision_detector_bullet_plugin.so
[108.949s] -- Up-to-date: /home/caleb/ros2_ws/install/moveit_core/share/moveit_core/environment/library_path.sh
[108.949s] -- Up-to-date: /home/caleb/ros2_ws/install/moveit_core/share/moveit_core/environment/library_path.dsv
[108.949s] -- Up-to-date: /home/caleb/ros2_ws/install/moveit_core/include
[108.949s] -- Up-to-date: /home/caleb/ros2_ws/install/moveit_core/include/moveit
[108.949s] -- Installing: /home/caleb/ros2_ws/install/moveit_core/include/moveit/collision_detection_fcl
[108.949s] -- Installing: /home/caleb/ros2_ws/install/moveit_core/include/moveit/collision_detection_fcl/collision_env_fcl.h
[108.950s] -- Installing: /home/caleb/ros2_ws/install/moveit_core/include/moveit/collision_detection_fcl/collision_detector_fcl_plugin_loader.h
[108.950s] -- Installing: /home/caleb/ros2_ws/install/moveit_core/include/moveit/collision_detection_fcl/collision_detector_allocator_fcl.h
[108.950s] -- Installing: /home/caleb/ros2_ws/install/moveit_core/include/moveit/collision_detection_fcl/collision_common.h
[108.950s] -- Installing: /home/caleb/ros2_ws/install/moveit_core/include/moveit/collision_detection_fcl/fcl_compat.h
[108.951s] -- Installing: /home/caleb/ros2_ws/install/moveit_core/include/moveit_collision_detection_fcl_export.h
[108.951s] Invoked command in '/home/caleb/ros2_ws/build/moveit_core' returned '0': AMENT_PREFIX_PATH=/home/caleb/ros2_ws/install/moveit_common:${AMENT_PREFIX_PATH} CMAKE_PREFIX_PATH=/home/caleb/ros2_ws/install/moveit_common:/home/caleb/ros2_ws/install/spot_ros:/home/caleb/ros2_ws/install/spot_viz:/home/caleb/ros2_ws/install/spot_bringup:/home/caleb/ros2_ws/install/spot_navigation:/home/caleb/ros2_ws/install/spot_msgs:/home/caleb/ros2_ws/install/spot_gazebo:/home/caleb/ros2_ws/install/spot_description:/home/caleb/ros2_ws/install/spot_control:/home/caleb/ros2_ws/install/spot_arm_moveit2_config:/home/caleb/ros2_ws/install/optimization:/home/caleb/ros2_ws/install/spot_driver:/home/caleb/ros2_ws/install/spot_manipulation_driver:/opt/ros/galactic /usr/local/bin/cmake --install /home/caleb/ros2_ws/build/moveit_core
