[0.376s] Invoking command in '/home/caleb/ros2_ws/build/optimization': CMAKE_PREFIX_PATH=${CMAKE_PREFIX_PATH}:/home/caleb/ros2_ws/install/spot_driver:/home/caleb/ros2_ws/install/spot_manipulation_driver:/opt/ros/galactic /usr/local/bin/cmake /home/caleb/ros2_ws/src/optimization -DCMAKE_INSTALL_PREFIX=/home/caleb/ros2_ws/install/optimization
[0.681s] -- The C compiler identification is GNU 9.4.0
[0.681s] -- The CXX compiler identification is GNU 9.4.0
[0.681s] -- Detecting C compiler ABI info
[0.682s] -- Detecting C compiler ABI info - done
[0.682s] -- Check for working C compiler: /usr/bin/cc - skipped
[0.682s] -- Detecting C compile features
[0.682s] -- Detecting C compile features - done
[0.682s] -- Detecting CXX compiler ABI info
[0.682s] -- Detecting CXX compiler ABI info - done
[0.682s] -- Check for working CXX compiler: /usr/bin/c++ - skipped
[0.682s] -- Detecting CXX compile features
[0.682s] -- Detecting CXX compile features - done
[0.682s] -- Found ament_cmake: 1.1.6 (/opt/ros/galactic/share/ament_cmake/cmake)
[0.682s] -- Found PythonInterp: /usr/bin/python3 (found suitable version "3.8.10", minimum required is "3") 
[0.682s] -- Using PYTHON_EXECUTABLE: /usr/bin/python3
[0.717s] -- Found rclcpp: 9.2.2 (/opt/ros/galactic/share/rclcpp/cmake)
[0.773s] -- Using all available rosidl_typesupport_c: rosidl_typesupport_fastrtps_c;rosidl_typesupport_introspection_c
[0.782s] -- Found rosidl_adapter: 2.2.3 (/opt/ros/galactic/share/rosidl_adapter/cmake)
[0.841s] -- Found OpenSSL: /usr/lib/x86_64-linux-gnu/libcrypto.so (found version "1.1.1f")  
[0.874s] -- Found FastRTPS: /opt/ros/galactic/include  
[0.956s] -- Using all available rosidl_typesupport_cpp: rosidl_typesupport_fastrtps_cpp;rosidl_typesupport_introspection_cpp
[1.022s] -- Found rmw_implementation_cmake: 3.3.1 (/opt/ros/galactic/share/rmw_implementation_cmake/cmake)
[1.026s] -- Found rmw_cyclonedds_cpp: 0.22.6 (/opt/ros/galactic/share/rmw_cyclonedds_cpp/cmake)
[1.047s] -- Using RMW implementation 'rmw_cyclonedds_cpp' as default
[1.047s] -- Performing Test CMAKE_HAVE_LIBC_PTHREAD
[1.085s] -- Performing Test CMAKE_HAVE_LIBC_PTHREAD - Failed
[1.086s] -- Looking for pthread_create in pthreads
[1.114s] -- Looking for pthread_create in pthreads - not found
[1.114s] -- Looking for pthread_create in pthread
[1.148s] -- Looking for pthread_create in pthread - found
[1.148s] -- Found Threads: TRUE  
[1.292s] -- Found moveit_core: 2.3.4 (/opt/ros/galactic/share/moveit_core/cmake)
[1.337s] -- Found Boost: /usr/lib/x86_64-linux-gnu/cmake/Boost-1.71.0/BoostConfig.cmake (found version "1.71.0") found components: chrono date_time filesystem iostreams program_options regex serialization system thread 
[1.358s] -- Found Boost: /usr/lib/x86_64-linux-gnu/cmake/Boost-1.71.0/BoostConfig.cmake (found version "1.71.0") found components: filesystem 
[1.486s] -- library: /usr/lib/x86_64-linux-gnu/libcurl.so
[1.654s] -- Found Eigen3: TRUE (found version "3.3.7") 
[3.398s] -- Found moveit_ros_planning_interface: 2.3.4 (/opt/ros/galactic/share/moveit_ros_planning_interface/cmake)
[3.403s] -- Found Boost: /usr/lib/x86_64-linux-gnu/cmake/Boost-1.71.0/BoostConfig.cmake (found version "1.71.0") found components: date_time filesystem program_options system thread 
[3.679s] -- Found Boost: /usr/lib/x86_64-linux-gnu/cmake/Boost-1.71.0/BoostConfig.cmake (found version "1.71.0") found components: system filesystem date_time program_options thread chrono 
[3.971s] -- Found Boost: /usr/lib/x86_64-linux-gnu/cmake/Boost-1.71.0/BoostConfig.cmake (found version "1.71.0") found components: thread 
[4.801s] -- Found Boost: /usr/lib/x86_64-linux-gnu/cmake/Boost-1.71.0/BoostConfig.cmake (found version "1.71.0") found components: thread system filesystem regex date_time program_options 
[5.346s] -- Found Boost: /usr/lib/x86_64-linux-gnu/cmake/Boost-1.71.0/BoostConfig.cmake (found version "1.71.0") found components: system filesystem date_time program_options thread 
[6.025s] -- Found ament_lint_auto: 0.10.7 (/opt/ros/galactic/share/ament_lint_auto/cmake)
[6.138s] -- Added test 'copyright' to check source files copyright and LICENSE
[6.141s] -- Added test 'cppcheck' to perform static code analysis on C / C++ code
[6.142s] -- Configured cppcheck include dirs: /home/caleb/ros2_ws/src/optimization/include
[6.142s] -- Configured cppcheck exclude dirs and/or files: 
[6.144s] -- Added test 'cpplint' to check C / C++ code against the Google style
[6.144s] -- Configured cpplint exclude dirs and/or files: 
[6.145s] -- Added test 'flake8' to check Python code syntax and style conventions
[6.147s] -- Added test 'lint_cmake' to check CMake code style
[6.148s] -- Added test 'pep257' to check Python code against some of the style conventions in PEP 257
[6.150s] -- Added test 'uncrustify' to check C / C++ code style
[6.150s] -- Configured uncrustify additional arguments: 
[6.151s] -- Added test 'xmllint' to check XML markup files
[6.156s] -- Configuring done
[6.209s] -- Generating done
[6.220s] -- Build files have been written to: /home/caleb/ros2_ws/build/optimization
[6.243s] Invoked command in '/home/caleb/ros2_ws/build/optimization' returned '0': CMAKE_PREFIX_PATH=${CMAKE_PREFIX_PATH}:/home/caleb/ros2_ws/install/spot_driver:/home/caleb/ros2_ws/install/spot_manipulation_driver:/opt/ros/galactic /usr/local/bin/cmake /home/caleb/ros2_ws/src/optimization -DCMAKE_INSTALL_PREFIX=/home/caleb/ros2_ws/install/optimization
[6.244s] Invoking command in '/home/caleb/ros2_ws/build/optimization': CMAKE_PREFIX_PATH=${CMAKE_PREFIX_PATH}:/home/caleb/ros2_ws/install/spot_driver:/home/caleb/ros2_ws/install/spot_manipulation_driver:/opt/ros/galactic /usr/local/bin/cmake --build /home/caleb/ros2_ws/build/optimization -- -j20 -l20
[6.316s] [ 50%] [32mBuilding CXX object CMakeFiles/optimization.dir/src/optimization.cpp.o[0m
[14.972s] [100%] [32m[1mLinking CXX executable optimization[0m
[15.423s] [100%] Built target optimization
[15.426s] Invoked command in '/home/caleb/ros2_ws/build/optimization' returned '0': CMAKE_PREFIX_PATH=${CMAKE_PREFIX_PATH}:/home/caleb/ros2_ws/install/spot_driver:/home/caleb/ros2_ws/install/spot_manipulation_driver:/opt/ros/galactic /usr/local/bin/cmake --build /home/caleb/ros2_ws/build/optimization -- -j20 -l20
[15.435s] Invoking command in '/home/caleb/ros2_ws/build/optimization': CMAKE_PREFIX_PATH=${CMAKE_PREFIX_PATH}:/home/caleb/ros2_ws/install/spot_driver:/home/caleb/ros2_ws/install/spot_manipulation_driver:/opt/ros/galactic /usr/local/bin/cmake --install /home/caleb/ros2_ws/build/optimization
[15.436s] -- Install configuration: ""
[15.436s] -- Installing: /home/caleb/ros2_ws/install/optimization/lib/optimization/optimization
[15.440s] -- Set runtime path of "/home/caleb/ros2_ws/install/optimization/lib/optimization/optimization" to ""
[15.440s] -- Installing: /home/caleb/ros2_ws/install/optimization/share/ament_index/resource_index/package_run_dependencies/optimization
[15.440s] -- Installing: /home/caleb/ros2_ws/install/optimization/share/ament_index/resource_index/parent_prefix_path/optimization
[15.440s] -- Installing: /home/caleb/ros2_ws/install/optimization/share/optimization/environment/ament_prefix_path.sh
[15.440s] -- Installing: /home/caleb/ros2_ws/install/optimization/share/optimization/environment/ament_prefix_path.dsv
[15.440s] -- Installing: /home/caleb/ros2_ws/install/optimization/share/optimization/environment/path.sh
[15.440s] -- Installing: /home/caleb/ros2_ws/install/optimization/share/optimization/environment/path.dsv
[15.440s] -- Installing: /home/caleb/ros2_ws/install/optimization/share/optimization/local_setup.bash
[15.440s] -- Installing: /home/caleb/ros2_ws/install/optimization/share/optimization/local_setup.sh
[15.440s] -- Installing: /home/caleb/ros2_ws/install/optimization/share/optimization/local_setup.zsh
[15.440s] -- Installing: /home/caleb/ros2_ws/install/optimization/share/optimization/local_setup.dsv
[15.440s] -- Installing: /home/caleb/ros2_ws/install/optimization/share/optimization/package.dsv
[15.441s] -- Installing: /home/caleb/ros2_ws/install/optimization/share/ament_index/resource_index/packages/optimization
[15.441s] -- Installing: /home/caleb/ros2_ws/install/optimization/share/optimization/cmake/optimizationConfig.cmake
[15.441s] -- Installing: /home/caleb/ros2_ws/install/optimization/share/optimization/cmake/optimizationConfig-version.cmake
[15.441s] -- Installing: /home/caleb/ros2_ws/install/optimization/share/optimization/package.xml
[15.442s] Invoked command in '/home/caleb/ros2_ws/build/optimization' returned '0': CMAKE_PREFIX_PATH=${CMAKE_PREFIX_PATH}:/home/caleb/ros2_ws/install/spot_driver:/home/caleb/ros2_ws/install/spot_manipulation_driver:/opt/ros/galactic /usr/local/bin/cmake --install /home/caleb/ros2_ws/build/optimization
