[0.801s] Invoking command in '/home/caleb/ros2_ws/build/spot_description': CMAKE_PREFIX_PATH=${CMAKE_PREFIX_PATH}:/home/caleb/ros2_ws/install/spot_driver:/home/caleb/ros2_ws/install/spot_manipulation_driver:/opt/ros/galactic /usr/local/bin/cmake --build /home/caleb/ros2_ws/build/spot_description -- -j20 -l20
[1.161s] Invoked command in '/home/caleb/ros2_ws/build/spot_description' returned '0': CMAKE_PREFIX_PATH=${CMAKE_PREFIX_PATH}:/home/caleb/ros2_ws/install/spot_driver:/home/caleb/ros2_ws/install/spot_manipulation_driver:/opt/ros/galactic /usr/local/bin/cmake --build /home/caleb/ros2_ws/build/spot_description -- -j20 -l20
[1.183s] Invoking command in '/home/caleb/ros2_ws/build/spot_description': CMAKE_PREFIX_PATH=${CMAKE_PREFIX_PATH}:/home/caleb/ros2_ws/install/spot_driver:/home/caleb/ros2_ws/install/spot_manipulation_driver:/opt/ros/galactic /usr/local/bin/cmake --install /home/caleb/ros2_ws/build/spot_description
[1.199s] -- Install configuration: ""
[1.199s] -- Up-to-date: /home/caleb/ros2_ws/install/spot_description/share/spot_description/launch
[1.200s] -- Up-to-date: /home/caleb/ros2_ws/install/spot_description/share/spot_description/launch/urdf.rviz
[1.200s] -- Up-to-date: /home/caleb/ros2_ws/install/spot_description/share/spot_description/launch/state_publisher.launch.py
[1.200s] -- Up-to-date: /home/caleb/ros2_ws/install/spot_description/share/spot_description/launch/gazebo.launch
[1.201s] -- Up-to-date: /home/caleb/ros2_ws/install/spot_description/share/spot_description/launch/controller.yaml
[1.201s] -- Up-to-date: /home/caleb/ros2_ws/install/spot_description/share/spot_description/launch/display.launch
[1.201s] -- Up-to-date: /home/caleb/ros2_ws/install/spot_description/share/spot_description/launch/description.launch.py
[1.202s] -- Up-to-date: /home/caleb/ros2_ws/install/spot_description/share/spot_description/launch/controller.launch
[1.202s] -- Up-to-date: /home/caleb/ros2_ws/install/spot_description/share/spot_description/urdf
[1.202s] -- Up-to-date: /home/caleb/ros2_ws/install/spot_description/share/spot_description/urdf/realsense_mount.urdf.xacro
[1.203s] -- Up-to-date: /home/caleb/ros2_ws/install/spot_description/share/spot_description/urdf/spot_with_arm.urdf.xacro
[1.203s] -- Up-to-date: /home/caleb/ros2_ws/install/spot_description/share/spot_description/urdf/arm
[1.204s] -- Up-to-date: /home/caleb/ros2_ws/install/spot_description/share/spot_description/urdf/arm/spot_arm.trans
[1.204s] -- Up-to-date: /home/caleb/ros2_ws/install/spot_description/share/spot_description/urdf/arm/spot_arm.urdf.xacro
[1.204s] -- Up-to-date: /home/caleb/ros2_ws/install/spot_description/share/spot_description/urdf/arm/materials.xacro
[1.205s] -- Up-to-date: /home/caleb/ros2_ws/install/spot_description/share/spot_description/urdf/arm/spot_arm.gazebo
[1.205s] -- Up-to-date: /home/caleb/ros2_ws/install/spot_description/share/spot_description/urdf/spot.urdf.xacro
[1.206s] -- Up-to-date: /home/caleb/ros2_ws/install/spot_description/share/spot_description/urdf/empty.urdf
[1.206s] -- Up-to-date: /home/caleb/ros2_ws/install/spot_description/share/spot_description/meshes
[1.206s] -- Up-to-date: /home/caleb/ros2_ws/install/spot_description/share/spot_description/meshes/accessories
[1.207s] -- Up-to-date: /home/caleb/ros2_ws/install/spot_description/share/spot_description/meshes/accessories/eap_lidar.STL
[1.207s] -- Up-to-date: /home/caleb/ros2_ws/install/spot_description/share/spot_description/meshes/accessories/eap_lidar.stl
[1.207s] -- Up-to-date: /home/caleb/ros2_ws/install/spot_description/share/spot_description/meshes/accessories/eap_lidar.step
[1.208s] -- Up-to-date: /home/caleb/ros2_ws/install/spot_description/share/spot_description/meshes/realsense
[1.208s] -- Up-to-date: /home/caleb/ros2_ws/install/spot_description/share/spot_description/meshes/realsense/camera_interface.dae
[1.208s] -- Up-to-date: /home/caleb/ros2_ws/install/spot_description/share/spot_description/meshes/realsense/slider_rev.dae
[1.209s] -- Up-to-date: /home/caleb/ros2_ws/install/spot_description/share/spot_description/meshes/realsense/chin_top.dae
[1.209s] -- Up-to-date: /home/caleb/ros2_ws/install/spot_description/share/spot_description/meshes/realsense/chin.dae
[1.209s] -- Up-to-date: /home/caleb/ros2_ws/install/spot_description/share/spot_description/meshes/realsense/slider_reg.dae
[1.210s] -- Up-to-date: /home/caleb/ros2_ws/install/spot_description/share/spot_description/meshes/arm
[1.210s] -- Up-to-date: /home/caleb/ros2_ws/install/spot_description/share/spot_description/meshes/arm/arm0.link_sh0.obj
[1.210s] -- Up-to-date: /home/caleb/ros2_ws/install/spot_description/share/spot_description/meshes/arm/arm0.link_fngr.obj
[1.211s] -- Up-to-date: /home/caleb/ros2_ws/install/spot_description/share/spot_description/meshes/arm/arm0.link_wr0.obj
[1.211s] -- Up-to-date: /home/caleb/ros2_ws/install/spot_description/share/spot_description/meshes/arm/arm0.link_sh1.obj
[1.212s] -- Up-to-date: /home/caleb/ros2_ws/install/spot_description/share/spot_description/meshes/arm/arm0.link_el0.obj
[1.212s] -- Up-to-date: /home/caleb/ros2_ws/install/spot_description/share/spot_description/meshes/arm/arm0.link_el1.obj
[1.212s] -- Up-to-date: /home/caleb/ros2_ws/install/spot_description/share/spot_description/meshes/arm/arm0.link_hr0.obj
[1.212s] -- Up-to-date: /home/caleb/ros2_ws/install/spot_description/share/spot_description/meshes/arm/arm0.link_wr1.obj
[1.213s] -- Up-to-date: /home/caleb/ros2_ws/install/spot_description/share/spot_description/meshes/body
[1.213s] -- Up-to-date: /home/caleb/ros2_ws/install/spot_description/share/spot_description/meshes/body/front_left_upper_leg.dae
[1.214s] -- Up-to-date: /home/caleb/ros2_ws/install/spot_description/share/spot_description/meshes/body/rear_left_lower_leg_collision.stl
[1.214s] -- Up-to-date: /home/caleb/ros2_ws/install/spot_description/share/spot_description/meshes/body/front_right_upper_leg.dae
[1.214s] -- Up-to-date: /home/caleb/ros2_ws/install/spot_description/share/spot_description/meshes/body/front_right_hip_collision.stl
[1.215s] -- Up-to-date: /home/caleb/ros2_ws/install/spot_description/share/spot_description/meshes/body/rear_left_hip.dae
[1.215s] -- Up-to-date: /home/caleb/ros2_ws/install/spot_description/share/spot_description/meshes/body/rear_right_hip_collision.stl
[1.215s] -- Up-to-date: /home/caleb/ros2_ws/install/spot_description/share/spot_description/meshes/body/front_left_hip_collision.stl
[1.216s] -- Up-to-date: /home/caleb/ros2_ws/install/spot_description/share/spot_description/meshes/body/front_left_upper_leg_collision.stl
[1.216s] -- Up-to-date: /home/caleb/ros2_ws/install/spot_description/share/spot_description/meshes/body/front_right_lower_leg.dae
[1.216s] -- Up-to-date: /home/caleb/ros2_ws/install/spot_description/share/spot_description/meshes/body/body_collision.stl
[1.217s] -- Up-to-date: /home/caleb/ros2_ws/install/spot_description/share/spot_description/meshes/body/rear_right_lower_leg.dae
[1.217s] -- Up-to-date: /home/caleb/ros2_ws/install/spot_description/share/spot_description/meshes/body/front_right_lower_leg_collision.stl
[1.218s] -- Up-to-date: /home/caleb/ros2_ws/install/spot_description/share/spot_description/meshes/body/front_left_hip.dae
[1.218s] -- Up-to-date: /home/caleb/ros2_ws/install/spot_description/share/spot_description/meshes/body/front_left_lower_leg.dae
[1.218s] -- Up-to-date: /home/caleb/ros2_ws/install/spot_description/share/spot_description/meshes/body/rear_right_upper_leg_collision.stl
[1.218s] -- Up-to-date: /home/caleb/ros2_ws/install/spot_description/share/spot_description/meshes/body/rear_right_upper_leg.dae
[1.218s] -- Up-to-date: /home/caleb/ros2_ws/install/spot_description/share/spot_description/meshes/body/front_left_lower_leg_collision.stl
[1.218s] -- Up-to-date: /home/caleb/ros2_ws/install/spot_description/share/spot_description/meshes/body/rear_right_hip.dae
[1.219s] -- Up-to-date: /home/caleb/ros2_ws/install/spot_description/share/spot_description/meshes/body/front_right_upper_leg_collision.stl
[1.219s] -- Up-to-date: /home/caleb/ros2_ws/install/spot_description/share/spot_description/meshes/body/rear_left_hip_collision.stl
[1.219s] -- Up-to-date: /home/caleb/ros2_ws/install/spot_description/share/spot_description/meshes/body/body.dae
[1.219s] -- Up-to-date: /home/caleb/ros2_ws/install/spot_description/share/spot_description/meshes/body/front_right_hip.dae
[1.219s] -- Up-to-date: /home/caleb/ros2_ws/install/spot_description/share/spot_description/meshes/body/rear_left_lower_leg.dae
[1.219s] -- Up-to-date: /home/caleb/ros2_ws/install/spot_description/share/spot_description/meshes/body/spot_mat.png
[1.219s] -- Up-to-date: /home/caleb/ros2_ws/install/spot_description/share/spot_description/meshes/body/rear_right_lower_leg_collision.stl
[1.220s] -- Up-to-date: /home/caleb/ros2_ws/install/spot_description/share/spot_description/meshes/body/rear_left_upper_leg.dae
[1.220s] -- Up-to-date: /home/caleb/ros2_ws/install/spot_description/share/spot_description/meshes/body/rear_left_upper_leg_collision.stl
[1.220s] -- Up-to-date: /home/caleb/ros2_ws/install/spot_description/share/ament_index/resource_index/package_run_dependencies/spot_description
[1.221s] -- Up-to-date: /home/caleb/ros2_ws/install/spot_description/share/ament_index/resource_index/parent_prefix_path/spot_description
[1.221s] -- Up-to-date: /home/caleb/ros2_ws/install/spot_description/share/spot_description/environment/ament_prefix_path.sh
[1.221s] -- Up-to-date: /home/caleb/ros2_ws/install/spot_description/share/spot_description/environment/ament_prefix_path.dsv
[1.222s] -- Up-to-date: /home/caleb/ros2_ws/install/spot_description/share/spot_description/environment/path.sh
[1.222s] -- Up-to-date: /home/caleb/ros2_ws/install/spot_description/share/spot_description/environment/path.dsv
[1.222s] -- Up-to-date: /home/caleb/ros2_ws/install/spot_description/share/spot_description/local_setup.bash
[1.223s] -- Up-to-date: /home/caleb/ros2_ws/install/spot_description/share/spot_description/local_setup.sh
[1.223s] -- Up-to-date: /home/caleb/ros2_ws/install/spot_description/share/spot_description/local_setup.zsh
[1.224s] -- Up-to-date: /home/caleb/ros2_ws/install/spot_description/share/spot_description/local_setup.dsv
[1.224s] -- Installing: /home/caleb/ros2_ws/install/spot_description/share/spot_description/package.dsv
[1.224s] -- Up-to-date: /home/caleb/ros2_ws/install/spot_description/share/ament_index/resource_index/packages/spot_description
[1.225s] -- Up-to-date: /home/caleb/ros2_ws/install/spot_description/share/spot_description/cmake/spot_descriptionConfig.cmake
[1.225s] -- Up-to-date: /home/caleb/ros2_ws/install/spot_description/share/spot_description/cmake/spot_descriptionConfig-version.cmake
[1.225s] -- Up-to-date: /home/caleb/ros2_ws/install/spot_description/share/spot_description/package.xml
[1.374s] Invoked command in '/home/caleb/ros2_ws/build/spot_description' returned '0': CMAKE_PREFIX_PATH=${CMAKE_PREFIX_PATH}:/home/caleb/ros2_ws/install/spot_driver:/home/caleb/ros2_ws/install/spot_manipulation_driver:/opt/ros/galactic /usr/local/bin/cmake --install /home/caleb/ros2_ws/build/spot_description
