[0.277s] Invoking command in '/home/caleb/ros2_ws/build/spot_arm_moveit2_config': CMAKE_PREFIX_PATH=${CMAKE_PREFIX_PATH}:/home/caleb/ros2_ws/install/spot_driver:/home/caleb/ros2_ws/install/spot_manipulation_driver:/opt/ros/galactic /usr/local/bin/cmake --build /home/caleb/ros2_ws/build/spot_arm_moveit2_config -- -j20 -l20
[0.534s] Invoked command in '/home/caleb/ros2_ws/build/spot_arm_moveit2_config' returned '0': CMAKE_PREFIX_PATH=${CMAKE_PREFIX_PATH}:/home/caleb/ros2_ws/install/spot_driver:/home/caleb/ros2_ws/install/spot_manipulation_driver:/opt/ros/galactic /usr/local/bin/cmake --build /home/caleb/ros2_ws/build/spot_arm_moveit2_config -- -j20 -l20
[0.633s] Invoking command in '/home/caleb/ros2_ws/build/spot_arm_moveit2_config': CMAKE_PREFIX_PATH=${CMAKE_PREFIX_PATH}:/home/caleb/ros2_ws/install/spot_driver:/home/caleb/ros2_ws/install/spot_manipulation_driver:/opt/ros/galactic /usr/local/bin/cmake --install /home/caleb/ros2_ws/build/spot_arm_moveit2_config
[0.648s] -- Install configuration: ""
[0.648s] -- Up-to-date: /home/caleb/ros2_ws/install/spot_arm_moveit2_config/share/ament_index/resource_index/package_run_dependencies/spot_arm_moveit2_config
[0.649s] -- Up-to-date: /home/caleb/ros2_ws/install/spot_arm_moveit2_config/share/ament_index/resource_index/parent_prefix_path/spot_arm_moveit2_config
[0.649s] -- Up-to-date: /home/caleb/ros2_ws/install/spot_arm_moveit2_config/share/spot_arm_moveit2_config/environment/ament_prefix_path.sh
[0.650s] -- Up-to-date: /home/caleb/ros2_ws/install/spot_arm_moveit2_config/share/spot_arm_moveit2_config/environment/ament_prefix_path.dsv
[0.650s] -- Up-to-date: /home/caleb/ros2_ws/install/spot_arm_moveit2_config/share/spot_arm_moveit2_config/environment/path.sh
[0.651s] -- Up-to-date: /home/caleb/ros2_ws/install/spot_arm_moveit2_config/share/spot_arm_moveit2_config/environment/path.dsv
[0.652s] -- Up-to-date: /home/caleb/ros2_ws/install/spot_arm_moveit2_config/share/spot_arm_moveit2_config/local_setup.bash
[0.652s] -- Up-to-date: /home/caleb/ros2_ws/install/spot_arm_moveit2_config/share/spot_arm_moveit2_config/local_setup.sh
[0.653s] -- Up-to-date: /home/caleb/ros2_ws/install/spot_arm_moveit2_config/share/spot_arm_moveit2_config/local_setup.zsh
[0.653s] -- Up-to-date: /home/caleb/ros2_ws/install/spot_arm_moveit2_config/share/spot_arm_moveit2_config/local_setup.dsv
[0.654s] -- Installing: /home/caleb/ros2_ws/install/spot_arm_moveit2_config/share/spot_arm_moveit2_config/package.dsv
[0.654s] -- Up-to-date: /home/caleb/ros2_ws/install/spot_arm_moveit2_config/share/ament_index/resource_index/packages/spot_arm_moveit2_config
[0.668s] -- Up-to-date: /home/caleb/ros2_ws/install/spot_arm_moveit2_config/share/spot_arm_moveit2_config/cmake/spot_arm_moveit2_configConfig.cmake
[0.669s] -- Up-to-date: /home/caleb/ros2_ws/install/spot_arm_moveit2_config/share/spot_arm_moveit2_config/cmake/spot_arm_moveit2_configConfig-version.cmake
[0.669s] -- Up-to-date: /home/caleb/ros2_ws/install/spot_arm_moveit2_config/share/spot_arm_moveit2_config/package.xml
[0.670s] -- Up-to-date: /home/caleb/ros2_ws/install/spot_arm_moveit2_config/share/spot_arm_moveit2_config/config
[0.670s] -- Up-to-date: /home/caleb/ros2_ws/install/spot_arm_moveit2_config/share/spot_arm_moveit2_config/config/spot.srdf
[0.670s] -- Up-to-date: /home/caleb/ros2_ws/install/spot_arm_moveit2_config/share/spot_arm_moveit2_config/config/cartesian_limits.yaml
[0.670s] -- Up-to-date: /home/caleb/ros2_ws/install/spot_arm_moveit2_config/share/spot_arm_moveit2_config/config/gazebo_spot.urdf
[0.671s] -- Up-to-date: /home/caleb/ros2_ws/install/spot_arm_moveit2_config/share/spot_arm_moveit2_config/config/ompl_planning.yaml
[0.671s] -- Up-to-date: /home/caleb/ros2_ws/install/spot_arm_moveit2_config/share/spot_arm_moveit2_config/config/chomp_planning.yaml
[0.671s] -- Up-to-date: /home/caleb/ros2_ws/install/spot_arm_moveit2_config/share/spot_arm_moveit2_config/config/joint_limits.yaml
[0.671s] -- Up-to-date: /home/caleb/ros2_ws/install/spot_arm_moveit2_config/share/spot_arm_moveit2_config/config/stomp_planning.yaml
[0.672s] -- Up-to-date: /home/caleb/ros2_ws/install/spot_arm_moveit2_config/share/spot_arm_moveit2_config/config/gazebo_controllers.yaml
[0.673s] -- Up-to-date: /home/caleb/ros2_ws/install/spot_arm_moveit2_config/share/spot_arm_moveit2_config/config/controllers.yaml
[0.673s] -- Up-to-date: /home/caleb/ros2_ws/install/spot_arm_moveit2_config/share/spot_arm_moveit2_config/config/simple_moveit_controllers.yaml
[0.673s] -- Up-to-date: /home/caleb/ros2_ws/install/spot_arm_moveit2_config/share/spot_arm_moveit2_config/config/fake_controllers.yaml
[0.674s] -- Up-to-date: /home/caleb/ros2_ws/install/spot_arm_moveit2_config/share/spot_arm_moveit2_config/config/kinematics.yaml
[0.674s] -- Up-to-date: /home/caleb/ros2_ws/install/spot_arm_moveit2_config/share/spot_arm_moveit2_config/config/sensors_3d.yaml
[0.675s] -- Up-to-date: /home/caleb/ros2_ws/install/spot_arm_moveit2_config/share/spot_arm_moveit2_config/launch
[0.675s] -- Up-to-date: /home/caleb/ros2_ws/install/spot_arm_moveit2_config/share/spot_arm_moveit2_config/launch/.publishers.launch.py.swp
[0.676s] -- Up-to-date: /home/caleb/ros2_ws/install/spot_arm_moveit2_config/share/spot_arm_moveit2_config/launch/spot_arm_planning_execution.launch.py
[0.677s] -- Up-to-date: /home/caleb/ros2_ws/install/spot_arm_moveit2_config/share/spot_arm_moveit2_config/rviz
[0.677s] -- Up-to-date: /home/caleb/ros2_ws/install/spot_arm_moveit2_config/share/spot_arm_moveit2_config/rviz/view_robot_backup.rviz
[0.678s] -- Up-to-date: /home/caleb/ros2_ws/install/spot_arm_moveit2_config/share/spot_arm_moveit2_config/rviz/view_robot.rviz
[1.987s] Invoked command in '/home/caleb/ros2_ws/build/spot_arm_moveit2_config' returned '0': CMAKE_PREFIX_PATH=${CMAKE_PREFIX_PATH}:/home/caleb/ros2_ws/install/spot_driver:/home/caleb/ros2_ws/install/spot_manipulation_driver:/opt/ros/galactic /usr/local/bin/cmake --install /home/caleb/ros2_ws/build/spot_arm_moveit2_config
