[0.728s] Invoking command in '/home/caleb/ros2_ws/build/spot_msgs': CMAKE_PREFIX_PATH=${CMAKE_PREFIX_PATH}:/home/caleb/ros2_ws/install/spot_driver:/home/caleb/ros2_ws/install/spot_manipulation_driver:/opt/ros/galactic /usr/local/bin/cmake --build /home/caleb/ros2_ws/build/spot_msgs -- -j20 -l20
[1.004s] [  0%] Built target spot_msgs__cpp
[1.004s] [ 12%] Built target spot_msgs__rosidl_generator_c
[1.005s] [ 24%] Built target spot_msgs__rosidl_typesupport_cpp
[1.005s] [ 40%] Built target spot_msgs__rosidl_typesupport_introspection_cpp
[1.006s] [ 50%] Built target spot_msgs__rosidl_typesupport_introspection_c
[1.006s] [ 62%] Built target spot_msgs__rosidl_typesupport_fastrtps_cpp
[1.007s] [ 74%] Built target spot_msgs__rosidl_typesupport_c
[1.007s] [ 87%] Built target spot_msgs__rosidl_typesupport_fastrtps_c
[1.008s] [ 87%] Built target spot_msgs
[1.009s] [ 87%] Built target spot_msgs__py
[1.009s] [ 99%] Built target spot_msgs__python
[1.010s] [ 99%] Built target spot_msgs__rosidl_typesupport_fastrtps_c__pyext
[1.010s] [100%] Built target spot_msgs__rosidl_typesupport_c__pyext
[1.011s] [100%] Built target spot_msgs__rosidl_typesupport_introspection_c__pyext
[1.012s] Invoked command in '/home/caleb/ros2_ws/build/spot_msgs' returned '0': CMAKE_PREFIX_PATH=${CMAKE_PREFIX_PATH}:/home/caleb/ros2_ws/install/spot_driver:/home/caleb/ros2_ws/install/spot_manipulation_driver:/opt/ros/galactic /usr/local/bin/cmake --build /home/caleb/ros2_ws/build/spot_msgs -- -j20 -l20
[2.602s] Invoking command in '/home/caleb/ros2_ws/build/spot_msgs': CMAKE_PREFIX_PATH=${CMAKE_PREFIX_PATH}:/home/caleb/ros2_ws/install/spot_driver:/home/caleb/ros2_ws/install/spot_manipulation_driver:/opt/ros/galactic /usr/local/bin/cmake --install /home/caleb/ros2_ws/build/spot_msgs
[2.612s] -- Install configuration: ""
[2.613s] -- Up-to-date: /home/caleb/ros2_ws/install/spot_msgs/share/ament_index/resource_index/rosidl_interfaces/spot_msgs
[2.613s] -- Up-to-date: /home/caleb/ros2_ws/install/spot_msgs/include/spot_msgs
[2.613s] -- Up-to-date: /home/caleb/ros2_ws/install/spot_msgs/include/spot_msgs/srv
[2.614s] -- Up-to-date: /home/caleb/ros2_ws/install/spot_msgs/include/spot_msgs/srv/set_velocity.h
[2.614s] -- Up-to-date: /home/caleb/ros2_ws/install/spot_msgs/include/spot_msgs/srv/constrained_arm_joint_movement.h
[2.614s] -- Up-to-date: /home/caleb/ros2_ws/install/spot_msgs/include/spot_msgs/srv/hand_pose.h
[2.615s] -- Up-to-date: /home/caleb/ros2_ws/install/spot_msgs/include/spot_msgs/srv/arm_joint_movement.h
[2.615s] -- Up-to-date: /home/caleb/ros2_ws/install/spot_msgs/include/spot_msgs/srv/gripper_angle_move.h
[2.615s] -- Up-to-date: /home/caleb/ros2_ws/install/spot_msgs/include/spot_msgs/srv/list_graph.h
[2.616s] -- Up-to-date: /home/caleb/ros2_ws/install/spot_msgs/include/spot_msgs/srv/detail
[2.616s] -- Up-to-date: /home/caleb/ros2_ws/install/spot_msgs/include/spot_msgs/srv/detail/set_locomotion__type_support.h
[2.616s] -- Up-to-date: /home/caleb/ros2_ws/install/spot_msgs/include/spot_msgs/srv/detail/clear_behavior_fault__functions.c
[2.617s] -- Up-to-date: /home/caleb/ros2_ws/install/spot_msgs/include/spot_msgs/srv/detail/arm_joint_movement__type_support.h
[2.617s] -- Up-to-date: /home/caleb/ros2_ws/install/spot_msgs/include/spot_msgs/srv/detail/set_locomotion__functions.c
[2.618s] -- Up-to-date: /home/caleb/ros2_ws/install/spot_msgs/include/spot_msgs/srv/detail/constrained_arm_joint_movement__functions.h
[2.618s] -- Up-to-date: /home/caleb/ros2_ws/install/spot_msgs/include/spot_msgs/srv/detail/dock__functions.h
[2.618s] -- Up-to-date: /home/caleb/ros2_ws/install/spot_msgs/include/spot_msgs/srv/detail/set_velocity__functions.c
[2.619s] -- Up-to-date: /home/caleb/ros2_ws/install/spot_msgs/include/spot_msgs/srv/detail/clear_behavior_fault__struct.h
[2.619s] -- Up-to-date: /home/caleb/ros2_ws/install/spot_msgs/include/spot_msgs/srv/detail/arm_force_trajectory__functions.c
[2.619s] -- Up-to-date: /home/caleb/ros2_ws/install/spot_msgs/include/spot_msgs/srv/detail/gripper_angle_move__functions.c
[2.620s] -- Up-to-date: /home/caleb/ros2_ws/install/spot_msgs/include/spot_msgs/srv/detail/hand_pose__struct.h
[2.620s] -- Up-to-date: /home/caleb/ros2_ws/install/spot_msgs/include/spot_msgs/srv/detail/gripper_angle_move__functions.h
[2.620s] -- Up-to-date: /home/caleb/ros2_ws/install/spot_msgs/include/spot_msgs/srv/detail/arm_force_trajectory__functions.h
[2.620s] -- Up-to-date: /home/caleb/ros2_ws/install/spot_msgs/include/spot_msgs/srv/detail/arm_force_trajectory__struct.h
[2.621s] -- Up-to-date: /home/caleb/ros2_ws/install/spot_msgs/include/spot_msgs/srv/detail/arm_joint_movement__functions.c
[2.621s] -- Up-to-date: /home/caleb/ros2_ws/install/spot_msgs/include/spot_msgs/srv/detail/hand_pose__type_support.h
[2.621s] -- Up-to-date: /home/caleb/ros2_ws/install/spot_msgs/include/spot_msgs/srv/detail/list_graph__functions.c
[2.622s] -- Up-to-date: /home/caleb/ros2_ws/install/spot_msgs/include/spot_msgs/srv/detail/arm_joint_movement__functions.h
[2.622s] -- Up-to-date: /home/caleb/ros2_ws/install/spot_msgs/include/spot_msgs/srv/detail/clear_behavior_fault__type_support.h
[2.622s] -- Up-to-date: /home/caleb/ros2_ws/install/spot_msgs/include/spot_msgs/srv/detail/list_graph__functions.h
[2.622s] -- Up-to-date: /home/caleb/ros2_ws/install/spot_msgs/include/spot_msgs/srv/detail/gripper_angle_move__struct.h
[2.622s] -- Up-to-date: /home/caleb/ros2_ws/install/spot_msgs/include/spot_msgs/srv/detail/list_graph__type_support.h
[2.622s] -- Up-to-date: /home/caleb/ros2_ws/install/spot_msgs/include/spot_msgs/srv/detail/dock__struct.h
[2.623s] -- Up-to-date: /home/caleb/ros2_ws/install/spot_msgs/include/spot_msgs/srv/detail/gripper_angle_move__type_support.h
[2.623s] -- Up-to-date: /home/caleb/ros2_ws/install/spot_msgs/include/spot_msgs/srv/detail/constrained_arm_joint_movement__struct.h
[2.624s] -- Up-to-date: /home/caleb/ros2_ws/install/spot_msgs/include/spot_msgs/srv/detail/clear_behavior_fault__functions.h
[2.624s] -- Up-to-date: /home/caleb/ros2_ws/install/spot_msgs/include/spot_msgs/srv/detail/hand_pose__functions.c
[2.624s] -- Up-to-date: /home/caleb/ros2_ws/install/spot_msgs/include/spot_msgs/srv/detail/set_velocity__functions.h
[2.624s] -- Up-to-date: /home/caleb/ros2_ws/install/spot_msgs/include/spot_msgs/srv/detail/set_velocity__struct.h
[2.625s] -- Up-to-date: /home/caleb/ros2_ws/install/spot_msgs/include/spot_msgs/srv/detail/dock__functions.c
[2.625s] -- Up-to-date: /home/caleb/ros2_ws/install/spot_msgs/include/spot_msgs/srv/detail/set_locomotion__functions.h
[2.626s] -- Up-to-date: /home/caleb/ros2_ws/install/spot_msgs/include/spot_msgs/srv/detail/dock__type_support.h
[2.626s] -- Up-to-date: /home/caleb/ros2_ws/install/spot_msgs/include/spot_msgs/srv/detail/hand_pose__functions.h
[2.627s] -- Up-to-date: /home/caleb/ros2_ws/install/spot_msgs/include/spot_msgs/srv/detail/arm_joint_movement__struct.h
[2.627s] -- Up-to-date: /home/caleb/ros2_ws/install/spot_msgs/include/spot_msgs/srv/detail/set_locomotion__struct.h
[2.627s] -- Up-to-date: /home/caleb/ros2_ws/install/spot_msgs/include/spot_msgs/srv/detail/set_velocity__type_support.h
[2.628s] -- Up-to-date: /home/caleb/ros2_ws/install/spot_msgs/include/spot_msgs/srv/detail/constrained_arm_joint_movement__functions.c
[2.628s] -- Up-to-date: /home/caleb/ros2_ws/install/spot_msgs/include/spot_msgs/srv/detail/list_graph__struct.h
[2.628s] -- Up-to-date: /home/caleb/ros2_ws/install/spot_msgs/include/spot_msgs/srv/detail/arm_force_trajectory__type_support.h
[2.629s] -- Up-to-date: /home/caleb/ros2_ws/install/spot_msgs/include/spot_msgs/srv/detail/constrained_arm_joint_movement__type_support.h
[2.629s] -- Up-to-date: /home/caleb/ros2_ws/install/spot_msgs/include/spot_msgs/srv/set_locomotion.h
[2.630s] -- Up-to-date: /home/caleb/ros2_ws/install/spot_msgs/include/spot_msgs/srv/dock.h
[2.630s] -- Up-to-date: /home/caleb/ros2_ws/install/spot_msgs/include/spot_msgs/srv/clear_behavior_fault.h
[2.631s] -- Up-to-date: /home/caleb/ros2_ws/install/spot_msgs/include/spot_msgs/srv/arm_force_trajectory.h
[2.631s] -- Up-to-date: /home/caleb/ros2_ws/install/spot_msgs/include/spot_msgs/msg
[2.631s] -- Up-to-date: /home/caleb/ros2_ws/install/spot_msgs/include/spot_msgs/msg/rosidl_generator_c__visibility_control.h
[2.632s] -- Up-to-date: /home/caleb/ros2_ws/install/spot_msgs/include/spot_msgs/msg/manipulator_state.h
[2.632s] -- Up-to-date: /home/caleb/ros2_ws/install/spot_msgs/include/spot_msgs/msg/foot_state_array.h
[2.633s] -- Up-to-date: /home/caleb/ros2_ws/install/spot_msgs/include/spot_msgs/msg/system_fault_state.h
[2.633s] -- Up-to-date: /home/caleb/ros2_ws/install/spot_msgs/include/spot_msgs/msg/lease_resource.h
[2.633s] -- Up-to-date: /home/caleb/ros2_ws/install/spot_msgs/include/spot_msgs/msg/lease.h
[2.633s] -- Up-to-date: /home/caleb/ros2_ws/install/spot_msgs/include/spot_msgs/msg/foot_state.h
[2.634s] -- Up-to-date: /home/caleb/ros2_ws/install/spot_msgs/include/spot_msgs/msg/wi_fi_state.h
[2.634s] -- Up-to-date: /home/caleb/ros2_ws/install/spot_msgs/include/spot_msgs/msg/power_state.h
[2.634s] -- Up-to-date: /home/caleb/ros2_ws/install/spot_msgs/include/spot_msgs/msg/feedback.h
[2.635s] -- Up-to-date: /home/caleb/ros2_ws/install/spot_msgs/include/spot_msgs/msg/metrics.h
[2.635s] -- Up-to-date: /home/caleb/ros2_ws/install/spot_msgs/include/spot_msgs/msg/battery_state_array.h
[2.635s] -- Up-to-date: /home/caleb/ros2_ws/install/spot_msgs/include/spot_msgs/msg/dock_state.h
[2.636s] -- Up-to-date: /home/caleb/ros2_ws/install/spot_msgs/include/spot_msgs/msg/mobility_params.h
[2.636s] -- Up-to-date: /home/caleb/ros2_ws/install/spot_msgs/include/spot_msgs/msg/e_stop_state.h
[2.636s] -- Up-to-date: /home/caleb/ros2_ws/install/spot_msgs/include/spot_msgs/msg/detail
[2.637s] -- Up-to-date: /home/caleb/ros2_ws/install/spot_msgs/include/spot_msgs/msg/detail/foot_state_array__type_support.h
[2.637s] -- Up-to-date: /home/caleb/ros2_ws/install/spot_msgs/include/spot_msgs/msg/detail/dock_state__type_support.h
[2.638s] -- Up-to-date: /home/caleb/ros2_ws/install/spot_msgs/include/spot_msgs/msg/detail/mobility_params__struct.h
[2.638s] -- Up-to-date: /home/caleb/ros2_ws/install/spot_msgs/include/spot_msgs/msg/detail/wi_fi_state__struct.h
[2.639s] -- Up-to-date: /home/caleb/ros2_ws/install/spot_msgs/include/spot_msgs/msg/detail/dock_state__functions.h
[2.639s] -- Up-to-date: /home/caleb/ros2_ws/install/spot_msgs/include/spot_msgs/msg/detail/mobility_params__functions.c
[2.639s] -- Up-to-date: /home/caleb/ros2_ws/install/spot_msgs/include/spot_msgs/msg/detail/battery_state__type_support.h
[2.640s] -- Up-to-date: /home/caleb/ros2_ws/install/spot_msgs/include/spot_msgs/msg/detail/lease_resource__type_support.h
[2.640s] -- Up-to-date: /home/caleb/ros2_ws/install/spot_msgs/include/spot_msgs/msg/detail/foot_state_array__functions.h
[2.641s] -- Up-to-date: /home/caleb/ros2_ws/install/spot_msgs/include/spot_msgs/msg/detail/lease__functions.c
[2.641s] -- Up-to-date: /home/caleb/ros2_ws/install/spot_msgs/include/spot_msgs/msg/detail/e_stop_state__functions.h
[2.641s] -- Up-to-date: /home/caleb/ros2_ws/install/spot_msgs/include/spot_msgs/msg/detail/mobility_params__type_support.h
[2.642s] -- Up-to-date: /home/caleb/ros2_ws/install/spot_msgs/include/spot_msgs/msg/detail/lease_resource__functions.c
[2.642s] -- Up-to-date: /home/caleb/ros2_ws/install/spot_msgs/include/spot_msgs/msg/detail/system_fault_state__functions.h
[2.642s] -- Up-to-date: /home/caleb/ros2_ws/install/spot_msgs/include/spot_msgs/msg/detail/power_state__struct.h
[2.643s] -- Up-to-date: /home/caleb/ros2_ws/install/spot_msgs/include/spot_msgs/msg/detail/e_stop_state_array__type_support.h
[2.643s] -- Up-to-date: /home/caleb/ros2_ws/install/spot_msgs/include/spot_msgs/msg/detail/dock_state__struct.h
[2.644s] -- Up-to-date: /home/caleb/ros2_ws/install/spot_msgs/include/spot_msgs/msg/detail/foot_state__functions.h
[2.644s] -- Up-to-date: /home/caleb/ros2_ws/install/spot_msgs/include/spot_msgs/msg/detail/lease_array__functions.c
[2.645s] -- Up-to-date: /home/caleb/ros2_ws/install/spot_msgs/include/spot_msgs/msg/detail/battery_state__functions.h
[2.645s] -- Up-to-date: /home/caleb/ros2_ws/install/spot_msgs/include/spot_msgs/msg/detail/power_state__type_support.h
[2.645s] -- Up-to-date: /home/caleb/ros2_ws/install/spot_msgs/include/spot_msgs/msg/detail/system_fault_state__functions.c
[2.646s] -- Up-to-date: /home/caleb/ros2_ws/install/spot_msgs/include/spot_msgs/msg/detail/feedback__functions.h
[2.646s] -- Up-to-date: /home/caleb/ros2_ws/install/spot_msgs/include/spot_msgs/msg/detail/wi_fi_state__functions.c
[2.646s] -- Up-to-date: /home/caleb/ros2_ws/install/spot_msgs/include/spot_msgs/msg/detail/system_fault_state__type_support.h
[2.647s] -- Up-to-date: /home/caleb/ros2_ws/install/spot_msgs/include/spot_msgs/msg/detail/e_stop_state__type_support.h
[2.647s] -- Up-to-date: /home/caleb/ros2_ws/install/spot_msgs/include/spot_msgs/msg/detail/behavior_fault__type_support.h
[2.647s] -- Up-to-date: /home/caleb/ros2_ws/install/spot_msgs/include/spot_msgs/msg/detail/feedback__type_support.h
[2.648s] -- Up-to-date: /home/caleb/ros2_ws/install/spot_msgs/include/spot_msgs/msg/detail/behavior_fault_state__struct.h
[2.648s] -- Up-to-date: /home/caleb/ros2_ws/install/spot_msgs/include/spot_msgs/msg/detail/foot_state_array__functions.c
[2.649s] -- Up-to-date: /home/caleb/ros2_ws/install/spot_msgs/include/spot_msgs/msg/detail/behavior_fault_state__functions.h
[2.649s] -- Up-to-date: /home/caleb/ros2_ws/install/spot_msgs/include/spot_msgs/msg/detail/mobility_params__functions.h
[2.649s] -- Up-to-date: /home/caleb/ros2_ws/install/spot_msgs/include/spot_msgs/msg/detail/power_state__functions.c
[2.650s] -- Up-to-date: /home/caleb/ros2_ws/install/spot_msgs/include/spot_msgs/msg/detail/foot_state_array__struct.h
[2.650s] -- Up-to-date: /home/caleb/ros2_ws/install/spot_msgs/include/spot_msgs/msg/detail/lease_owner__struct.h
[2.651s] -- Up-to-date: /home/caleb/ros2_ws/install/spot_msgs/include/spot_msgs/msg/detail/lease__type_support.h
[2.652s] -- Up-to-date: /home/caleb/ros2_ws/install/spot_msgs/include/spot_msgs/msg/detail/metrics__struct.h
[2.652s] -- Up-to-date: /home/caleb/ros2_ws/install/spot_msgs/include/spot_msgs/msg/detail/battery_state_array__type_support.h
[2.652s] -- Up-to-date: /home/caleb/ros2_ws/install/spot_msgs/include/spot_msgs/msg/detail/e_stop_state__functions.c
[2.652s] -- Up-to-date: /home/caleb/ros2_ws/install/spot_msgs/include/spot_msgs/msg/detail/lease_owner__type_support.h
[2.652s] -- Up-to-date: /home/caleb/ros2_ws/install/spot_msgs/include/spot_msgs/msg/detail/behavior_fault_state__functions.c
[2.652s] -- Up-to-date: /home/caleb/ros2_ws/install/spot_msgs/include/spot_msgs/msg/detail/battery_state__struct.h
[2.652s] -- Up-to-date: /home/caleb/ros2_ws/install/spot_msgs/include/spot_msgs/msg/detail/manipulator_state__functions.h
[2.653s] -- Up-to-date: /home/caleb/ros2_ws/install/spot_msgs/include/spot_msgs/msg/detail/behavior_fault__struct.h
[2.653s] -- Up-to-date: /home/caleb/ros2_ws/install/spot_msgs/include/spot_msgs/msg/detail/metrics__functions.c
[2.653s] -- Up-to-date: /home/caleb/ros2_ws/install/spot_msgs/include/spot_msgs/msg/detail/e_stop_state_array__functions.c
[2.653s] -- Up-to-date: /home/caleb/ros2_ws/install/spot_msgs/include/spot_msgs/msg/detail/battery_state_array__functions.h
[2.653s] -- Up-to-date: /home/caleb/ros2_ws/install/spot_msgs/include/spot_msgs/msg/detail/battery_state_array__struct.h
[2.653s] -- Up-to-date: /home/caleb/ros2_ws/install/spot_msgs/include/spot_msgs/msg/detail/lease__struct.h
[2.653s] -- Up-to-date: /home/caleb/ros2_ws/install/spot_msgs/include/spot_msgs/msg/detail/system_fault__functions.c
[2.653s] -- Up-to-date: /home/caleb/ros2_ws/install/spot_msgs/include/spot_msgs/msg/detail/lease_array__type_support.h
[2.654s] -- Up-to-date: /home/caleb/ros2_ws/install/spot_msgs/include/spot_msgs/msg/detail/e_stop_state_array__struct.h
[2.654s] -- Up-to-date: /home/caleb/ros2_ws/install/spot_msgs/include/spot_msgs/msg/detail/lease_array__struct.h
[2.654s] -- Up-to-date: /home/caleb/ros2_ws/install/spot_msgs/include/spot_msgs/msg/detail/wi_fi_state__functions.h
[2.654s] -- Up-to-date: /home/caleb/ros2_ws/install/spot_msgs/include/spot_msgs/msg/detail/system_fault__struct.h
[2.654s] -- Up-to-date: /home/caleb/ros2_ws/install/spot_msgs/include/spot_msgs/msg/detail/behavior_fault__functions.h
[2.654s] -- Up-to-date: /home/caleb/ros2_ws/install/spot_msgs/include/spot_msgs/msg/detail/manipulator_state__type_support.h
[2.654s] -- Up-to-date: /home/caleb/ros2_ws/install/spot_msgs/include/spot_msgs/msg/detail/manipulator_state__struct.h
[2.654s] -- Up-to-date: /home/caleb/ros2_ws/install/spot_msgs/include/spot_msgs/msg/detail/foot_state__struct.h
[2.654s] -- Up-to-date: /home/caleb/ros2_ws/install/spot_msgs/include/spot_msgs/msg/detail/manipulator_state__functions.c
[2.654s] -- Up-to-date: /home/caleb/ros2_ws/install/spot_msgs/include/spot_msgs/msg/detail/feedback__functions.c
[2.654s] -- Up-to-date: /home/caleb/ros2_ws/install/spot_msgs/include/spot_msgs/msg/detail/behavior_fault__functions.c
[2.655s] -- Up-to-date: /home/caleb/ros2_ws/install/spot_msgs/include/spot_msgs/msg/detail/power_state__functions.h
[2.655s] -- Up-to-date: /home/caleb/ros2_ws/install/spot_msgs/include/spot_msgs/msg/detail/dock_state__functions.c
[2.655s] -- Up-to-date: /home/caleb/ros2_ws/install/spot_msgs/include/spot_msgs/msg/detail/metrics__type_support.h
[2.655s] -- Up-to-date: /home/caleb/ros2_ws/install/spot_msgs/include/spot_msgs/msg/detail/foot_state__functions.c
[2.655s] -- Up-to-date: /home/caleb/ros2_ws/install/spot_msgs/include/spot_msgs/msg/detail/behavior_fault_state__type_support.h
[2.655s] -- Up-to-date: /home/caleb/ros2_ws/install/spot_msgs/include/spot_msgs/msg/detail/lease_resource__struct.h
[2.655s] -- Up-to-date: /home/caleb/ros2_ws/install/spot_msgs/include/spot_msgs/msg/detail/lease_resource__functions.h
[2.655s] -- Up-to-date: /home/caleb/ros2_ws/install/spot_msgs/include/spot_msgs/msg/detail/lease_array__functions.h
[2.655s] -- Up-to-date: /home/caleb/ros2_ws/install/spot_msgs/include/spot_msgs/msg/detail/wi_fi_state__type_support.h
[2.655s] -- Up-to-date: /home/caleb/ros2_ws/install/spot_msgs/include/spot_msgs/msg/detail/battery_state_array__functions.c
[2.655s] -- Up-to-date: /home/caleb/ros2_ws/install/spot_msgs/include/spot_msgs/msg/detail/metrics__functions.h
[2.656s] -- Up-to-date: /home/caleb/ros2_ws/install/spot_msgs/include/spot_msgs/msg/detail/lease_owner__functions.h
[2.657s] -- Up-to-date: /home/caleb/ros2_ws/install/spot_msgs/include/spot_msgs/msg/detail/lease__functions.h
[2.657s] -- Up-to-date: /home/caleb/ros2_ws/install/spot_msgs/include/spot_msgs/msg/detail/battery_state__functions.c
[2.657s] -- Up-to-date: /home/caleb/ros2_ws/install/spot_msgs/include/spot_msgs/msg/detail/lease_owner__functions.c
[2.657s] -- Up-to-date: /home/caleb/ros2_ws/install/spot_msgs/include/spot_msgs/msg/detail/e_stop_state__struct.h
[2.658s] -- Up-to-date: /home/caleb/ros2_ws/install/spot_msgs/include/spot_msgs/msg/detail/system_fault_state__struct.h
[2.658s] -- Up-to-date: /home/caleb/ros2_ws/install/spot_msgs/include/spot_msgs/msg/detail/system_fault__type_support.h
[2.658s] -- Up-to-date: /home/caleb/ros2_ws/install/spot_msgs/include/spot_msgs/msg/detail/feedback__struct.h
[2.658s] -- Up-to-date: /home/caleb/ros2_ws/install/spot_msgs/include/spot_msgs/msg/detail/e_stop_state_array__functions.h
[2.658s] -- Up-to-date: /home/caleb/ros2_ws/install/spot_msgs/include/spot_msgs/msg/detail/foot_state__type_support.h
[2.659s] -- Up-to-date: /home/caleb/ros2_ws/install/spot_msgs/include/spot_msgs/msg/detail/system_fault__functions.h
[2.659s] -- Up-to-date: /home/caleb/ros2_ws/install/spot_msgs/include/spot_msgs/msg/lease_owner.h
[2.659s] -- Up-to-date: /home/caleb/ros2_ws/install/spot_msgs/include/spot_msgs/msg/system_fault.h
[2.660s] -- Up-to-date: /home/caleb/ros2_ws/install/spot_msgs/include/spot_msgs/msg/e_stop_state_array.h
[2.660s] -- Up-to-date: /home/caleb/ros2_ws/install/spot_msgs/include/spot_msgs/msg/lease_array.h
[2.660s] -- Up-to-date: /home/caleb/ros2_ws/install/spot_msgs/include/spot_msgs/msg/battery_state.h
[2.660s] -- Up-to-date: /home/caleb/ros2_ws/install/spot_msgs/include/spot_msgs/msg/behavior_fault.h
[2.661s] -- Up-to-date: /home/caleb/ros2_ws/install/spot_msgs/include/spot_msgs/msg/behavior_fault_state.h
[2.661s] -- Up-to-date: /home/caleb/ros2_ws/install/spot_msgs/include/spot_msgs/action
[2.661s] -- Up-to-date: /home/caleb/ros2_ws/install/spot_msgs/include/spot_msgs/action/trajectory.h
[2.662s] -- Up-to-date: /home/caleb/ros2_ws/install/spot_msgs/include/spot_msgs/action/detail
[2.662s] -- Up-to-date: /home/caleb/ros2_ws/install/spot_msgs/include/spot_msgs/action/detail/navigate_to__type_support.h
[2.662s] -- Up-to-date: /home/caleb/ros2_ws/install/spot_msgs/include/spot_msgs/action/detail/navigate_to__functions.h
[2.663s] -- Up-to-date: /home/caleb/ros2_ws/install/spot_msgs/include/spot_msgs/action/detail/trajectory__functions.h
[2.663s] -- Up-to-date: /home/caleb/ros2_ws/install/spot_msgs/include/spot_msgs/action/detail/trajectory__type_support.h
[2.663s] -- Up-to-date: /home/caleb/ros2_ws/install/spot_msgs/include/spot_msgs/action/detail/trajectory__struct.h
[2.663s] -- Up-to-date: /home/caleb/ros2_ws/install/spot_msgs/include/spot_msgs/action/detail/navigate_to__struct.h
[2.664s] -- Up-to-date: /home/caleb/ros2_ws/install/spot_msgs/include/spot_msgs/action/detail/navigate_to__functions.c
[2.664s] -- Up-to-date: /home/caleb/ros2_ws/install/spot_msgs/include/spot_msgs/action/detail/trajectory__functions.c
[2.664s] -- Up-to-date: /home/caleb/ros2_ws/install/spot_msgs/include/spot_msgs/action/navigate_to.h
[2.665s] -- Up-to-date: /home/caleb/ros2_ws/install/spot_msgs/share/spot_msgs/environment/library_path.sh
[2.665s] -- Up-to-date: /home/caleb/ros2_ws/install/spot_msgs/share/spot_msgs/environment/library_path.dsv
[2.665s] -- Up-to-date: /home/caleb/ros2_ws/install/spot_msgs/lib/libspot_msgs__rosidl_generator_c.so
[2.666s] -- Up-to-date: /home/caleb/ros2_ws/install/spot_msgs/include/spot_msgs
[2.666s] -- Up-to-date: /home/caleb/ros2_ws/install/spot_msgs/include/spot_msgs/srv
[2.666s] -- Up-to-date: /home/caleb/ros2_ws/install/spot_msgs/include/spot_msgs/srv/detail
[2.667s] -- Up-to-date: /home/caleb/ros2_ws/install/spot_msgs/include/spot_msgs/srv/detail/hand_pose__rosidl_typesupport_fastrtps_c.h
[2.667s] -- Up-to-date: /home/caleb/ros2_ws/install/spot_msgs/include/spot_msgs/srv/detail/arm_force_trajectory__rosidl_typesupport_fastrtps_c.h
[2.667s] -- Up-to-date: /home/caleb/ros2_ws/install/spot_msgs/include/spot_msgs/srv/detail/set_locomotion__rosidl_typesupport_fastrtps_c.h
[2.668s] -- Up-to-date: /home/caleb/ros2_ws/install/spot_msgs/include/spot_msgs/srv/detail/list_graph__rosidl_typesupport_fastrtps_c.h
[2.668s] -- Up-to-date: /home/caleb/ros2_ws/install/spot_msgs/include/spot_msgs/srv/detail/constrained_arm_joint_movement__rosidl_typesupport_fastrtps_c.h
[2.668s] -- Up-to-date: /home/caleb/ros2_ws/install/spot_msgs/include/spot_msgs/srv/detail/arm_joint_movement__rosidl_typesupport_fastrtps_c.h
[2.669s] -- Up-to-date: /home/caleb/ros2_ws/install/spot_msgs/include/spot_msgs/srv/detail/set_velocity__rosidl_typesupport_fastrtps_c.h
[2.669s] -- Up-to-date: /home/caleb/ros2_ws/install/spot_msgs/include/spot_msgs/srv/detail/gripper_angle_move__rosidl_typesupport_fastrtps_c.h
[2.670s] -- Up-to-date: /home/caleb/ros2_ws/install/spot_msgs/include/spot_msgs/srv/detail/clear_behavior_fault__rosidl_typesupport_fastrtps_c.h
[2.670s] -- Up-to-date: /home/caleb/ros2_ws/install/spot_msgs/include/spot_msgs/srv/detail/dock__rosidl_typesupport_fastrtps_c.h
[2.670s] -- Up-to-date: /home/caleb/ros2_ws/install/spot_msgs/include/spot_msgs/msg
[2.670s] -- Up-to-date: /home/caleb/ros2_ws/install/spot_msgs/include/spot_msgs/msg/detail
[2.671s] -- Up-to-date: /home/caleb/ros2_ws/install/spot_msgs/include/spot_msgs/msg/detail/dock_state__rosidl_typesupport_fastrtps_c.h
[2.671s] -- Up-to-date: /home/caleb/ros2_ws/install/spot_msgs/include/spot_msgs/msg/detail/mobility_params__rosidl_typesupport_fastrtps_c.h
[2.671s] -- Up-to-date: /home/caleb/ros2_ws/install/spot_msgs/include/spot_msgs/msg/detail/lease__rosidl_typesupport_fastrtps_c.h
[2.672s] -- Up-to-date: /home/caleb/ros2_ws/install/spot_msgs/include/spot_msgs/msg/detail/lease_owner__rosidl_typesupport_fastrtps_c.h
[2.672s] -- Up-to-date: /home/caleb/ros2_ws/install/spot_msgs/include/spot_msgs/msg/detail/system_fault_state__rosidl_typesupport_fastrtps_c.h
[2.672s] -- Up-to-date: /home/caleb/ros2_ws/install/spot_msgs/include/spot_msgs/msg/detail/foot_state_array__rosidl_typesupport_fastrtps_c.h
[2.673s] -- Up-to-date: /home/caleb/ros2_ws/install/spot_msgs/include/spot_msgs/msg/detail/battery_state_array__rosidl_typesupport_fastrtps_c.h
[2.673s] -- Up-to-date: /home/caleb/ros2_ws/install/spot_msgs/include/spot_msgs/msg/detail/e_stop_state_array__rosidl_typesupport_fastrtps_c.h
[2.673s] -- Up-to-date: /home/caleb/ros2_ws/install/spot_msgs/include/spot_msgs/msg/detail/manipulator_state__rosidl_typesupport_fastrtps_c.h
[2.674s] -- Up-to-date: /home/caleb/ros2_ws/install/spot_msgs/include/spot_msgs/msg/detail/e_stop_state__rosidl_typesupport_fastrtps_c.h
[2.674s] -- Up-to-date: /home/caleb/ros2_ws/install/spot_msgs/include/spot_msgs/msg/detail/feedback__rosidl_typesupport_fastrtps_c.h
[2.674s] -- Up-to-date: /home/caleb/ros2_ws/install/spot_msgs/include/spot_msgs/msg/detail/system_fault__rosidl_typesupport_fastrtps_c.h
[2.675s] -- Up-to-date: /home/caleb/ros2_ws/install/spot_msgs/include/spot_msgs/msg/detail/lease_array__rosidl_typesupport_fastrtps_c.h
[2.675s] -- Up-to-date: /home/caleb/ros2_ws/install/spot_msgs/include/spot_msgs/msg/detail/lease_resource__rosidl_typesupport_fastrtps_c.h
[2.676s] -- Up-to-date: /home/caleb/ros2_ws/install/spot_msgs/include/spot_msgs/msg/detail/wi_fi_state__rosidl_typesupport_fastrtps_c.h
[2.676s] -- Up-to-date: /home/caleb/ros2_ws/install/spot_msgs/include/spot_msgs/msg/detail/behavior_fault__rosidl_typesupport_fastrtps_c.h
[2.676s] -- Up-to-date: /home/caleb/ros2_ws/install/spot_msgs/include/spot_msgs/msg/detail/behavior_fault_state__rosidl_typesupport_fastrtps_c.h
[2.676s] -- Up-to-date: /home/caleb/ros2_ws/install/spot_msgs/include/spot_msgs/msg/detail/battery_state__rosidl_typesupport_fastrtps_c.h
[2.677s] -- Up-to-date: /home/caleb/ros2_ws/install/spot_msgs/include/spot_msgs/msg/detail/metrics__rosidl_typesupport_fastrtps_c.h
[2.677s] -- Up-to-date: /home/caleb/ros2_ws/install/spot_msgs/include/spot_msgs/msg/detail/foot_state__rosidl_typesupport_fastrtps_c.h
[2.678s] -- Up-to-date: /home/caleb/ros2_ws/install/spot_msgs/include/spot_msgs/msg/detail/power_state__rosidl_typesupport_fastrtps_c.h
[2.678s] -- Up-to-date: /home/caleb/ros2_ws/install/spot_msgs/include/spot_msgs/msg/rosidl_typesupport_fastrtps_c__visibility_control.h
[2.678s] -- Up-to-date: /home/caleb/ros2_ws/install/spot_msgs/include/spot_msgs/action
[2.678s] -- Up-to-date: /home/caleb/ros2_ws/install/spot_msgs/include/spot_msgs/action/detail
[2.679s] -- Up-to-date: /home/caleb/ros2_ws/install/spot_msgs/include/spot_msgs/action/detail/navigate_to__rosidl_typesupport_fastrtps_c.h
[2.679s] -- Up-to-date: /home/caleb/ros2_ws/install/spot_msgs/include/spot_msgs/action/detail/trajectory__rosidl_typesupport_fastrtps_c.h
[2.679s] -- Up-to-date: /home/caleb/ros2_ws/install/spot_msgs/lib/libspot_msgs__rosidl_typesupport_fastrtps_c.so
[2.679s] -- Up-to-date: /home/caleb/ros2_ws/install/spot_msgs/include/spot_msgs
[2.679s] -- Up-to-date: /home/caleb/ros2_ws/install/spot_msgs/include/spot_msgs/srv
[2.679s] -- Up-to-date: /home/caleb/ros2_ws/install/spot_msgs/include/spot_msgs/srv/detail
[2.679s] -- Up-to-date: /home/caleb/ros2_ws/install/spot_msgs/include/spot_msgs/srv/detail/clear_behavior_fault__rosidl_typesupport_fastrtps_cpp.hpp
[2.679s] -- Up-to-date: /home/caleb/ros2_ws/install/spot_msgs/include/spot_msgs/srv/detail/constrained_arm_joint_movement__rosidl_typesupport_fastrtps_cpp.hpp
[2.679s] -- Up-to-date: /home/caleb/ros2_ws/install/spot_msgs/include/spot_msgs/srv/detail/arm_joint_movement__rosidl_typesupport_fastrtps_cpp.hpp
[2.680s] -- Up-to-date: /home/caleb/ros2_ws/install/spot_msgs/include/spot_msgs/srv/detail/hand_pose__rosidl_typesupport_fastrtps_cpp.hpp
[2.680s] -- Up-to-date: /home/caleb/ros2_ws/install/spot_msgs/include/spot_msgs/srv/detail/gripper_angle_move__rosidl_typesupport_fastrtps_cpp.hpp
[2.680s] -- Up-to-date: /home/caleb/ros2_ws/install/spot_msgs/include/spot_msgs/srv/detail/dock__rosidl_typesupport_fastrtps_cpp.hpp
[2.681s] -- Up-to-date: /home/caleb/ros2_ws/install/spot_msgs/include/spot_msgs/srv/detail/set_locomotion__rosidl_typesupport_fastrtps_cpp.hpp
[2.681s] -- Up-to-date: /home/caleb/ros2_ws/install/spot_msgs/include/spot_msgs/srv/detail/arm_force_trajectory__rosidl_typesupport_fastrtps_cpp.hpp
[2.682s] -- Up-to-date: /home/caleb/ros2_ws/install/spot_msgs/include/spot_msgs/srv/detail/list_graph__rosidl_typesupport_fastrtps_cpp.hpp
[2.682s] -- Up-to-date: /home/caleb/ros2_ws/install/spot_msgs/include/spot_msgs/srv/detail/set_velocity__rosidl_typesupport_fastrtps_cpp.hpp
[2.682s] -- Up-to-date: /home/caleb/ros2_ws/install/spot_msgs/include/spot_msgs/srv/detail/dds_fastrtps
[2.683s] -- Up-to-date: /home/caleb/ros2_ws/install/spot_msgs/include/spot_msgs/msg
[2.683s] -- Up-to-date: /home/caleb/ros2_ws/install/spot_msgs/include/spot_msgs/msg/rosidl_typesupport_fastrtps_cpp__visibility_control.h
[2.683s] -- Up-to-date: /home/caleb/ros2_ws/install/spot_msgs/include/spot_msgs/msg/detail
[2.684s] -- Up-to-date: /home/caleb/ros2_ws/install/spot_msgs/include/spot_msgs/msg/detail/system_fault_state__rosidl_typesupport_fastrtps_cpp.hpp
[2.684s] -- Up-to-date: /home/caleb/ros2_ws/install/spot_msgs/include/spot_msgs/msg/detail/metrics__rosidl_typesupport_fastrtps_cpp.hpp
[2.684s] -- Up-to-date: /home/caleb/ros2_ws/install/spot_msgs/include/spot_msgs/msg/detail/manipulator_state__rosidl_typesupport_fastrtps_cpp.hpp
[2.685s] -- Up-to-date: /home/caleb/ros2_ws/install/spot_msgs/include/spot_msgs/msg/detail/behavior_fault__rosidl_typesupport_fastrtps_cpp.hpp
[2.685s] -- Up-to-date: /home/caleb/ros2_ws/install/spot_msgs/include/spot_msgs/msg/detail/dock_state__rosidl_typesupport_fastrtps_cpp.hpp
[2.685s] -- Up-to-date: /home/caleb/ros2_ws/install/spot_msgs/include/spot_msgs/msg/detail/lease_owner__rosidl_typesupport_fastrtps_cpp.hpp
[2.686s] -- Up-to-date: /home/caleb/ros2_ws/install/spot_msgs/include/spot_msgs/msg/detail/system_fault__rosidl_typesupport_fastrtps_cpp.hpp
[2.686s] -- Up-to-date: /home/caleb/ros2_ws/install/spot_msgs/include/spot_msgs/msg/detail/feedback__rosidl_typesupport_fastrtps_cpp.hpp
[2.686s] -- Up-to-date: /home/caleb/ros2_ws/install/spot_msgs/include/spot_msgs/msg/detail/mobility_params__rosidl_typesupport_fastrtps_cpp.hpp
[2.687s] -- Up-to-date: /home/caleb/ros2_ws/install/spot_msgs/include/spot_msgs/msg/detail/battery_state_array__rosidl_typesupport_fastrtps_cpp.hpp
[2.687s] -- Up-to-date: /home/caleb/ros2_ws/install/spot_msgs/include/spot_msgs/msg/detail/e_stop_state_array__rosidl_typesupport_fastrtps_cpp.hpp
[2.687s] -- Up-to-date: /home/caleb/ros2_ws/install/spot_msgs/include/spot_msgs/msg/detail/power_state__rosidl_typesupport_fastrtps_cpp.hpp
[2.688s] -- Up-to-date: /home/caleb/ros2_ws/install/spot_msgs/include/spot_msgs/msg/detail/battery_state__rosidl_typesupport_fastrtps_cpp.hpp
[2.688s] -- Up-to-date: /home/caleb/ros2_ws/install/spot_msgs/include/spot_msgs/msg/detail/lease__rosidl_typesupport_fastrtps_cpp.hpp
[2.688s] -- Up-to-date: /home/caleb/ros2_ws/install/spot_msgs/include/spot_msgs/msg/detail/lease_resource__rosidl_typesupport_fastrtps_cpp.hpp
[2.689s] -- Up-to-date: /home/caleb/ros2_ws/install/spot_msgs/include/spot_msgs/msg/detail/foot_state__rosidl_typesupport_fastrtps_cpp.hpp
[2.689s] -- Up-to-date: /home/caleb/ros2_ws/install/spot_msgs/include/spot_msgs/msg/detail/e_stop_state__rosidl_typesupport_fastrtps_cpp.hpp
[2.690s] -- Up-to-date: /home/caleb/ros2_ws/install/spot_msgs/include/spot_msgs/msg/detail/wi_fi_state__rosidl_typesupport_fastrtps_cpp.hpp
[2.690s] -- Up-to-date: /home/caleb/ros2_ws/install/spot_msgs/include/spot_msgs/msg/detail/foot_state_array__rosidl_typesupport_fastrtps_cpp.hpp
[2.690s] -- Up-to-date: /home/caleb/ros2_ws/install/spot_msgs/include/spot_msgs/msg/detail/behavior_fault_state__rosidl_typesupport_fastrtps_cpp.hpp
[2.691s] -- Up-to-date: /home/caleb/ros2_ws/install/spot_msgs/include/spot_msgs/msg/detail/lease_array__rosidl_typesupport_fastrtps_cpp.hpp
[2.692s] -- Up-to-date: /home/caleb/ros2_ws/install/spot_msgs/include/spot_msgs/msg/detail/dds_fastrtps
[2.692s] -- Up-to-date: /home/caleb/ros2_ws/install/spot_msgs/include/spot_msgs/action
[2.692s] -- Up-to-date: /home/caleb/ros2_ws/install/spot_msgs/include/spot_msgs/action/detail
[2.693s] -- Up-to-date: /home/caleb/ros2_ws/install/spot_msgs/include/spot_msgs/action/detail/navigate_to__rosidl_typesupport_fastrtps_cpp.hpp
[2.693s] -- Up-to-date: /home/caleb/ros2_ws/install/spot_msgs/include/spot_msgs/action/detail/trajectory__rosidl_typesupport_fastrtps_cpp.hpp
[2.693s] -- Up-to-date: /home/caleb/ros2_ws/install/spot_msgs/include/spot_msgs/action/detail/dds_fastrtps
[2.694s] -- Up-to-date: /home/caleb/ros2_ws/install/spot_msgs/lib/libspot_msgs__rosidl_typesupport_fastrtps_cpp.so
[2.694s] -- Up-to-date: /home/caleb/ros2_ws/install/spot_msgs/include/spot_msgs
[2.694s] -- Up-to-date: /home/caleb/ros2_ws/install/spot_msgs/include/spot_msgs/srv
[2.694s] -- Up-to-date: /home/caleb/ros2_ws/install/spot_msgs/include/spot_msgs/srv/detail
[2.695s] -- Up-to-date: /home/caleb/ros2_ws/install/spot_msgs/include/spot_msgs/srv/detail/dock__rosidl_typesupport_introspection_c.h
[2.695s] -- Up-to-date: /home/caleb/ros2_ws/install/spot_msgs/include/spot_msgs/srv/detail/set_velocity__rosidl_typesupport_introspection_c.h
[2.695s] -- Up-to-date: /home/caleb/ros2_ws/install/spot_msgs/include/spot_msgs/srv/detail/clear_behavior_fault__rosidl_typesupport_introspection_c.h
[2.696s] -- Up-to-date: /home/caleb/ros2_ws/install/spot_msgs/include/spot_msgs/srv/detail/hand_pose__rosidl_typesupport_introspection_c.h
[2.696s] -- Up-to-date: /home/caleb/ros2_ws/install/spot_msgs/include/spot_msgs/srv/detail/hand_pose__type_support.c
[2.696s] -- Up-to-date: /home/caleb/ros2_ws/install/spot_msgs/include/spot_msgs/srv/detail/dock__type_support.c
[2.697s] -- Up-to-date: /home/caleb/ros2_ws/install/spot_msgs/include/spot_msgs/srv/detail/constrained_arm_joint_movement__type_support.c
[2.697s] -- Up-to-date: /home/caleb/ros2_ws/install/spot_msgs/include/spot_msgs/srv/detail/list_graph__rosidl_typesupport_introspection_c.h
[2.698s] -- Up-to-date: /home/caleb/ros2_ws/install/spot_msgs/include/spot_msgs/srv/detail/arm_force_trajectory__type_support.c
[2.698s] -- Up-to-date: /home/caleb/ros2_ws/install/spot_msgs/include/spot_msgs/srv/detail/gripper_angle_move__type_support.c
[2.698s] -- Up-to-date: /home/caleb/ros2_ws/install/spot_msgs/include/spot_msgs/srv/detail/arm_joint_movement__rosidl_typesupport_introspection_c.h
[2.699s] -- Up-to-date: /home/caleb/ros2_ws/install/spot_msgs/include/spot_msgs/srv/detail/set_locomotion__type_support.c
[2.699s] -- Up-to-date: /home/caleb/ros2_ws/install/spot_msgs/include/spot_msgs/srv/detail/constrained_arm_joint_movement__rosidl_typesupport_introspection_c.h
[2.699s] -- Up-to-date: /home/caleb/ros2_ws/install/spot_msgs/include/spot_msgs/srv/detail/clear_behavior_fault__type_support.c
[2.699s] -- Up-to-date: /home/caleb/ros2_ws/install/spot_msgs/include/spot_msgs/srv/detail/arm_force_trajectory__rosidl_typesupport_introspection_c.h
[2.700s] -- Up-to-date: /home/caleb/ros2_ws/install/spot_msgs/include/spot_msgs/srv/detail/set_locomotion__rosidl_typesupport_introspection_c.h
[2.700s] -- Up-to-date: /home/caleb/ros2_ws/install/spot_msgs/include/spot_msgs/srv/detail/set_velocity__type_support.c
[2.700s] -- Up-to-date: /home/caleb/ros2_ws/install/spot_msgs/include/spot_msgs/srv/detail/arm_joint_movement__type_support.c
[2.701s] -- Up-to-date: /home/caleb/ros2_ws/install/spot_msgs/include/spot_msgs/srv/detail/list_graph__type_support.c
[2.701s] -- Up-to-date: /home/caleb/ros2_ws/install/spot_msgs/include/spot_msgs/srv/detail/gripper_angle_move__rosidl_typesupport_introspection_c.h
[2.701s] -- Up-to-date: /home/caleb/ros2_ws/install/spot_msgs/include/spot_msgs/msg
[2.702s] -- Up-to-date: /home/caleb/ros2_ws/install/spot_msgs/include/spot_msgs/msg/rosidl_typesupport_introspection_c__visibility_control.h
[2.702s] -- Up-to-date: /home/caleb/ros2_ws/install/spot_msgs/include/spot_msgs/msg/detail
[2.702s] -- Up-to-date: /home/caleb/ros2_ws/install/spot_msgs/include/spot_msgs/msg/detail/lease_resource__rosidl_typesupport_introspection_c.h
[2.702s] -- Up-to-date: /home/caleb/ros2_ws/install/spot_msgs/include/spot_msgs/msg/detail/foot_state__type_support.c
[2.702s] -- Up-to-date: /home/caleb/ros2_ws/install/spot_msgs/include/spot_msgs/msg/detail/feedback__rosidl_typesupport_introspection_c.h
[2.702s] -- Up-to-date: /home/caleb/ros2_ws/install/spot_msgs/include/spot_msgs/msg/detail/mobility_params__rosidl_typesupport_introspection_c.h
[2.703s] -- Up-to-date: /home/caleb/ros2_ws/install/spot_msgs/include/spot_msgs/msg/detail/mobility_params__type_support.c
[2.703s] -- Up-to-date: /home/caleb/ros2_ws/install/spot_msgs/include/spot_msgs/msg/detail/lease_owner__rosidl_typesupport_introspection_c.h
[2.703s] -- Up-to-date: /home/caleb/ros2_ws/install/spot_msgs/include/spot_msgs/msg/detail/manipulator_state__type_support.c
[2.704s] -- Up-to-date: /home/caleb/ros2_ws/install/spot_msgs/include/spot_msgs/msg/detail/lease__type_support.c
[2.704s] -- Up-to-date: /home/caleb/ros2_ws/install/spot_msgs/include/spot_msgs/msg/detail/lease_resource__type_support.c
[2.704s] -- Up-to-date: /home/caleb/ros2_ws/install/spot_msgs/include/spot_msgs/msg/detail/behavior_fault_state__type_support.c
[2.705s] -- Up-to-date: /home/caleb/ros2_ws/install/spot_msgs/include/spot_msgs/msg/detail/power_state__rosidl_typesupport_introspection_c.h
[2.705s] -- Up-to-date: /home/caleb/ros2_ws/install/spot_msgs/include/spot_msgs/msg/detail/foot_state_array__type_support.c
[2.705s] -- Up-to-date: /home/caleb/ros2_ws/install/spot_msgs/include/spot_msgs/msg/detail/battery_state__rosidl_typesupport_introspection_c.h
[2.706s] -- Up-to-date: /home/caleb/ros2_ws/install/spot_msgs/include/spot_msgs/msg/detail/manipulator_state__rosidl_typesupport_introspection_c.h
[2.706s] -- Up-to-date: /home/caleb/ros2_ws/install/spot_msgs/include/spot_msgs/msg/detail/feedback__type_support.c
[2.706s] -- Up-to-date: /home/caleb/ros2_ws/install/spot_msgs/include/spot_msgs/msg/detail/battery_state_array__rosidl_typesupport_introspection_c.h
[2.707s] -- Up-to-date: /home/caleb/ros2_ws/install/spot_msgs/include/spot_msgs/msg/detail/lease_array__type_support.c
[2.707s] -- Up-to-date: /home/caleb/ros2_ws/install/spot_msgs/include/spot_msgs/msg/detail/wi_fi_state__type_support.c
[2.707s] -- Up-to-date: /home/caleb/ros2_ws/install/spot_msgs/include/spot_msgs/msg/detail/system_fault__type_support.c
[2.708s] -- Up-to-date: /home/caleb/ros2_ws/install/spot_msgs/include/spot_msgs/msg/detail/system_fault_state__rosidl_typesupport_introspection_c.h
[2.708s] -- Up-to-date: /home/caleb/ros2_ws/install/spot_msgs/include/spot_msgs/msg/detail/metrics__rosidl_typesupport_introspection_c.h
[2.709s] -- Up-to-date: /home/caleb/ros2_ws/install/spot_msgs/include/spot_msgs/msg/detail/behavior_fault__type_support.c
[2.709s] -- Up-to-date: /home/caleb/ros2_ws/install/spot_msgs/include/spot_msgs/msg/detail/battery_state_array__type_support.c
[2.710s] -- Up-to-date: /home/caleb/ros2_ws/install/spot_msgs/include/spot_msgs/msg/detail/dock_state__type_support.c
[2.710s] -- Up-to-date: /home/caleb/ros2_ws/install/spot_msgs/include/spot_msgs/msg/detail/wi_fi_state__rosidl_typesupport_introspection_c.h
[2.710s] -- Up-to-date: /home/caleb/ros2_ws/install/spot_msgs/include/spot_msgs/msg/detail/battery_state__type_support.c
[2.711s] -- Up-to-date: /home/caleb/ros2_ws/install/spot_msgs/include/spot_msgs/msg/detail/behavior_fault_state__rosidl_typesupport_introspection_c.h
[2.711s] -- Up-to-date: /home/caleb/ros2_ws/install/spot_msgs/include/spot_msgs/msg/detail/e_stop_state__rosidl_typesupport_introspection_c.h
[2.711s] -- Up-to-date: /home/caleb/ros2_ws/install/spot_msgs/include/spot_msgs/msg/detail/foot_state_array__rosidl_typesupport_introspection_c.h
[2.711s] -- Up-to-date: /home/caleb/ros2_ws/install/spot_msgs/include/spot_msgs/msg/detail/system_fault_state__type_support.c
[2.712s] -- Up-to-date: /home/caleb/ros2_ws/install/spot_msgs/include/spot_msgs/msg/detail/lease_owner__type_support.c
[2.712s] -- Up-to-date: /home/caleb/ros2_ws/install/spot_msgs/include/spot_msgs/msg/detail/lease_array__rosidl_typesupport_introspection_c.h
[2.712s] -- Up-to-date: /home/caleb/ros2_ws/install/spot_msgs/include/spot_msgs/msg/detail/e_stop_state_array__type_support.c
[2.713s] -- Up-to-date: /home/caleb/ros2_ws/install/spot_msgs/include/spot_msgs/msg/detail/metrics__type_support.c
[2.713s] -- Up-to-date: /home/caleb/ros2_ws/install/spot_msgs/include/spot_msgs/msg/detail/system_fault__rosidl_typesupport_introspection_c.h
[2.714s] -- Up-to-date: /home/caleb/ros2_ws/install/spot_msgs/include/spot_msgs/msg/detail/e_stop_state_array__rosidl_typesupport_introspection_c.h
[2.714s] -- Up-to-date: /home/caleb/ros2_ws/install/spot_msgs/include/spot_msgs/msg/detail/e_stop_state__type_support.c
[2.714s] -- Up-to-date: /home/caleb/ros2_ws/install/spot_msgs/include/spot_msgs/msg/detail/power_state__type_support.c
[2.714s] -- Up-to-date: /home/caleb/ros2_ws/install/spot_msgs/include/spot_msgs/msg/detail/foot_state__rosidl_typesupport_introspection_c.h
[2.715s] -- Up-to-date: /home/caleb/ros2_ws/install/spot_msgs/include/spot_msgs/msg/detail/behavior_fault__rosidl_typesupport_introspection_c.h
[2.715s] -- Up-to-date: /home/caleb/ros2_ws/install/spot_msgs/include/spot_msgs/msg/detail/lease__rosidl_typesupport_introspection_c.h
[2.715s] -- Up-to-date: /home/caleb/ros2_ws/install/spot_msgs/include/spot_msgs/msg/detail/dock_state__rosidl_typesupport_introspection_c.h
[2.716s] -- Up-to-date: /home/caleb/ros2_ws/install/spot_msgs/include/spot_msgs/action
[2.716s] -- Up-to-date: /home/caleb/ros2_ws/install/spot_msgs/include/spot_msgs/action/detail
[2.716s] -- Up-to-date: /home/caleb/ros2_ws/install/spot_msgs/include/spot_msgs/action/detail/navigate_to__type_support.c
[2.717s] -- Up-to-date: /home/caleb/ros2_ws/install/spot_msgs/include/spot_msgs/action/detail/navigate_to__rosidl_typesupport_introspection_c.h
[2.717s] -- Up-to-date: /home/caleb/ros2_ws/install/spot_msgs/include/spot_msgs/action/detail/trajectory__rosidl_typesupport_introspection_c.h
[2.718s] -- Up-to-date: /home/caleb/ros2_ws/install/spot_msgs/include/spot_msgs/action/detail/trajectory__type_support.c
[2.718s] -- Up-to-date: /home/caleb/ros2_ws/install/spot_msgs/lib/libspot_msgs__rosidl_typesupport_introspection_c.so
[2.719s] -- Up-to-date: /home/caleb/ros2_ws/install/spot_msgs/lib/libspot_msgs__rosidl_typesupport_c.so
[2.719s] -- Up-to-date: /home/caleb/ros2_ws/install/spot_msgs/include/spot_msgs
[2.719s] -- Up-to-date: /home/caleb/ros2_ws/install/spot_msgs/include/spot_msgs/srv
[2.720s] -- Up-to-date: /home/caleb/ros2_ws/install/spot_msgs/include/spot_msgs/srv/arm_force_trajectory.hpp
[2.720s] -- Up-to-date: /home/caleb/ros2_ws/install/spot_msgs/include/spot_msgs/srv/arm_joint_movement.hpp
[2.721s] -- Up-to-date: /home/caleb/ros2_ws/install/spot_msgs/include/spot_msgs/srv/list_graph.hpp
[2.721s] -- Up-to-date: /home/caleb/ros2_ws/install/spot_msgs/include/spot_msgs/srv/constrained_arm_joint_movement.hpp
[2.721s] -- Up-to-date: /home/caleb/ros2_ws/install/spot_msgs/include/spot_msgs/srv/set_velocity.hpp
[2.722s] -- Up-to-date: /home/caleb/ros2_ws/install/spot_msgs/include/spot_msgs/srv/hand_pose.hpp
[2.722s] -- Up-to-date: /home/caleb/ros2_ws/install/spot_msgs/include/spot_msgs/srv/clear_behavior_fault.hpp
[2.722s] -- Up-to-date: /home/caleb/ros2_ws/install/spot_msgs/include/spot_msgs/srv/dock.hpp
[2.723s] -- Up-to-date: /home/caleb/ros2_ws/install/spot_msgs/include/spot_msgs/srv/detail
[2.723s] -- Up-to-date: /home/caleb/ros2_ws/install/spot_msgs/include/spot_msgs/srv/detail/hand_pose__struct.hpp
[2.724s] -- Up-to-date: /home/caleb/ros2_ws/install/spot_msgs/include/spot_msgs/srv/detail/arm_force_trajectory__traits.hpp
[2.725s] -- Up-to-date: /home/caleb/ros2_ws/install/spot_msgs/include/spot_msgs/srv/detail/list_graph__struct.hpp
[2.725s] -- Up-to-date: /home/caleb/ros2_ws/install/spot_msgs/include/spot_msgs/srv/detail/set_locomotion__traits.hpp
[2.725s] -- Up-to-date: /home/caleb/ros2_ws/install/spot_msgs/include/spot_msgs/srv/detail/dock__traits.hpp
[2.726s] -- Up-to-date: /home/caleb/ros2_ws/install/spot_msgs/include/spot_msgs/srv/detail/set_velocity__traits.hpp
[2.726s] -- Up-to-date: /home/caleb/ros2_ws/install/spot_msgs/include/spot_msgs/srv/detail/hand_pose__traits.hpp
[2.726s] -- Up-to-date: /home/caleb/ros2_ws/install/spot_msgs/include/spot_msgs/srv/detail/set_velocity__builder.hpp
[2.727s] -- Up-to-date: /home/caleb/ros2_ws/install/spot_msgs/include/spot_msgs/srv/detail/list_graph__traits.hpp
[2.727s] -- Up-to-date: /home/caleb/ros2_ws/install/spot_msgs/include/spot_msgs/srv/detail/list_graph__builder.hpp
[2.728s] -- Up-to-date: /home/caleb/ros2_ws/install/spot_msgs/include/spot_msgs/srv/detail/clear_behavior_fault__struct.hpp
[2.728s] -- Up-to-date: /home/caleb/ros2_ws/install/spot_msgs/include/spot_msgs/srv/detail/constrained_arm_joint_movement__struct.hpp
[2.729s] -- Up-to-date: /home/caleb/ros2_ws/install/spot_msgs/include/spot_msgs/srv/detail/arm_joint_movement__traits.hpp
[2.729s] -- Up-to-date: /home/caleb/ros2_ws/install/spot_msgs/include/spot_msgs/srv/detail/gripper_angle_move__traits.hpp
[2.730s] -- Up-to-date: /home/caleb/ros2_ws/install/spot_msgs/include/spot_msgs/srv/detail/arm_force_trajectory__builder.hpp
[2.730s] -- Up-to-date: /home/caleb/ros2_ws/install/spot_msgs/include/spot_msgs/srv/detail/gripper_angle_move__struct.hpp
[2.730s] -- Up-to-date: /home/caleb/ros2_ws/install/spot_msgs/include/spot_msgs/srv/detail/hand_pose__builder.hpp
[2.730s] -- Up-to-date: /home/caleb/ros2_ws/install/spot_msgs/include/spot_msgs/srv/detail/arm_force_trajectory__struct.hpp
[2.731s] -- Up-to-date: /home/caleb/ros2_ws/install/spot_msgs/include/spot_msgs/srv/detail/gripper_angle_move__builder.hpp
[2.731s] -- Up-to-date: /home/caleb/ros2_ws/install/spot_msgs/include/spot_msgs/srv/detail/clear_behavior_fault__builder.hpp
[2.732s] -- Up-to-date: /home/caleb/ros2_ws/install/spot_msgs/include/spot_msgs/srv/detail/set_locomotion__struct.hpp
[2.733s] -- Up-to-date: /home/caleb/ros2_ws/install/spot_msgs/include/spot_msgs/srv/detail/arm_joint_movement__builder.hpp
[2.733s] -- Up-to-date: /home/caleb/ros2_ws/install/spot_msgs/include/spot_msgs/srv/detail/clear_behavior_fault__traits.hpp
[2.733s] -- Up-to-date: /home/caleb/ros2_ws/install/spot_msgs/include/spot_msgs/srv/detail/set_locomotion__builder.hpp
[2.733s] -- Up-to-date: /home/caleb/ros2_ws/install/spot_msgs/include/spot_msgs/srv/detail/constrained_arm_joint_movement__builder.hpp
[2.733s] -- Up-to-date: /home/caleb/ros2_ws/install/spot_msgs/include/spot_msgs/srv/detail/set_velocity__struct.hpp
[2.733s] -- Up-to-date: /home/caleb/ros2_ws/install/spot_msgs/include/spot_msgs/srv/detail/constrained_arm_joint_movement__traits.hpp
[2.734s] -- Up-to-date: /home/caleb/ros2_ws/install/spot_msgs/include/spot_msgs/srv/detail/dock__builder.hpp
[2.734s] -- Up-to-date: /home/caleb/ros2_ws/install/spot_msgs/include/spot_msgs/srv/detail/arm_joint_movement__struct.hpp
[2.734s] -- Up-to-date: /home/caleb/ros2_ws/install/spot_msgs/include/spot_msgs/srv/detail/dock__struct.hpp
[2.734s] -- Up-to-date: /home/caleb/ros2_ws/install/spot_msgs/include/spot_msgs/srv/gripper_angle_move.hpp
[2.735s] -- Up-to-date: /home/caleb/ros2_ws/install/spot_msgs/include/spot_msgs/srv/set_locomotion.hpp
[2.735s] -- Up-to-date: /home/caleb/ros2_ws/install/spot_msgs/include/spot_msgs/msg
[2.735s] -- Up-to-date: /home/caleb/ros2_ws/install/spot_msgs/include/spot_msgs/msg/manipulator_state.hpp
[2.735s] -- Up-to-date: /home/caleb/ros2_ws/install/spot_msgs/include/spot_msgs/msg/power_state.hpp
[2.735s] -- Up-to-date: /home/caleb/ros2_ws/install/spot_msgs/include/spot_msgs/msg/foot_state.hpp
[2.735s] -- Up-to-date: /home/caleb/ros2_ws/install/spot_msgs/include/spot_msgs/msg/e_stop_state.hpp
[2.735s] -- Up-to-date: /home/caleb/ros2_ws/install/spot_msgs/include/spot_msgs/msg/behavior_fault_state.hpp
[2.735s] -- Up-to-date: /home/caleb/ros2_ws/install/spot_msgs/include/spot_msgs/msg/dock_state.hpp
[2.736s] -- Up-to-date: /home/caleb/ros2_ws/install/spot_msgs/include/spot_msgs/msg/mobility_params.hpp
[2.736s] -- Up-to-date: /home/caleb/ros2_ws/install/spot_msgs/include/spot_msgs/msg/wi_fi_state.hpp
[2.736s] -- Up-to-date: /home/caleb/ros2_ws/install/spot_msgs/include/spot_msgs/msg/battery_state_array.hpp
[2.736s] -- Up-to-date: /home/caleb/ros2_ws/install/spot_msgs/include/spot_msgs/msg/behavior_fault.hpp
[2.736s] -- Up-to-date: /home/caleb/ros2_ws/install/spot_msgs/include/spot_msgs/msg/lease_resource.hpp
[2.736s] -- Up-to-date: /home/caleb/ros2_ws/install/spot_msgs/include/spot_msgs/msg/foot_state_array.hpp
[2.736s] -- Up-to-date: /home/caleb/ros2_ws/install/spot_msgs/include/spot_msgs/msg/detail
[2.736s] -- Up-to-date: /home/caleb/ros2_ws/install/spot_msgs/include/spot_msgs/msg/detail/battery_state__builder.hpp
[2.736s] -- Up-to-date: /home/caleb/ros2_ws/install/spot_msgs/include/spot_msgs/msg/detail/system_fault_state__traits.hpp
[2.736s] -- Up-to-date: /home/caleb/ros2_ws/install/spot_msgs/include/spot_msgs/msg/detail/behavior_fault_state__traits.hpp
[2.737s] -- Up-to-date: /home/caleb/ros2_ws/install/spot_msgs/include/spot_msgs/msg/detail/lease_array__traits.hpp
[2.737s] -- Up-to-date: /home/caleb/ros2_ws/install/spot_msgs/include/spot_msgs/msg/detail/e_stop_state_array__builder.hpp
[2.737s] -- Up-to-date: /home/caleb/ros2_ws/install/spot_msgs/include/spot_msgs/msg/detail/battery_state_array__traits.hpp
[2.738s] -- Up-to-date: /home/caleb/ros2_ws/install/spot_msgs/include/spot_msgs/msg/detail/battery_state__struct.hpp
[2.738s] -- Up-to-date: /home/caleb/ros2_ws/install/spot_msgs/include/spot_msgs/msg/detail/lease_resource__traits.hpp
[2.738s] -- Up-to-date: /home/caleb/ros2_ws/install/spot_msgs/include/spot_msgs/msg/detail/behavior_fault_state__builder.hpp
[2.739s] -- Up-to-date: /home/caleb/ros2_ws/install/spot_msgs/include/spot_msgs/msg/detail/dock_state__traits.hpp
[2.739s] -- Up-to-date: /home/caleb/ros2_ws/install/spot_msgs/include/spot_msgs/msg/detail/manipulator_state__builder.hpp
[2.739s] -- Up-to-date: /home/caleb/ros2_ws/install/spot_msgs/include/spot_msgs/msg/detail/system_fault__builder.hpp
[2.739s] -- Up-to-date: /home/caleb/ros2_ws/install/spot_msgs/include/spot_msgs/msg/detail/battery_state_array__builder.hpp
[2.739s] -- Up-to-date: /home/caleb/ros2_ws/install/spot_msgs/include/spot_msgs/msg/detail/wi_fi_state__struct.hpp
[2.740s] -- Up-to-date: /home/caleb/ros2_ws/install/spot_msgs/include/spot_msgs/msg/detail/metrics__traits.hpp
[2.740s] -- Up-to-date: /home/caleb/ros2_ws/install/spot_msgs/include/spot_msgs/msg/detail/wi_fi_state__traits.hpp
[2.740s] -- Up-to-date: /home/caleb/ros2_ws/install/spot_msgs/include/spot_msgs/msg/detail/behavior_fault_state__struct.hpp
[2.740s] -- Up-to-date: /home/caleb/ros2_ws/install/spot_msgs/include/spot_msgs/msg/detail/system_fault__traits.hpp
[2.741s] -- Up-to-date: /home/caleb/ros2_ws/install/spot_msgs/include/spot_msgs/msg/detail/wi_fi_state__builder.hpp
[2.741s] -- Up-to-date: /home/caleb/ros2_ws/install/spot_msgs/include/spot_msgs/msg/detail/e_stop_state_array__traits.hpp
[2.741s] -- Up-to-date: /home/caleb/ros2_ws/install/spot_msgs/include/spot_msgs/msg/detail/feedback__struct.hpp
[2.742s] -- Up-to-date: /home/caleb/ros2_ws/install/spot_msgs/include/spot_msgs/msg/detail/lease_array__builder.hpp
[2.742s] -- Up-to-date: /home/caleb/ros2_ws/install/spot_msgs/include/spot_msgs/msg/detail/dock_state__struct.hpp
[2.742s] -- Up-to-date: /home/caleb/ros2_ws/install/spot_msgs/include/spot_msgs/msg/detail/manipulator_state__traits.hpp
[2.743s] -- Up-to-date: /home/caleb/ros2_ws/install/spot_msgs/include/spot_msgs/msg/detail/system_fault_state__struct.hpp
[2.743s] -- Up-to-date: /home/caleb/ros2_ws/install/spot_msgs/include/spot_msgs/msg/detail/behavior_fault__struct.hpp
[2.743s] -- Up-to-date: /home/caleb/ros2_ws/install/spot_msgs/include/spot_msgs/msg/detail/lease__traits.hpp
[2.744s] -- Up-to-date: /home/caleb/ros2_ws/install/spot_msgs/include/spot_msgs/msg/detail/lease_array__struct.hpp
[2.744s] -- Up-to-date: /home/caleb/ros2_ws/install/spot_msgs/include/spot_msgs/msg/detail/feedback__builder.hpp
[2.744s] -- Up-to-date: /home/caleb/ros2_ws/install/spot_msgs/include/spot_msgs/msg/detail/metrics__struct.hpp
[2.744s] -- Up-to-date: /home/caleb/ros2_ws/install/spot_msgs/include/spot_msgs/msg/detail/foot_state_array__struct.hpp
[2.745s] -- Up-to-date: /home/caleb/ros2_ws/install/spot_msgs/include/spot_msgs/msg/detail/lease_owner__struct.hpp
[2.745s] -- Up-to-date: /home/caleb/ros2_ws/install/spot_msgs/include/spot_msgs/msg/detail/foot_state__traits.hpp
[2.745s] -- Up-to-date: /home/caleb/ros2_ws/install/spot_msgs/include/spot_msgs/msg/detail/lease__builder.hpp
[2.746s] -- Up-to-date: /home/caleb/ros2_ws/install/spot_msgs/include/spot_msgs/msg/detail/dock_state__builder.hpp
[2.746s] -- Up-to-date: /home/caleb/ros2_ws/install/spot_msgs/include/spot_msgs/msg/detail/lease_resource__struct.hpp
[2.746s] -- Up-to-date: /home/caleb/ros2_ws/install/spot_msgs/include/spot_msgs/msg/detail/e_stop_state__traits.hpp
[2.747s] -- Up-to-date: /home/caleb/ros2_ws/install/spot_msgs/include/spot_msgs/msg/detail/mobility_params__traits.hpp
[2.747s] -- Up-to-date: /home/caleb/ros2_ws/install/spot_msgs/include/spot_msgs/msg/detail/power_state__builder.hpp
[2.747s] -- Up-to-date: /home/caleb/ros2_ws/install/spot_msgs/include/spot_msgs/msg/detail/mobility_params__struct.hpp
[2.748s] -- Up-to-date: /home/caleb/ros2_ws/install/spot_msgs/include/spot_msgs/msg/detail/mobility_params__builder.hpp
[2.748s] -- Up-to-date: /home/caleb/ros2_ws/install/spot_msgs/include/spot_msgs/msg/detail/lease_resource__builder.hpp
[2.749s] -- Up-to-date: /home/caleb/ros2_ws/install/spot_msgs/include/spot_msgs/msg/detail/foot_state__builder.hpp
[2.749s] -- Up-to-date: /home/caleb/ros2_ws/install/spot_msgs/include/spot_msgs/msg/detail/manipulator_state__struct.hpp
[2.749s] -- Up-to-date: /home/caleb/ros2_ws/install/spot_msgs/include/spot_msgs/msg/detail/lease__struct.hpp
[2.749s] -- Up-to-date: /home/caleb/ros2_ws/install/spot_msgs/include/spot_msgs/msg/detail/power_state__traits.hpp
[2.750s] -- Up-to-date: /home/caleb/ros2_ws/install/spot_msgs/include/spot_msgs/msg/detail/battery_state_array__struct.hpp
[2.750s] -- Up-to-date: /home/caleb/ros2_ws/install/spot_msgs/include/spot_msgs/msg/detail/foot_state_array__traits.hpp
[2.750s] -- Up-to-date: /home/caleb/ros2_ws/install/spot_msgs/include/spot_msgs/msg/detail/foot_state__struct.hpp
[2.751s] -- Up-to-date: /home/caleb/ros2_ws/install/spot_msgs/include/spot_msgs/msg/detail/feedback__traits.hpp
[2.751s] -- Up-to-date: /home/caleb/ros2_ws/install/spot_msgs/include/spot_msgs/msg/detail/lease_owner__traits.hpp
[2.751s] -- Up-to-date: /home/caleb/ros2_ws/install/spot_msgs/include/spot_msgs/msg/detail/e_stop_state_array__struct.hpp
[2.751s] -- Up-to-date: /home/caleb/ros2_ws/install/spot_msgs/include/spot_msgs/msg/detail/power_state__struct.hpp
[2.752s] -- Up-to-date: /home/caleb/ros2_ws/install/spot_msgs/include/spot_msgs/msg/detail/e_stop_state__builder.hpp
[2.753s] -- Up-to-date: /home/caleb/ros2_ws/install/spot_msgs/include/spot_msgs/msg/detail/system_fault_state__builder.hpp
[2.753s] -- Up-to-date: /home/caleb/ros2_ws/install/spot_msgs/include/spot_msgs/msg/detail/system_fault__struct.hpp
[2.753s] -- Up-to-date: /home/caleb/ros2_ws/install/spot_msgs/include/spot_msgs/msg/detail/behavior_fault__builder.hpp
[2.754s] -- Up-to-date: /home/caleb/ros2_ws/install/spot_msgs/include/spot_msgs/msg/detail/metrics__builder.hpp
[2.754s] -- Up-to-date: /home/caleb/ros2_ws/install/spot_msgs/include/spot_msgs/msg/detail/e_stop_state__struct.hpp
[2.754s] -- Up-to-date: /home/caleb/ros2_ws/install/spot_msgs/include/spot_msgs/msg/detail/foot_state_array__builder.hpp
[2.754s] -- Up-to-date: /home/caleb/ros2_ws/install/spot_msgs/include/spot_msgs/msg/detail/lease_owner__builder.hpp
[2.755s] -- Up-to-date: /home/caleb/ros2_ws/install/spot_msgs/include/spot_msgs/msg/detail/behavior_fault__traits.hpp
[2.755s] -- Up-to-date: /home/caleb/ros2_ws/install/spot_msgs/include/spot_msgs/msg/detail/battery_state__traits.hpp
[2.755s] -- Up-to-date: /home/caleb/ros2_ws/install/spot_msgs/include/spot_msgs/msg/lease.hpp
[2.756s] -- Up-to-date: /home/caleb/ros2_ws/install/spot_msgs/include/spot_msgs/msg/metrics.hpp
[2.756s] -- Up-to-date: /home/caleb/ros2_ws/install/spot_msgs/include/spot_msgs/msg/e_stop_state_array.hpp
[2.757s] -- Up-to-date: /home/caleb/ros2_ws/install/spot_msgs/include/spot_msgs/msg/battery_state.hpp
[2.757s] -- Up-to-date: /home/caleb/ros2_ws/install/spot_msgs/include/spot_msgs/msg/lease_array.hpp
[2.757s] -- Up-to-date: /home/caleb/ros2_ws/install/spot_msgs/include/spot_msgs/msg/feedback.hpp
[2.758s] -- Up-to-date: /home/caleb/ros2_ws/install/spot_msgs/include/spot_msgs/msg/lease_owner.hpp
[2.758s] -- Up-to-date: /home/caleb/ros2_ws/install/spot_msgs/include/spot_msgs/msg/system_fault.hpp
[2.759s] -- Up-to-date: /home/caleb/ros2_ws/install/spot_msgs/include/spot_msgs/msg/system_fault_state.hpp
[2.759s] -- Up-to-date: /home/caleb/ros2_ws/install/spot_msgs/include/spot_msgs/action
[2.759s] -- Up-to-date: /home/caleb/ros2_ws/install/spot_msgs/include/spot_msgs/action/trajectory.hpp
[2.759s] -- Up-to-date: /home/caleb/ros2_ws/install/spot_msgs/include/spot_msgs/action/detail
[2.759s] -- Up-to-date: /home/caleb/ros2_ws/install/spot_msgs/include/spot_msgs/action/detail/trajectory__struct.hpp
[2.760s] -- Up-to-date: /home/caleb/ros2_ws/install/spot_msgs/include/spot_msgs/action/detail/navigate_to__builder.hpp
[2.760s] -- Up-to-date: /home/caleb/ros2_ws/install/spot_msgs/include/spot_msgs/action/detail/navigate_to__struct.hpp
[2.760s] -- Up-to-date: /home/caleb/ros2_ws/install/spot_msgs/include/spot_msgs/action/detail/trajectory__traits.hpp
[2.760s] -- Up-to-date: /home/caleb/ros2_ws/install/spot_msgs/include/spot_msgs/action/detail/trajectory__builder.hpp
[2.760s] -- Up-to-date: /home/caleb/ros2_ws/install/spot_msgs/include/spot_msgs/action/detail/navigate_to__traits.hpp
[2.760s] -- Up-to-date: /home/caleb/ros2_ws/install/spot_msgs/include/spot_msgs/action/navigate_to.hpp
[2.760s] -- Up-to-date: /home/caleb/ros2_ws/install/spot_msgs/include/spot_msgs
[2.760s] -- Up-to-date: /home/caleb/ros2_ws/install/spot_msgs/include/spot_msgs/srv
[2.761s] -- Up-to-date: /home/caleb/ros2_ws/install/spot_msgs/include/spot_msgs/srv/detail
[2.761s] -- Up-to-date: /home/caleb/ros2_ws/install/spot_msgs/include/spot_msgs/srv/detail/clear_behavior_fault__type_support.cpp
[2.761s] -- Up-to-date: /home/caleb/ros2_ws/install/spot_msgs/include/spot_msgs/srv/detail/list_graph__type_support.cpp
[2.762s] -- Up-to-date: /home/caleb/ros2_ws/install/spot_msgs/include/spot_msgs/srv/detail/constrained_arm_joint_movement__type_support.cpp
[2.762s] -- Up-to-date: /home/caleb/ros2_ws/install/spot_msgs/include/spot_msgs/srv/detail/arm_joint_movement__type_support.cpp
[2.762s] -- Up-to-date: /home/caleb/ros2_ws/install/spot_msgs/include/spot_msgs/srv/detail/list_graph__rosidl_typesupport_introspection_cpp.hpp
[2.763s] -- Up-to-date: /home/caleb/ros2_ws/install/spot_msgs/include/spot_msgs/srv/detail/hand_pose__type_support.cpp
[2.763s] -- Up-to-date: /home/caleb/ros2_ws/install/spot_msgs/include/spot_msgs/srv/detail/set_locomotion__type_support.cpp
[2.764s] -- Up-to-date: /home/caleb/ros2_ws/install/spot_msgs/include/spot_msgs/srv/detail/arm_force_trajectory__rosidl_typesupport_introspection_cpp.hpp
[2.764s] -- Up-to-date: /home/caleb/ros2_ws/install/spot_msgs/include/spot_msgs/srv/detail/hand_pose__rosidl_typesupport_introspection_cpp.hpp
[2.764s] -- Up-to-date: /home/caleb/ros2_ws/install/spot_msgs/include/spot_msgs/srv/detail/set_locomotion__rosidl_typesupport_introspection_cpp.hpp
[2.765s] -- Up-to-date: /home/caleb/ros2_ws/install/spot_msgs/include/spot_msgs/srv/detail/arm_joint_movement__rosidl_typesupport_introspection_cpp.hpp
[2.765s] -- Up-to-date: /home/caleb/ros2_ws/install/spot_msgs/include/spot_msgs/srv/detail/set_velocity__type_support.cpp
[2.765s] -- Up-to-date: /home/caleb/ros2_ws/install/spot_msgs/include/spot_msgs/srv/detail/dock__rosidl_typesupport_introspection_cpp.hpp
[2.766s] -- Up-to-date: /home/caleb/ros2_ws/install/spot_msgs/include/spot_msgs/srv/detail/dock__type_support.cpp
[2.766s] -- Up-to-date: /home/caleb/ros2_ws/install/spot_msgs/include/spot_msgs/srv/detail/set_velocity__rosidl_typesupport_introspection_cpp.hpp
[2.766s] -- Up-to-date: /home/caleb/ros2_ws/install/spot_msgs/include/spot_msgs/srv/detail/gripper_angle_move__type_support.cpp
[2.767s] -- Up-to-date: /home/caleb/ros2_ws/install/spot_msgs/include/spot_msgs/srv/detail/arm_force_trajectory__type_support.cpp
[2.767s] -- Up-to-date: /home/caleb/ros2_ws/install/spot_msgs/include/spot_msgs/srv/detail/constrained_arm_joint_movement__rosidl_typesupport_introspection_cpp.hpp
[2.767s] -- Up-to-date: /home/caleb/ros2_ws/install/spot_msgs/include/spot_msgs/srv/detail/gripper_angle_move__rosidl_typesupport_introspection_cpp.hpp
[2.768s] -- Up-to-date: /home/caleb/ros2_ws/install/spot_msgs/include/spot_msgs/srv/detail/clear_behavior_fault__rosidl_typesupport_introspection_cpp.hpp
[2.768s] -- Up-to-date: /home/caleb/ros2_ws/install/spot_msgs/include/spot_msgs/msg
[2.768s] -- Up-to-date: /home/caleb/ros2_ws/install/spot_msgs/include/spot_msgs/msg/detail
[2.769s] -- Up-to-date: /home/caleb/ros2_ws/install/spot_msgs/include/spot_msgs/msg/detail/metrics__rosidl_typesupport_introspection_cpp.hpp
[2.769s] -- Up-to-date: /home/caleb/ros2_ws/install/spot_msgs/include/spot_msgs/msg/detail/behavior_fault__rosidl_typesupport_introspection_cpp.hpp
[2.769s] -- Up-to-date: /home/caleb/ros2_ws/install/spot_msgs/include/spot_msgs/msg/detail/behavior_fault__type_support.cpp
[2.770s] -- Up-to-date: /home/caleb/ros2_ws/install/spot_msgs/include/spot_msgs/msg/detail/power_state__rosidl_typesupport_introspection_cpp.hpp
[2.770s] -- Up-to-date: /home/caleb/ros2_ws/install/spot_msgs/include/spot_msgs/msg/detail/system_fault__rosidl_typesupport_introspection_cpp.hpp
[2.770s] -- Up-to-date: /home/caleb/ros2_ws/install/spot_msgs/include/spot_msgs/msg/detail/wi_fi_state__type_support.cpp
[2.771s] -- Up-to-date: /home/caleb/ros2_ws/install/spot_msgs/include/spot_msgs/msg/detail/feedback__rosidl_typesupport_introspection_cpp.hpp
[2.771s] -- Up-to-date: /home/caleb/ros2_ws/install/spot_msgs/include/spot_msgs/msg/detail/wi_fi_state__rosidl_typesupport_introspection_cpp.hpp
[2.771s] -- Up-to-date: /home/caleb/ros2_ws/install/spot_msgs/include/spot_msgs/msg/detail/foot_state__rosidl_typesupport_introspection_cpp.hpp
[2.772s] -- Up-to-date: /home/caleb/ros2_ws/install/spot_msgs/include/spot_msgs/msg/detail/battery_state_array__rosidl_typesupport_introspection_cpp.hpp
[2.772s] -- Up-to-date: /home/caleb/ros2_ws/install/spot_msgs/include/spot_msgs/msg/detail/manipulator_state__type_support.cpp
[2.772s] -- Up-to-date: /home/caleb/ros2_ws/install/spot_msgs/include/spot_msgs/msg/detail/manipulator_state__rosidl_typesupport_introspection_cpp.hpp
[2.773s] -- Up-to-date: /home/caleb/ros2_ws/install/spot_msgs/include/spot_msgs/msg/detail/dock_state__rosidl_typesupport_introspection_cpp.hpp
[2.773s] -- Up-to-date: /home/caleb/ros2_ws/install/spot_msgs/include/spot_msgs/msg/detail/e_stop_state_array__type_support.cpp
[2.774s] -- Up-to-date: /home/caleb/ros2_ws/install/spot_msgs/include/spot_msgs/msg/detail/behavior_fault_state__type_support.cpp
[2.774s] -- Up-to-date: /home/caleb/ros2_ws/install/spot_msgs/include/spot_msgs/msg/detail/system_fault_state__type_support.cpp
[2.774s] -- Up-to-date: /home/caleb/ros2_ws/install/spot_msgs/include/spot_msgs/msg/detail/dock_state__type_support.cpp
[2.775s] -- Up-to-date: /home/caleb/ros2_ws/install/spot_msgs/include/spot_msgs/msg/detail/mobility_params__rosidl_typesupport_introspection_cpp.hpp
[2.775s] -- Up-to-date: /home/caleb/ros2_ws/install/spot_msgs/include/spot_msgs/msg/detail/foot_state__type_support.cpp
[2.775s] -- Up-to-date: /home/caleb/ros2_ws/install/spot_msgs/include/spot_msgs/msg/detail/metrics__type_support.cpp
[2.776s] -- Up-to-date: /home/caleb/ros2_ws/install/spot_msgs/include/spot_msgs/msg/detail/lease_owner__rosidl_typesupport_introspection_cpp.hpp
[2.776s] -- Up-to-date: /home/caleb/ros2_ws/install/spot_msgs/include/spot_msgs/msg/detail/lease__type_support.cpp
[2.776s] -- Up-to-date: /home/caleb/ros2_ws/install/spot_msgs/include/spot_msgs/msg/detail/battery_state__type_support.cpp
[2.777s] -- Up-to-date: /home/caleb/ros2_ws/install/spot_msgs/include/spot_msgs/msg/detail/battery_state__rosidl_typesupport_introspection_cpp.hpp
[2.777s] -- Up-to-date: /home/caleb/ros2_ws/install/spot_msgs/include/spot_msgs/msg/detail/lease__rosidl_typesupport_introspection_cpp.hpp
[2.777s] -- Up-to-date: /home/caleb/ros2_ws/install/spot_msgs/include/spot_msgs/msg/detail/e_stop_state__rosidl_typesupport_introspection_cpp.hpp
[2.778s] -- Up-to-date: /home/caleb/ros2_ws/install/spot_msgs/include/spot_msgs/msg/detail/lease_array__rosidl_typesupport_introspection_cpp.hpp
[2.778s] -- Up-to-date: /home/caleb/ros2_ws/install/spot_msgs/include/spot_msgs/msg/detail/lease_owner__type_support.cpp
[2.778s] -- Up-to-date: /home/caleb/ros2_ws/install/spot_msgs/include/spot_msgs/msg/detail/system_fault_state__rosidl_typesupport_introspection_cpp.hpp
[2.779s] -- Up-to-date: /home/caleb/ros2_ws/install/spot_msgs/include/spot_msgs/msg/detail/battery_state_array__type_support.cpp
[2.779s] -- Up-to-date: /home/caleb/ros2_ws/install/spot_msgs/include/spot_msgs/msg/detail/system_fault__type_support.cpp
[2.779s] -- Up-to-date: /home/caleb/ros2_ws/install/spot_msgs/include/spot_msgs/msg/detail/lease_array__type_support.cpp
[2.780s] -- Up-to-date: /home/caleb/ros2_ws/install/spot_msgs/include/spot_msgs/msg/detail/power_state__type_support.cpp
[2.780s] -- Up-to-date: /home/caleb/ros2_ws/install/spot_msgs/include/spot_msgs/msg/detail/foot_state_array__type_support.cpp
[2.780s] -- Up-to-date: /home/caleb/ros2_ws/install/spot_msgs/include/spot_msgs/msg/detail/e_stop_state_array__rosidl_typesupport_introspection_cpp.hpp
[2.781s] -- Up-to-date: /home/caleb/ros2_ws/install/spot_msgs/include/spot_msgs/msg/detail/lease_resource__type_support.cpp
[2.781s] -- Up-to-date: /home/caleb/ros2_ws/install/spot_msgs/include/spot_msgs/msg/detail/behavior_fault_state__rosidl_typesupport_introspection_cpp.hpp
[2.781s] -- Up-to-date: /home/caleb/ros2_ws/install/spot_msgs/include/spot_msgs/msg/detail/lease_resource__rosidl_typesupport_introspection_cpp.hpp
[2.781s] -- Up-to-date: /home/caleb/ros2_ws/install/spot_msgs/include/spot_msgs/msg/detail/e_stop_state__type_support.cpp
[2.782s] -- Up-to-date: /home/caleb/ros2_ws/install/spot_msgs/include/spot_msgs/msg/detail/mobility_params__type_support.cpp
[2.782s] -- Up-to-date: /home/caleb/ros2_ws/install/spot_msgs/include/spot_msgs/msg/detail/foot_state_array__rosidl_typesupport_introspection_cpp.hpp
[2.782s] -- Up-to-date: /home/caleb/ros2_ws/install/spot_msgs/include/spot_msgs/msg/detail/feedback__type_support.cpp
[2.782s] -- Up-to-date: /home/caleb/ros2_ws/install/spot_msgs/include/spot_msgs/action
[2.783s] -- Up-to-date: /home/caleb/ros2_ws/install/spot_msgs/include/spot_msgs/action/detail
[2.783s] -- Up-to-date: /home/caleb/ros2_ws/install/spot_msgs/include/spot_msgs/action/detail/trajectory__rosidl_typesupport_introspection_cpp.hpp
[2.783s] -- Up-to-date: /home/caleb/ros2_ws/install/spot_msgs/include/spot_msgs/action/detail/navigate_to__rosidl_typesupport_introspection_cpp.hpp
[2.783s] -- Up-to-date: /home/caleb/ros2_ws/install/spot_msgs/include/spot_msgs/action/detail/trajectory__type_support.cpp
[2.783s] -- Up-to-date: /home/caleb/ros2_ws/install/spot_msgs/include/spot_msgs/action/detail/navigate_to__type_support.cpp
[2.784s] -- Up-to-date: /home/caleb/ros2_ws/install/spot_msgs/lib/libspot_msgs__rosidl_typesupport_introspection_cpp.so
[2.784s] -- Up-to-date: /home/caleb/ros2_ws/install/spot_msgs/lib/libspot_msgs__rosidl_typesupport_cpp.so
[2.784s] -- Up-to-date: /home/caleb/ros2_ws/install/spot_msgs/share/spot_msgs/environment/pythonpath.sh
[2.785s] -- Up-to-date: /home/caleb/ros2_ws/install/spot_msgs/share/spot_msgs/environment/pythonpath.dsv
[2.785s] -- Up-to-date: /home/caleb/ros2_ws/install/spot_msgs/lib/python3.8/site-packages/spot_msgs/__init__.py
[2.785s] -- Up-to-date: /home/caleb/ros2_ws/install/spot_msgs/lib/python3.8/site-packages/spot_msgs/action
[2.786s] -- Up-to-date: /home/caleb/ros2_ws/install/spot_msgs/lib/python3.8/site-packages/spot_msgs/action/_navigate_to.py
[2.786s] -- Up-to-date: /home/caleb/ros2_ws/install/spot_msgs/lib/python3.8/site-packages/spot_msgs/action/__init__.py
[2.786s] -- Up-to-date: /home/caleb/ros2_ws/install/spot_msgs/lib/python3.8/site-packages/spot_msgs/action/_trajectory.py
[2.787s] -- Up-to-date: /home/caleb/ros2_ws/install/spot_msgs/lib/python3.8/site-packages/spot_msgs/action/_trajectory_s.c
[2.787s] -- Up-to-date: /home/caleb/ros2_ws/install/spot_msgs/lib/python3.8/site-packages/spot_msgs/action/_navigate_to_s.c
[2.787s] -- Up-to-date: /home/caleb/ros2_ws/install/spot_msgs/lib/python3.8/site-packages/spot_msgs/srv
[2.788s] -- Up-to-date: /home/caleb/ros2_ws/install/spot_msgs/lib/python3.8/site-packages/spot_msgs/srv/_gripper_angle_move_s.c
[2.788s] -- Up-to-date: /home/caleb/ros2_ws/install/spot_msgs/lib/python3.8/site-packages/spot_msgs/srv/_set_locomotion_s.c
[2.789s] -- Up-to-date: /home/caleb/ros2_ws/install/spot_msgs/lib/python3.8/site-packages/spot_msgs/srv/_list_graph_s.c
[2.789s] -- Up-to-date: /home/caleb/ros2_ws/install/spot_msgs/lib/python3.8/site-packages/spot_msgs/srv/_arm_joint_movement_s.c
[2.790s] -- Up-to-date: /home/caleb/ros2_ws/install/spot_msgs/lib/python3.8/site-packages/spot_msgs/srv/_arm_force_trajectory_s.c
[2.790s] -- Up-to-date: /home/caleb/ros2_ws/install/spot_msgs/lib/python3.8/site-packages/spot_msgs/srv/__init__.py
[2.790s] -- Up-to-date: /home/caleb/ros2_ws/install/spot_msgs/lib/python3.8/site-packages/spot_msgs/srv/_constrained_arm_joint_movement.py
[2.791s] -- Up-to-date: /home/caleb/ros2_ws/install/spot_msgs/lib/python3.8/site-packages/spot_msgs/srv/_clear_behavior_fault.py
[2.791s] -- Up-to-date: /home/caleb/ros2_ws/install/spot_msgs/lib/python3.8/site-packages/spot_msgs/srv/_set_locomotion.py
[2.792s] -- Up-to-date: /home/caleb/ros2_ws/install/spot_msgs/lib/python3.8/site-packages/spot_msgs/srv/_dock_s.c
[2.792s] -- Up-to-date: /home/caleb/ros2_ws/install/spot_msgs/lib/python3.8/site-packages/spot_msgs/srv/_set_velocity.py
[2.792s] -- Up-to-date: /home/caleb/ros2_ws/install/spot_msgs/lib/python3.8/site-packages/spot_msgs/srv/_gripper_angle_move.py
[2.793s] -- Up-to-date: /home/caleb/ros2_ws/install/spot_msgs/lib/python3.8/site-packages/spot_msgs/srv/_clear_behavior_fault_s.c
[2.793s] -- Up-to-date: /home/caleb/ros2_ws/install/spot_msgs/lib/python3.8/site-packages/spot_msgs/srv/_dock.py
[2.794s] -- Up-to-date: /home/caleb/ros2_ws/install/spot_msgs/lib/python3.8/site-packages/spot_msgs/srv/_arm_force_trajectory.py
[2.794s] -- Up-to-date: /home/caleb/ros2_ws/install/spot_msgs/lib/python3.8/site-packages/spot_msgs/srv/_arm_joint_movement.py
[2.794s] -- Up-to-date: /home/caleb/ros2_ws/install/spot_msgs/lib/python3.8/site-packages/spot_msgs/srv/_constrained_arm_joint_movement_s.c
[2.795s] -- Up-to-date: /home/caleb/ros2_ws/install/spot_msgs/lib/python3.8/site-packages/spot_msgs/srv/_set_velocity_s.c
[2.795s] -- Up-to-date: /home/caleb/ros2_ws/install/spot_msgs/lib/python3.8/site-packages/spot_msgs/srv/_hand_pose_s.c
[2.795s] -- Up-to-date: /home/caleb/ros2_ws/install/spot_msgs/lib/python3.8/site-packages/spot_msgs/srv/_hand_pose.py
[2.796s] -- Up-to-date: /home/caleb/ros2_ws/install/spot_msgs/lib/python3.8/site-packages/spot_msgs/srv/_list_graph.py
[2.796s] -- Up-to-date: /home/caleb/ros2_ws/install/spot_msgs/lib/python3.8/site-packages/spot_msgs/msg
[2.796s] -- Up-to-date: /home/caleb/ros2_ws/install/spot_msgs/lib/python3.8/site-packages/spot_msgs/msg/_lease_array.py
[2.797s] -- Up-to-date: /home/caleb/ros2_ws/install/spot_msgs/lib/python3.8/site-packages/spot_msgs/msg/_manipulator_state_s.c
[2.797s] -- Up-to-date: /home/caleb/ros2_ws/install/spot_msgs/lib/python3.8/site-packages/spot_msgs/msg/_feedback_s.c
[2.797s] -- Up-to-date: /home/caleb/ros2_ws/install/spot_msgs/lib/python3.8/site-packages/spot_msgs/msg/_lease_resource_s.c
[2.798s] -- Up-to-date: /home/caleb/ros2_ws/install/spot_msgs/lib/python3.8/site-packages/spot_msgs/msg/_lease_owner.py
[2.799s] -- Up-to-date: /home/caleb/ros2_ws/install/spot_msgs/lib/python3.8/site-packages/spot_msgs/msg/_battery_state_s.c
[2.799s] -- Up-to-date: /home/caleb/ros2_ws/install/spot_msgs/lib/python3.8/site-packages/spot_msgs/msg/_manipulator_state.py
[2.799s] -- Up-to-date: /home/caleb/ros2_ws/install/spot_msgs/lib/python3.8/site-packages/spot_msgs/msg/_foot_state_array_s.c
[2.800s] -- Up-to-date: /home/caleb/ros2_ws/install/spot_msgs/lib/python3.8/site-packages/spot_msgs/msg/_battery_state_array_s.c
[2.800s] -- Up-to-date: /home/caleb/ros2_ws/install/spot_msgs/lib/python3.8/site-packages/spot_msgs/msg/_power_state.py
[2.800s] -- Up-to-date: /home/caleb/ros2_ws/install/spot_msgs/lib/python3.8/site-packages/spot_msgs/msg/_dock_state_s.c
[2.801s] -- Up-to-date: /home/caleb/ros2_ws/install/spot_msgs/lib/python3.8/site-packages/spot_msgs/msg/_foot_state_array.py
[2.801s] -- Up-to-date: /home/caleb/ros2_ws/install/spot_msgs/lib/python3.8/site-packages/spot_msgs/msg/_system_fault_state_s.c
[2.802s] -- Up-to-date: /home/caleb/ros2_ws/install/spot_msgs/lib/python3.8/site-packages/spot_msgs/msg/_system_fault.py
[2.802s] -- Up-to-date: /home/caleb/ros2_ws/install/spot_msgs/lib/python3.8/site-packages/spot_msgs/msg/_lease_array_s.c
[2.802s] -- Up-to-date: /home/caleb/ros2_ws/install/spot_msgs/lib/python3.8/site-packages/spot_msgs/msg/_lease_resource.py
[2.803s] -- Up-to-date: /home/caleb/ros2_ws/install/spot_msgs/lib/python3.8/site-packages/spot_msgs/msg/__init__.py
[2.803s] -- Up-to-date: /home/caleb/ros2_ws/install/spot_msgs/lib/python3.8/site-packages/spot_msgs/msg/_wi_fi_state_s.c
[2.803s] -- Up-to-date: /home/caleb/ros2_ws/install/spot_msgs/lib/python3.8/site-packages/spot_msgs/msg/_mobility_params.py
[2.804s] -- Up-to-date: /home/caleb/ros2_ws/install/spot_msgs/lib/python3.8/site-packages/spot_msgs/msg/_power_state_s.c
[2.805s] -- Up-to-date: /home/caleb/ros2_ws/install/spot_msgs/lib/python3.8/site-packages/spot_msgs/msg/_battery_state.py
[2.805s] -- Up-to-date: /home/caleb/ros2_ws/install/spot_msgs/lib/python3.8/site-packages/spot_msgs/msg/_system_fault_state.py
[2.805s] -- Up-to-date: /home/caleb/ros2_ws/install/spot_msgs/lib/python3.8/site-packages/spot_msgs/msg/_foot_state.py
[2.806s] -- Up-to-date: /home/caleb/ros2_ws/install/spot_msgs/lib/python3.8/site-packages/spot_msgs/msg/_metrics.py
[2.806s] -- Up-to-date: /home/caleb/ros2_ws/install/spot_msgs/lib/python3.8/site-packages/spot_msgs/msg/_dock_state.py
[2.807s] -- Up-to-date: /home/caleb/ros2_ws/install/spot_msgs/lib/python3.8/site-packages/spot_msgs/msg/_mobility_params_s.c
[2.807s] -- Up-to-date: /home/caleb/ros2_ws/install/spot_msgs/lib/python3.8/site-packages/spot_msgs/msg/_e_stop_state_array.py
[2.807s] -- Up-to-date: /home/caleb/ros2_ws/install/spot_msgs/lib/python3.8/site-packages/spot_msgs/msg/_wi_fi_state.py
[2.808s] -- Up-to-date: /home/caleb/ros2_ws/install/spot_msgs/lib/python3.8/site-packages/spot_msgs/msg/_foot_state_s.c
[2.808s] -- Up-to-date: /home/caleb/ros2_ws/install/spot_msgs/lib/python3.8/site-packages/spot_msgs/msg/_behavior_fault_s.c
[2.809s] -- Up-to-date: /home/caleb/ros2_ws/install/spot_msgs/lib/python3.8/site-packages/spot_msgs/msg/_e_stop_state_s.c
[2.809s] -- Up-to-date: /home/caleb/ros2_ws/install/spot_msgs/lib/python3.8/site-packages/spot_msgs/msg/_lease_owner_s.c
[2.809s] -- Up-to-date: /home/caleb/ros2_ws/install/spot_msgs/lib/python3.8/site-packages/spot_msgs/msg/_lease_s.c
[2.810s] -- Up-to-date: /home/caleb/ros2_ws/install/spot_msgs/lib/python3.8/site-packages/spot_msgs/msg/_behavior_fault_state_s.c
[2.810s] -- Up-to-date: /home/caleb/ros2_ws/install/spot_msgs/lib/python3.8/site-packages/spot_msgs/msg/_e_stop_state.py
[2.811s] -- Up-to-date: /home/caleb/ros2_ws/install/spot_msgs/lib/python3.8/site-packages/spot_msgs/msg/_system_fault_s.c
[2.811s] -- Up-to-date: /home/caleb/ros2_ws/install/spot_msgs/lib/python3.8/site-packages/spot_msgs/msg/_behavior_fault.py
[2.811s] -- Up-to-date: /home/caleb/ros2_ws/install/spot_msgs/lib/python3.8/site-packages/spot_msgs/msg/_battery_state_array.py
[2.812s] -- Up-to-date: /home/caleb/ros2_ws/install/spot_msgs/lib/python3.8/site-packages/spot_msgs/msg/_lease.py
[2.812s] -- Up-to-date: /home/caleb/ros2_ws/install/spot_msgs/lib/python3.8/site-packages/spot_msgs/msg/_feedback.py
[2.812s] -- Up-to-date: /home/caleb/ros2_ws/install/spot_msgs/lib/python3.8/site-packages/spot_msgs/msg/_behavior_fault_state.py
[2.813s] -- Up-to-date: /home/caleb/ros2_ws/install/spot_msgs/lib/python3.8/site-packages/spot_msgs/msg/_e_stop_state_array_s.c
[2.814s] -- Up-to-date: /home/caleb/ros2_ws/install/spot_msgs/lib/python3.8/site-packages/spot_msgs/msg/_metrics_s.c
[2.814s] -- Up-to-date: /home/caleb/ros2_ws/install/spot_msgs/lib/python3.8/site-packages/spot_msgs/spot_msgs_s__rosidl_typesupport_fastrtps_c.cpython-38-x86_64-linux-gnu.so
[2.814s] -- Up-to-date: /home/caleb/ros2_ws/install/spot_msgs/lib/python3.8/site-packages/spot_msgs/spot_msgs_s__rosidl_typesupport_introspection_c.cpython-38-x86_64-linux-gnu.so
[2.814s] -- Up-to-date: /home/caleb/ros2_ws/install/spot_msgs/lib/python3.8/site-packages/spot_msgs/spot_msgs_s__rosidl_typesupport_c.cpython-38-x86_64-linux-gnu.so
[2.814s] -- Up-to-date: /home/caleb/ros2_ws/install/spot_msgs/lib/libspot_msgs__python.so
[2.815s] -- Up-to-date: /home/caleb/ros2_ws/install/spot_msgs/share/spot_msgs/action/NavigateTo.idl
[2.815s] -- Up-to-date: /home/caleb/ros2_ws/install/spot_msgs/share/spot_msgs/action/Trajectory.idl
[2.815s] -- Up-to-date: /home/caleb/ros2_ws/install/spot_msgs/share/spot_msgs/srv/ClearBehaviorFault.idl
[2.815s] -- Up-to-date: /home/caleb/ros2_ws/install/spot_msgs/share/spot_msgs/srv/ListGraph.idl
[2.815s] -- Up-to-date: /home/caleb/ros2_ws/install/spot_msgs/share/spot_msgs/srv/Dock.idl
[2.816s] -- Up-to-date: /home/caleb/ros2_ws/install/spot_msgs/share/spot_msgs/srv/SetLocomotion.idl
[2.816s] -- Up-to-date: /home/caleb/ros2_ws/install/spot_msgs/share/spot_msgs/srv/SetVelocity.idl
[2.816s] -- Up-to-date: /home/caleb/ros2_ws/install/spot_msgs/share/spot_msgs/srv/ArmForceTrajectory.idl
[2.816s] -- Up-to-date: /home/caleb/ros2_ws/install/spot_msgs/share/spot_msgs/srv/ArmJointMovement.idl
[2.817s] -- Up-to-date: /home/caleb/ros2_ws/install/spot_msgs/share/spot_msgs/srv/ConstrainedArmJointMovement.idl
[2.817s] -- Up-to-date: /home/caleb/ros2_ws/install/spot_msgs/share/spot_msgs/srv/GripperAngleMove.idl
[2.817s] -- Up-to-date: /home/caleb/ros2_ws/install/spot_msgs/share/spot_msgs/srv/HandPose.idl
[2.818s] -- Up-to-date: /home/caleb/ros2_ws/install/spot_msgs/share/spot_msgs/msg/BatteryStateArray.idl
[2.818s] -- Up-to-date: /home/caleb/ros2_ws/install/spot_msgs/share/spot_msgs/msg/BehaviorFault.idl
[2.818s] -- Up-to-date: /home/caleb/ros2_ws/install/spot_msgs/share/spot_msgs/msg/DockState.idl
[2.818s] -- Up-to-date: /home/caleb/ros2_ws/install/spot_msgs/share/spot_msgs/msg/EStopStateArray.idl
[2.818s] -- Up-to-date: /home/caleb/ros2_ws/install/spot_msgs/share/spot_msgs/msg/FootStateArray.idl
[2.818s] -- Up-to-date: /home/caleb/ros2_ws/install/spot_msgs/share/spot_msgs/msg/LeaseArray.idl
[2.818s] -- Up-to-date: /home/caleb/ros2_ws/install/spot_msgs/share/spot_msgs/msg/LeaseOwner.idl
[2.818s] -- Up-to-date: /home/caleb/ros2_ws/install/spot_msgs/share/spot_msgs/msg/MobilityParams.idl
[2.818s] -- Up-to-date: /home/caleb/ros2_ws/install/spot_msgs/share/spot_msgs/msg/Metrics.idl
[2.818s] -- Up-to-date: /home/caleb/ros2_ws/install/spot_msgs/share/spot_msgs/msg/SystemFault.idl
[2.818s] -- Up-to-date: /home/caleb/ros2_ws/install/spot_msgs/share/spot_msgs/msg/WiFiState.idl
[2.819s] -- Up-to-date: /home/caleb/ros2_ws/install/spot_msgs/share/spot_msgs/msg/BatteryState.idl
[2.819s] -- Up-to-date: /home/caleb/ros2_ws/install/spot_msgs/share/spot_msgs/msg/BehaviorFaultState.idl
[2.819s] -- Up-to-date: /home/caleb/ros2_ws/install/spot_msgs/share/spot_msgs/msg/ManipulatorState.idl
[2.819s] -- Up-to-date: /home/caleb/ros2_ws/install/spot_msgs/share/spot_msgs/msg/EStopState.idl
[2.819s] -- Up-to-date: /home/caleb/ros2_ws/install/spot_msgs/share/spot_msgs/msg/Feedback.idl
[2.819s] -- Up-to-date: /home/caleb/ros2_ws/install/spot_msgs/share/spot_msgs/msg/FootState.idl
[2.819s] -- Up-to-date: /home/caleb/ros2_ws/install/spot_msgs/share/spot_msgs/msg/Lease.idl
[2.819s] -- Up-to-date: /home/caleb/ros2_ws/install/spot_msgs/share/spot_msgs/msg/LeaseResource.idl
[2.819s] -- Up-to-date: /home/caleb/ros2_ws/install/spot_msgs/share/spot_msgs/msg/PowerState.idl
[2.819s] -- Up-to-date: /home/caleb/ros2_ws/install/spot_msgs/share/spot_msgs/msg/SystemFaultState.idl
[2.821s] -- Up-to-date: /home/caleb/ros2_ws/install/spot_msgs/share/spot_msgs/action/NavigateTo.action
[2.821s] -- Up-to-date: /home/caleb/ros2_ws/install/spot_msgs/share/spot_msgs/action/Trajectory.action
[2.821s] -- Up-to-date: /home/caleb/ros2_ws/install/spot_msgs/share/spot_msgs/srv/ClearBehaviorFault.srv
[2.821s] -- Up-to-date: /home/caleb/ros2_ws/install/spot_msgs/share/spot_msgs/srv/ClearBehaviorFault_Request.msg
[2.821s] -- Up-to-date: /home/caleb/ros2_ws/install/spot_msgs/share/spot_msgs/srv/ClearBehaviorFault_Response.msg
[2.822s] -- Up-to-date: /home/caleb/ros2_ws/install/spot_msgs/share/spot_msgs/srv/ListGraph.srv
[2.822s] -- Up-to-date: /home/caleb/ros2_ws/install/spot_msgs/share/spot_msgs/srv/ListGraph_Request.msg
[2.822s] -- Up-to-date: /home/caleb/ros2_ws/install/spot_msgs/share/spot_msgs/srv/ListGraph_Response.msg
[2.822s] -- Up-to-date: /home/caleb/ros2_ws/install/spot_msgs/share/spot_msgs/srv/Dock.srv
[2.823s] -- Up-to-date: /home/caleb/ros2_ws/install/spot_msgs/share/spot_msgs/srv/Dock_Request.msg
[2.823s] -- Up-to-date: /home/caleb/ros2_ws/install/spot_msgs/share/spot_msgs/srv/Dock_Response.msg
[2.823s] -- Up-to-date: /home/caleb/ros2_ws/install/spot_msgs/share/spot_msgs/srv/SetLocomotion.srv
[2.824s] -- Up-to-date: /home/caleb/ros2_ws/install/spot_msgs/share/spot_msgs/srv/SetLocomotion_Request.msg
[2.824s] -- Up-to-date: /home/caleb/ros2_ws/install/spot_msgs/share/spot_msgs/srv/SetLocomotion_Response.msg
[2.825s] -- Up-to-date: /home/caleb/ros2_ws/install/spot_msgs/share/spot_msgs/srv/SetVelocity.srv
[2.825s] -- Up-to-date: /home/caleb/ros2_ws/install/spot_msgs/share/spot_msgs/srv/SetVelocity_Request.msg
[2.825s] -- Up-to-date: /home/caleb/ros2_ws/install/spot_msgs/share/spot_msgs/srv/SetVelocity_Response.msg
[2.826s] -- Up-to-date: /home/caleb/ros2_ws/install/spot_msgs/share/spot_msgs/srv/ArmForceTrajectory.srv
[2.826s] -- Up-to-date: /home/caleb/ros2_ws/install/spot_msgs/share/spot_msgs/srv/ArmForceTrajectory_Request.msg
[2.826s] -- Up-to-date: /home/caleb/ros2_ws/install/spot_msgs/share/spot_msgs/srv/ArmForceTrajectory_Response.msg
[2.827s] -- Up-to-date: /home/caleb/ros2_ws/install/spot_msgs/share/spot_msgs/srv/ArmJointMovement.srv
[2.827s] -- Up-to-date: /home/caleb/ros2_ws/install/spot_msgs/share/spot_msgs/srv/ArmJointMovement_Request.msg
[2.827s] -- Up-to-date: /home/caleb/ros2_ws/install/spot_msgs/share/spot_msgs/srv/ArmJointMovement_Response.msg
[2.828s] -- Up-to-date: /home/caleb/ros2_ws/install/spot_msgs/share/spot_msgs/srv/ConstrainedArmJointMovement.srv
[2.828s] -- Up-to-date: /home/caleb/ros2_ws/install/spot_msgs/share/spot_msgs/srv/ConstrainedArmJointMovement_Request.msg
[2.828s] -- Up-to-date: /home/caleb/ros2_ws/install/spot_msgs/share/spot_msgs/srv/ConstrainedArmJointMovement_Response.msg
[2.829s] -- Up-to-date: /home/caleb/ros2_ws/install/spot_msgs/share/spot_msgs/srv/GripperAngleMove.srv
[2.829s] -- Up-to-date: /home/caleb/ros2_ws/install/spot_msgs/share/spot_msgs/srv/GripperAngleMove_Request.msg
[2.829s] -- Up-to-date: /home/caleb/ros2_ws/install/spot_msgs/share/spot_msgs/srv/GripperAngleMove_Response.msg
[2.829s] -- Up-to-date: /home/caleb/ros2_ws/install/spot_msgs/share/spot_msgs/srv/HandPose.srv
[2.830s] -- Up-to-date: /home/caleb/ros2_ws/install/spot_msgs/share/spot_msgs/srv/HandPose_Request.msg
[2.830s] -- Up-to-date: /home/caleb/ros2_ws/install/spot_msgs/share/spot_msgs/srv/HandPose_Response.msg
[2.830s] -- Up-to-date: /home/caleb/ros2_ws/install/spot_msgs/share/spot_msgs/msg/BatteryStateArray.msg
[2.831s] -- Up-to-date: /home/caleb/ros2_ws/install/spot_msgs/share/spot_msgs/msg/BehaviorFault.msg
[2.831s] -- Up-to-date: /home/caleb/ros2_ws/install/spot_msgs/share/spot_msgs/msg/DockState.msg
[2.832s] -- Up-to-date: /home/caleb/ros2_ws/install/spot_msgs/share/spot_msgs/msg/EStopStateArray.msg
[2.832s] -- Up-to-date: /home/caleb/ros2_ws/install/spot_msgs/share/spot_msgs/msg/FootStateArray.msg
[2.832s] -- Up-to-date: /home/caleb/ros2_ws/install/spot_msgs/share/spot_msgs/msg/LeaseArray.msg
[2.833s] -- Up-to-date: /home/caleb/ros2_ws/install/spot_msgs/share/spot_msgs/msg/LeaseOwner.msg
[2.833s] -- Up-to-date: /home/caleb/ros2_ws/install/spot_msgs/share/spot_msgs/msg/MobilityParams.msg
[2.833s] -- Up-to-date: /home/caleb/ros2_ws/install/spot_msgs/share/spot_msgs/msg/Metrics.msg
[2.834s] -- Up-to-date: /home/caleb/ros2_ws/install/spot_msgs/share/spot_msgs/msg/SystemFault.msg
[2.834s] -- Up-to-date: /home/caleb/ros2_ws/install/spot_msgs/share/spot_msgs/msg/WiFiState.msg
[2.834s] -- Up-to-date: /home/caleb/ros2_ws/install/spot_msgs/share/spot_msgs/msg/BatteryState.msg
[2.835s] -- Up-to-date: /home/caleb/ros2_ws/install/spot_msgs/share/spot_msgs/msg/BehaviorFaultState.msg
[2.835s] -- Up-to-date: /home/caleb/ros2_ws/install/spot_msgs/share/spot_msgs/msg/ManipulatorState.msg
[2.835s] -- Up-to-date: /home/caleb/ros2_ws/install/spot_msgs/share/spot_msgs/msg/EStopState.msg
[2.836s] -- Up-to-date: /home/caleb/ros2_ws/install/spot_msgs/share/spot_msgs/msg/Feedback.msg
[2.836s] -- Up-to-date: /home/caleb/ros2_ws/install/spot_msgs/share/spot_msgs/msg/FootState.msg
[2.837s] -- Up-to-date: /home/caleb/ros2_ws/install/spot_msgs/share/spot_msgs/msg/Lease.msg
[2.837s] -- Up-to-date: /home/caleb/ros2_ws/install/spot_msgs/share/spot_msgs/msg/LeaseResource.msg
[2.838s] -- Up-to-date: /home/caleb/ros2_ws/install/spot_msgs/share/spot_msgs/msg/PowerState.msg
[2.839s] -- Up-to-date: /home/caleb/ros2_ws/install/spot_msgs/share/spot_msgs/msg/SystemFaultState.msg
[2.839s] -- Up-to-date: /home/caleb/ros2_ws/install/spot_msgs/share/ament_index/resource_index/package_run_dependencies/spot_msgs
[2.839s] -- Up-to-date: /home/caleb/ros2_ws/install/spot_msgs/share/ament_index/resource_index/parent_prefix_path/spot_msgs
[2.840s] -- Up-to-date: /home/caleb/ros2_ws/install/spot_msgs/share/spot_msgs/environment/ament_prefix_path.sh
[2.840s] -- Up-to-date: /home/caleb/ros2_ws/install/spot_msgs/share/spot_msgs/environment/ament_prefix_path.dsv
[2.840s] -- Up-to-date: /home/caleb/ros2_ws/install/spot_msgs/share/spot_msgs/environment/path.sh
[2.841s] -- Up-to-date: /home/caleb/ros2_ws/install/spot_msgs/share/spot_msgs/environment/path.dsv
[2.841s] -- Up-to-date: /home/caleb/ros2_ws/install/spot_msgs/share/spot_msgs/local_setup.bash
[2.842s] -- Up-to-date: /home/caleb/ros2_ws/install/spot_msgs/share/spot_msgs/local_setup.sh
[2.842s] -- Up-to-date: /home/caleb/ros2_ws/install/spot_msgs/share/spot_msgs/local_setup.zsh
[2.842s] -- Up-to-date: /home/caleb/ros2_ws/install/spot_msgs/share/spot_msgs/local_setup.dsv
[2.842s] -- Installing: /home/caleb/ros2_ws/install/spot_msgs/share/spot_msgs/package.dsv
[2.842s] -- Up-to-date: /home/caleb/ros2_ws/install/spot_msgs/share/ament_index/resource_index/packages/spot_msgs
[2.843s] -- Up-to-date: /home/caleb/ros2_ws/install/spot_msgs/share/spot_msgs/cmake/spot_msgs__rosidl_generator_cExport.cmake
[2.843s] -- Up-to-date: /home/caleb/ros2_ws/install/spot_msgs/share/spot_msgs/cmake/spot_msgs__rosidl_generator_cExport-noconfig.cmake
[2.843s] -- Up-to-date: /home/caleb/ros2_ws/install/spot_msgs/share/spot_msgs/cmake/spot_msgs__rosidl_typesupport_introspection_cExport.cmake
[2.843s] -- Up-to-date: /home/caleb/ros2_ws/install/spot_msgs/share/spot_msgs/cmake/spot_msgs__rosidl_typesupport_introspection_cExport-noconfig.cmake
[2.843s] -- Up-to-date: /home/caleb/ros2_ws/install/spot_msgs/share/spot_msgs/cmake/spot_msgs__rosidl_typesupport_cExport.cmake
[2.843s] -- Up-to-date: /home/caleb/ros2_ws/install/spot_msgs/share/spot_msgs/cmake/spot_msgs__rosidl_typesupport_cExport-noconfig.cmake
[2.843s] -- Up-to-date: /home/caleb/ros2_ws/install/spot_msgs/share/spot_msgs/cmake/spot_msgs__rosidl_generator_cppExport.cmake
[2.843s] -- Up-to-date: /home/caleb/ros2_ws/install/spot_msgs/share/spot_msgs/cmake/spot_msgs__rosidl_typesupport_introspection_cppExport.cmake
[2.843s] -- Up-to-date: /home/caleb/ros2_ws/install/spot_msgs/share/spot_msgs/cmake/spot_msgs__rosidl_typesupport_introspection_cppExport-noconfig.cmake
[2.843s] -- Up-to-date: /home/caleb/ros2_ws/install/spot_msgs/share/spot_msgs/cmake/spot_msgs__rosidl_typesupport_cppExport.cmake
[2.844s] -- Up-to-date: /home/caleb/ros2_ws/install/spot_msgs/share/spot_msgs/cmake/spot_msgs__rosidl_typesupport_cppExport-noconfig.cmake
[2.844s] -- Up-to-date: /home/caleb/ros2_ws/install/spot_msgs/share/spot_msgs/cmake/rosidl_cmake-extras.cmake
[2.844s] -- Up-to-date: /home/caleb/ros2_ws/install/spot_msgs/share/spot_msgs/cmake/ament_cmake_export_dependencies-extras.cmake
[2.845s] -- Up-to-date: /home/caleb/ros2_ws/install/spot_msgs/share/spot_msgs/cmake/ament_cmake_export_libraries-extras.cmake
[2.845s] -- Up-to-date: /home/caleb/ros2_ws/install/spot_msgs/share/spot_msgs/cmake/ament_cmake_export_targets-extras.cmake
[2.846s] -- Up-to-date: /home/caleb/ros2_ws/install/spot_msgs/share/spot_msgs/cmake/ament_cmake_export_include_directories-extras.cmake
[2.846s] -- Up-to-date: /home/caleb/ros2_ws/install/spot_msgs/share/spot_msgs/cmake/rosidl_cmake_export_typesupport_libraries-extras.cmake
[2.846s] -- Up-to-date: /home/caleb/ros2_ws/install/spot_msgs/share/spot_msgs/cmake/rosidl_cmake_export_typesupport_targets-extras.cmake
[2.847s] -- Up-to-date: /home/caleb/ros2_ws/install/spot_msgs/share/spot_msgs/cmake/spot_msgsConfig.cmake
[2.847s] -- Up-to-date: /home/caleb/ros2_ws/install/spot_msgs/share/spot_msgs/cmake/spot_msgsConfig-version.cmake
[2.847s] -- Up-to-date: /home/caleb/ros2_ws/install/spot_msgs/share/spot_msgs/package.xml
[3.872s] Invoked command in '/home/caleb/ros2_ws/build/spot_msgs' returned '0': CMAKE_PREFIX_PATH=${CMAKE_PREFIX_PATH}:/home/caleb/ros2_ws/install/spot_driver:/home/caleb/ros2_ws/install/spot_manipulation_driver:/opt/ros/galactic /usr/local/bin/cmake --install /home/caleb/ros2_ws/build/spot_msgs
