/home/caleb/ros2_ws/install/spot_driver/lib/python3.8/site-packages/spot_driver/spot_ros.py
/home/caleb/ros2_ws/install/spot_driver/lib/python3.8/site-packages/spot_driver/spot_driver.py
/home/caleb/ros2_ws/install/spot_driver/lib/python3.8/site-packages/spot_driver/ros_helpers.py
/home/caleb/ros2_ws/install/spot_driver/lib/python3.8/site-packages/spot_driver/__init__.py
/home/caleb/ros2_ws/install/spot_driver/lib/python3.8/site-packages/spot_driver/async_queries.py
/home/caleb/ros2_ws/install/spot_driver/lib/python3.8/site-packages/spot_driver/spot_wrapper.py
/home/caleb/ros2_ws/install/spot_driver/lib/python3.8/site-packages/spot_driver/__pycache__/spot_ros.cpython-38.pyc
/home/caleb/ros2_ws/install/spot_driver/lib/python3.8/site-packages/spot_driver/__pycache__/spot_driver.cpython-38.pyc
/home/caleb/ros2_ws/install/spot_driver/lib/python3.8/site-packages/spot_driver/__pycache__/ros_helpers.cpython-38.pyc
/home/caleb/ros2_ws/install/spot_driver/lib/python3.8/site-packages/spot_driver/__pycache__/__init__.cpython-38.pyc
/home/caleb/ros2_ws/install/spot_driver/lib/python3.8/site-packages/spot_driver/__pycache__/async_queries.cpython-38.pyc
/home/caleb/ros2_ws/install/spot_driver/lib/python3.8/site-packages/spot_driver/__pycache__/spot_wrapper.cpython-38.pyc
/home/caleb/ros2_ws/install/spot_driver/share/ament_index/resource_index/packages/spot_driver
/home/caleb/ros2_ws/install/spot_driver/share/spot_driver/package.xml
/home/caleb/ros2_ws/install/spot_driver/share/spot_driver/launch/driver.launch.py
/home/caleb/ros2_ws/install/spot_driver/share/spot_driver/config/planar.yaml
/home/caleb/ros2_ws/install/spot_driver/share/spot_driver/config/twist_mux.yaml
/home/caleb/ros2_ws/install/spot_driver/share/spot_driver/config/spot_ros.yaml
/home/caleb/ros2_ws/install/spot_driver/lib/python3.8/site-packages/spot_driver-2.0.0-py3.8.egg-info/entry_points.txt
/home/caleb/ros2_ws/install/spot_driver/lib/python3.8/site-packages/spot_driver-2.0.0-py3.8.egg-info/zip-safe
/home/caleb/ros2_ws/install/spot_driver/lib/python3.8/site-packages/spot_driver-2.0.0-py3.8.egg-info/top_level.txt
/home/caleb/ros2_ws/install/spot_driver/lib/python3.8/site-packages/spot_driver-2.0.0-py3.8.egg-info/SOURCES.txt
/home/caleb/ros2_ws/install/spot_driver/lib/python3.8/site-packages/spot_driver-2.0.0-py3.8.egg-info/requires.txt
/home/caleb/ros2_ws/install/spot_driver/lib/python3.8/site-packages/spot_driver-2.0.0-py3.8.egg-info/PKG-INFO
/home/caleb/ros2_ws/install/spot_driver/lib/python3.8/site-packages/spot_driver-2.0.0-py3.8.egg-info/dependency_links.txt
/home/caleb/ros2_ws/install/spot_driver/lib/spot_driver/driver
