[0.698s] Invoking command in '/home/caleb/ros2_ws/build/spot_msgs': CMAKE_PREFIX_PATH=${CMAKE_PREFIX_PATH}:/home/caleb/ros2_ws/install/spot_driver:/home/caleb/ros2_ws/install/spot_manipulation_driver:/opt/ros/galactic /usr/local/bin/cmake --build /home/caleb/ros2_ws/build/spot_msgs -- -j20 -l20
[0.719s] [  0%] Built target spot_msgs__cpp
[0.723s] [ 12%] Built target spot_msgs__rosidl_generator_c
[0.731s] [ 24%] Built target spot_msgs__rosidl_typesupport_cpp
[0.733s] [ 51%] Built target spot_msgs__rosidl_typesupport_c
[0.734s] [ 54%] Built target spot_msgs__rosidl_typesupport_introspection_c
[0.734s] [ 69%] Built target spot_msgs__rosidl_typesupport_introspection_cpp
[0.734s] [ 74%] Built target spot_msgs__rosidl_typesupport_fastrtps_cpp
[0.748s] [ 87%] Built target spot_msgs__rosidl_typesupport_fastrtps_c
[0.753s] [ 87%] Built target spot_msgs
[0.759s] [ 87%] Built target spot_msgs__py
[0.771s] [ 99%] Built target spot_msgs__python
[0.777s] [ 99%] Built target spot_msgs__rosidl_typesupport_fastrtps_c__pyext
[0.777s] [ 99%] Built target spot_msgs__rosidl_typesupport_introspection_c__pyext
[0.777s] [100%] Built target spot_msgs__rosidl_typesupport_c__pyext
[1.063s] Invoked command in '/home/caleb/ros2_ws/build/spot_msgs' returned '0': CMAKE_PREFIX_PATH=${CMAKE_PREFIX_PATH}:/home/caleb/ros2_ws/install/spot_driver:/home/caleb/ros2_ws/install/spot_manipulation_driver:/opt/ros/galactic /usr/local/bin/cmake --build /home/caleb/ros2_ws/build/spot_msgs -- -j20 -l20
[1.522s] Invoking command in '/home/caleb/ros2_ws/build/spot_msgs': CMAKE_PREFIX_PATH=${CMAKE_PREFIX_PATH}:/home/caleb/ros2_ws/install/spot_driver:/home/caleb/ros2_ws/install/spot_manipulation_driver:/opt/ros/galactic /usr/local/bin/cmake --install /home/caleb/ros2_ws/build/spot_msgs
[1.635s] -- Install configuration: ""
[1.635s] -- Up-to-date: /home/caleb/ros2_ws/install/spot_msgs/share/ament_index/resource_index/rosidl_interfaces/spot_msgs
[1.636s] -- Up-to-date: /home/caleb/ros2_ws/install/spot_msgs/include/spot_msgs
[1.636s] -- Up-to-date: /home/caleb/ros2_ws/install/spot_msgs/include/spot_msgs/srv
[1.636s] -- Up-to-date: /home/caleb/ros2_ws/install/spot_msgs/include/spot_msgs/srv/set_velocity.h
[1.636s] -- Up-to-date: /home/caleb/ros2_ws/install/spot_msgs/include/spot_msgs/srv/constrained_arm_joint_movement.h
[1.636s] -- Up-to-date: /home/caleb/ros2_ws/install/spot_msgs/include/spot_msgs/srv/hand_pose.h
[1.637s] -- Up-to-date: /home/caleb/ros2_ws/install/spot_msgs/include/spot_msgs/srv/arm_joint_movement.h
[1.637s] -- Up-to-date: /home/caleb/ros2_ws/install/spot_msgs/include/spot_msgs/srv/gripper_angle_move.h
[1.637s] -- Up-to-date: /home/caleb/ros2_ws/install/spot_msgs/include/spot_msgs/srv/list_graph.h
[1.637s] -- Up-to-date: /home/caleb/ros2_ws/install/spot_msgs/include/spot_msgs/srv/detail
[1.637s] -- Up-to-date: /home/caleb/ros2_ws/install/spot_msgs/include/spot_msgs/srv/detail/set_locomotion__type_support.h
[1.637s] -- Up-to-date: /home/caleb/ros2_ws/install/spot_msgs/include/spot_msgs/srv/detail/clear_behavior_fault__functions.c
[1.637s] -- Up-to-date: /home/caleb/ros2_ws/install/spot_msgs/include/spot_msgs/srv/detail/arm_joint_movement__type_support.h
[1.638s] -- Up-to-date: /home/caleb/ros2_ws/install/spot_msgs/include/spot_msgs/srv/detail/set_locomotion__functions.c
[1.638s] -- Up-to-date: /home/caleb/ros2_ws/install/spot_msgs/include/spot_msgs/srv/detail/constrained_arm_joint_movement__functions.h
[1.638s] -- Up-to-date: /home/caleb/ros2_ws/install/spot_msgs/include/spot_msgs/srv/detail/dock__functions.h
[1.638s] -- Up-to-date: /home/caleb/ros2_ws/install/spot_msgs/include/spot_msgs/srv/detail/set_velocity__functions.c
[1.638s] -- Up-to-date: /home/caleb/ros2_ws/install/spot_msgs/include/spot_msgs/srv/detail/clear_behavior_fault__struct.h
[1.638s] -- Up-to-date: /home/caleb/ros2_ws/install/spot_msgs/include/spot_msgs/srv/detail/arm_force_trajectory__functions.c
[1.638s] -- Up-to-date: /home/caleb/ros2_ws/install/spot_msgs/include/spot_msgs/srv/detail/gripper_angle_move__functions.c
[1.638s] -- Up-to-date: /home/caleb/ros2_ws/install/spot_msgs/include/spot_msgs/srv/detail/hand_pose__struct.h
[1.639s] -- Up-to-date: /home/caleb/ros2_ws/install/spot_msgs/include/spot_msgs/srv/detail/gripper_angle_move__functions.h
[1.639s] -- Up-to-date: /home/caleb/ros2_ws/install/spot_msgs/include/spot_msgs/srv/detail/arm_force_trajectory__functions.h
[1.639s] -- Up-to-date: /home/caleb/ros2_ws/install/spot_msgs/include/spot_msgs/srv/detail/arm_force_trajectory__struct.h
[1.639s] -- Up-to-date: /home/caleb/ros2_ws/install/spot_msgs/include/spot_msgs/srv/detail/arm_joint_movement__functions.c
[1.639s] -- Up-to-date: /home/caleb/ros2_ws/install/spot_msgs/include/spot_msgs/srv/detail/hand_pose__type_support.h
[1.639s] -- Up-to-date: /home/caleb/ros2_ws/install/spot_msgs/include/spot_msgs/srv/detail/list_graph__functions.c
[1.639s] -- Up-to-date: /home/caleb/ros2_ws/install/spot_msgs/include/spot_msgs/srv/detail/arm_joint_movement__functions.h
[1.639s] -- Up-to-date: /home/caleb/ros2_ws/install/spot_msgs/include/spot_msgs/srv/detail/clear_behavior_fault__type_support.h
[1.640s] -- Up-to-date: /home/caleb/ros2_ws/install/spot_msgs/include/spot_msgs/srv/detail/list_graph__functions.h
[1.640s] -- Up-to-date: /home/caleb/ros2_ws/install/spot_msgs/include/spot_msgs/srv/detail/gripper_angle_move__struct.h
[1.640s] -- Up-to-date: /home/caleb/ros2_ws/install/spot_msgs/include/spot_msgs/srv/detail/list_graph__type_support.h
[1.640s] -- Up-to-date: /home/caleb/ros2_ws/install/spot_msgs/include/spot_msgs/srv/detail/dock__struct.h
[1.641s] -- Up-to-date: /home/caleb/ros2_ws/install/spot_msgs/include/spot_msgs/srv/detail/gripper_angle_move__type_support.h
[1.641s] -- Up-to-date: /home/caleb/ros2_ws/install/spot_msgs/include/spot_msgs/srv/detail/constrained_arm_joint_movement__struct.h
[1.641s] -- Up-to-date: /home/caleb/ros2_ws/install/spot_msgs/include/spot_msgs/srv/detail/clear_behavior_fault__functions.h
[1.641s] -- Up-to-date: /home/caleb/ros2_ws/install/spot_msgs/include/spot_msgs/srv/detail/hand_pose__functions.c
[1.641s] -- Up-to-date: /home/caleb/ros2_ws/install/spot_msgs/include/spot_msgs/srv/detail/set_velocity__functions.h
[1.641s] -- Up-to-date: /home/caleb/ros2_ws/install/spot_msgs/include/spot_msgs/srv/detail/set_velocity__struct.h
[1.641s] -- Up-to-date: /home/caleb/ros2_ws/install/spot_msgs/include/spot_msgs/srv/detail/dock__functions.c
[1.641s] -- Up-to-date: /home/caleb/ros2_ws/install/spot_msgs/include/spot_msgs/srv/detail/set_locomotion__functions.h
[1.642s] -- Up-to-date: /home/caleb/ros2_ws/install/spot_msgs/include/spot_msgs/srv/detail/dock__type_support.h
[1.642s] -- Up-to-date: /home/caleb/ros2_ws/install/spot_msgs/include/spot_msgs/srv/detail/hand_pose__functions.h
[1.642s] -- Up-to-date: /home/caleb/ros2_ws/install/spot_msgs/include/spot_msgs/srv/detail/arm_joint_movement__struct.h
[1.642s] -- Up-to-date: /home/caleb/ros2_ws/install/spot_msgs/include/spot_msgs/srv/detail/set_locomotion__struct.h
[1.642s] -- Up-to-date: /home/caleb/ros2_ws/install/spot_msgs/include/spot_msgs/srv/detail/set_velocity__type_support.h
[1.643s] -- Up-to-date: /home/caleb/ros2_ws/install/spot_msgs/include/spot_msgs/srv/detail/constrained_arm_joint_movement__functions.c
[1.643s] -- Up-to-date: /home/caleb/ros2_ws/install/spot_msgs/include/spot_msgs/srv/detail/list_graph__struct.h
[1.643s] -- Up-to-date: /home/caleb/ros2_ws/install/spot_msgs/include/spot_msgs/srv/detail/arm_force_trajectory__type_support.h
[1.643s] -- Up-to-date: /home/caleb/ros2_ws/install/spot_msgs/include/spot_msgs/srv/detail/constrained_arm_joint_movement__type_support.h
[1.643s] -- Up-to-date: /home/caleb/ros2_ws/install/spot_msgs/include/spot_msgs/srv/set_locomotion.h
[1.643s] -- Up-to-date: /home/caleb/ros2_ws/install/spot_msgs/include/spot_msgs/srv/dock.h
[1.644s] -- Up-to-date: /home/caleb/ros2_ws/install/spot_msgs/include/spot_msgs/srv/clear_behavior_fault.h
[1.644s] -- Up-to-date: /home/caleb/ros2_ws/install/spot_msgs/include/spot_msgs/srv/arm_force_trajectory.h
[1.644s] -- Up-to-date: /home/caleb/ros2_ws/install/spot_msgs/include/spot_msgs/msg
[1.644s] -- Up-to-date: /home/caleb/ros2_ws/install/spot_msgs/include/spot_msgs/msg/rosidl_generator_c__visibility_control.h
[1.644s] -- Up-to-date: /home/caleb/ros2_ws/install/spot_msgs/include/spot_msgs/msg/manipulator_state.h
[1.645s] -- Up-to-date: /home/caleb/ros2_ws/install/spot_msgs/include/spot_msgs/msg/foot_state_array.h
[1.645s] -- Up-to-date: /home/caleb/ros2_ws/install/spot_msgs/include/spot_msgs/msg/system_fault_state.h
[1.645s] -- Up-to-date: /home/caleb/ros2_ws/install/spot_msgs/include/spot_msgs/msg/lease_resource.h
[1.645s] -- Up-to-date: /home/caleb/ros2_ws/install/spot_msgs/include/spot_msgs/msg/lease.h
[1.645s] -- Up-to-date: /home/caleb/ros2_ws/install/spot_msgs/include/spot_msgs/msg/foot_state.h
[1.646s] -- Up-to-date: /home/caleb/ros2_ws/install/spot_msgs/include/spot_msgs/msg/wi_fi_state.h
[1.646s] -- Up-to-date: /home/caleb/ros2_ws/install/spot_msgs/include/spot_msgs/msg/power_state.h
[1.646s] -- Up-to-date: /home/caleb/ros2_ws/install/spot_msgs/include/spot_msgs/msg/feedback.h
[1.646s] -- Up-to-date: /home/caleb/ros2_ws/install/spot_msgs/include/spot_msgs/msg/metrics.h
[1.646s] -- Up-to-date: /home/caleb/ros2_ws/install/spot_msgs/include/spot_msgs/msg/battery_state_array.h
[1.647s] -- Up-to-date: /home/caleb/ros2_ws/install/spot_msgs/include/spot_msgs/msg/dock_state.h
[1.647s] -- Up-to-date: /home/caleb/ros2_ws/install/spot_msgs/include/spot_msgs/msg/mobility_params.h
[1.647s] -- Up-to-date: /home/caleb/ros2_ws/install/spot_msgs/include/spot_msgs/msg/e_stop_state.h
[1.647s] -- Up-to-date: /home/caleb/ros2_ws/install/spot_msgs/include/spot_msgs/msg/detail
[1.647s] -- Up-to-date: /home/caleb/ros2_ws/install/spot_msgs/include/spot_msgs/msg/detail/foot_state_array__type_support.h
[1.648s] -- Up-to-date: /home/caleb/ros2_ws/install/spot_msgs/include/spot_msgs/msg/detail/dock_state__type_support.h
[1.648s] -- Up-to-date: /home/caleb/ros2_ws/install/spot_msgs/include/spot_msgs/msg/detail/mobility_params__struct.h
[1.648s] -- Up-to-date: /home/caleb/ros2_ws/install/spot_msgs/include/spot_msgs/msg/detail/wi_fi_state__struct.h
[1.648s] -- Up-to-date: /home/caleb/ros2_ws/install/spot_msgs/include/spot_msgs/msg/detail/dock_state__functions.h
[1.649s] -- Up-to-date: /home/caleb/ros2_ws/install/spot_msgs/include/spot_msgs/msg/detail/mobility_params__functions.c
[1.649s] -- Up-to-date: /home/caleb/ros2_ws/install/spot_msgs/include/spot_msgs/msg/detail/battery_state__type_support.h
[1.649s] -- Up-to-date: /home/caleb/ros2_ws/install/spot_msgs/include/spot_msgs/msg/detail/lease_resource__type_support.h
[1.649s] -- Up-to-date: /home/caleb/ros2_ws/install/spot_msgs/include/spot_msgs/msg/detail/foot_state_array__functions.h
[1.649s] -- Up-to-date: /home/caleb/ros2_ws/install/spot_msgs/include/spot_msgs/msg/detail/lease__functions.c
[1.650s] -- Up-to-date: /home/caleb/ros2_ws/install/spot_msgs/include/spot_msgs/msg/detail/e_stop_state__functions.h
[1.650s] -- Up-to-date: /home/caleb/ros2_ws/install/spot_msgs/include/spot_msgs/msg/detail/mobility_params__type_support.h
[1.650s] -- Up-to-date: /home/caleb/ros2_ws/install/spot_msgs/include/spot_msgs/msg/detail/lease_resource__functions.c
[1.650s] -- Up-to-date: /home/caleb/ros2_ws/install/spot_msgs/include/spot_msgs/msg/detail/system_fault_state__functions.h
[1.651s] -- Up-to-date: /home/caleb/ros2_ws/install/spot_msgs/include/spot_msgs/msg/detail/power_state__struct.h
[1.651s] -- Up-to-date: /home/caleb/ros2_ws/install/spot_msgs/include/spot_msgs/msg/detail/e_stop_state_array__type_support.h
[1.651s] -- Up-to-date: /home/caleb/ros2_ws/install/spot_msgs/include/spot_msgs/msg/detail/dock_state__struct.h
[1.651s] -- Up-to-date: /home/caleb/ros2_ws/install/spot_msgs/include/spot_msgs/msg/detail/foot_state__functions.h
[1.652s] -- Up-to-date: /home/caleb/ros2_ws/install/spot_msgs/include/spot_msgs/msg/detail/lease_array__functions.c
[1.652s] -- Up-to-date: /home/caleb/ros2_ws/install/spot_msgs/include/spot_msgs/msg/detail/battery_state__functions.h
[1.652s] -- Up-to-date: /home/caleb/ros2_ws/install/spot_msgs/include/spot_msgs/msg/detail/power_state__type_support.h
[1.652s] -- Up-to-date: /home/caleb/ros2_ws/install/spot_msgs/include/spot_msgs/msg/detail/system_fault_state__functions.c
[1.652s] -- Up-to-date: /home/caleb/ros2_ws/install/spot_msgs/include/spot_msgs/msg/detail/feedback__functions.h
[1.652s] -- Up-to-date: /home/caleb/ros2_ws/install/spot_msgs/include/spot_msgs/msg/detail/wi_fi_state__functions.c
[1.653s] -- Up-to-date: /home/caleb/ros2_ws/install/spot_msgs/include/spot_msgs/msg/detail/system_fault_state__type_support.h
[1.653s] -- Up-to-date: /home/caleb/ros2_ws/install/spot_msgs/include/spot_msgs/msg/detail/e_stop_state__type_support.h
[1.653s] -- Up-to-date: /home/caleb/ros2_ws/install/spot_msgs/include/spot_msgs/msg/detail/behavior_fault__type_support.h
[1.653s] -- Up-to-date: /home/caleb/ros2_ws/install/spot_msgs/include/spot_msgs/msg/detail/feedback__type_support.h
[1.654s] -- Up-to-date: /home/caleb/ros2_ws/install/spot_msgs/include/spot_msgs/msg/detail/behavior_fault_state__struct.h
[1.654s] -- Up-to-date: /home/caleb/ros2_ws/install/spot_msgs/include/spot_msgs/msg/detail/foot_state_array__functions.c
[1.654s] -- Up-to-date: /home/caleb/ros2_ws/install/spot_msgs/include/spot_msgs/msg/detail/behavior_fault_state__functions.h
[1.654s] -- Up-to-date: /home/caleb/ros2_ws/install/spot_msgs/include/spot_msgs/msg/detail/mobility_params__functions.h
[1.654s] -- Up-to-date: /home/caleb/ros2_ws/install/spot_msgs/include/spot_msgs/msg/detail/power_state__functions.c
[1.654s] -- Up-to-date: /home/caleb/ros2_ws/install/spot_msgs/include/spot_msgs/msg/detail/foot_state_array__struct.h
[1.654s] -- Up-to-date: /home/caleb/ros2_ws/install/spot_msgs/include/spot_msgs/msg/detail/lease_owner__struct.h
[1.654s] -- Up-to-date: /home/caleb/ros2_ws/install/spot_msgs/include/spot_msgs/msg/detail/lease__type_support.h
[1.654s] -- Up-to-date: /home/caleb/ros2_ws/install/spot_msgs/include/spot_msgs/msg/detail/metrics__struct.h
[1.654s] -- Up-to-date: /home/caleb/ros2_ws/install/spot_msgs/include/spot_msgs/msg/detail/battery_state_array__type_support.h
[1.654s] -- Up-to-date: /home/caleb/ros2_ws/install/spot_msgs/include/spot_msgs/msg/detail/e_stop_state__functions.c
[1.654s] -- Up-to-date: /home/caleb/ros2_ws/install/spot_msgs/include/spot_msgs/msg/detail/lease_owner__type_support.h
[1.655s] -- Up-to-date: /home/caleb/ros2_ws/install/spot_msgs/include/spot_msgs/msg/detail/behavior_fault_state__functions.c
[1.655s] -- Up-to-date: /home/caleb/ros2_ws/install/spot_msgs/include/spot_msgs/msg/detail/battery_state__struct.h
[1.655s] -- Up-to-date: /home/caleb/ros2_ws/install/spot_msgs/include/spot_msgs/msg/detail/manipulator_state__functions.h
[1.655s] -- Up-to-date: /home/caleb/ros2_ws/install/spot_msgs/include/spot_msgs/msg/detail/behavior_fault__struct.h
[1.655s] -- Up-to-date: /home/caleb/ros2_ws/install/spot_msgs/include/spot_msgs/msg/detail/metrics__functions.c
[1.656s] -- Up-to-date: /home/caleb/ros2_ws/install/spot_msgs/include/spot_msgs/msg/detail/e_stop_state_array__functions.c
[1.656s] -- Up-to-date: /home/caleb/ros2_ws/install/spot_msgs/include/spot_msgs/msg/detail/battery_state_array__functions.h
[1.656s] -- Up-to-date: /home/caleb/ros2_ws/install/spot_msgs/include/spot_msgs/msg/detail/battery_state_array__struct.h
[1.656s] -- Up-to-date: /home/caleb/ros2_ws/install/spot_msgs/include/spot_msgs/msg/detail/lease__struct.h
[1.657s] -- Up-to-date: /home/caleb/ros2_ws/install/spot_msgs/include/spot_msgs/msg/detail/system_fault__functions.c
[1.657s] -- Up-to-date: /home/caleb/ros2_ws/install/spot_msgs/include/spot_msgs/msg/detail/lease_array__type_support.h
[1.657s] -- Up-to-date: /home/caleb/ros2_ws/install/spot_msgs/include/spot_msgs/msg/detail/e_stop_state_array__struct.h
[1.657s] -- Up-to-date: /home/caleb/ros2_ws/install/spot_msgs/include/spot_msgs/msg/detail/lease_array__struct.h
[1.658s] -- Up-to-date: /home/caleb/ros2_ws/install/spot_msgs/include/spot_msgs/msg/detail/wi_fi_state__functions.h
[1.658s] -- Up-to-date: /home/caleb/ros2_ws/install/spot_msgs/include/spot_msgs/msg/detail/system_fault__struct.h
[1.658s] -- Up-to-date: /home/caleb/ros2_ws/install/spot_msgs/include/spot_msgs/msg/detail/behavior_fault__functions.h
[1.658s] -- Up-to-date: /home/caleb/ros2_ws/install/spot_msgs/include/spot_msgs/msg/detail/manipulator_state__type_support.h
[1.659s] -- Up-to-date: /home/caleb/ros2_ws/install/spot_msgs/include/spot_msgs/msg/detail/manipulator_state__struct.h
[1.659s] -- Up-to-date: /home/caleb/ros2_ws/install/spot_msgs/include/spot_msgs/msg/detail/foot_state__struct.h
[1.659s] -- Up-to-date: /home/caleb/ros2_ws/install/spot_msgs/include/spot_msgs/msg/detail/manipulator_state__functions.c
[1.659s] -- Up-to-date: /home/caleb/ros2_ws/install/spot_msgs/include/spot_msgs/msg/detail/feedback__functions.c
[1.659s] -- Up-to-date: /home/caleb/ros2_ws/install/spot_msgs/include/spot_msgs/msg/detail/behavior_fault__functions.c
[1.660s] -- Up-to-date: /home/caleb/ros2_ws/install/spot_msgs/include/spot_msgs/msg/detail/power_state__functions.h
[1.660s] -- Up-to-date: /home/caleb/ros2_ws/install/spot_msgs/include/spot_msgs/msg/detail/dock_state__functions.c
[1.660s] -- Up-to-date: /home/caleb/ros2_ws/install/spot_msgs/include/spot_msgs/msg/detail/metrics__type_support.h
[1.660s] -- Up-to-date: /home/caleb/ros2_ws/install/spot_msgs/include/spot_msgs/msg/detail/foot_state__functions.c
[1.661s] -- Up-to-date: /home/caleb/ros2_ws/install/spot_msgs/include/spot_msgs/msg/detail/behavior_fault_state__type_support.h
[1.661s] -- Up-to-date: /home/caleb/ros2_ws/install/spot_msgs/include/spot_msgs/msg/detail/lease_resource__struct.h
[1.661s] -- Up-to-date: /home/caleb/ros2_ws/install/spot_msgs/include/spot_msgs/msg/detail/lease_resource__functions.h
[1.662s] -- Up-to-date: /home/caleb/ros2_ws/install/spot_msgs/include/spot_msgs/msg/detail/lease_array__functions.h
[1.662s] -- Up-to-date: /home/caleb/ros2_ws/install/spot_msgs/include/spot_msgs/msg/detail/wi_fi_state__type_support.h
[1.662s] -- Up-to-date: /home/caleb/ros2_ws/install/spot_msgs/include/spot_msgs/msg/detail/battery_state_array__functions.c
[1.663s] -- Up-to-date: /home/caleb/ros2_ws/install/spot_msgs/include/spot_msgs/msg/detail/metrics__functions.h
[1.663s] -- Up-to-date: /home/caleb/ros2_ws/install/spot_msgs/include/spot_msgs/msg/detail/lease_owner__functions.h
[1.663s] -- Up-to-date: /home/caleb/ros2_ws/install/spot_msgs/include/spot_msgs/msg/detail/lease__functions.h
[1.663s] -- Up-to-date: /home/caleb/ros2_ws/install/spot_msgs/include/spot_msgs/msg/detail/battery_state__functions.c
[1.663s] -- Up-to-date: /home/caleb/ros2_ws/install/spot_msgs/include/spot_msgs/msg/detail/lease_owner__functions.c
[1.664s] -- Up-to-date: /home/caleb/ros2_ws/install/spot_msgs/include/spot_msgs/msg/detail/e_stop_state__struct.h
[1.664s] -- Up-to-date: /home/caleb/ros2_ws/install/spot_msgs/include/spot_msgs/msg/detail/system_fault_state__struct.h
[1.664s] -- Up-to-date: /home/caleb/ros2_ws/install/spot_msgs/include/spot_msgs/msg/detail/system_fault__type_support.h
[1.665s] -- Up-to-date: /home/caleb/ros2_ws/install/spot_msgs/include/spot_msgs/msg/detail/feedback__struct.h
[1.665s] -- Up-to-date: /home/caleb/ros2_ws/install/spot_msgs/include/spot_msgs/msg/detail/e_stop_state_array__functions.h
[1.665s] -- Up-to-date: /home/caleb/ros2_ws/install/spot_msgs/include/spot_msgs/msg/detail/foot_state__type_support.h
[1.666s] -- Up-to-date: /home/caleb/ros2_ws/install/spot_msgs/include/spot_msgs/msg/detail/system_fault__functions.h
[1.666s] -- Up-to-date: /home/caleb/ros2_ws/install/spot_msgs/include/spot_msgs/msg/lease_owner.h
[1.666s] -- Up-to-date: /home/caleb/ros2_ws/install/spot_msgs/include/spot_msgs/msg/system_fault.h
[1.666s] -- Up-to-date: /home/caleb/ros2_ws/install/spot_msgs/include/spot_msgs/msg/e_stop_state_array.h
[1.666s] -- Up-to-date: /home/caleb/ros2_ws/install/spot_msgs/include/spot_msgs/msg/lease_array.h
[1.667s] -- Up-to-date: /home/caleb/ros2_ws/install/spot_msgs/include/spot_msgs/msg/battery_state.h
[1.667s] -- Up-to-date: /home/caleb/ros2_ws/install/spot_msgs/include/spot_msgs/msg/behavior_fault.h
[1.667s] -- Up-to-date: /home/caleb/ros2_ws/install/spot_msgs/include/spot_msgs/msg/behavior_fault_state.h
[1.667s] -- Up-to-date: /home/caleb/ros2_ws/install/spot_msgs/include/spot_msgs/action
[1.667s] -- Up-to-date: /home/caleb/ros2_ws/install/spot_msgs/include/spot_msgs/action/trajectory.h
[1.667s] -- Up-to-date: /home/caleb/ros2_ws/install/spot_msgs/include/spot_msgs/action/detail
[1.667s] -- Up-to-date: /home/caleb/ros2_ws/install/spot_msgs/include/spot_msgs/action/detail/navigate_to__type_support.h
[1.667s] -- Up-to-date: /home/caleb/ros2_ws/install/spot_msgs/include/spot_msgs/action/detail/navigate_to__functions.h
[1.667s] -- Up-to-date: /home/caleb/ros2_ws/install/spot_msgs/include/spot_msgs/action/detail/trajectory__functions.h
[1.667s] -- Up-to-date: /home/caleb/ros2_ws/install/spot_msgs/include/spot_msgs/action/detail/trajectory__type_support.h
[1.668s] -- Up-to-date: /home/caleb/ros2_ws/install/spot_msgs/include/spot_msgs/action/detail/trajectory__struct.h
[1.668s] -- Up-to-date: /home/caleb/ros2_ws/install/spot_msgs/include/spot_msgs/action/detail/navigate_to__struct.h
[1.668s] -- Up-to-date: /home/caleb/ros2_ws/install/spot_msgs/include/spot_msgs/action/detail/navigate_to__functions.c
[1.669s] -- Up-to-date: /home/caleb/ros2_ws/install/spot_msgs/include/spot_msgs/action/detail/trajectory__functions.c
[1.669s] -- Up-to-date: /home/caleb/ros2_ws/install/spot_msgs/include/spot_msgs/action/navigate_to.h
[1.669s] -- Up-to-date: /home/caleb/ros2_ws/install/spot_msgs/share/spot_msgs/environment/library_path.sh
[1.669s] -- Up-to-date: /home/caleb/ros2_ws/install/spot_msgs/share/spot_msgs/environment/library_path.dsv
[1.669s] -- Up-to-date: /home/caleb/ros2_ws/install/spot_msgs/lib/libspot_msgs__rosidl_generator_c.so
[1.670s] -- Up-to-date: /home/caleb/ros2_ws/install/spot_msgs/include/spot_msgs
[1.670s] -- Up-to-date: /home/caleb/ros2_ws/install/spot_msgs/include/spot_msgs/srv
[1.670s] -- Up-to-date: /home/caleb/ros2_ws/install/spot_msgs/include/spot_msgs/srv/detail
[1.670s] -- Up-to-date: /home/caleb/ros2_ws/install/spot_msgs/include/spot_msgs/srv/detail/hand_pose__rosidl_typesupport_fastrtps_c.h
[1.671s] -- Up-to-date: /home/caleb/ros2_ws/install/spot_msgs/include/spot_msgs/srv/detail/arm_force_trajectory__rosidl_typesupport_fastrtps_c.h
[1.671s] -- Up-to-date: /home/caleb/ros2_ws/install/spot_msgs/include/spot_msgs/srv/detail/set_locomotion__rosidl_typesupport_fastrtps_c.h
[1.671s] -- Up-to-date: /home/caleb/ros2_ws/install/spot_msgs/include/spot_msgs/srv/detail/list_graph__rosidl_typesupport_fastrtps_c.h
[1.672s] -- Up-to-date: /home/caleb/ros2_ws/install/spot_msgs/include/spot_msgs/srv/detail/constrained_arm_joint_movement__rosidl_typesupport_fastrtps_c.h
[1.672s] -- Up-to-date: /home/caleb/ros2_ws/install/spot_msgs/include/spot_msgs/srv/detail/arm_joint_movement__rosidl_typesupport_fastrtps_c.h
[1.672s] -- Up-to-date: /home/caleb/ros2_ws/install/spot_msgs/include/spot_msgs/srv/detail/set_velocity__rosidl_typesupport_fastrtps_c.h
[1.672s] -- Up-to-date: /home/caleb/ros2_ws/install/spot_msgs/include/spot_msgs/srv/detail/gripper_angle_move__rosidl_typesupport_fastrtps_c.h
[1.673s] -- Up-to-date: /home/caleb/ros2_ws/install/spot_msgs/include/spot_msgs/srv/detail/clear_behavior_fault__rosidl_typesupport_fastrtps_c.h
[1.673s] -- Up-to-date: /home/caleb/ros2_ws/install/spot_msgs/include/spot_msgs/srv/detail/dock__rosidl_typesupport_fastrtps_c.h
[1.673s] -- Up-to-date: /home/caleb/ros2_ws/install/spot_msgs/include/spot_msgs/msg
[1.673s] -- Up-to-date: /home/caleb/ros2_ws/install/spot_msgs/include/spot_msgs/msg/detail
[1.674s] -- Up-to-date: /home/caleb/ros2_ws/install/spot_msgs/include/spot_msgs/msg/detail/dock_state__rosidl_typesupport_fastrtps_c.h
[1.674s] -- Up-to-date: /home/caleb/ros2_ws/install/spot_msgs/include/spot_msgs/msg/detail/mobility_params__rosidl_typesupport_fastrtps_c.h
[1.674s] -- Up-to-date: /home/caleb/ros2_ws/install/spot_msgs/include/spot_msgs/msg/detail/lease__rosidl_typesupport_fastrtps_c.h
[1.674s] -- Up-to-date: /home/caleb/ros2_ws/install/spot_msgs/include/spot_msgs/msg/detail/lease_owner__rosidl_typesupport_fastrtps_c.h
[1.675s] -- Up-to-date: /home/caleb/ros2_ws/install/spot_msgs/include/spot_msgs/msg/detail/system_fault_state__rosidl_typesupport_fastrtps_c.h
[1.675s] -- Up-to-date: /home/caleb/ros2_ws/install/spot_msgs/include/spot_msgs/msg/detail/foot_state_array__rosidl_typesupport_fastrtps_c.h
[1.675s] -- Up-to-date: /home/caleb/ros2_ws/install/spot_msgs/include/spot_msgs/msg/detail/battery_state_array__rosidl_typesupport_fastrtps_c.h
[1.675s] -- Up-to-date: /home/caleb/ros2_ws/install/spot_msgs/include/spot_msgs/msg/detail/e_stop_state_array__rosidl_typesupport_fastrtps_c.h
[1.676s] -- Up-to-date: /home/caleb/ros2_ws/install/spot_msgs/include/spot_msgs/msg/detail/manipulator_state__rosidl_typesupport_fastrtps_c.h
[1.676s] -- Up-to-date: /home/caleb/ros2_ws/install/spot_msgs/include/spot_msgs/msg/detail/e_stop_state__rosidl_typesupport_fastrtps_c.h
[1.676s] -- Up-to-date: /home/caleb/ros2_ws/install/spot_msgs/include/spot_msgs/msg/detail/feedback__rosidl_typesupport_fastrtps_c.h
[1.676s] -- Up-to-date: /home/caleb/ros2_ws/install/spot_msgs/include/spot_msgs/msg/detail/system_fault__rosidl_typesupport_fastrtps_c.h
[1.677s] -- Up-to-date: /home/caleb/ros2_ws/install/spot_msgs/include/spot_msgs/msg/detail/lease_array__rosidl_typesupport_fastrtps_c.h
[1.677s] -- Up-to-date: /home/caleb/ros2_ws/install/spot_msgs/include/spot_msgs/msg/detail/lease_resource__rosidl_typesupport_fastrtps_c.h
[1.677s] -- Up-to-date: /home/caleb/ros2_ws/install/spot_msgs/include/spot_msgs/msg/detail/wi_fi_state__rosidl_typesupport_fastrtps_c.h
[1.677s] -- Up-to-date: /home/caleb/ros2_ws/install/spot_msgs/include/spot_msgs/msg/detail/behavior_fault__rosidl_typesupport_fastrtps_c.h
[1.678s] -- Up-to-date: /home/caleb/ros2_ws/install/spot_msgs/include/spot_msgs/msg/detail/behavior_fault_state__rosidl_typesupport_fastrtps_c.h
[1.678s] -- Up-to-date: /home/caleb/ros2_ws/install/spot_msgs/include/spot_msgs/msg/detail/battery_state__rosidl_typesupport_fastrtps_c.h
[1.678s] -- Up-to-date: /home/caleb/ros2_ws/install/spot_msgs/include/spot_msgs/msg/detail/metrics__rosidl_typesupport_fastrtps_c.h
[1.678s] -- Up-to-date: /home/caleb/ros2_ws/install/spot_msgs/include/spot_msgs/msg/detail/foot_state__rosidl_typesupport_fastrtps_c.h
[1.679s] -- Up-to-date: /home/caleb/ros2_ws/install/spot_msgs/include/spot_msgs/msg/detail/power_state__rosidl_typesupport_fastrtps_c.h
[1.679s] -- Up-to-date: /home/caleb/ros2_ws/install/spot_msgs/include/spot_msgs/msg/rosidl_typesupport_fastrtps_c__visibility_control.h
[1.679s] -- Up-to-date: /home/caleb/ros2_ws/install/spot_msgs/include/spot_msgs/action
[1.679s] -- Up-to-date: /home/caleb/ros2_ws/install/spot_msgs/include/spot_msgs/action/detail
[1.680s] -- Up-to-date: /home/caleb/ros2_ws/install/spot_msgs/include/spot_msgs/action/detail/navigate_to__rosidl_typesupport_fastrtps_c.h
[1.680s] -- Up-to-date: /home/caleb/ros2_ws/install/spot_msgs/include/spot_msgs/action/detail/trajectory__rosidl_typesupport_fastrtps_c.h
[1.680s] -- Up-to-date: /home/caleb/ros2_ws/install/spot_msgs/lib/libspot_msgs__rosidl_typesupport_fastrtps_c.so
[1.681s] -- Up-to-date: /home/caleb/ros2_ws/install/spot_msgs/include/spot_msgs
[1.681s] -- Up-to-date: /home/caleb/ros2_ws/install/spot_msgs/include/spot_msgs/srv
[1.681s] -- Up-to-date: /home/caleb/ros2_ws/install/spot_msgs/include/spot_msgs/srv/detail
[1.681s] -- Up-to-date: /home/caleb/ros2_ws/install/spot_msgs/include/spot_msgs/srv/detail/clear_behavior_fault__rosidl_typesupport_fastrtps_cpp.hpp
[1.682s] -- Up-to-date: /home/caleb/ros2_ws/install/spot_msgs/include/spot_msgs/srv/detail/constrained_arm_joint_movement__rosidl_typesupport_fastrtps_cpp.hpp
[1.682s] -- Up-to-date: /home/caleb/ros2_ws/install/spot_msgs/include/spot_msgs/srv/detail/arm_joint_movement__rosidl_typesupport_fastrtps_cpp.hpp
[1.682s] -- Up-to-date: /home/caleb/ros2_ws/install/spot_msgs/include/spot_msgs/srv/detail/hand_pose__rosidl_typesupport_fastrtps_cpp.hpp
[1.682s] -- Up-to-date: /home/caleb/ros2_ws/install/spot_msgs/include/spot_msgs/srv/detail/gripper_angle_move__rosidl_typesupport_fastrtps_cpp.hpp
[1.683s] -- Up-to-date: /home/caleb/ros2_ws/install/spot_msgs/include/spot_msgs/srv/detail/dock__rosidl_typesupport_fastrtps_cpp.hpp
[1.683s] -- Up-to-date: /home/caleb/ros2_ws/install/spot_msgs/include/spot_msgs/srv/detail/set_locomotion__rosidl_typesupport_fastrtps_cpp.hpp
[1.683s] -- Up-to-date: /home/caleb/ros2_ws/install/spot_msgs/include/spot_msgs/srv/detail/arm_force_trajectory__rosidl_typesupport_fastrtps_cpp.hpp
[1.683s] -- Up-to-date: /home/caleb/ros2_ws/install/spot_msgs/include/spot_msgs/srv/detail/list_graph__rosidl_typesupport_fastrtps_cpp.hpp
[1.684s] -- Up-to-date: /home/caleb/ros2_ws/install/spot_msgs/include/spot_msgs/srv/detail/set_velocity__rosidl_typesupport_fastrtps_cpp.hpp
[1.684s] -- Up-to-date: /home/caleb/ros2_ws/install/spot_msgs/include/spot_msgs/srv/detail/dds_fastrtps
[1.684s] -- Up-to-date: /home/caleb/ros2_ws/install/spot_msgs/include/spot_msgs/msg
[1.684s] -- Up-to-date: /home/caleb/ros2_ws/install/spot_msgs/include/spot_msgs/msg/rosidl_typesupport_fastrtps_cpp__visibility_control.h
[1.685s] -- Up-to-date: /home/caleb/ros2_ws/install/spot_msgs/include/spot_msgs/msg/detail
[1.685s] -- Up-to-date: /home/caleb/ros2_ws/install/spot_msgs/include/spot_msgs/msg/detail/system_fault_state__rosidl_typesupport_fastrtps_cpp.hpp
[1.685s] -- Up-to-date: /home/caleb/ros2_ws/install/spot_msgs/include/spot_msgs/msg/detail/metrics__rosidl_typesupport_fastrtps_cpp.hpp
[1.685s] -- Up-to-date: /home/caleb/ros2_ws/install/spot_msgs/include/spot_msgs/msg/detail/manipulator_state__rosidl_typesupport_fastrtps_cpp.hpp
[1.685s] -- Up-to-date: /home/caleb/ros2_ws/install/spot_msgs/include/spot_msgs/msg/detail/behavior_fault__rosidl_typesupport_fastrtps_cpp.hpp
[1.685s] -- Up-to-date: /home/caleb/ros2_ws/install/spot_msgs/include/spot_msgs/msg/detail/dock_state__rosidl_typesupport_fastrtps_cpp.hpp
[1.685s] -- Up-to-date: /home/caleb/ros2_ws/install/spot_msgs/include/spot_msgs/msg/detail/lease_owner__rosidl_typesupport_fastrtps_cpp.hpp
[1.685s] -- Up-to-date: /home/caleb/ros2_ws/install/spot_msgs/include/spot_msgs/msg/detail/system_fault__rosidl_typesupport_fastrtps_cpp.hpp
[1.685s] -- Up-to-date: /home/caleb/ros2_ws/install/spot_msgs/include/spot_msgs/msg/detail/feedback__rosidl_typesupport_fastrtps_cpp.hpp
[1.685s] -- Up-to-date: /home/caleb/ros2_ws/install/spot_msgs/include/spot_msgs/msg/detail/mobility_params__rosidl_typesupport_fastrtps_cpp.hpp
[1.686s] -- Up-to-date: /home/caleb/ros2_ws/install/spot_msgs/include/spot_msgs/msg/detail/battery_state_array__rosidl_typesupport_fastrtps_cpp.hpp
[1.686s] -- Up-to-date: /home/caleb/ros2_ws/install/spot_msgs/include/spot_msgs/msg/detail/e_stop_state_array__rosidl_typesupport_fastrtps_cpp.hpp
[1.686s] -- Up-to-date: /home/caleb/ros2_ws/install/spot_msgs/include/spot_msgs/msg/detail/power_state__rosidl_typesupport_fastrtps_cpp.hpp
[1.686s] -- Up-to-date: /home/caleb/ros2_ws/install/spot_msgs/include/spot_msgs/msg/detail/battery_state__rosidl_typesupport_fastrtps_cpp.hpp
[1.686s] -- Up-to-date: /home/caleb/ros2_ws/install/spot_msgs/include/spot_msgs/msg/detail/lease__rosidl_typesupport_fastrtps_cpp.hpp
[1.686s] -- Up-to-date: /home/caleb/ros2_ws/install/spot_msgs/include/spot_msgs/msg/detail/lease_resource__rosidl_typesupport_fastrtps_cpp.hpp
[1.686s] -- Up-to-date: /home/caleb/ros2_ws/install/spot_msgs/include/spot_msgs/msg/detail/foot_state__rosidl_typesupport_fastrtps_cpp.hpp
[1.686s] -- Up-to-date: /home/caleb/ros2_ws/install/spot_msgs/include/spot_msgs/msg/detail/e_stop_state__rosidl_typesupport_fastrtps_cpp.hpp
[1.686s] -- Up-to-date: /home/caleb/ros2_ws/install/spot_msgs/include/spot_msgs/msg/detail/wi_fi_state__rosidl_typesupport_fastrtps_cpp.hpp
[1.686s] -- Up-to-date: /home/caleb/ros2_ws/install/spot_msgs/include/spot_msgs/msg/detail/foot_state_array__rosidl_typesupport_fastrtps_cpp.hpp
[1.686s] -- Up-to-date: /home/caleb/ros2_ws/install/spot_msgs/include/spot_msgs/msg/detail/behavior_fault_state__rosidl_typesupport_fastrtps_cpp.hpp
[1.686s] -- Up-to-date: /home/caleb/ros2_ws/install/spot_msgs/include/spot_msgs/msg/detail/lease_array__rosidl_typesupport_fastrtps_cpp.hpp
[1.686s] -- Up-to-date: /home/caleb/ros2_ws/install/spot_msgs/include/spot_msgs/msg/detail/dds_fastrtps
[1.686s] -- Up-to-date: /home/caleb/ros2_ws/install/spot_msgs/include/spot_msgs/action
[1.686s] -- Up-to-date: /home/caleb/ros2_ws/install/spot_msgs/include/spot_msgs/action/detail
[1.686s] -- Up-to-date: /home/caleb/ros2_ws/install/spot_msgs/include/spot_msgs/action/detail/navigate_to__rosidl_typesupport_fastrtps_cpp.hpp
[1.686s] -- Up-to-date: /home/caleb/ros2_ws/install/spot_msgs/include/spot_msgs/action/detail/trajectory__rosidl_typesupport_fastrtps_cpp.hpp
[1.686s] -- Up-to-date: /home/caleb/ros2_ws/install/spot_msgs/include/spot_msgs/action/detail/dds_fastrtps
[1.686s] -- Up-to-date: /home/caleb/ros2_ws/install/spot_msgs/lib/libspot_msgs__rosidl_typesupport_fastrtps_cpp.so
[1.686s] -- Up-to-date: /home/caleb/ros2_ws/install/spot_msgs/include/spot_msgs
[1.687s] -- Up-to-date: /home/caleb/ros2_ws/install/spot_msgs/include/spot_msgs/srv
[1.687s] -- Up-to-date: /home/caleb/ros2_ws/install/spot_msgs/include/spot_msgs/srv/detail
[1.687s] -- Up-to-date: /home/caleb/ros2_ws/install/spot_msgs/include/spot_msgs/srv/detail/dock__rosidl_typesupport_introspection_c.h
[1.687s] -- Up-to-date: /home/caleb/ros2_ws/install/spot_msgs/include/spot_msgs/srv/detail/set_velocity__rosidl_typesupport_introspection_c.h
[1.687s] -- Up-to-date: /home/caleb/ros2_ws/install/spot_msgs/include/spot_msgs/srv/detail/clear_behavior_fault__rosidl_typesupport_introspection_c.h
[1.687s] -- Up-to-date: /home/caleb/ros2_ws/install/spot_msgs/include/spot_msgs/srv/detail/hand_pose__rosidl_typesupport_introspection_c.h
[1.688s] -- Up-to-date: /home/caleb/ros2_ws/install/spot_msgs/include/spot_msgs/srv/detail/hand_pose__type_support.c
[1.688s] -- Up-to-date: /home/caleb/ros2_ws/install/spot_msgs/include/spot_msgs/srv/detail/dock__type_support.c
[1.688s] -- Up-to-date: /home/caleb/ros2_ws/install/spot_msgs/include/spot_msgs/srv/detail/constrained_arm_joint_movement__type_support.c
[1.688s] -- Up-to-date: /home/caleb/ros2_ws/install/spot_msgs/include/spot_msgs/srv/detail/list_graph__rosidl_typesupport_introspection_c.h
[1.688s] -- Up-to-date: /home/caleb/ros2_ws/install/spot_msgs/include/spot_msgs/srv/detail/arm_force_trajectory__type_support.c
[1.688s] -- Up-to-date: /home/caleb/ros2_ws/install/spot_msgs/include/spot_msgs/srv/detail/gripper_angle_move__type_support.c
[1.688s] -- Up-to-date: /home/caleb/ros2_ws/install/spot_msgs/include/spot_msgs/srv/detail/arm_joint_movement__rosidl_typesupport_introspection_c.h
[1.688s] -- Up-to-date: /home/caleb/ros2_ws/install/spot_msgs/include/spot_msgs/srv/detail/set_locomotion__type_support.c
[1.688s] -- Up-to-date: /home/caleb/ros2_ws/install/spot_msgs/include/spot_msgs/srv/detail/constrained_arm_joint_movement__rosidl_typesupport_introspection_c.h
[1.689s] -- Up-to-date: /home/caleb/ros2_ws/install/spot_msgs/include/spot_msgs/srv/detail/clear_behavior_fault__type_support.c
[1.689s] -- Up-to-date: /home/caleb/ros2_ws/install/spot_msgs/include/spot_msgs/srv/detail/arm_force_trajectory__rosidl_typesupport_introspection_c.h
[1.689s] -- Up-to-date: /home/caleb/ros2_ws/install/spot_msgs/include/spot_msgs/srv/detail/set_locomotion__rosidl_typesupport_introspection_c.h
[1.689s] -- Up-to-date: /home/caleb/ros2_ws/install/spot_msgs/include/spot_msgs/srv/detail/set_velocity__type_support.c
[1.689s] -- Up-to-date: /home/caleb/ros2_ws/install/spot_msgs/include/spot_msgs/srv/detail/arm_joint_movement__type_support.c
[1.690s] -- Up-to-date: /home/caleb/ros2_ws/install/spot_msgs/include/spot_msgs/srv/detail/list_graph__type_support.c
[1.690s] -- Up-to-date: /home/caleb/ros2_ws/install/spot_msgs/include/spot_msgs/srv/detail/gripper_angle_move__rosidl_typesupport_introspection_c.h
[1.690s] -- Up-to-date: /home/caleb/ros2_ws/install/spot_msgs/include/spot_msgs/msg
[1.690s] -- Up-to-date: /home/caleb/ros2_ws/install/spot_msgs/include/spot_msgs/msg/rosidl_typesupport_introspection_c__visibility_control.h
[1.690s] -- Up-to-date: /home/caleb/ros2_ws/install/spot_msgs/include/spot_msgs/msg/detail
[1.691s] -- Up-to-date: /home/caleb/ros2_ws/install/spot_msgs/include/spot_msgs/msg/detail/lease_resource__rosidl_typesupport_introspection_c.h
[1.691s] -- Up-to-date: /home/caleb/ros2_ws/install/spot_msgs/include/spot_msgs/msg/detail/foot_state__type_support.c
[1.691s] -- Up-to-date: /home/caleb/ros2_ws/install/spot_msgs/include/spot_msgs/msg/detail/feedback__rosidl_typesupport_introspection_c.h
[1.691s] -- Up-to-date: /home/caleb/ros2_ws/install/spot_msgs/include/spot_msgs/msg/detail/mobility_params__rosidl_typesupport_introspection_c.h
[1.691s] -- Up-to-date: /home/caleb/ros2_ws/install/spot_msgs/include/spot_msgs/msg/detail/mobility_params__type_support.c
[1.692s] -- Up-to-date: /home/caleb/ros2_ws/install/spot_msgs/include/spot_msgs/msg/detail/lease_owner__rosidl_typesupport_introspection_c.h
[1.692s] -- Up-to-date: /home/caleb/ros2_ws/install/spot_msgs/include/spot_msgs/msg/detail/manipulator_state__type_support.c
[1.692s] -- Up-to-date: /home/caleb/ros2_ws/install/spot_msgs/include/spot_msgs/msg/detail/lease__type_support.c
[1.692s] -- Up-to-date: /home/caleb/ros2_ws/install/spot_msgs/include/spot_msgs/msg/detail/lease_resource__type_support.c
[1.692s] -- Up-to-date: /home/caleb/ros2_ws/install/spot_msgs/include/spot_msgs/msg/detail/behavior_fault_state__type_support.c
[1.692s] -- Up-to-date: /home/caleb/ros2_ws/install/spot_msgs/include/spot_msgs/msg/detail/power_state__rosidl_typesupport_introspection_c.h
[1.693s] -- Up-to-date: /home/caleb/ros2_ws/install/spot_msgs/include/spot_msgs/msg/detail/foot_state_array__type_support.c
[1.693s] -- Up-to-date: /home/caleb/ros2_ws/install/spot_msgs/include/spot_msgs/msg/detail/battery_state__rosidl_typesupport_introspection_c.h
[1.693s] -- Up-to-date: /home/caleb/ros2_ws/install/spot_msgs/include/spot_msgs/msg/detail/manipulator_state__rosidl_typesupport_introspection_c.h
[1.693s] -- Up-to-date: /home/caleb/ros2_ws/install/spot_msgs/include/spot_msgs/msg/detail/feedback__type_support.c
[1.694s] -- Up-to-date: /home/caleb/ros2_ws/install/spot_msgs/include/spot_msgs/msg/detail/battery_state_array__rosidl_typesupport_introspection_c.h
[1.694s] -- Up-to-date: /home/caleb/ros2_ws/install/spot_msgs/include/spot_msgs/msg/detail/lease_array__type_support.c
[1.694s] -- Up-to-date: /home/caleb/ros2_ws/install/spot_msgs/include/spot_msgs/msg/detail/wi_fi_state__type_support.c
[1.694s] -- Up-to-date: /home/caleb/ros2_ws/install/spot_msgs/include/spot_msgs/msg/detail/system_fault__type_support.c
[1.694s] -- Up-to-date: /home/caleb/ros2_ws/install/spot_msgs/include/spot_msgs/msg/detail/system_fault_state__rosidl_typesupport_introspection_c.h
[1.695s] -- Up-to-date: /home/caleb/ros2_ws/install/spot_msgs/include/spot_msgs/msg/detail/metrics__rosidl_typesupport_introspection_c.h
[1.695s] -- Up-to-date: /home/caleb/ros2_ws/install/spot_msgs/include/spot_msgs/msg/detail/behavior_fault__type_support.c
[1.695s] -- Up-to-date: /home/caleb/ros2_ws/install/spot_msgs/include/spot_msgs/msg/detail/battery_state_array__type_support.c
[1.695s] -- Up-to-date: /home/caleb/ros2_ws/install/spot_msgs/include/spot_msgs/msg/detail/dock_state__type_support.c
[1.695s] -- Up-to-date: /home/caleb/ros2_ws/install/spot_msgs/include/spot_msgs/msg/detail/wi_fi_state__rosidl_typesupport_introspection_c.h
[1.696s] -- Up-to-date: /home/caleb/ros2_ws/install/spot_msgs/include/spot_msgs/msg/detail/battery_state__type_support.c
[1.696s] -- Up-to-date: /home/caleb/ros2_ws/install/spot_msgs/include/spot_msgs/msg/detail/behavior_fault_state__rosidl_typesupport_introspection_c.h
[1.696s] -- Up-to-date: /home/caleb/ros2_ws/install/spot_msgs/include/spot_msgs/msg/detail/e_stop_state__rosidl_typesupport_introspection_c.h
[1.696s] -- Up-to-date: /home/caleb/ros2_ws/install/spot_msgs/include/spot_msgs/msg/detail/foot_state_array__rosidl_typesupport_introspection_c.h
[1.696s] -- Up-to-date: /home/caleb/ros2_ws/install/spot_msgs/include/spot_msgs/msg/detail/system_fault_state__type_support.c
[1.697s] -- Up-to-date: /home/caleb/ros2_ws/install/spot_msgs/include/spot_msgs/msg/detail/lease_owner__type_support.c
[1.697s] -- Up-to-date: /home/caleb/ros2_ws/install/spot_msgs/include/spot_msgs/msg/detail/lease_array__rosidl_typesupport_introspection_c.h
[1.697s] -- Up-to-date: /home/caleb/ros2_ws/install/spot_msgs/include/spot_msgs/msg/detail/e_stop_state_array__type_support.c
[1.698s] -- Up-to-date: /home/caleb/ros2_ws/install/spot_msgs/include/spot_msgs/msg/detail/metrics__type_support.c
[1.698s] -- Up-to-date: /home/caleb/ros2_ws/install/spot_msgs/include/spot_msgs/msg/detail/system_fault__rosidl_typesupport_introspection_c.h
[1.698s] -- Up-to-date: /home/caleb/ros2_ws/install/spot_msgs/include/spot_msgs/msg/detail/e_stop_state_array__rosidl_typesupport_introspection_c.h
[1.698s] -- Up-to-date: /home/caleb/ros2_ws/install/spot_msgs/include/spot_msgs/msg/detail/e_stop_state__type_support.c
[1.699s] -- Up-to-date: /home/caleb/ros2_ws/install/spot_msgs/include/spot_msgs/msg/detail/power_state__type_support.c
[1.699s] -- Up-to-date: /home/caleb/ros2_ws/install/spot_msgs/include/spot_msgs/msg/detail/foot_state__rosidl_typesupport_introspection_c.h
[1.699s] -- Up-to-date: /home/caleb/ros2_ws/install/spot_msgs/include/spot_msgs/msg/detail/behavior_fault__rosidl_typesupport_introspection_c.h
[1.699s] -- Up-to-date: /home/caleb/ros2_ws/install/spot_msgs/include/spot_msgs/msg/detail/lease__rosidl_typesupport_introspection_c.h
[1.699s] -- Up-to-date: /home/caleb/ros2_ws/install/spot_msgs/include/spot_msgs/msg/detail/dock_state__rosidl_typesupport_introspection_c.h
[1.700s] -- Up-to-date: /home/caleb/ros2_ws/install/spot_msgs/include/spot_msgs/action
[1.700s] -- Up-to-date: /home/caleb/ros2_ws/install/spot_msgs/include/spot_msgs/action/detail
[1.700s] -- Up-to-date: /home/caleb/ros2_ws/install/spot_msgs/include/spot_msgs/action/detail/navigate_to__type_support.c
[1.700s] -- Up-to-date: /home/caleb/ros2_ws/install/spot_msgs/include/spot_msgs/action/detail/navigate_to__rosidl_typesupport_introspection_c.h
[1.700s] -- Up-to-date: /home/caleb/ros2_ws/install/spot_msgs/include/spot_msgs/action/detail/trajectory__rosidl_typesupport_introspection_c.h
[1.700s] -- Up-to-date: /home/caleb/ros2_ws/install/spot_msgs/include/spot_msgs/action/detail/trajectory__type_support.c
[1.701s] -- Up-to-date: /home/caleb/ros2_ws/install/spot_msgs/lib/libspot_msgs__rosidl_typesupport_introspection_c.so
[1.701s] -- Up-to-date: /home/caleb/ros2_ws/install/spot_msgs/lib/libspot_msgs__rosidl_typesupport_c.so
[1.701s] -- Up-to-date: /home/caleb/ros2_ws/install/spot_msgs/include/spot_msgs
[1.701s] -- Up-to-date: /home/caleb/ros2_ws/install/spot_msgs/include/spot_msgs/srv
[1.701s] -- Up-to-date: /home/caleb/ros2_ws/install/spot_msgs/include/spot_msgs/srv/arm_force_trajectory.hpp
[1.701s] -- Up-to-date: /home/caleb/ros2_ws/install/spot_msgs/include/spot_msgs/srv/arm_joint_movement.hpp
[1.701s] -- Up-to-date: /home/caleb/ros2_ws/install/spot_msgs/include/spot_msgs/srv/list_graph.hpp
[1.701s] -- Up-to-date: /home/caleb/ros2_ws/install/spot_msgs/include/spot_msgs/srv/constrained_arm_joint_movement.hpp
[1.701s] -- Up-to-date: /home/caleb/ros2_ws/install/spot_msgs/include/spot_msgs/srv/set_velocity.hpp
[1.701s] -- Up-to-date: /home/caleb/ros2_ws/install/spot_msgs/include/spot_msgs/srv/hand_pose.hpp
[1.701s] -- Up-to-date: /home/caleb/ros2_ws/install/spot_msgs/include/spot_msgs/srv/clear_behavior_fault.hpp
[1.701s] -- Up-to-date: /home/caleb/ros2_ws/install/spot_msgs/include/spot_msgs/srv/dock.hpp
[1.701s] -- Up-to-date: /home/caleb/ros2_ws/install/spot_msgs/include/spot_msgs/srv/detail
[1.702s] -- Up-to-date: /home/caleb/ros2_ws/install/spot_msgs/include/spot_msgs/srv/detail/hand_pose__struct.hpp
[1.702s] -- Up-to-date: /home/caleb/ros2_ws/install/spot_msgs/include/spot_msgs/srv/detail/arm_force_trajectory__traits.hpp
[1.702s] -- Up-to-date: /home/caleb/ros2_ws/install/spot_msgs/include/spot_msgs/srv/detail/list_graph__struct.hpp
[1.702s] -- Up-to-date: /home/caleb/ros2_ws/install/spot_msgs/include/spot_msgs/srv/detail/set_locomotion__traits.hpp
[1.702s] -- Up-to-date: /home/caleb/ros2_ws/install/spot_msgs/include/spot_msgs/srv/detail/dock__traits.hpp
[1.703s] -- Up-to-date: /home/caleb/ros2_ws/install/spot_msgs/include/spot_msgs/srv/detail/set_velocity__traits.hpp
[1.703s] -- Up-to-date: /home/caleb/ros2_ws/install/spot_msgs/include/spot_msgs/srv/detail/hand_pose__traits.hpp
[1.703s] -- Up-to-date: /home/caleb/ros2_ws/install/spot_msgs/include/spot_msgs/srv/detail/set_velocity__builder.hpp
[1.703s] -- Up-to-date: /home/caleb/ros2_ws/install/spot_msgs/include/spot_msgs/srv/detail/list_graph__traits.hpp
[1.704s] -- Up-to-date: /home/caleb/ros2_ws/install/spot_msgs/include/spot_msgs/srv/detail/list_graph__builder.hpp
[1.704s] -- Up-to-date: /home/caleb/ros2_ws/install/spot_msgs/include/spot_msgs/srv/detail/clear_behavior_fault__struct.hpp
[1.704s] -- Up-to-date: /home/caleb/ros2_ws/install/spot_msgs/include/spot_msgs/srv/detail/constrained_arm_joint_movement__struct.hpp
[1.704s] -- Up-to-date: /home/caleb/ros2_ws/install/spot_msgs/include/spot_msgs/srv/detail/arm_joint_movement__traits.hpp
[1.704s] -- Up-to-date: /home/caleb/ros2_ws/install/spot_msgs/include/spot_msgs/srv/detail/gripper_angle_move__traits.hpp
[1.705s] -- Up-to-date: /home/caleb/ros2_ws/install/spot_msgs/include/spot_msgs/srv/detail/arm_force_trajectory__builder.hpp
[1.705s] -- Up-to-date: /home/caleb/ros2_ws/install/spot_msgs/include/spot_msgs/srv/detail/gripper_angle_move__struct.hpp
[1.705s] -- Up-to-date: /home/caleb/ros2_ws/install/spot_msgs/include/spot_msgs/srv/detail/hand_pose__builder.hpp
[1.705s] -- Up-to-date: /home/caleb/ros2_ws/install/spot_msgs/include/spot_msgs/srv/detail/arm_force_trajectory__struct.hpp
[1.705s] -- Up-to-date: /home/caleb/ros2_ws/install/spot_msgs/include/spot_msgs/srv/detail/gripper_angle_move__builder.hpp
[1.706s] -- Up-to-date: /home/caleb/ros2_ws/install/spot_msgs/include/spot_msgs/srv/detail/clear_behavior_fault__builder.hpp
[1.706s] -- Up-to-date: /home/caleb/ros2_ws/install/spot_msgs/include/spot_msgs/srv/detail/set_locomotion__struct.hpp
[1.706s] -- Up-to-date: /home/caleb/ros2_ws/install/spot_msgs/include/spot_msgs/srv/detail/arm_joint_movement__builder.hpp
[1.706s] -- Up-to-date: /home/caleb/ros2_ws/install/spot_msgs/include/spot_msgs/srv/detail/clear_behavior_fault__traits.hpp
[1.707s] -- Up-to-date: /home/caleb/ros2_ws/install/spot_msgs/include/spot_msgs/srv/detail/set_locomotion__builder.hpp
[1.707s] -- Up-to-date: /home/caleb/ros2_ws/install/spot_msgs/include/spot_msgs/srv/detail/constrained_arm_joint_movement__builder.hpp
[1.707s] -- Up-to-date: /home/caleb/ros2_ws/install/spot_msgs/include/spot_msgs/srv/detail/set_velocity__struct.hpp
[1.707s] -- Up-to-date: /home/caleb/ros2_ws/install/spot_msgs/include/spot_msgs/srv/detail/constrained_arm_joint_movement__traits.hpp
[1.707s] -- Up-to-date: /home/caleb/ros2_ws/install/spot_msgs/include/spot_msgs/srv/detail/dock__builder.hpp
[1.708s] -- Up-to-date: /home/caleb/ros2_ws/install/spot_msgs/include/spot_msgs/srv/detail/arm_joint_movement__struct.hpp
[1.708s] -- Up-to-date: /home/caleb/ros2_ws/install/spot_msgs/include/spot_msgs/srv/detail/dock__struct.hpp
[1.708s] -- Up-to-date: /home/caleb/ros2_ws/install/spot_msgs/include/spot_msgs/srv/gripper_angle_move.hpp
[1.708s] -- Up-to-date: /home/caleb/ros2_ws/install/spot_msgs/include/spot_msgs/srv/set_locomotion.hpp
[1.708s] -- Up-to-date: /home/caleb/ros2_ws/install/spot_msgs/include/spot_msgs/msg
[1.709s] -- Up-to-date: /home/caleb/ros2_ws/install/spot_msgs/include/spot_msgs/msg/manipulator_state.hpp
[1.709s] -- Up-to-date: /home/caleb/ros2_ws/install/spot_msgs/include/spot_msgs/msg/power_state.hpp
[1.709s] -- Up-to-date: /home/caleb/ros2_ws/install/spot_msgs/include/spot_msgs/msg/foot_state.hpp
[1.709s] -- Up-to-date: /home/caleb/ros2_ws/install/spot_msgs/include/spot_msgs/msg/e_stop_state.hpp
[1.710s] -- Up-to-date: /home/caleb/ros2_ws/install/spot_msgs/include/spot_msgs/msg/behavior_fault_state.hpp
[1.710s] -- Up-to-date: /home/caleb/ros2_ws/install/spot_msgs/include/spot_msgs/msg/dock_state.hpp
[1.710s] -- Up-to-date: /home/caleb/ros2_ws/install/spot_msgs/include/spot_msgs/msg/mobility_params.hpp
[1.710s] -- Up-to-date: /home/caleb/ros2_ws/install/spot_msgs/include/spot_msgs/msg/wi_fi_state.hpp
[1.711s] -- Up-to-date: /home/caleb/ros2_ws/install/spot_msgs/include/spot_msgs/msg/battery_state_array.hpp
[1.711s] -- Up-to-date: /home/caleb/ros2_ws/install/spot_msgs/include/spot_msgs/msg/behavior_fault.hpp
[1.711s] -- Up-to-date: /home/caleb/ros2_ws/install/spot_msgs/include/spot_msgs/msg/lease_resource.hpp
[1.711s] -- Up-to-date: /home/caleb/ros2_ws/install/spot_msgs/include/spot_msgs/msg/foot_state_array.hpp
[1.711s] -- Up-to-date: /home/caleb/ros2_ws/install/spot_msgs/include/spot_msgs/msg/detail
[1.712s] -- Up-to-date: /home/caleb/ros2_ws/install/spot_msgs/include/spot_msgs/msg/detail/battery_state__builder.hpp
[1.712s] -- Up-to-date: /home/caleb/ros2_ws/install/spot_msgs/include/spot_msgs/msg/detail/system_fault_state__traits.hpp
[1.712s] -- Up-to-date: /home/caleb/ros2_ws/install/spot_msgs/include/spot_msgs/msg/detail/behavior_fault_state__traits.hpp
[1.712s] -- Up-to-date: /home/caleb/ros2_ws/install/spot_msgs/include/spot_msgs/msg/detail/lease_array__traits.hpp
[1.712s] -- Up-to-date: /home/caleb/ros2_ws/install/spot_msgs/include/spot_msgs/msg/detail/e_stop_state_array__builder.hpp
[1.712s] -- Up-to-date: /home/caleb/ros2_ws/install/spot_msgs/include/spot_msgs/msg/detail/battery_state_array__traits.hpp
[1.712s] -- Up-to-date: /home/caleb/ros2_ws/install/spot_msgs/include/spot_msgs/msg/detail/battery_state__struct.hpp
[1.712s] -- Up-to-date: /home/caleb/ros2_ws/install/spot_msgs/include/spot_msgs/msg/detail/lease_resource__traits.hpp
[1.712s] -- Up-to-date: /home/caleb/ros2_ws/install/spot_msgs/include/spot_msgs/msg/detail/behavior_fault_state__builder.hpp
[1.713s] -- Up-to-date: /home/caleb/ros2_ws/install/spot_msgs/include/spot_msgs/msg/detail/dock_state__traits.hpp
[1.713s] -- Up-to-date: /home/caleb/ros2_ws/install/spot_msgs/include/spot_msgs/msg/detail/manipulator_state__builder.hpp
[1.713s] -- Up-to-date: /home/caleb/ros2_ws/install/spot_msgs/include/spot_msgs/msg/detail/system_fault__builder.hpp
[1.713s] -- Up-to-date: /home/caleb/ros2_ws/install/spot_msgs/include/spot_msgs/msg/detail/battery_state_array__builder.hpp
[1.713s] -- Up-to-date: /home/caleb/ros2_ws/install/spot_msgs/include/spot_msgs/msg/detail/wi_fi_state__struct.hpp
[1.714s] -- Up-to-date: /home/caleb/ros2_ws/install/spot_msgs/include/spot_msgs/msg/detail/metrics__traits.hpp
[1.714s] -- Up-to-date: /home/caleb/ros2_ws/install/spot_msgs/include/spot_msgs/msg/detail/wi_fi_state__traits.hpp
[1.714s] -- Up-to-date: /home/caleb/ros2_ws/install/spot_msgs/include/spot_msgs/msg/detail/behavior_fault_state__struct.hpp
[1.714s] -- Up-to-date: /home/caleb/ros2_ws/install/spot_msgs/include/spot_msgs/msg/detail/system_fault__traits.hpp
[1.715s] -- Up-to-date: /home/caleb/ros2_ws/install/spot_msgs/include/spot_msgs/msg/detail/wi_fi_state__builder.hpp
[1.715s] -- Up-to-date: /home/caleb/ros2_ws/install/spot_msgs/include/spot_msgs/msg/detail/e_stop_state_array__traits.hpp
[1.715s] -- Up-to-date: /home/caleb/ros2_ws/install/spot_msgs/include/spot_msgs/msg/detail/feedback__struct.hpp
[1.715s] -- Up-to-date: /home/caleb/ros2_ws/install/spot_msgs/include/spot_msgs/msg/detail/lease_array__builder.hpp
[1.716s] -- Up-to-date: /home/caleb/ros2_ws/install/spot_msgs/include/spot_msgs/msg/detail/dock_state__struct.hpp
[1.716s] -- Up-to-date: /home/caleb/ros2_ws/install/spot_msgs/include/spot_msgs/msg/detail/manipulator_state__traits.hpp
[1.716s] -- Up-to-date: /home/caleb/ros2_ws/install/spot_msgs/include/spot_msgs/msg/detail/system_fault_state__struct.hpp
[1.716s] -- Up-to-date: /home/caleb/ros2_ws/install/spot_msgs/include/spot_msgs/msg/detail/behavior_fault__struct.hpp
[1.717s] -- Up-to-date: /home/caleb/ros2_ws/install/spot_msgs/include/spot_msgs/msg/detail/lease__traits.hpp
[1.717s] -- Up-to-date: /home/caleb/ros2_ws/install/spot_msgs/include/spot_msgs/msg/detail/lease_array__struct.hpp
[1.717s] -- Up-to-date: /home/caleb/ros2_ws/install/spot_msgs/include/spot_msgs/msg/detail/feedback__builder.hpp
[1.717s] -- Up-to-date: /home/caleb/ros2_ws/install/spot_msgs/include/spot_msgs/msg/detail/metrics__struct.hpp
[1.718s] -- Up-to-date: /home/caleb/ros2_ws/install/spot_msgs/include/spot_msgs/msg/detail/foot_state_array__struct.hpp
[1.718s] -- Up-to-date: /home/caleb/ros2_ws/install/spot_msgs/include/spot_msgs/msg/detail/lease_owner__struct.hpp
[1.718s] -- Up-to-date: /home/caleb/ros2_ws/install/spot_msgs/include/spot_msgs/msg/detail/foot_state__traits.hpp
[1.719s] -- Up-to-date: /home/caleb/ros2_ws/install/spot_msgs/include/spot_msgs/msg/detail/lease__builder.hpp
[1.719s] -- Up-to-date: /home/caleb/ros2_ws/install/spot_msgs/include/spot_msgs/msg/detail/dock_state__builder.hpp
[1.719s] -- Up-to-date: /home/caleb/ros2_ws/install/spot_msgs/include/spot_msgs/msg/detail/lease_resource__struct.hpp
[1.719s] -- Up-to-date: /home/caleb/ros2_ws/install/spot_msgs/include/spot_msgs/msg/detail/e_stop_state__traits.hpp
[1.719s] -- Up-to-date: /home/caleb/ros2_ws/install/spot_msgs/include/spot_msgs/msg/detail/mobility_params__traits.hpp
[1.720s] -- Up-to-date: /home/caleb/ros2_ws/install/spot_msgs/include/spot_msgs/msg/detail/power_state__builder.hpp
[1.720s] -- Up-to-date: /home/caleb/ros2_ws/install/spot_msgs/include/spot_msgs/msg/detail/mobility_params__struct.hpp
[1.720s] -- Up-to-date: /home/caleb/ros2_ws/install/spot_msgs/include/spot_msgs/msg/detail/mobility_params__builder.hpp
[1.720s] -- Up-to-date: /home/caleb/ros2_ws/install/spot_msgs/include/spot_msgs/msg/detail/lease_resource__builder.hpp
[1.721s] -- Up-to-date: /home/caleb/ros2_ws/install/spot_msgs/include/spot_msgs/msg/detail/foot_state__builder.hpp
[1.721s] -- Up-to-date: /home/caleb/ros2_ws/install/spot_msgs/include/spot_msgs/msg/detail/manipulator_state__struct.hpp
[1.721s] -- Up-to-date: /home/caleb/ros2_ws/install/spot_msgs/include/spot_msgs/msg/detail/lease__struct.hpp
[1.722s] -- Up-to-date: /home/caleb/ros2_ws/install/spot_msgs/include/spot_msgs/msg/detail/power_state__traits.hpp
[1.722s] -- Up-to-date: /home/caleb/ros2_ws/install/spot_msgs/include/spot_msgs/msg/detail/battery_state_array__struct.hpp
[1.722s] -- Up-to-date: /home/caleb/ros2_ws/install/spot_msgs/include/spot_msgs/msg/detail/foot_state_array__traits.hpp
[1.722s] -- Up-to-date: /home/caleb/ros2_ws/install/spot_msgs/include/spot_msgs/msg/detail/foot_state__struct.hpp
[1.722s] -- Up-to-date: /home/caleb/ros2_ws/install/spot_msgs/include/spot_msgs/msg/detail/feedback__traits.hpp
[1.723s] -- Up-to-date: /home/caleb/ros2_ws/install/spot_msgs/include/spot_msgs/msg/detail/lease_owner__traits.hpp
[1.723s] -- Up-to-date: /home/caleb/ros2_ws/install/spot_msgs/include/spot_msgs/msg/detail/e_stop_state_array__struct.hpp
[1.723s] -- Up-to-date: /home/caleb/ros2_ws/install/spot_msgs/include/spot_msgs/msg/detail/power_state__struct.hpp
[1.724s] -- Up-to-date: /home/caleb/ros2_ws/install/spot_msgs/include/spot_msgs/msg/detail/e_stop_state__builder.hpp
[1.724s] -- Up-to-date: /home/caleb/ros2_ws/install/spot_msgs/include/spot_msgs/msg/detail/system_fault_state__builder.hpp
[1.724s] -- Up-to-date: /home/caleb/ros2_ws/install/spot_msgs/include/spot_msgs/msg/detail/system_fault__struct.hpp
[1.724s] -- Up-to-date: /home/caleb/ros2_ws/install/spot_msgs/include/spot_msgs/msg/detail/behavior_fault__builder.hpp
[1.724s] -- Up-to-date: /home/caleb/ros2_ws/install/spot_msgs/include/spot_msgs/msg/detail/metrics__builder.hpp
[1.725s] -- Up-to-date: /home/caleb/ros2_ws/install/spot_msgs/include/spot_msgs/msg/detail/e_stop_state__struct.hpp
[1.725s] -- Up-to-date: /home/caleb/ros2_ws/install/spot_msgs/include/spot_msgs/msg/detail/foot_state_array__builder.hpp
[1.726s] -- Up-to-date: /home/caleb/ros2_ws/install/spot_msgs/include/spot_msgs/msg/detail/lease_owner__builder.hpp
[1.726s] -- Up-to-date: /home/caleb/ros2_ws/install/spot_msgs/include/spot_msgs/msg/detail/behavior_fault__traits.hpp
[1.726s] -- Up-to-date: /home/caleb/ros2_ws/install/spot_msgs/include/spot_msgs/msg/detail/battery_state__traits.hpp
[1.726s] -- Up-to-date: /home/caleb/ros2_ws/install/spot_msgs/include/spot_msgs/msg/lease.hpp
[1.726s] -- Up-to-date: /home/caleb/ros2_ws/install/spot_msgs/include/spot_msgs/msg/metrics.hpp
[1.727s] -- Up-to-date: /home/caleb/ros2_ws/install/spot_msgs/include/spot_msgs/msg/e_stop_state_array.hpp
[1.727s] -- Up-to-date: /home/caleb/ros2_ws/install/spot_msgs/include/spot_msgs/msg/battery_state.hpp
[1.727s] -- Up-to-date: /home/caleb/ros2_ws/install/spot_msgs/include/spot_msgs/msg/lease_array.hpp
[1.727s] -- Up-to-date: /home/caleb/ros2_ws/install/spot_msgs/include/spot_msgs/msg/feedback.hpp
[1.728s] -- Up-to-date: /home/caleb/ros2_ws/install/spot_msgs/include/spot_msgs/msg/lease_owner.hpp
[1.728s] -- Up-to-date: /home/caleb/ros2_ws/install/spot_msgs/include/spot_msgs/msg/system_fault.hpp
[1.728s] -- Up-to-date: /home/caleb/ros2_ws/install/spot_msgs/include/spot_msgs/msg/system_fault_state.hpp
[1.728s] -- Up-to-date: /home/caleb/ros2_ws/install/spot_msgs/include/spot_msgs/action
[1.729s] -- Up-to-date: /home/caleb/ros2_ws/install/spot_msgs/include/spot_msgs/action/trajectory.hpp
[1.729s] -- Up-to-date: /home/caleb/ros2_ws/install/spot_msgs/include/spot_msgs/action/detail
[1.729s] -- Up-to-date: /home/caleb/ros2_ws/install/spot_msgs/include/spot_msgs/action/detail/trajectory__struct.hpp
[1.729s] -- Up-to-date: /home/caleb/ros2_ws/install/spot_msgs/include/spot_msgs/action/detail/navigate_to__builder.hpp
[1.730s] -- Up-to-date: /home/caleb/ros2_ws/install/spot_msgs/include/spot_msgs/action/detail/navigate_to__struct.hpp
[1.730s] -- Up-to-date: /home/caleb/ros2_ws/install/spot_msgs/include/spot_msgs/action/detail/trajectory__traits.hpp
[1.730s] -- Up-to-date: /home/caleb/ros2_ws/install/spot_msgs/include/spot_msgs/action/detail/trajectory__builder.hpp
[1.730s] -- Up-to-date: /home/caleb/ros2_ws/install/spot_msgs/include/spot_msgs/action/detail/navigate_to__traits.hpp
[1.730s] -- Up-to-date: /home/caleb/ros2_ws/install/spot_msgs/include/spot_msgs/action/navigate_to.hpp
[1.731s] -- Up-to-date: /home/caleb/ros2_ws/install/spot_msgs/include/spot_msgs
[1.731s] -- Up-to-date: /home/caleb/ros2_ws/install/spot_msgs/include/spot_msgs/srv
[1.731s] -- Up-to-date: /home/caleb/ros2_ws/install/spot_msgs/include/spot_msgs/srv/detail
[1.731s] -- Up-to-date: /home/caleb/ros2_ws/install/spot_msgs/include/spot_msgs/srv/detail/clear_behavior_fault__type_support.cpp
[1.731s] -- Up-to-date: /home/caleb/ros2_ws/install/spot_msgs/include/spot_msgs/srv/detail/list_graph__type_support.cpp
[1.731s] -- Up-to-date: /home/caleb/ros2_ws/install/spot_msgs/include/spot_msgs/srv/detail/constrained_arm_joint_movement__type_support.cpp
[1.731s] -- Up-to-date: /home/caleb/ros2_ws/install/spot_msgs/include/spot_msgs/srv/detail/arm_joint_movement__type_support.cpp
[1.731s] -- Up-to-date: /home/caleb/ros2_ws/install/spot_msgs/include/spot_msgs/srv/detail/list_graph__rosidl_typesupport_introspection_cpp.hpp
[1.731s] -- Up-to-date: /home/caleb/ros2_ws/install/spot_msgs/include/spot_msgs/srv/detail/hand_pose__type_support.cpp
[1.731s] -- Up-to-date: /home/caleb/ros2_ws/install/spot_msgs/include/spot_msgs/srv/detail/set_locomotion__type_support.cpp
[1.731s] -- Up-to-date: /home/caleb/ros2_ws/install/spot_msgs/include/spot_msgs/srv/detail/arm_force_trajectory__rosidl_typesupport_introspection_cpp.hpp
[1.731s] -- Up-to-date: /home/caleb/ros2_ws/install/spot_msgs/include/spot_msgs/srv/detail/hand_pose__rosidl_typesupport_introspection_cpp.hpp
[1.731s] -- Up-to-date: /home/caleb/ros2_ws/install/spot_msgs/include/spot_msgs/srv/detail/set_locomotion__rosidl_typesupport_introspection_cpp.hpp
[1.731s] -- Up-to-date: /home/caleb/ros2_ws/install/spot_msgs/include/spot_msgs/srv/detail/arm_joint_movement__rosidl_typesupport_introspection_cpp.hpp
[1.732s] -- Up-to-date: /home/caleb/ros2_ws/install/spot_msgs/include/spot_msgs/srv/detail/set_velocity__type_support.cpp
[1.732s] -- Up-to-date: /home/caleb/ros2_ws/install/spot_msgs/include/spot_msgs/srv/detail/dock__rosidl_typesupport_introspection_cpp.hpp
[1.732s] -- Up-to-date: /home/caleb/ros2_ws/install/spot_msgs/include/spot_msgs/srv/detail/dock__type_support.cpp
[1.732s] -- Up-to-date: /home/caleb/ros2_ws/install/spot_msgs/include/spot_msgs/srv/detail/set_velocity__rosidl_typesupport_introspection_cpp.hpp
[1.732s] -- Up-to-date: /home/caleb/ros2_ws/install/spot_msgs/include/spot_msgs/srv/detail/gripper_angle_move__type_support.cpp
[1.732s] -- Up-to-date: /home/caleb/ros2_ws/install/spot_msgs/include/spot_msgs/srv/detail/arm_force_trajectory__type_support.cpp
[1.732s] -- Up-to-date: /home/caleb/ros2_ws/install/spot_msgs/include/spot_msgs/srv/detail/constrained_arm_joint_movement__rosidl_typesupport_introspection_cpp.hpp
[1.732s] -- Up-to-date: /home/caleb/ros2_ws/install/spot_msgs/include/spot_msgs/srv/detail/gripper_angle_move__rosidl_typesupport_introspection_cpp.hpp
[1.732s] -- Up-to-date: /home/caleb/ros2_ws/install/spot_msgs/include/spot_msgs/srv/detail/clear_behavior_fault__rosidl_typesupport_introspection_cpp.hpp
[1.732s] -- Up-to-date: /home/caleb/ros2_ws/install/spot_msgs/include/spot_msgs/msg
[1.732s] -- Up-to-date: /home/caleb/ros2_ws/install/spot_msgs/include/spot_msgs/msg/detail
[1.732s] -- Up-to-date: /home/caleb/ros2_ws/install/spot_msgs/include/spot_msgs/msg/detail/metrics__rosidl_typesupport_introspection_cpp.hpp
[1.732s] -- Up-to-date: /home/caleb/ros2_ws/install/spot_msgs/include/spot_msgs/msg/detail/behavior_fault__rosidl_typesupport_introspection_cpp.hpp
[1.732s] -- Up-to-date: /home/caleb/ros2_ws/install/spot_msgs/include/spot_msgs/msg/detail/behavior_fault__type_support.cpp
[1.732s] -- Up-to-date: /home/caleb/ros2_ws/install/spot_msgs/include/spot_msgs/msg/detail/power_state__rosidl_typesupport_introspection_cpp.hpp
[1.732s] -- Up-to-date: /home/caleb/ros2_ws/install/spot_msgs/include/spot_msgs/msg/detail/system_fault__rosidl_typesupport_introspection_cpp.hpp
[1.732s] -- Up-to-date: /home/caleb/ros2_ws/install/spot_msgs/include/spot_msgs/msg/detail/wi_fi_state__type_support.cpp
[1.732s] -- Up-to-date: /home/caleb/ros2_ws/install/spot_msgs/include/spot_msgs/msg/detail/feedback__rosidl_typesupport_introspection_cpp.hpp
[1.732s] -- Up-to-date: /home/caleb/ros2_ws/install/spot_msgs/include/spot_msgs/msg/detail/wi_fi_state__rosidl_typesupport_introspection_cpp.hpp
[1.732s] -- Up-to-date: /home/caleb/ros2_ws/install/spot_msgs/include/spot_msgs/msg/detail/foot_state__rosidl_typesupport_introspection_cpp.hpp
[1.733s] -- Up-to-date: /home/caleb/ros2_ws/install/spot_msgs/include/spot_msgs/msg/detail/battery_state_array__rosidl_typesupport_introspection_cpp.hpp
[1.733s] -- Up-to-date: /home/caleb/ros2_ws/install/spot_msgs/include/spot_msgs/msg/detail/manipulator_state__type_support.cpp
[1.733s] -- Up-to-date: /home/caleb/ros2_ws/install/spot_msgs/include/spot_msgs/msg/detail/manipulator_state__rosidl_typesupport_introspection_cpp.hpp
[1.733s] -- Up-to-date: /home/caleb/ros2_ws/install/spot_msgs/include/spot_msgs/msg/detail/dock_state__rosidl_typesupport_introspection_cpp.hpp
[1.733s] -- Up-to-date: /home/caleb/ros2_ws/install/spot_msgs/include/spot_msgs/msg/detail/e_stop_state_array__type_support.cpp
[1.733s] -- Up-to-date: /home/caleb/ros2_ws/install/spot_msgs/include/spot_msgs/msg/detail/behavior_fault_state__type_support.cpp
[1.733s] -- Up-to-date: /home/caleb/ros2_ws/install/spot_msgs/include/spot_msgs/msg/detail/system_fault_state__type_support.cpp
[1.733s] -- Up-to-date: /home/caleb/ros2_ws/install/spot_msgs/include/spot_msgs/msg/detail/dock_state__type_support.cpp
[1.733s] -- Up-to-date: /home/caleb/ros2_ws/install/spot_msgs/include/spot_msgs/msg/detail/mobility_params__rosidl_typesupport_introspection_cpp.hpp
[1.733s] -- Up-to-date: /home/caleb/ros2_ws/install/spot_msgs/include/spot_msgs/msg/detail/foot_state__type_support.cpp
[1.733s] -- Up-to-date: /home/caleb/ros2_ws/install/spot_msgs/include/spot_msgs/msg/detail/metrics__type_support.cpp
[1.733s] -- Up-to-date: /home/caleb/ros2_ws/install/spot_msgs/include/spot_msgs/msg/detail/lease_owner__rosidl_typesupport_introspection_cpp.hpp
[1.734s] -- Up-to-date: /home/caleb/ros2_ws/install/spot_msgs/include/spot_msgs/msg/detail/lease__type_support.cpp
[1.734s] -- Up-to-date: /home/caleb/ros2_ws/install/spot_msgs/include/spot_msgs/msg/detail/battery_state__type_support.cpp
[1.734s] -- Up-to-date: /home/caleb/ros2_ws/install/spot_msgs/include/spot_msgs/msg/detail/battery_state__rosidl_typesupport_introspection_cpp.hpp
[1.734s] -- Up-to-date: /home/caleb/ros2_ws/install/spot_msgs/include/spot_msgs/msg/detail/lease__rosidl_typesupport_introspection_cpp.hpp
[1.734s] -- Up-to-date: /home/caleb/ros2_ws/install/spot_msgs/include/spot_msgs/msg/detail/e_stop_state__rosidl_typesupport_introspection_cpp.hpp
[1.734s] -- Up-to-date: /home/caleb/ros2_ws/install/spot_msgs/include/spot_msgs/msg/detail/lease_array__rosidl_typesupport_introspection_cpp.hpp
[1.734s] -- Up-to-date: /home/caleb/ros2_ws/install/spot_msgs/include/spot_msgs/msg/detail/lease_owner__type_support.cpp
[1.734s] -- Up-to-date: /home/caleb/ros2_ws/install/spot_msgs/include/spot_msgs/msg/detail/system_fault_state__rosidl_typesupport_introspection_cpp.hpp
[1.735s] -- Up-to-date: /home/caleb/ros2_ws/install/spot_msgs/include/spot_msgs/msg/detail/battery_state_array__type_support.cpp
[1.735s] -- Up-to-date: /home/caleb/ros2_ws/install/spot_msgs/include/spot_msgs/msg/detail/system_fault__type_support.cpp
[1.735s] -- Up-to-date: /home/caleb/ros2_ws/install/spot_msgs/include/spot_msgs/msg/detail/lease_array__type_support.cpp
[1.735s] -- Up-to-date: /home/caleb/ros2_ws/install/spot_msgs/include/spot_msgs/msg/detail/power_state__type_support.cpp
[1.735s] -- Up-to-date: /home/caleb/ros2_ws/install/spot_msgs/include/spot_msgs/msg/detail/foot_state_array__type_support.cpp
[1.736s] -- Up-to-date: /home/caleb/ros2_ws/install/spot_msgs/include/spot_msgs/msg/detail/e_stop_state_array__rosidl_typesupport_introspection_cpp.hpp
[1.736s] -- Up-to-date: /home/caleb/ros2_ws/install/spot_msgs/include/spot_msgs/msg/detail/lease_resource__type_support.cpp
[1.736s] -- Up-to-date: /home/caleb/ros2_ws/install/spot_msgs/include/spot_msgs/msg/detail/behavior_fault_state__rosidl_typesupport_introspection_cpp.hpp
[1.736s] -- Up-to-date: /home/caleb/ros2_ws/install/spot_msgs/include/spot_msgs/msg/detail/lease_resource__rosidl_typesupport_introspection_cpp.hpp
[1.736s] -- Up-to-date: /home/caleb/ros2_ws/install/spot_msgs/include/spot_msgs/msg/detail/e_stop_state__type_support.cpp
[1.737s] -- Up-to-date: /home/caleb/ros2_ws/install/spot_msgs/include/spot_msgs/msg/detail/mobility_params__type_support.cpp
[1.737s] -- Up-to-date: /home/caleb/ros2_ws/install/spot_msgs/include/spot_msgs/msg/detail/foot_state_array__rosidl_typesupport_introspection_cpp.hpp
[1.737s] -- Up-to-date: /home/caleb/ros2_ws/install/spot_msgs/include/spot_msgs/msg/detail/feedback__type_support.cpp
[1.737s] -- Up-to-date: /home/caleb/ros2_ws/install/spot_msgs/include/spot_msgs/action
[1.737s] -- Up-to-date: /home/caleb/ros2_ws/install/spot_msgs/include/spot_msgs/action/detail
[1.738s] -- Up-to-date: /home/caleb/ros2_ws/install/spot_msgs/include/spot_msgs/action/detail/trajectory__rosidl_typesupport_introspection_cpp.hpp
[1.738s] -- Up-to-date: /home/caleb/ros2_ws/install/spot_msgs/include/spot_msgs/action/detail/navigate_to__rosidl_typesupport_introspection_cpp.hpp
[1.738s] -- Up-to-date: /home/caleb/ros2_ws/install/spot_msgs/include/spot_msgs/action/detail/trajectory__type_support.cpp
[1.738s] -- Up-to-date: /home/caleb/ros2_ws/install/spot_msgs/include/spot_msgs/action/detail/navigate_to__type_support.cpp
[1.738s] -- Up-to-date: /home/caleb/ros2_ws/install/spot_msgs/lib/libspot_msgs__rosidl_typesupport_introspection_cpp.so
[1.738s] -- Up-to-date: /home/caleb/ros2_ws/install/spot_msgs/lib/libspot_msgs__rosidl_typesupport_cpp.so
[1.739s] -- Up-to-date: /home/caleb/ros2_ws/install/spot_msgs/share/spot_msgs/environment/pythonpath.sh
[1.739s] -- Up-to-date: /home/caleb/ros2_ws/install/spot_msgs/share/spot_msgs/environment/pythonpath.dsv
[1.739s] -- Up-to-date: /home/caleb/ros2_ws/install/spot_msgs/lib/python3.8/site-packages/spot_msgs/__init__.py
[1.739s] -- Up-to-date: /home/caleb/ros2_ws/install/spot_msgs/lib/python3.8/site-packages/spot_msgs/action
[1.740s] -- Up-to-date: /home/caleb/ros2_ws/install/spot_msgs/lib/python3.8/site-packages/spot_msgs/action/_navigate_to.py
[1.740s] -- Up-to-date: /home/caleb/ros2_ws/install/spot_msgs/lib/python3.8/site-packages/spot_msgs/action/__init__.py
[1.740s] -- Up-to-date: /home/caleb/ros2_ws/install/spot_msgs/lib/python3.8/site-packages/spot_msgs/action/_trajectory.py
[1.740s] -- Up-to-date: /home/caleb/ros2_ws/install/spot_msgs/lib/python3.8/site-packages/spot_msgs/action/_trajectory_s.c
[1.740s] -- Up-to-date: /home/caleb/ros2_ws/install/spot_msgs/lib/python3.8/site-packages/spot_msgs/action/_navigate_to_s.c
[1.741s] -- Up-to-date: /home/caleb/ros2_ws/install/spot_msgs/lib/python3.8/site-packages/spot_msgs/srv
[1.741s] -- Up-to-date: /home/caleb/ros2_ws/install/spot_msgs/lib/python3.8/site-packages/spot_msgs/srv/_gripper_angle_move_s.c
[1.741s] -- Up-to-date: /home/caleb/ros2_ws/install/spot_msgs/lib/python3.8/site-packages/spot_msgs/srv/_set_locomotion_s.c
[1.741s] -- Up-to-date: /home/caleb/ros2_ws/install/spot_msgs/lib/python3.8/site-packages/spot_msgs/srv/_list_graph_s.c
[1.741s] -- Up-to-date: /home/caleb/ros2_ws/install/spot_msgs/lib/python3.8/site-packages/spot_msgs/srv/_arm_joint_movement_s.c
[1.742s] -- Up-to-date: /home/caleb/ros2_ws/install/spot_msgs/lib/python3.8/site-packages/spot_msgs/srv/_arm_force_trajectory_s.c
[1.742s] -- Up-to-date: /home/caleb/ros2_ws/install/spot_msgs/lib/python3.8/site-packages/spot_msgs/srv/__init__.py
[1.742s] -- Up-to-date: /home/caleb/ros2_ws/install/spot_msgs/lib/python3.8/site-packages/spot_msgs/srv/_constrained_arm_joint_movement.py
[1.742s] -- Up-to-date: /home/caleb/ros2_ws/install/spot_msgs/lib/python3.8/site-packages/spot_msgs/srv/_clear_behavior_fault.py
[1.742s] -- Up-to-date: /home/caleb/ros2_ws/install/spot_msgs/lib/python3.8/site-packages/spot_msgs/srv/_set_locomotion.py
[1.743s] -- Up-to-date: /home/caleb/ros2_ws/install/spot_msgs/lib/python3.8/site-packages/spot_msgs/srv/_dock_s.c
[1.743s] -- Up-to-date: /home/caleb/ros2_ws/install/spot_msgs/lib/python3.8/site-packages/spot_msgs/srv/_set_velocity.py
[1.743s] -- Up-to-date: /home/caleb/ros2_ws/install/spot_msgs/lib/python3.8/site-packages/spot_msgs/srv/_gripper_angle_move.py
[1.743s] -- Up-to-date: /home/caleb/ros2_ws/install/spot_msgs/lib/python3.8/site-packages/spot_msgs/srv/_clear_behavior_fault_s.c
[1.743s] -- Up-to-date: /home/caleb/ros2_ws/install/spot_msgs/lib/python3.8/site-packages/spot_msgs/srv/_dock.py
[1.744s] -- Up-to-date: /home/caleb/ros2_ws/install/spot_msgs/lib/python3.8/site-packages/spot_msgs/srv/_arm_force_trajectory.py
[1.744s] -- Up-to-date: /home/caleb/ros2_ws/install/spot_msgs/lib/python3.8/site-packages/spot_msgs/srv/_arm_joint_movement.py
[1.744s] -- Up-to-date: /home/caleb/ros2_ws/install/spot_msgs/lib/python3.8/site-packages/spot_msgs/srv/_constrained_arm_joint_movement_s.c
[1.744s] -- Up-to-date: /home/caleb/ros2_ws/install/spot_msgs/lib/python3.8/site-packages/spot_msgs/srv/_set_velocity_s.c
[1.745s] -- Up-to-date: /home/caleb/ros2_ws/install/spot_msgs/lib/python3.8/site-packages/spot_msgs/srv/_hand_pose_s.c
[1.745s] -- Up-to-date: /home/caleb/ros2_ws/install/spot_msgs/lib/python3.8/site-packages/spot_msgs/srv/_hand_pose.py
[1.745s] -- Up-to-date: /home/caleb/ros2_ws/install/spot_msgs/lib/python3.8/site-packages/spot_msgs/srv/_list_graph.py
[1.745s] -- Up-to-date: /home/caleb/ros2_ws/install/spot_msgs/lib/python3.8/site-packages/spot_msgs/msg
[1.746s] -- Up-to-date: /home/caleb/ros2_ws/install/spot_msgs/lib/python3.8/site-packages/spot_msgs/msg/_lease_array.py
[1.746s] -- Up-to-date: /home/caleb/ros2_ws/install/spot_msgs/lib/python3.8/site-packages/spot_msgs/msg/_manipulator_state_s.c
[1.746s] -- Up-to-date: /home/caleb/ros2_ws/install/spot_msgs/lib/python3.8/site-packages/spot_msgs/msg/_feedback_s.c
[1.746s] -- Up-to-date: /home/caleb/ros2_ws/install/spot_msgs/lib/python3.8/site-packages/spot_msgs/msg/_lease_resource_s.c
[1.746s] -- Up-to-date: /home/caleb/ros2_ws/install/spot_msgs/lib/python3.8/site-packages/spot_msgs/msg/_lease_owner.py
[1.747s] -- Up-to-date: /home/caleb/ros2_ws/install/spot_msgs/lib/python3.8/site-packages/spot_msgs/msg/_battery_state_s.c
[1.747s] -- Up-to-date: /home/caleb/ros2_ws/install/spot_msgs/lib/python3.8/site-packages/spot_msgs/msg/_manipulator_state.py
[1.747s] -- Up-to-date: /home/caleb/ros2_ws/install/spot_msgs/lib/python3.8/site-packages/spot_msgs/msg/_foot_state_array_s.c
[1.747s] -- Up-to-date: /home/caleb/ros2_ws/install/spot_msgs/lib/python3.8/site-packages/spot_msgs/msg/_battery_state_array_s.c
[1.747s] -- Up-to-date: /home/caleb/ros2_ws/install/spot_msgs/lib/python3.8/site-packages/spot_msgs/msg/_power_state.py
[1.747s] -- Up-to-date: /home/caleb/ros2_ws/install/spot_msgs/lib/python3.8/site-packages/spot_msgs/msg/_dock_state_s.c
[1.747s] -- Up-to-date: /home/caleb/ros2_ws/install/spot_msgs/lib/python3.8/site-packages/spot_msgs/msg/_foot_state_array.py
[1.747s] -- Up-to-date: /home/caleb/ros2_ws/install/spot_msgs/lib/python3.8/site-packages/spot_msgs/msg/_system_fault_state_s.c
[1.747s] -- Up-to-date: /home/caleb/ros2_ws/install/spot_msgs/lib/python3.8/site-packages/spot_msgs/msg/_system_fault.py
[1.747s] -- Up-to-date: /home/caleb/ros2_ws/install/spot_msgs/lib/python3.8/site-packages/spot_msgs/msg/_lease_array_s.c
[1.747s] -- Up-to-date: /home/caleb/ros2_ws/install/spot_msgs/lib/python3.8/site-packages/spot_msgs/msg/_lease_resource.py
[1.747s] -- Up-to-date: /home/caleb/ros2_ws/install/spot_msgs/lib/python3.8/site-packages/spot_msgs/msg/__init__.py
[1.747s] -- Up-to-date: /home/caleb/ros2_ws/install/spot_msgs/lib/python3.8/site-packages/spot_msgs/msg/_wi_fi_state_s.c
[1.748s] -- Up-to-date: /home/caleb/ros2_ws/install/spot_msgs/lib/python3.8/site-packages/spot_msgs/msg/_mobility_params.py
[1.748s] -- Up-to-date: /home/caleb/ros2_ws/install/spot_msgs/lib/python3.8/site-packages/spot_msgs/msg/_power_state_s.c
[1.748s] -- Up-to-date: /home/caleb/ros2_ws/install/spot_msgs/lib/python3.8/site-packages/spot_msgs/msg/_battery_state.py
[1.748s] -- Up-to-date: /home/caleb/ros2_ws/install/spot_msgs/lib/python3.8/site-packages/spot_msgs/msg/_system_fault_state.py
[1.748s] -- Up-to-date: /home/caleb/ros2_ws/install/spot_msgs/lib/python3.8/site-packages/spot_msgs/msg/_foot_state.py
[1.749s] -- Up-to-date: /home/caleb/ros2_ws/install/spot_msgs/lib/python3.8/site-packages/spot_msgs/msg/_metrics.py
[1.749s] -- Up-to-date: /home/caleb/ros2_ws/install/spot_msgs/lib/python3.8/site-packages/spot_msgs/msg/_dock_state.py
[1.749s] -- Up-to-date: /home/caleb/ros2_ws/install/spot_msgs/lib/python3.8/site-packages/spot_msgs/msg/_mobility_params_s.c
[1.749s] -- Up-to-date: /home/caleb/ros2_ws/install/spot_msgs/lib/python3.8/site-packages/spot_msgs/msg/_e_stop_state_array.py
[1.750s] -- Up-to-date: /home/caleb/ros2_ws/install/spot_msgs/lib/python3.8/site-packages/spot_msgs/msg/_wi_fi_state.py
[1.750s] -- Up-to-date: /home/caleb/ros2_ws/install/spot_msgs/lib/python3.8/site-packages/spot_msgs/msg/_foot_state_s.c
[1.750s] -- Up-to-date: /home/caleb/ros2_ws/install/spot_msgs/lib/python3.8/site-packages/spot_msgs/msg/_behavior_fault_s.c
[1.750s] -- Up-to-date: /home/caleb/ros2_ws/install/spot_msgs/lib/python3.8/site-packages/spot_msgs/msg/_e_stop_state_s.c
[1.751s] -- Up-to-date: /home/caleb/ros2_ws/install/spot_msgs/lib/python3.8/site-packages/spot_msgs/msg/_lease_owner_s.c
[1.751s] -- Up-to-date: /home/caleb/ros2_ws/install/spot_msgs/lib/python3.8/site-packages/spot_msgs/msg/_lease_s.c
[1.751s] -- Up-to-date: /home/caleb/ros2_ws/install/spot_msgs/lib/python3.8/site-packages/spot_msgs/msg/_behavior_fault_state_s.c
[1.751s] -- Up-to-date: /home/caleb/ros2_ws/install/spot_msgs/lib/python3.8/site-packages/spot_msgs/msg/_e_stop_state.py
[1.751s] -- Up-to-date: /home/caleb/ros2_ws/install/spot_msgs/lib/python3.8/site-packages/spot_msgs/msg/_system_fault_s.c
[1.751s] -- Up-to-date: /home/caleb/ros2_ws/install/spot_msgs/lib/python3.8/site-packages/spot_msgs/msg/_behavior_fault.py
[1.752s] -- Up-to-date: /home/caleb/ros2_ws/install/spot_msgs/lib/python3.8/site-packages/spot_msgs/msg/_battery_state_array.py
[1.752s] -- Up-to-date: /home/caleb/ros2_ws/install/spot_msgs/lib/python3.8/site-packages/spot_msgs/msg/_lease.py
[1.752s] -- Up-to-date: /home/caleb/ros2_ws/install/spot_msgs/lib/python3.8/site-packages/spot_msgs/msg/_feedback.py
[1.752s] -- Up-to-date: /home/caleb/ros2_ws/install/spot_msgs/lib/python3.8/site-packages/spot_msgs/msg/_behavior_fault_state.py
[1.753s] -- Up-to-date: /home/caleb/ros2_ws/install/spot_msgs/lib/python3.8/site-packages/spot_msgs/msg/_e_stop_state_array_s.c
[1.753s] -- Up-to-date: /home/caleb/ros2_ws/install/spot_msgs/lib/python3.8/site-packages/spot_msgs/msg/_metrics_s.c
[1.753s] -- Up-to-date: /home/caleb/ros2_ws/install/spot_msgs/lib/python3.8/site-packages/spot_msgs/spot_msgs_s__rosidl_typesupport_fastrtps_c.cpython-38-x86_64-linux-gnu.so
[1.753s] -- Up-to-date: /home/caleb/ros2_ws/install/spot_msgs/lib/python3.8/site-packages/spot_msgs/spot_msgs_s__rosidl_typesupport_introspection_c.cpython-38-x86_64-linux-gnu.so
[1.754s] -- Up-to-date: /home/caleb/ros2_ws/install/spot_msgs/lib/python3.8/site-packages/spot_msgs/spot_msgs_s__rosidl_typesupport_c.cpython-38-x86_64-linux-gnu.so
[1.754s] -- Up-to-date: /home/caleb/ros2_ws/install/spot_msgs/lib/libspot_msgs__python.so
[1.754s] -- Up-to-date: /home/caleb/ros2_ws/install/spot_msgs/share/spot_msgs/action/NavigateTo.idl
[1.754s] -- Up-to-date: /home/caleb/ros2_ws/install/spot_msgs/share/spot_msgs/action/Trajectory.idl
[1.754s] -- Up-to-date: /home/caleb/ros2_ws/install/spot_msgs/share/spot_msgs/srv/ClearBehaviorFault.idl
[1.755s] -- Up-to-date: /home/caleb/ros2_ws/install/spot_msgs/share/spot_msgs/srv/ListGraph.idl
[1.755s] -- Up-to-date: /home/caleb/ros2_ws/install/spot_msgs/share/spot_msgs/srv/Dock.idl
[1.755s] -- Up-to-date: /home/caleb/ros2_ws/install/spot_msgs/share/spot_msgs/srv/SetLocomotion.idl
[1.755s] -- Up-to-date: /home/caleb/ros2_ws/install/spot_msgs/share/spot_msgs/srv/SetVelocity.idl
[1.756s] -- Up-to-date: /home/caleb/ros2_ws/install/spot_msgs/share/spot_msgs/srv/ArmForceTrajectory.idl
[1.756s] -- Up-to-date: /home/caleb/ros2_ws/install/spot_msgs/share/spot_msgs/srv/ArmJointMovement.idl
[1.756s] -- Up-to-date: /home/caleb/ros2_ws/install/spot_msgs/share/spot_msgs/srv/ConstrainedArmJointMovement.idl
[1.756s] -- Up-to-date: /home/caleb/ros2_ws/install/spot_msgs/share/spot_msgs/srv/GripperAngleMove.idl
[1.757s] -- Up-to-date: /home/caleb/ros2_ws/install/spot_msgs/share/spot_msgs/srv/HandPose.idl
[1.757s] -- Up-to-date: /home/caleb/ros2_ws/install/spot_msgs/share/spot_msgs/msg/BatteryStateArray.idl
[1.757s] -- Up-to-date: /home/caleb/ros2_ws/install/spot_msgs/share/spot_msgs/msg/BehaviorFault.idl
[1.757s] -- Up-to-date: /home/caleb/ros2_ws/install/spot_msgs/share/spot_msgs/msg/DockState.idl
[1.757s] -- Up-to-date: /home/caleb/ros2_ws/install/spot_msgs/share/spot_msgs/msg/EStopStateArray.idl
[1.758s] -- Up-to-date: /home/caleb/ros2_ws/install/spot_msgs/share/spot_msgs/msg/FootStateArray.idl
[1.758s] -- Up-to-date: /home/caleb/ros2_ws/install/spot_msgs/share/spot_msgs/msg/LeaseArray.idl
[1.758s] -- Up-to-date: /home/caleb/ros2_ws/install/spot_msgs/share/spot_msgs/msg/LeaseOwner.idl
[1.758s] -- Up-to-date: /home/caleb/ros2_ws/install/spot_msgs/share/spot_msgs/msg/MobilityParams.idl
[1.758s] -- Up-to-date: /home/caleb/ros2_ws/install/spot_msgs/share/spot_msgs/msg/Metrics.idl
[1.758s] -- Up-to-date: /home/caleb/ros2_ws/install/spot_msgs/share/spot_msgs/msg/SystemFault.idl
[1.758s] -- Up-to-date: /home/caleb/ros2_ws/install/spot_msgs/share/spot_msgs/msg/WiFiState.idl
[1.758s] -- Up-to-date: /home/caleb/ros2_ws/install/spot_msgs/share/spot_msgs/msg/BatteryState.idl
[1.758s] -- Up-to-date: /home/caleb/ros2_ws/install/spot_msgs/share/spot_msgs/msg/BehaviorFaultState.idl
[1.759s] -- Up-to-date: /home/caleb/ros2_ws/install/spot_msgs/share/spot_msgs/msg/ManipulatorState.idl
[1.759s] -- Up-to-date: /home/caleb/ros2_ws/install/spot_msgs/share/spot_msgs/msg/EStopState.idl
[1.759s] -- Up-to-date: /home/caleb/ros2_ws/install/spot_msgs/share/spot_msgs/msg/Feedback.idl
[1.759s] -- Up-to-date: /home/caleb/ros2_ws/install/spot_msgs/share/spot_msgs/msg/FootState.idl
[1.759s] -- Up-to-date: /home/caleb/ros2_ws/install/spot_msgs/share/spot_msgs/msg/Lease.idl
[1.760s] -- Up-to-date: /home/caleb/ros2_ws/install/spot_msgs/share/spot_msgs/msg/LeaseResource.idl
[1.760s] -- Up-to-date: /home/caleb/ros2_ws/install/spot_msgs/share/spot_msgs/msg/PowerState.idl
[1.760s] -- Up-to-date: /home/caleb/ros2_ws/install/spot_msgs/share/spot_msgs/msg/SystemFaultState.idl
[1.761s] -- Up-to-date: /home/caleb/ros2_ws/install/spot_msgs/share/spot_msgs/action/NavigateTo.action
[1.761s] -- Up-to-date: /home/caleb/ros2_ws/install/spot_msgs/share/spot_msgs/action/Trajectory.action
[1.761s] -- Up-to-date: /home/caleb/ros2_ws/install/spot_msgs/share/spot_msgs/srv/ClearBehaviorFault.srv
[1.761s] -- Up-to-date: /home/caleb/ros2_ws/install/spot_msgs/share/spot_msgs/srv/ClearBehaviorFault_Request.msg
[1.762s] -- Up-to-date: /home/caleb/ros2_ws/install/spot_msgs/share/spot_msgs/srv/ClearBehaviorFault_Response.msg
[1.762s] -- Up-to-date: /home/caleb/ros2_ws/install/spot_msgs/share/spot_msgs/srv/ListGraph.srv
[1.762s] -- Up-to-date: /home/caleb/ros2_ws/install/spot_msgs/share/spot_msgs/srv/ListGraph_Request.msg
[1.762s] -- Up-to-date: /home/caleb/ros2_ws/install/spot_msgs/share/spot_msgs/srv/ListGraph_Response.msg
[1.763s] -- Up-to-date: /home/caleb/ros2_ws/install/spot_msgs/share/spot_msgs/srv/Dock.srv
[1.763s] -- Up-to-date: /home/caleb/ros2_ws/install/spot_msgs/share/spot_msgs/srv/Dock_Request.msg
[1.763s] -- Up-to-date: /home/caleb/ros2_ws/install/spot_msgs/share/spot_msgs/srv/Dock_Response.msg
[1.763s] -- Up-to-date: /home/caleb/ros2_ws/install/spot_msgs/share/spot_msgs/srv/SetLocomotion.srv
[1.764s] -- Up-to-date: /home/caleb/ros2_ws/install/spot_msgs/share/spot_msgs/srv/SetLocomotion_Request.msg
[1.764s] -- Up-to-date: /home/caleb/ros2_ws/install/spot_msgs/share/spot_msgs/srv/SetLocomotion_Response.msg
[1.764s] -- Up-to-date: /home/caleb/ros2_ws/install/spot_msgs/share/spot_msgs/srv/SetVelocity.srv
[1.764s] -- Up-to-date: /home/caleb/ros2_ws/install/spot_msgs/share/spot_msgs/srv/SetVelocity_Request.msg
[1.765s] -- Up-to-date: /home/caleb/ros2_ws/install/spot_msgs/share/spot_msgs/srv/SetVelocity_Response.msg
[1.765s] -- Up-to-date: /home/caleb/ros2_ws/install/spot_msgs/share/spot_msgs/srv/ArmForceTrajectory.srv
[1.765s] -- Up-to-date: /home/caleb/ros2_ws/install/spot_msgs/share/spot_msgs/srv/ArmForceTrajectory_Request.msg
[1.765s] -- Up-to-date: /home/caleb/ros2_ws/install/spot_msgs/share/spot_msgs/srv/ArmForceTrajectory_Response.msg
[1.765s] -- Up-to-date: /home/caleb/ros2_ws/install/spot_msgs/share/spot_msgs/srv/ArmJointMovement.srv
[1.766s] -- Up-to-date: /home/caleb/ros2_ws/install/spot_msgs/share/spot_msgs/srv/ArmJointMovement_Request.msg
[1.766s] -- Up-to-date: /home/caleb/ros2_ws/install/spot_msgs/share/spot_msgs/srv/ArmJointMovement_Response.msg
[1.766s] -- Up-to-date: /home/caleb/ros2_ws/install/spot_msgs/share/spot_msgs/srv/ConstrainedArmJointMovement.srv
[1.766s] -- Up-to-date: /home/caleb/ros2_ws/install/spot_msgs/share/spot_msgs/srv/ConstrainedArmJointMovement_Request.msg
[1.766s] -- Up-to-date: /home/caleb/ros2_ws/install/spot_msgs/share/spot_msgs/srv/ConstrainedArmJointMovement_Response.msg
[1.767s] -- Up-to-date: /home/caleb/ros2_ws/install/spot_msgs/share/spot_msgs/srv/GripperAngleMove.srv
[1.767s] -- Up-to-date: /home/caleb/ros2_ws/install/spot_msgs/share/spot_msgs/srv/GripperAngleMove_Request.msg
[1.767s] -- Up-to-date: /home/caleb/ros2_ws/install/spot_msgs/share/spot_msgs/srv/GripperAngleMove_Response.msg
[1.767s] -- Up-to-date: /home/caleb/ros2_ws/install/spot_msgs/share/spot_msgs/srv/HandPose.srv
[1.768s] -- Up-to-date: /home/caleb/ros2_ws/install/spot_msgs/share/spot_msgs/srv/HandPose_Request.msg
[1.768s] -- Up-to-date: /home/caleb/ros2_ws/install/spot_msgs/share/spot_msgs/srv/HandPose_Response.msg
[1.768s] -- Up-to-date: /home/caleb/ros2_ws/install/spot_msgs/share/spot_msgs/msg/BatteryStateArray.msg
[1.768s] -- Up-to-date: /home/caleb/ros2_ws/install/spot_msgs/share/spot_msgs/msg/BehaviorFault.msg
[1.769s] -- Up-to-date: /home/caleb/ros2_ws/install/spot_msgs/share/spot_msgs/msg/DockState.msg
[1.769s] -- Up-to-date: /home/caleb/ros2_ws/install/spot_msgs/share/spot_msgs/msg/EStopStateArray.msg
[1.769s] -- Up-to-date: /home/caleb/ros2_ws/install/spot_msgs/share/spot_msgs/msg/FootStateArray.msg
[1.769s] -- Up-to-date: /home/caleb/ros2_ws/install/spot_msgs/share/spot_msgs/msg/LeaseArray.msg
[1.770s] -- Up-to-date: /home/caleb/ros2_ws/install/spot_msgs/share/spot_msgs/msg/LeaseOwner.msg
[1.770s] -- Up-to-date: /home/caleb/ros2_ws/install/spot_msgs/share/spot_msgs/msg/MobilityParams.msg
[1.770s] -- Up-to-date: /home/caleb/ros2_ws/install/spot_msgs/share/spot_msgs/msg/Metrics.msg
[1.770s] -- Up-to-date: /home/caleb/ros2_ws/install/spot_msgs/share/spot_msgs/msg/SystemFault.msg
[1.770s] -- Up-to-date: /home/caleb/ros2_ws/install/spot_msgs/share/spot_msgs/msg/WiFiState.msg
[1.771s] -- Up-to-date: /home/caleb/ros2_ws/install/spot_msgs/share/spot_msgs/msg/BatteryState.msg
[1.771s] -- Up-to-date: /home/caleb/ros2_ws/install/spot_msgs/share/spot_msgs/msg/BehaviorFaultState.msg
[1.771s] -- Up-to-date: /home/caleb/ros2_ws/install/spot_msgs/share/spot_msgs/msg/ManipulatorState.msg
[1.772s] -- Up-to-date: /home/caleb/ros2_ws/install/spot_msgs/share/spot_msgs/msg/EStopState.msg
[1.772s] -- Up-to-date: /home/caleb/ros2_ws/install/spot_msgs/share/spot_msgs/msg/Feedback.msg
[1.772s] -- Up-to-date: /home/caleb/ros2_ws/install/spot_msgs/share/spot_msgs/msg/FootState.msg
[1.772s] -- Up-to-date: /home/caleb/ros2_ws/install/spot_msgs/share/spot_msgs/msg/Lease.msg
[1.773s] -- Up-to-date: /home/caleb/ros2_ws/install/spot_msgs/share/spot_msgs/msg/LeaseResource.msg
[1.773s] -- Up-to-date: /home/caleb/ros2_ws/install/spot_msgs/share/spot_msgs/msg/PowerState.msg
[1.773s] -- Up-to-date: /home/caleb/ros2_ws/install/spot_msgs/share/spot_msgs/msg/SystemFaultState.msg
[1.773s] -- Up-to-date: /home/caleb/ros2_ws/install/spot_msgs/share/ament_index/resource_index/package_run_dependencies/spot_msgs
[1.773s] -- Up-to-date: /home/caleb/ros2_ws/install/spot_msgs/share/ament_index/resource_index/parent_prefix_path/spot_msgs
[1.774s] -- Up-to-date: /home/caleb/ros2_ws/install/spot_msgs/share/spot_msgs/environment/ament_prefix_path.sh
[1.774s] -- Up-to-date: /home/caleb/ros2_ws/install/spot_msgs/share/spot_msgs/environment/ament_prefix_path.dsv
[1.774s] -- Up-to-date: /home/caleb/ros2_ws/install/spot_msgs/share/spot_msgs/environment/path.sh
[1.775s] -- Up-to-date: /home/caleb/ros2_ws/install/spot_msgs/share/spot_msgs/environment/path.dsv
[1.775s] -- Up-to-date: /home/caleb/ros2_ws/install/spot_msgs/share/spot_msgs/local_setup.bash
[1.775s] -- Up-to-date: /home/caleb/ros2_ws/install/spot_msgs/share/spot_msgs/local_setup.sh
[1.775s] -- Up-to-date: /home/caleb/ros2_ws/install/spot_msgs/share/spot_msgs/local_setup.zsh
[1.775s] -- Up-to-date: /home/caleb/ros2_ws/install/spot_msgs/share/spot_msgs/local_setup.dsv
[1.776s] -- Installing: /home/caleb/ros2_ws/install/spot_msgs/share/spot_msgs/package.dsv
[1.776s] -- Up-to-date: /home/caleb/ros2_ws/install/spot_msgs/share/ament_index/resource_index/packages/spot_msgs
[1.777s] -- Up-to-date: /home/caleb/ros2_ws/install/spot_msgs/share/spot_msgs/cmake/spot_msgs__rosidl_generator_cExport.cmake
[1.777s] -- Up-to-date: /home/caleb/ros2_ws/install/spot_msgs/share/spot_msgs/cmake/spot_msgs__rosidl_generator_cExport-noconfig.cmake
[1.777s] -- Up-to-date: /home/caleb/ros2_ws/install/spot_msgs/share/spot_msgs/cmake/spot_msgs__rosidl_typesupport_introspection_cExport.cmake
[1.777s] -- Up-to-date: /home/caleb/ros2_ws/install/spot_msgs/share/spot_msgs/cmake/spot_msgs__rosidl_typesupport_introspection_cExport-noconfig.cmake
[1.777s] -- Up-to-date: /home/caleb/ros2_ws/install/spot_msgs/share/spot_msgs/cmake/spot_msgs__rosidl_typesupport_cExport.cmake
[1.777s] -- Up-to-date: /home/caleb/ros2_ws/install/spot_msgs/share/spot_msgs/cmake/spot_msgs__rosidl_typesupport_cExport-noconfig.cmake
[1.777s] -- Up-to-date: /home/caleb/ros2_ws/install/spot_msgs/share/spot_msgs/cmake/spot_msgs__rosidl_generator_cppExport.cmake
[1.778s] -- Up-to-date: /home/caleb/ros2_ws/install/spot_msgs/share/spot_msgs/cmake/spot_msgs__rosidl_typesupport_introspection_cppExport.cmake
[1.778s] -- Up-to-date: /home/caleb/ros2_ws/install/spot_msgs/share/spot_msgs/cmake/spot_msgs__rosidl_typesupport_introspection_cppExport-noconfig.cmake
[1.778s] -- Up-to-date: /home/caleb/ros2_ws/install/spot_msgs/share/spot_msgs/cmake/spot_msgs__rosidl_typesupport_cppExport.cmake
[1.778s] -- Up-to-date: /home/caleb/ros2_ws/install/spot_msgs/share/spot_msgs/cmake/spot_msgs__rosidl_typesupport_cppExport-noconfig.cmake
[1.778s] -- Up-to-date: /home/caleb/ros2_ws/install/spot_msgs/share/spot_msgs/cmake/rosidl_cmake-extras.cmake
[1.778s] -- Up-to-date: /home/caleb/ros2_ws/install/spot_msgs/share/spot_msgs/cmake/ament_cmake_export_dependencies-extras.cmake
[1.778s] -- Up-to-date: /home/caleb/ros2_ws/install/spot_msgs/share/spot_msgs/cmake/ament_cmake_export_libraries-extras.cmake
[1.778s] -- Up-to-date: /home/caleb/ros2_ws/install/spot_msgs/share/spot_msgs/cmake/ament_cmake_export_targets-extras.cmake
[1.778s] -- Up-to-date: /home/caleb/ros2_ws/install/spot_msgs/share/spot_msgs/cmake/ament_cmake_export_include_directories-extras.cmake
[1.779s] -- Up-to-date: /home/caleb/ros2_ws/install/spot_msgs/share/spot_msgs/cmake/rosidl_cmake_export_typesupport_libraries-extras.cmake
[1.779s] -- Up-to-date: /home/caleb/ros2_ws/install/spot_msgs/share/spot_msgs/cmake/rosidl_cmake_export_typesupport_targets-extras.cmake
[1.779s] -- Up-to-date: /home/caleb/ros2_ws/install/spot_msgs/share/spot_msgs/cmake/spot_msgsConfig.cmake
[1.779s] -- Up-to-date: /home/caleb/ros2_ws/install/spot_msgs/share/spot_msgs/cmake/spot_msgsConfig-version.cmake
[1.779s] -- Up-to-date: /home/caleb/ros2_ws/install/spot_msgs/share/spot_msgs/package.xml
[2.257s] Invoked command in '/home/caleb/ros2_ws/build/spot_msgs' returned '0': CMAKE_PREFIX_PATH=${CMAKE_PREFIX_PATH}:/home/caleb/ros2_ws/install/spot_driver:/home/caleb/ros2_ws/install/spot_manipulation_driver:/opt/ros/galactic /usr/local/bin/cmake --install /home/caleb/ros2_ws/build/spot_msgs
