[0.721s] Invoking command in '/home/caleb/ros2_ws/build/spot_msgs': CMAKE_PREFIX_PATH=${CMAKE_PREFIX_PATH}:/home/caleb/ros2_ws/install/spot_driver:/home/caleb/ros2_ws/install/spot_manipulation_driver:/opt/ros/galactic /usr/local/bin/cmake --build /home/caleb/ros2_ws/build/spot_msgs -- -j20 -l20
[0.742s] [  0%] Built target spot_msgs__cpp
[0.746s] [ 12%] Built target spot_msgs__rosidl_generator_c
[0.754s] [ 24%] Built target spot_msgs__rosidl_typesupport_cpp
[0.756s] [ 45%] Built target spot_msgs__rosidl_typesupport_introspection_cpp
[0.756s] [ 49%] Built target spot_msgs__rosidl_typesupport_c
[0.756s] [ 62%] Built target spot_msgs__rosidl_typesupport_introspection_c
[0.758s] [ 74%] Built target spot_msgs__rosidl_typesupport_fastrtps_cpp
[0.773s] [ 87%] Built target spot_msgs__rosidl_typesupport_fastrtps_c
[0.778s] [ 87%] Built target spot_msgs
[0.783s] [ 87%] Built target spot_msgs__py
[0.795s] [ 99%] Built target spot_msgs__python
[0.801s] [ 99%] Built target spot_msgs__rosidl_typesupport_introspection_c__pyext
[0.801s] [ 99%] Built target spot_msgs__rosidl_typesupport_fastrtps_c__pyext
[0.801s] [100%] Built target spot_msgs__rosidl_typesupport_c__pyext
[0.989s] Invoked command in '/home/caleb/ros2_ws/build/spot_msgs' returned '0': CMAKE_PREFIX_PATH=${CMAKE_PREFIX_PATH}:/home/caleb/ros2_ws/install/spot_driver:/home/caleb/ros2_ws/install/spot_manipulation_driver:/opt/ros/galactic /usr/local/bin/cmake --build /home/caleb/ros2_ws/build/spot_msgs -- -j20 -l20
[1.498s] Invoking command in '/home/caleb/ros2_ws/build/spot_msgs': CMAKE_PREFIX_PATH=${CMAKE_PREFIX_PATH}:/home/caleb/ros2_ws/install/spot_driver:/home/caleb/ros2_ws/install/spot_manipulation_driver:/opt/ros/galactic /usr/local/bin/cmake --install /home/caleb/ros2_ws/build/spot_msgs
[1.500s] -- Install configuration: ""
[1.500s] -- Up-to-date: /home/caleb/ros2_ws/install/spot_msgs/share/ament_index/resource_index/rosidl_interfaces/spot_msgs
[1.500s] -- Up-to-date: /home/caleb/ros2_ws/install/spot_msgs/include/spot_msgs
[1.501s] -- Up-to-date: /home/caleb/ros2_ws/install/spot_msgs/include/spot_msgs/srv
[1.501s] -- Up-to-date: /home/caleb/ros2_ws/install/spot_msgs/include/spot_msgs/srv/set_velocity.h
[1.501s] -- Up-to-date: /home/caleb/ros2_ws/install/spot_msgs/include/spot_msgs/srv/constrained_arm_joint_movement.h
[1.501s] -- Up-to-date: /home/caleb/ros2_ws/install/spot_msgs/include/spot_msgs/srv/hand_pose.h
[1.501s] -- Up-to-date: /home/caleb/ros2_ws/install/spot_msgs/include/spot_msgs/srv/arm_joint_movement.h
[1.501s] -- Up-to-date: /home/caleb/ros2_ws/install/spot_msgs/include/spot_msgs/srv/gripper_angle_move.h
[1.502s] -- Up-to-date: /home/caleb/ros2_ws/install/spot_msgs/include/spot_msgs/srv/list_graph.h
[1.502s] -- Up-to-date: /home/caleb/ros2_ws/install/spot_msgs/include/spot_msgs/srv/detail
[1.502s] -- Up-to-date: /home/caleb/ros2_ws/install/spot_msgs/include/spot_msgs/srv/detail/set_locomotion__type_support.h
[1.502s] -- Up-to-date: /home/caleb/ros2_ws/install/spot_msgs/include/spot_msgs/srv/detail/clear_behavior_fault__functions.c
[1.502s] -- Up-to-date: /home/caleb/ros2_ws/install/spot_msgs/include/spot_msgs/srv/detail/arm_joint_movement__type_support.h
[1.503s] -- Up-to-date: /home/caleb/ros2_ws/install/spot_msgs/include/spot_msgs/srv/detail/set_locomotion__functions.c
[1.503s] -- Up-to-date: /home/caleb/ros2_ws/install/spot_msgs/include/spot_msgs/srv/detail/constrained_arm_joint_movement__functions.h
[1.503s] -- Up-to-date: /home/caleb/ros2_ws/install/spot_msgs/include/spot_msgs/srv/detail/dock__functions.h
[1.504s] -- Up-to-date: /home/caleb/ros2_ws/install/spot_msgs/include/spot_msgs/srv/detail/set_velocity__functions.c
[1.505s] -- Up-to-date: /home/caleb/ros2_ws/install/spot_msgs/include/spot_msgs/srv/detail/clear_behavior_fault__struct.h
[1.505s] -- Up-to-date: /home/caleb/ros2_ws/install/spot_msgs/include/spot_msgs/srv/detail/arm_force_trajectory__functions.c
[1.505s] -- Up-to-date: /home/caleb/ros2_ws/install/spot_msgs/include/spot_msgs/srv/detail/gripper_angle_move__functions.c
[1.505s] -- Up-to-date: /home/caleb/ros2_ws/install/spot_msgs/include/spot_msgs/srv/detail/hand_pose__struct.h
[1.506s] -- Up-to-date: /home/caleb/ros2_ws/install/spot_msgs/include/spot_msgs/srv/detail/gripper_angle_move__functions.h
[1.507s] -- Up-to-date: /home/caleb/ros2_ws/install/spot_msgs/include/spot_msgs/srv/detail/arm_force_trajectory__functions.h
[1.507s] -- Up-to-date: /home/caleb/ros2_ws/install/spot_msgs/include/spot_msgs/srv/detail/arm_force_trajectory__struct.h
[1.507s] -- Up-to-date: /home/caleb/ros2_ws/install/spot_msgs/include/spot_msgs/srv/detail/arm_joint_movement__functions.c
[1.508s] -- Up-to-date: /home/caleb/ros2_ws/install/spot_msgs/include/spot_msgs/srv/detail/hand_pose__type_support.h
[1.508s] -- Up-to-date: /home/caleb/ros2_ws/install/spot_msgs/include/spot_msgs/srv/detail/list_graph__functions.c
[1.508s] -- Up-to-date: /home/caleb/ros2_ws/install/spot_msgs/include/spot_msgs/srv/detail/arm_joint_movement__functions.h
[1.509s] -- Up-to-date: /home/caleb/ros2_ws/install/spot_msgs/include/spot_msgs/srv/detail/clear_behavior_fault__type_support.h
[1.509s] -- Up-to-date: /home/caleb/ros2_ws/install/spot_msgs/include/spot_msgs/srv/detail/list_graph__functions.h
[1.509s] -- Up-to-date: /home/caleb/ros2_ws/install/spot_msgs/include/spot_msgs/srv/detail/gripper_angle_move__struct.h
[1.510s] -- Up-to-date: /home/caleb/ros2_ws/install/spot_msgs/include/spot_msgs/srv/detail/list_graph__type_support.h
[1.510s] -- Up-to-date: /home/caleb/ros2_ws/install/spot_msgs/include/spot_msgs/srv/detail/dock__struct.h
[1.511s] -- Up-to-date: /home/caleb/ros2_ws/install/spot_msgs/include/spot_msgs/srv/detail/gripper_angle_move__type_support.h
[1.512s] -- Up-to-date: /home/caleb/ros2_ws/install/spot_msgs/include/spot_msgs/srv/detail/constrained_arm_joint_movement__struct.h
[1.512s] -- Up-to-date: /home/caleb/ros2_ws/install/spot_msgs/include/spot_msgs/srv/detail/clear_behavior_fault__functions.h
[1.512s] -- Up-to-date: /home/caleb/ros2_ws/install/spot_msgs/include/spot_msgs/srv/detail/hand_pose__functions.c
[1.513s] -- Up-to-date: /home/caleb/ros2_ws/install/spot_msgs/include/spot_msgs/srv/detail/set_velocity__functions.h
[1.513s] -- Up-to-date: /home/caleb/ros2_ws/install/spot_msgs/include/spot_msgs/srv/detail/set_velocity__struct.h
[1.514s] -- Up-to-date: /home/caleb/ros2_ws/install/spot_msgs/include/spot_msgs/srv/detail/dock__functions.c
[1.514s] -- Up-to-date: /home/caleb/ros2_ws/install/spot_msgs/include/spot_msgs/srv/detail/set_locomotion__functions.h
[1.515s] -- Up-to-date: /home/caleb/ros2_ws/install/spot_msgs/include/spot_msgs/srv/detail/dock__type_support.h
[1.515s] -- Up-to-date: /home/caleb/ros2_ws/install/spot_msgs/include/spot_msgs/srv/detail/hand_pose__functions.h
[1.515s] -- Up-to-date: /home/caleb/ros2_ws/install/spot_msgs/include/spot_msgs/srv/detail/arm_joint_movement__struct.h
[1.516s] -- Up-to-date: /home/caleb/ros2_ws/install/spot_msgs/include/spot_msgs/srv/detail/set_locomotion__struct.h
[1.516s] -- Up-to-date: /home/caleb/ros2_ws/install/spot_msgs/include/spot_msgs/srv/detail/set_velocity__type_support.h
[1.516s] -- Up-to-date: /home/caleb/ros2_ws/install/spot_msgs/include/spot_msgs/srv/detail/constrained_arm_joint_movement__functions.c
[1.516s] -- Up-to-date: /home/caleb/ros2_ws/install/spot_msgs/include/spot_msgs/srv/detail/list_graph__struct.h
[1.516s] -- Up-to-date: /home/caleb/ros2_ws/install/spot_msgs/include/spot_msgs/srv/detail/arm_force_trajectory__type_support.h
[1.517s] -- Up-to-date: /home/caleb/ros2_ws/install/spot_msgs/include/spot_msgs/srv/detail/constrained_arm_joint_movement__type_support.h
[1.517s] -- Up-to-date: /home/caleb/ros2_ws/install/spot_msgs/include/spot_msgs/srv/set_locomotion.h
[1.517s] -- Up-to-date: /home/caleb/ros2_ws/install/spot_msgs/include/spot_msgs/srv/dock.h
[1.518s] -- Up-to-date: /home/caleb/ros2_ws/install/spot_msgs/include/spot_msgs/srv/clear_behavior_fault.h
[1.518s] -- Up-to-date: /home/caleb/ros2_ws/install/spot_msgs/include/spot_msgs/srv/arm_force_trajectory.h
[1.518s] -- Up-to-date: /home/caleb/ros2_ws/install/spot_msgs/include/spot_msgs/msg
[1.519s] -- Up-to-date: /home/caleb/ros2_ws/install/spot_msgs/include/spot_msgs/msg/rosidl_generator_c__visibility_control.h
[1.519s] -- Up-to-date: /home/caleb/ros2_ws/install/spot_msgs/include/spot_msgs/msg/manipulator_state.h
[1.519s] -- Up-to-date: /home/caleb/ros2_ws/install/spot_msgs/include/spot_msgs/msg/foot_state_array.h
[1.520s] -- Up-to-date: /home/caleb/ros2_ws/install/spot_msgs/include/spot_msgs/msg/system_fault_state.h
[1.520s] -- Up-to-date: /home/caleb/ros2_ws/install/spot_msgs/include/spot_msgs/msg/lease_resource.h
[1.521s] -- Up-to-date: /home/caleb/ros2_ws/install/spot_msgs/include/spot_msgs/msg/lease.h
[1.521s] -- Up-to-date: /home/caleb/ros2_ws/install/spot_msgs/include/spot_msgs/msg/foot_state.h
[1.522s] -- Up-to-date: /home/caleb/ros2_ws/install/spot_msgs/include/spot_msgs/msg/wi_fi_state.h
[1.522s] -- Up-to-date: /home/caleb/ros2_ws/install/spot_msgs/include/spot_msgs/msg/power_state.h
[1.522s] -- Up-to-date: /home/caleb/ros2_ws/install/spot_msgs/include/spot_msgs/msg/feedback.h
[1.523s] -- Up-to-date: /home/caleb/ros2_ws/install/spot_msgs/include/spot_msgs/msg/metrics.h
[1.523s] -- Up-to-date: /home/caleb/ros2_ws/install/spot_msgs/include/spot_msgs/msg/battery_state_array.h
[1.523s] -- Up-to-date: /home/caleb/ros2_ws/install/spot_msgs/include/spot_msgs/msg/dock_state.h
[1.524s] -- Up-to-date: /home/caleb/ros2_ws/install/spot_msgs/include/spot_msgs/msg/mobility_params.h
[1.524s] -- Up-to-date: /home/caleb/ros2_ws/install/spot_msgs/include/spot_msgs/msg/e_stop_state.h
[1.524s] -- Up-to-date: /home/caleb/ros2_ws/install/spot_msgs/include/spot_msgs/msg/detail
[1.525s] -- Up-to-date: /home/caleb/ros2_ws/install/spot_msgs/include/spot_msgs/msg/detail/foot_state_array__type_support.h
[1.525s] -- Up-to-date: /home/caleb/ros2_ws/install/spot_msgs/include/spot_msgs/msg/detail/dock_state__type_support.h
[1.525s] -- Up-to-date: /home/caleb/ros2_ws/install/spot_msgs/include/spot_msgs/msg/detail/mobility_params__struct.h
[1.526s] -- Up-to-date: /home/caleb/ros2_ws/install/spot_msgs/include/spot_msgs/msg/detail/wi_fi_state__struct.h
[1.526s] -- Up-to-date: /home/caleb/ros2_ws/install/spot_msgs/include/spot_msgs/msg/detail/dock_state__functions.h
[1.527s] -- Up-to-date: /home/caleb/ros2_ws/install/spot_msgs/include/spot_msgs/msg/detail/mobility_params__functions.c
[1.529s] -- Up-to-date: /home/caleb/ros2_ws/install/spot_msgs/include/spot_msgs/msg/detail/battery_state__type_support.h
[1.529s] -- Up-to-date: /home/caleb/ros2_ws/install/spot_msgs/include/spot_msgs/msg/detail/lease_resource__type_support.h
[1.530s] -- Up-to-date: /home/caleb/ros2_ws/install/spot_msgs/include/spot_msgs/msg/detail/foot_state_array__functions.h
[1.531s] -- Up-to-date: /home/caleb/ros2_ws/install/spot_msgs/include/spot_msgs/msg/detail/lease__functions.c
[1.531s] -- Up-to-date: /home/caleb/ros2_ws/install/spot_msgs/include/spot_msgs/msg/detail/e_stop_state__functions.h
[1.532s] -- Up-to-date: /home/caleb/ros2_ws/install/spot_msgs/include/spot_msgs/msg/detail/mobility_params__type_support.h
[1.533s] -- Up-to-date: /home/caleb/ros2_ws/install/spot_msgs/include/spot_msgs/msg/detail/lease_resource__functions.c
[1.533s] -- Up-to-date: /home/caleb/ros2_ws/install/spot_msgs/include/spot_msgs/msg/detail/system_fault_state__functions.h
[1.535s] -- Up-to-date: /home/caleb/ros2_ws/install/spot_msgs/include/spot_msgs/msg/detail/power_state__struct.h
[1.536s] -- Up-to-date: /home/caleb/ros2_ws/install/spot_msgs/include/spot_msgs/msg/detail/e_stop_state_array__type_support.h
[1.536s] -- Up-to-date: /home/caleb/ros2_ws/install/spot_msgs/include/spot_msgs/msg/detail/dock_state__struct.h
[1.536s] -- Up-to-date: /home/caleb/ros2_ws/install/spot_msgs/include/spot_msgs/msg/detail/foot_state__functions.h
[1.537s] -- Up-to-date: /home/caleb/ros2_ws/install/spot_msgs/include/spot_msgs/msg/detail/lease_array__functions.c
[1.537s] -- Up-to-date: /home/caleb/ros2_ws/install/spot_msgs/include/spot_msgs/msg/detail/battery_state__functions.h
[1.538s] -- Up-to-date: /home/caleb/ros2_ws/install/spot_msgs/include/spot_msgs/msg/detail/power_state__type_support.h
[1.538s] -- Up-to-date: /home/caleb/ros2_ws/install/spot_msgs/include/spot_msgs/msg/detail/system_fault_state__functions.c
[1.539s] -- Up-to-date: /home/caleb/ros2_ws/install/spot_msgs/include/spot_msgs/msg/detail/feedback__functions.h
[1.539s] -- Up-to-date: /home/caleb/ros2_ws/install/spot_msgs/include/spot_msgs/msg/detail/wi_fi_state__functions.c
[1.539s] -- Up-to-date: /home/caleb/ros2_ws/install/spot_msgs/include/spot_msgs/msg/detail/system_fault_state__type_support.h
[1.539s] -- Up-to-date: /home/caleb/ros2_ws/install/spot_msgs/include/spot_msgs/msg/detail/e_stop_state__type_support.h
[1.539s] -- Up-to-date: /home/caleb/ros2_ws/install/spot_msgs/include/spot_msgs/msg/detail/behavior_fault__type_support.h
[1.540s] -- Up-to-date: /home/caleb/ros2_ws/install/spot_msgs/include/spot_msgs/msg/detail/feedback__type_support.h
[1.540s] -- Up-to-date: /home/caleb/ros2_ws/install/spot_msgs/include/spot_msgs/msg/detail/behavior_fault_state__struct.h
[1.540s] -- Up-to-date: /home/caleb/ros2_ws/install/spot_msgs/include/spot_msgs/msg/detail/foot_state_array__functions.c
[1.540s] -- Up-to-date: /home/caleb/ros2_ws/install/spot_msgs/include/spot_msgs/msg/detail/behavior_fault_state__functions.h
[1.540s] -- Up-to-date: /home/caleb/ros2_ws/install/spot_msgs/include/spot_msgs/msg/detail/mobility_params__functions.h
[1.540s] -- Up-to-date: /home/caleb/ros2_ws/install/spot_msgs/include/spot_msgs/msg/detail/power_state__functions.c
[1.540s] -- Up-to-date: /home/caleb/ros2_ws/install/spot_msgs/include/spot_msgs/msg/detail/foot_state_array__struct.h
[1.540s] -- Up-to-date: /home/caleb/ros2_ws/install/spot_msgs/include/spot_msgs/msg/detail/lease_owner__struct.h
[1.540s] -- Up-to-date: /home/caleb/ros2_ws/install/spot_msgs/include/spot_msgs/msg/detail/lease__type_support.h
[1.540s] -- Up-to-date: /home/caleb/ros2_ws/install/spot_msgs/include/spot_msgs/msg/detail/metrics__struct.h
[1.541s] -- Up-to-date: /home/caleb/ros2_ws/install/spot_msgs/include/spot_msgs/msg/detail/battery_state_array__type_support.h
[1.541s] -- Up-to-date: /home/caleb/ros2_ws/install/spot_msgs/include/spot_msgs/msg/detail/e_stop_state__functions.c
[1.541s] -- Up-to-date: /home/caleb/ros2_ws/install/spot_msgs/include/spot_msgs/msg/detail/lease_owner__type_support.h
[1.541s] -- Up-to-date: /home/caleb/ros2_ws/install/spot_msgs/include/spot_msgs/msg/detail/behavior_fault_state__functions.c
[1.542s] -- Up-to-date: /home/caleb/ros2_ws/install/spot_msgs/include/spot_msgs/msg/detail/battery_state__struct.h
[1.542s] -- Up-to-date: /home/caleb/ros2_ws/install/spot_msgs/include/spot_msgs/msg/detail/manipulator_state__functions.h
[1.542s] -- Up-to-date: /home/caleb/ros2_ws/install/spot_msgs/include/spot_msgs/msg/detail/behavior_fault__struct.h
[1.543s] -- Up-to-date: /home/caleb/ros2_ws/install/spot_msgs/include/spot_msgs/msg/detail/metrics__functions.c
[1.543s] -- Up-to-date: /home/caleb/ros2_ws/install/spot_msgs/include/spot_msgs/msg/detail/e_stop_state_array__functions.c
[1.544s] -- Up-to-date: /home/caleb/ros2_ws/install/spot_msgs/include/spot_msgs/msg/detail/battery_state_array__functions.h
[1.544s] -- Up-to-date: /home/caleb/ros2_ws/install/spot_msgs/include/spot_msgs/msg/detail/battery_state_array__struct.h
[1.544s] -- Up-to-date: /home/caleb/ros2_ws/install/spot_msgs/include/spot_msgs/msg/detail/lease__struct.h
[1.545s] -- Up-to-date: /home/caleb/ros2_ws/install/spot_msgs/include/spot_msgs/msg/detail/system_fault__functions.c
[1.545s] -- Up-to-date: /home/caleb/ros2_ws/install/spot_msgs/include/spot_msgs/msg/detail/lease_array__type_support.h
[1.545s] -- Up-to-date: /home/caleb/ros2_ws/install/spot_msgs/include/spot_msgs/msg/detail/e_stop_state_array__struct.h
[1.546s] -- Up-to-date: /home/caleb/ros2_ws/install/spot_msgs/include/spot_msgs/msg/detail/lease_array__struct.h
[1.547s] -- Up-to-date: /home/caleb/ros2_ws/install/spot_msgs/include/spot_msgs/msg/detail/wi_fi_state__functions.h
[1.547s] -- Up-to-date: /home/caleb/ros2_ws/install/spot_msgs/include/spot_msgs/msg/detail/system_fault__struct.h
[1.547s] -- Up-to-date: /home/caleb/ros2_ws/install/spot_msgs/include/spot_msgs/msg/detail/behavior_fault__functions.h
[1.548s] -- Up-to-date: /home/caleb/ros2_ws/install/spot_msgs/include/spot_msgs/msg/detail/manipulator_state__type_support.h
[1.548s] -- Up-to-date: /home/caleb/ros2_ws/install/spot_msgs/include/spot_msgs/msg/detail/manipulator_state__struct.h
[1.549s] -- Up-to-date: /home/caleb/ros2_ws/install/spot_msgs/include/spot_msgs/msg/detail/foot_state__struct.h
[1.549s] -- Up-to-date: /home/caleb/ros2_ws/install/spot_msgs/include/spot_msgs/msg/detail/manipulator_state__functions.c
[1.550s] -- Up-to-date: /home/caleb/ros2_ws/install/spot_msgs/include/spot_msgs/msg/detail/feedback__functions.c
[1.550s] -- Up-to-date: /home/caleb/ros2_ws/install/spot_msgs/include/spot_msgs/msg/detail/behavior_fault__functions.c
[1.551s] -- Up-to-date: /home/caleb/ros2_ws/install/spot_msgs/include/spot_msgs/msg/detail/power_state__functions.h
[1.551s] -- Up-to-date: /home/caleb/ros2_ws/install/spot_msgs/include/spot_msgs/msg/detail/dock_state__functions.c
[1.551s] -- Up-to-date: /home/caleb/ros2_ws/install/spot_msgs/include/spot_msgs/msg/detail/metrics__type_support.h
[1.551s] -- Up-to-date: /home/caleb/ros2_ws/install/spot_msgs/include/spot_msgs/msg/detail/foot_state__functions.c
[1.551s] -- Up-to-date: /home/caleb/ros2_ws/install/spot_msgs/include/spot_msgs/msg/detail/behavior_fault_state__type_support.h
[1.551s] -- Up-to-date: /home/caleb/ros2_ws/install/spot_msgs/include/spot_msgs/msg/detail/lease_resource__struct.h
[1.552s] -- Up-to-date: /home/caleb/ros2_ws/install/spot_msgs/include/spot_msgs/msg/detail/lease_resource__functions.h
[1.552s] -- Up-to-date: /home/caleb/ros2_ws/install/spot_msgs/include/spot_msgs/msg/detail/lease_array__functions.h
[1.552s] -- Up-to-date: /home/caleb/ros2_ws/install/spot_msgs/include/spot_msgs/msg/detail/wi_fi_state__type_support.h
[1.552s] -- Up-to-date: /home/caleb/ros2_ws/install/spot_msgs/include/spot_msgs/msg/detail/battery_state_array__functions.c
[1.553s] -- Up-to-date: /home/caleb/ros2_ws/install/spot_msgs/include/spot_msgs/msg/detail/metrics__functions.h
[1.553s] -- Up-to-date: /home/caleb/ros2_ws/install/spot_msgs/include/spot_msgs/msg/detail/lease_owner__functions.h
[1.554s] -- Up-to-date: /home/caleb/ros2_ws/install/spot_msgs/include/spot_msgs/msg/detail/lease__functions.h
[1.554s] -- Up-to-date: /home/caleb/ros2_ws/install/spot_msgs/include/spot_msgs/msg/detail/battery_state__functions.c
[1.554s] -- Up-to-date: /home/caleb/ros2_ws/install/spot_msgs/include/spot_msgs/msg/detail/lease_owner__functions.c
[1.555s] -- Up-to-date: /home/caleb/ros2_ws/install/spot_msgs/include/spot_msgs/msg/detail/e_stop_state__struct.h
[1.555s] -- Up-to-date: /home/caleb/ros2_ws/install/spot_msgs/include/spot_msgs/msg/detail/system_fault_state__struct.h
[1.555s] -- Up-to-date: /home/caleb/ros2_ws/install/spot_msgs/include/spot_msgs/msg/detail/system_fault__type_support.h
[1.556s] -- Up-to-date: /home/caleb/ros2_ws/install/spot_msgs/include/spot_msgs/msg/detail/feedback__struct.h
[1.556s] -- Up-to-date: /home/caleb/ros2_ws/install/spot_msgs/include/spot_msgs/msg/detail/e_stop_state_array__functions.h
[1.557s] -- Up-to-date: /home/caleb/ros2_ws/install/spot_msgs/include/spot_msgs/msg/detail/foot_state__type_support.h
[1.557s] -- Up-to-date: /home/caleb/ros2_ws/install/spot_msgs/include/spot_msgs/msg/detail/system_fault__functions.h
[1.558s] -- Up-to-date: /home/caleb/ros2_ws/install/spot_msgs/include/spot_msgs/msg/lease_owner.h
[1.558s] -- Up-to-date: /home/caleb/ros2_ws/install/spot_msgs/include/spot_msgs/msg/system_fault.h
[1.558s] -- Up-to-date: /home/caleb/ros2_ws/install/spot_msgs/include/spot_msgs/msg/e_stop_state_array.h
[1.559s] -- Up-to-date: /home/caleb/ros2_ws/install/spot_msgs/include/spot_msgs/msg/lease_array.h
[1.559s] -- Up-to-date: /home/caleb/ros2_ws/install/spot_msgs/include/spot_msgs/msg/battery_state.h
[1.559s] -- Up-to-date: /home/caleb/ros2_ws/install/spot_msgs/include/spot_msgs/msg/behavior_fault.h
[1.560s] -- Up-to-date: /home/caleb/ros2_ws/install/spot_msgs/include/spot_msgs/msg/behavior_fault_state.h
[1.560s] -- Up-to-date: /home/caleb/ros2_ws/install/spot_msgs/include/spot_msgs/action
[1.560s] -- Up-to-date: /home/caleb/ros2_ws/install/spot_msgs/include/spot_msgs/action/trajectory.h
[1.560s] -- Up-to-date: /home/caleb/ros2_ws/install/spot_msgs/include/spot_msgs/action/detail
[1.561s] -- Up-to-date: /home/caleb/ros2_ws/install/spot_msgs/include/spot_msgs/action/detail/navigate_to__type_support.h
[1.561s] -- Up-to-date: /home/caleb/ros2_ws/install/spot_msgs/include/spot_msgs/action/detail/navigate_to__functions.h
[1.561s] -- Up-to-date: /home/caleb/ros2_ws/install/spot_msgs/include/spot_msgs/action/detail/trajectory__functions.h
[1.562s] -- Up-to-date: /home/caleb/ros2_ws/install/spot_msgs/include/spot_msgs/action/detail/trajectory__type_support.h
[1.563s] -- Up-to-date: /home/caleb/ros2_ws/install/spot_msgs/include/spot_msgs/action/detail/trajectory__struct.h
[1.564s] -- Up-to-date: /home/caleb/ros2_ws/install/spot_msgs/include/spot_msgs/action/detail/navigate_to__struct.h
[1.564s] -- Up-to-date: /home/caleb/ros2_ws/install/spot_msgs/include/spot_msgs/action/detail/navigate_to__functions.c
[1.565s] -- Up-to-date: /home/caleb/ros2_ws/install/spot_msgs/include/spot_msgs/action/detail/trajectory__functions.c
[1.565s] -- Up-to-date: /home/caleb/ros2_ws/install/spot_msgs/include/spot_msgs/action/navigate_to.h
[1.565s] -- Up-to-date: /home/caleb/ros2_ws/install/spot_msgs/share/spot_msgs/environment/library_path.sh
[1.566s] -- Up-to-date: /home/caleb/ros2_ws/install/spot_msgs/share/spot_msgs/environment/library_path.dsv
[1.566s] -- Up-to-date: /home/caleb/ros2_ws/install/spot_msgs/lib/libspot_msgs__rosidl_generator_c.so
[1.567s] -- Up-to-date: /home/caleb/ros2_ws/install/spot_msgs/include/spot_msgs
[1.567s] -- Up-to-date: /home/caleb/ros2_ws/install/spot_msgs/include/spot_msgs/srv
[1.568s] -- Up-to-date: /home/caleb/ros2_ws/install/spot_msgs/include/spot_msgs/srv/detail
[1.569s] -- Up-to-date: /home/caleb/ros2_ws/install/spot_msgs/include/spot_msgs/srv/detail/hand_pose__rosidl_typesupport_fastrtps_c.h
[1.569s] -- Up-to-date: /home/caleb/ros2_ws/install/spot_msgs/include/spot_msgs/srv/detail/arm_force_trajectory__rosidl_typesupport_fastrtps_c.h
[1.570s] -- Up-to-date: /home/caleb/ros2_ws/install/spot_msgs/include/spot_msgs/srv/detail/set_locomotion__rosidl_typesupport_fastrtps_c.h
[1.570s] -- Up-to-date: /home/caleb/ros2_ws/install/spot_msgs/include/spot_msgs/srv/detail/list_graph__rosidl_typesupport_fastrtps_c.h
[1.571s] -- Up-to-date: /home/caleb/ros2_ws/install/spot_msgs/include/spot_msgs/srv/detail/constrained_arm_joint_movement__rosidl_typesupport_fastrtps_c.h
[1.571s] -- Up-to-date: /home/caleb/ros2_ws/install/spot_msgs/include/spot_msgs/srv/detail/arm_joint_movement__rosidl_typesupport_fastrtps_c.h
[1.572s] -- Up-to-date: /home/caleb/ros2_ws/install/spot_msgs/include/spot_msgs/srv/detail/set_velocity__rosidl_typesupport_fastrtps_c.h
[1.572s] -- Up-to-date: /home/caleb/ros2_ws/install/spot_msgs/include/spot_msgs/srv/detail/gripper_angle_move__rosidl_typesupport_fastrtps_c.h
[1.573s] -- Up-to-date: /home/caleb/ros2_ws/install/spot_msgs/include/spot_msgs/srv/detail/clear_behavior_fault__rosidl_typesupport_fastrtps_c.h
[1.573s] -- Up-to-date: /home/caleb/ros2_ws/install/spot_msgs/include/spot_msgs/srv/detail/dock__rosidl_typesupport_fastrtps_c.h
[1.573s] -- Up-to-date: /home/caleb/ros2_ws/install/spot_msgs/include/spot_msgs/msg
[1.573s] -- Up-to-date: /home/caleb/ros2_ws/install/spot_msgs/include/spot_msgs/msg/detail
[1.574s] -- Up-to-date: /home/caleb/ros2_ws/install/spot_msgs/include/spot_msgs/msg/detail/dock_state__rosidl_typesupport_fastrtps_c.h
[1.574s] -- Up-to-date: /home/caleb/ros2_ws/install/spot_msgs/include/spot_msgs/msg/detail/mobility_params__rosidl_typesupport_fastrtps_c.h
[1.574s] -- Up-to-date: /home/caleb/ros2_ws/install/spot_msgs/include/spot_msgs/msg/detail/lease__rosidl_typesupport_fastrtps_c.h
[1.574s] -- Up-to-date: /home/caleb/ros2_ws/install/spot_msgs/include/spot_msgs/msg/detail/lease_owner__rosidl_typesupport_fastrtps_c.h
[1.574s] -- Up-to-date: /home/caleb/ros2_ws/install/spot_msgs/include/spot_msgs/msg/detail/system_fault_state__rosidl_typesupport_fastrtps_c.h
[1.574s] -- Up-to-date: /home/caleb/ros2_ws/install/spot_msgs/include/spot_msgs/msg/detail/foot_state_array__rosidl_typesupport_fastrtps_c.h
[1.574s] -- Up-to-date: /home/caleb/ros2_ws/install/spot_msgs/include/spot_msgs/msg/detail/battery_state_array__rosidl_typesupport_fastrtps_c.h
[1.574s] -- Up-to-date: /home/caleb/ros2_ws/install/spot_msgs/include/spot_msgs/msg/detail/e_stop_state_array__rosidl_typesupport_fastrtps_c.h
[1.574s] -- Up-to-date: /home/caleb/ros2_ws/install/spot_msgs/include/spot_msgs/msg/detail/manipulator_state__rosidl_typesupport_fastrtps_c.h
[1.574s] -- Up-to-date: /home/caleb/ros2_ws/install/spot_msgs/include/spot_msgs/msg/detail/e_stop_state__rosidl_typesupport_fastrtps_c.h
[1.574s] -- Up-to-date: /home/caleb/ros2_ws/install/spot_msgs/include/spot_msgs/msg/detail/feedback__rosidl_typesupport_fastrtps_c.h
[1.575s] -- Up-to-date: /home/caleb/ros2_ws/install/spot_msgs/include/spot_msgs/msg/detail/system_fault__rosidl_typesupport_fastrtps_c.h
[1.575s] -- Up-to-date: /home/caleb/ros2_ws/install/spot_msgs/include/spot_msgs/msg/detail/lease_array__rosidl_typesupport_fastrtps_c.h
[1.575s] -- Up-to-date: /home/caleb/ros2_ws/install/spot_msgs/include/spot_msgs/msg/detail/lease_resource__rosidl_typesupport_fastrtps_c.h
[1.575s] -- Up-to-date: /home/caleb/ros2_ws/install/spot_msgs/include/spot_msgs/msg/detail/wi_fi_state__rosidl_typesupport_fastrtps_c.h
[1.576s] -- Up-to-date: /home/caleb/ros2_ws/install/spot_msgs/include/spot_msgs/msg/detail/behavior_fault__rosidl_typesupport_fastrtps_c.h
[1.576s] -- Up-to-date: /home/caleb/ros2_ws/install/spot_msgs/include/spot_msgs/msg/detail/behavior_fault_state__rosidl_typesupport_fastrtps_c.h
[1.576s] -- Up-to-date: /home/caleb/ros2_ws/install/spot_msgs/include/spot_msgs/msg/detail/battery_state__rosidl_typesupport_fastrtps_c.h
[1.576s] -- Up-to-date: /home/caleb/ros2_ws/install/spot_msgs/include/spot_msgs/msg/detail/metrics__rosidl_typesupport_fastrtps_c.h
[1.576s] -- Up-to-date: /home/caleb/ros2_ws/install/spot_msgs/include/spot_msgs/msg/detail/foot_state__rosidl_typesupport_fastrtps_c.h
[1.577s] -- Up-to-date: /home/caleb/ros2_ws/install/spot_msgs/include/spot_msgs/msg/detail/power_state__rosidl_typesupport_fastrtps_c.h
[1.577s] -- Up-to-date: /home/caleb/ros2_ws/install/spot_msgs/include/spot_msgs/msg/rosidl_typesupport_fastrtps_c__visibility_control.h
[1.577s] -- Up-to-date: /home/caleb/ros2_ws/install/spot_msgs/include/spot_msgs/action
[1.578s] -- Up-to-date: /home/caleb/ros2_ws/install/spot_msgs/include/spot_msgs/action/detail
[1.578s] -- Up-to-date: /home/caleb/ros2_ws/install/spot_msgs/include/spot_msgs/action/detail/navigate_to__rosidl_typesupport_fastrtps_c.h
[1.578s] -- Up-to-date: /home/caleb/ros2_ws/install/spot_msgs/include/spot_msgs/action/detail/trajectory__rosidl_typesupport_fastrtps_c.h
[1.579s] -- Up-to-date: /home/caleb/ros2_ws/install/spot_msgs/lib/libspot_msgs__rosidl_typesupport_fastrtps_c.so
[1.579s] -- Up-to-date: /home/caleb/ros2_ws/install/spot_msgs/include/spot_msgs
[1.579s] -- Up-to-date: /home/caleb/ros2_ws/install/spot_msgs/include/spot_msgs/srv
[1.580s] -- Up-to-date: /home/caleb/ros2_ws/install/spot_msgs/include/spot_msgs/srv/detail
[1.580s] -- Up-to-date: /home/caleb/ros2_ws/install/spot_msgs/include/spot_msgs/srv/detail/clear_behavior_fault__rosidl_typesupport_fastrtps_cpp.hpp
[1.580s] -- Up-to-date: /home/caleb/ros2_ws/install/spot_msgs/include/spot_msgs/srv/detail/constrained_arm_joint_movement__rosidl_typesupport_fastrtps_cpp.hpp
[1.581s] -- Up-to-date: /home/caleb/ros2_ws/install/spot_msgs/include/spot_msgs/srv/detail/arm_joint_movement__rosidl_typesupport_fastrtps_cpp.hpp
[1.581s] -- Up-to-date: /home/caleb/ros2_ws/install/spot_msgs/include/spot_msgs/srv/detail/hand_pose__rosidl_typesupport_fastrtps_cpp.hpp
[1.581s] -- Up-to-date: /home/caleb/ros2_ws/install/spot_msgs/include/spot_msgs/srv/detail/gripper_angle_move__rosidl_typesupport_fastrtps_cpp.hpp
[1.582s] -- Up-to-date: /home/caleb/ros2_ws/install/spot_msgs/include/spot_msgs/srv/detail/dock__rosidl_typesupport_fastrtps_cpp.hpp
[1.582s] -- Up-to-date: /home/caleb/ros2_ws/install/spot_msgs/include/spot_msgs/srv/detail/set_locomotion__rosidl_typesupport_fastrtps_cpp.hpp
[1.582s] -- Up-to-date: /home/caleb/ros2_ws/install/spot_msgs/include/spot_msgs/srv/detail/arm_force_trajectory__rosidl_typesupport_fastrtps_cpp.hpp
[1.583s] -- Up-to-date: /home/caleb/ros2_ws/install/spot_msgs/include/spot_msgs/srv/detail/list_graph__rosidl_typesupport_fastrtps_cpp.hpp
[1.583s] -- Up-to-date: /home/caleb/ros2_ws/install/spot_msgs/include/spot_msgs/srv/detail/set_velocity__rosidl_typesupport_fastrtps_cpp.hpp
[1.583s] -- Up-to-date: /home/caleb/ros2_ws/install/spot_msgs/include/spot_msgs/srv/detail/dds_fastrtps
[1.584s] -- Up-to-date: /home/caleb/ros2_ws/install/spot_msgs/include/spot_msgs/msg
[1.584s] -- Up-to-date: /home/caleb/ros2_ws/install/spot_msgs/include/spot_msgs/msg/rosidl_typesupport_fastrtps_cpp__visibility_control.h
[1.585s] -- Up-to-date: /home/caleb/ros2_ws/install/spot_msgs/include/spot_msgs/msg/detail
[1.585s] -- Up-to-date: /home/caleb/ros2_ws/install/spot_msgs/include/spot_msgs/msg/detail/system_fault_state__rosidl_typesupport_fastrtps_cpp.hpp
[1.585s] -- Up-to-date: /home/caleb/ros2_ws/install/spot_msgs/include/spot_msgs/msg/detail/metrics__rosidl_typesupport_fastrtps_cpp.hpp
[1.585s] -- Up-to-date: /home/caleb/ros2_ws/install/spot_msgs/include/spot_msgs/msg/detail/manipulator_state__rosidl_typesupport_fastrtps_cpp.hpp
[1.586s] -- Up-to-date: /home/caleb/ros2_ws/install/spot_msgs/include/spot_msgs/msg/detail/behavior_fault__rosidl_typesupport_fastrtps_cpp.hpp
[1.586s] -- Up-to-date: /home/caleb/ros2_ws/install/spot_msgs/include/spot_msgs/msg/detail/dock_state__rosidl_typesupport_fastrtps_cpp.hpp
[1.586s] -- Up-to-date: /home/caleb/ros2_ws/install/spot_msgs/include/spot_msgs/msg/detail/lease_owner__rosidl_typesupport_fastrtps_cpp.hpp
[1.586s] -- Up-to-date: /home/caleb/ros2_ws/install/spot_msgs/include/spot_msgs/msg/detail/system_fault__rosidl_typesupport_fastrtps_cpp.hpp
[1.586s] -- Up-to-date: /home/caleb/ros2_ws/install/spot_msgs/include/spot_msgs/msg/detail/feedback__rosidl_typesupport_fastrtps_cpp.hpp
[1.586s] -- Up-to-date: /home/caleb/ros2_ws/install/spot_msgs/include/spot_msgs/msg/detail/mobility_params__rosidl_typesupport_fastrtps_cpp.hpp
[1.587s] -- Up-to-date: /home/caleb/ros2_ws/install/spot_msgs/include/spot_msgs/msg/detail/battery_state_array__rosidl_typesupport_fastrtps_cpp.hpp
[1.587s] -- Up-to-date: /home/caleb/ros2_ws/install/spot_msgs/include/spot_msgs/msg/detail/e_stop_state_array__rosidl_typesupport_fastrtps_cpp.hpp
[1.588s] -- Up-to-date: /home/caleb/ros2_ws/install/spot_msgs/include/spot_msgs/msg/detail/power_state__rosidl_typesupport_fastrtps_cpp.hpp
[1.588s] -- Up-to-date: /home/caleb/ros2_ws/install/spot_msgs/include/spot_msgs/msg/detail/battery_state__rosidl_typesupport_fastrtps_cpp.hpp
[1.588s] -- Up-to-date: /home/caleb/ros2_ws/install/spot_msgs/include/spot_msgs/msg/detail/lease__rosidl_typesupport_fastrtps_cpp.hpp
[1.588s] -- Up-to-date: /home/caleb/ros2_ws/install/spot_msgs/include/spot_msgs/msg/detail/lease_resource__rosidl_typesupport_fastrtps_cpp.hpp
[1.589s] -- Up-to-date: /home/caleb/ros2_ws/install/spot_msgs/include/spot_msgs/msg/detail/foot_state__rosidl_typesupport_fastrtps_cpp.hpp
[1.589s] -- Up-to-date: /home/caleb/ros2_ws/install/spot_msgs/include/spot_msgs/msg/detail/e_stop_state__rosidl_typesupport_fastrtps_cpp.hpp
[1.589s] -- Up-to-date: /home/caleb/ros2_ws/install/spot_msgs/include/spot_msgs/msg/detail/wi_fi_state__rosidl_typesupport_fastrtps_cpp.hpp
[1.590s] -- Up-to-date: /home/caleb/ros2_ws/install/spot_msgs/include/spot_msgs/msg/detail/foot_state_array__rosidl_typesupport_fastrtps_cpp.hpp
[1.590s] -- Up-to-date: /home/caleb/ros2_ws/install/spot_msgs/include/spot_msgs/msg/detail/behavior_fault_state__rosidl_typesupport_fastrtps_cpp.hpp
[1.591s] -- Up-to-date: /home/caleb/ros2_ws/install/spot_msgs/include/spot_msgs/msg/detail/lease_array__rosidl_typesupport_fastrtps_cpp.hpp
[1.591s] -- Up-to-date: /home/caleb/ros2_ws/install/spot_msgs/include/spot_msgs/msg/detail/dds_fastrtps
[1.591s] -- Up-to-date: /home/caleb/ros2_ws/install/spot_msgs/include/spot_msgs/action
[1.592s] -- Up-to-date: /home/caleb/ros2_ws/install/spot_msgs/include/spot_msgs/action/detail
[1.592s] -- Up-to-date: /home/caleb/ros2_ws/install/spot_msgs/include/spot_msgs/action/detail/navigate_to__rosidl_typesupport_fastrtps_cpp.hpp
[1.592s] -- Up-to-date: /home/caleb/ros2_ws/install/spot_msgs/include/spot_msgs/action/detail/trajectory__rosidl_typesupport_fastrtps_cpp.hpp
[1.593s] -- Up-to-date: /home/caleb/ros2_ws/install/spot_msgs/include/spot_msgs/action/detail/dds_fastrtps
[1.593s] -- Up-to-date: /home/caleb/ros2_ws/install/spot_msgs/lib/libspot_msgs__rosidl_typesupport_fastrtps_cpp.so
[1.594s] -- Up-to-date: /home/caleb/ros2_ws/install/spot_msgs/include/spot_msgs
[1.594s] -- Up-to-date: /home/caleb/ros2_ws/install/spot_msgs/include/spot_msgs/srv
[1.594s] -- Up-to-date: /home/caleb/ros2_ws/install/spot_msgs/include/spot_msgs/srv/detail
[1.594s] -- Up-to-date: /home/caleb/ros2_ws/install/spot_msgs/include/spot_msgs/srv/detail/dock__rosidl_typesupport_introspection_c.h
[1.594s] -- Up-to-date: /home/caleb/ros2_ws/install/spot_msgs/include/spot_msgs/srv/detail/set_velocity__rosidl_typesupport_introspection_c.h
[1.595s] -- Up-to-date: /home/caleb/ros2_ws/install/spot_msgs/include/spot_msgs/srv/detail/clear_behavior_fault__rosidl_typesupport_introspection_c.h
[1.595s] -- Up-to-date: /home/caleb/ros2_ws/install/spot_msgs/include/spot_msgs/srv/detail/hand_pose__rosidl_typesupport_introspection_c.h
[1.596s] -- Up-to-date: /home/caleb/ros2_ws/install/spot_msgs/include/spot_msgs/srv/detail/hand_pose__type_support.c
[1.597s] -- Up-to-date: /home/caleb/ros2_ws/install/spot_msgs/include/spot_msgs/srv/detail/dock__type_support.c
[1.597s] -- Up-to-date: /home/caleb/ros2_ws/install/spot_msgs/include/spot_msgs/srv/detail/constrained_arm_joint_movement__type_support.c
[1.598s] -- Up-to-date: /home/caleb/ros2_ws/install/spot_msgs/include/spot_msgs/srv/detail/list_graph__rosidl_typesupport_introspection_c.h
[1.599s] -- Up-to-date: /home/caleb/ros2_ws/install/spot_msgs/include/spot_msgs/srv/detail/arm_force_trajectory__type_support.c
[1.600s] -- Up-to-date: /home/caleb/ros2_ws/install/spot_msgs/include/spot_msgs/srv/detail/gripper_angle_move__type_support.c
[1.600s] -- Up-to-date: /home/caleb/ros2_ws/install/spot_msgs/include/spot_msgs/srv/detail/arm_joint_movement__rosidl_typesupport_introspection_c.h
[1.600s] -- Up-to-date: /home/caleb/ros2_ws/install/spot_msgs/include/spot_msgs/srv/detail/set_locomotion__type_support.c
[1.601s] -- Up-to-date: /home/caleb/ros2_ws/install/spot_msgs/include/spot_msgs/srv/detail/constrained_arm_joint_movement__rosidl_typesupport_introspection_c.h
[1.602s] -- Up-to-date: /home/caleb/ros2_ws/install/spot_msgs/include/spot_msgs/srv/detail/clear_behavior_fault__type_support.c
[1.603s] -- Up-to-date: /home/caleb/ros2_ws/install/spot_msgs/include/spot_msgs/srv/detail/arm_force_trajectory__rosidl_typesupport_introspection_c.h
[1.604s] -- Up-to-date: /home/caleb/ros2_ws/install/spot_msgs/include/spot_msgs/srv/detail/set_locomotion__rosidl_typesupport_introspection_c.h
[1.604s] -- Up-to-date: /home/caleb/ros2_ws/install/spot_msgs/include/spot_msgs/srv/detail/set_velocity__type_support.c
[1.605s] -- Up-to-date: /home/caleb/ros2_ws/install/spot_msgs/include/spot_msgs/srv/detail/arm_joint_movement__type_support.c
[1.605s] -- Up-to-date: /home/caleb/ros2_ws/install/spot_msgs/include/spot_msgs/srv/detail/list_graph__type_support.c
[1.606s] -- Up-to-date: /home/caleb/ros2_ws/install/spot_msgs/include/spot_msgs/srv/detail/gripper_angle_move__rosidl_typesupport_introspection_c.h
[1.606s] -- Up-to-date: /home/caleb/ros2_ws/install/spot_msgs/include/spot_msgs/msg
[1.607s] -- Up-to-date: /home/caleb/ros2_ws/install/spot_msgs/include/spot_msgs/msg/rosidl_typesupport_introspection_c__visibility_control.h
[1.607s] -- Up-to-date: /home/caleb/ros2_ws/install/spot_msgs/include/spot_msgs/msg/detail
[1.608s] -- Up-to-date: /home/caleb/ros2_ws/install/spot_msgs/include/spot_msgs/msg/detail/lease_resource__rosidl_typesupport_introspection_c.h
[1.608s] -- Up-to-date: /home/caleb/ros2_ws/install/spot_msgs/include/spot_msgs/msg/detail/foot_state__type_support.c
[1.608s] -- Up-to-date: /home/caleb/ros2_ws/install/spot_msgs/include/spot_msgs/msg/detail/feedback__rosidl_typesupport_introspection_c.h
[1.609s] -- Up-to-date: /home/caleb/ros2_ws/install/spot_msgs/include/spot_msgs/msg/detail/mobility_params__rosidl_typesupport_introspection_c.h
[1.609s] -- Up-to-date: /home/caleb/ros2_ws/install/spot_msgs/include/spot_msgs/msg/detail/mobility_params__type_support.c
[1.609s] -- Up-to-date: /home/caleb/ros2_ws/install/spot_msgs/include/spot_msgs/msg/detail/lease_owner__rosidl_typesupport_introspection_c.h
[1.609s] -- Up-to-date: /home/caleb/ros2_ws/install/spot_msgs/include/spot_msgs/msg/detail/manipulator_state__type_support.c
[1.609s] -- Up-to-date: /home/caleb/ros2_ws/install/spot_msgs/include/spot_msgs/msg/detail/lease__type_support.c
[1.609s] -- Up-to-date: /home/caleb/ros2_ws/install/spot_msgs/include/spot_msgs/msg/detail/lease_resource__type_support.c
[1.609s] -- Up-to-date: /home/caleb/ros2_ws/install/spot_msgs/include/spot_msgs/msg/detail/behavior_fault_state__type_support.c
[1.609s] -- Up-to-date: /home/caleb/ros2_ws/install/spot_msgs/include/spot_msgs/msg/detail/power_state__rosidl_typesupport_introspection_c.h
[1.609s] -- Up-to-date: /home/caleb/ros2_ws/install/spot_msgs/include/spot_msgs/msg/detail/foot_state_array__type_support.c
[1.609s] -- Up-to-date: /home/caleb/ros2_ws/install/spot_msgs/include/spot_msgs/msg/detail/battery_state__rosidl_typesupport_introspection_c.h
[1.609s] -- Up-to-date: /home/caleb/ros2_ws/install/spot_msgs/include/spot_msgs/msg/detail/manipulator_state__rosidl_typesupport_introspection_c.h
[1.609s] -- Up-to-date: /home/caleb/ros2_ws/install/spot_msgs/include/spot_msgs/msg/detail/feedback__type_support.c
[1.610s] -- Up-to-date: /home/caleb/ros2_ws/install/spot_msgs/include/spot_msgs/msg/detail/battery_state_array__rosidl_typesupport_introspection_c.h
[1.610s] -- Up-to-date: /home/caleb/ros2_ws/install/spot_msgs/include/spot_msgs/msg/detail/lease_array__type_support.c
[1.610s] -- Up-to-date: /home/caleb/ros2_ws/install/spot_msgs/include/spot_msgs/msg/detail/wi_fi_state__type_support.c
[1.611s] -- Up-to-date: /home/caleb/ros2_ws/install/spot_msgs/include/spot_msgs/msg/detail/system_fault__type_support.c
[1.611s] -- Up-to-date: /home/caleb/ros2_ws/install/spot_msgs/include/spot_msgs/msg/detail/system_fault_state__rosidl_typesupport_introspection_c.h
[1.611s] -- Up-to-date: /home/caleb/ros2_ws/install/spot_msgs/include/spot_msgs/msg/detail/metrics__rosidl_typesupport_introspection_c.h
[1.611s] -- Up-to-date: /home/caleb/ros2_ws/install/spot_msgs/include/spot_msgs/msg/detail/behavior_fault__type_support.c
[1.611s] -- Up-to-date: /home/caleb/ros2_ws/install/spot_msgs/include/spot_msgs/msg/detail/battery_state_array__type_support.c
[1.612s] -- Up-to-date: /home/caleb/ros2_ws/install/spot_msgs/include/spot_msgs/msg/detail/dock_state__type_support.c
[1.612s] -- Up-to-date: /home/caleb/ros2_ws/install/spot_msgs/include/spot_msgs/msg/detail/wi_fi_state__rosidl_typesupport_introspection_c.h
[1.613s] -- Up-to-date: /home/caleb/ros2_ws/install/spot_msgs/include/spot_msgs/msg/detail/battery_state__type_support.c
[1.613s] -- Up-to-date: /home/caleb/ros2_ws/install/spot_msgs/include/spot_msgs/msg/detail/behavior_fault_state__rosidl_typesupport_introspection_c.h
[1.613s] -- Up-to-date: /home/caleb/ros2_ws/install/spot_msgs/include/spot_msgs/msg/detail/e_stop_state__rosidl_typesupport_introspection_c.h
[1.613s] -- Up-to-date: /home/caleb/ros2_ws/install/spot_msgs/include/spot_msgs/msg/detail/foot_state_array__rosidl_typesupport_introspection_c.h
[1.614s] -- Up-to-date: /home/caleb/ros2_ws/install/spot_msgs/include/spot_msgs/msg/detail/system_fault_state__type_support.c
[1.614s] -- Up-to-date: /home/caleb/ros2_ws/install/spot_msgs/include/spot_msgs/msg/detail/lease_owner__type_support.c
[1.615s] -- Up-to-date: /home/caleb/ros2_ws/install/spot_msgs/include/spot_msgs/msg/detail/lease_array__rosidl_typesupport_introspection_c.h
[1.615s] -- Up-to-date: /home/caleb/ros2_ws/install/spot_msgs/include/spot_msgs/msg/detail/e_stop_state_array__type_support.c
[1.616s] -- Up-to-date: /home/caleb/ros2_ws/install/spot_msgs/include/spot_msgs/msg/detail/metrics__type_support.c
[1.616s] -- Up-to-date: /home/caleb/ros2_ws/install/spot_msgs/include/spot_msgs/msg/detail/system_fault__rosidl_typesupport_introspection_c.h
[1.616s] -- Up-to-date: /home/caleb/ros2_ws/install/spot_msgs/include/spot_msgs/msg/detail/e_stop_state_array__rosidl_typesupport_introspection_c.h
[1.617s] -- Up-to-date: /home/caleb/ros2_ws/install/spot_msgs/include/spot_msgs/msg/detail/e_stop_state__type_support.c
[1.617s] -- Up-to-date: /home/caleb/ros2_ws/install/spot_msgs/include/spot_msgs/msg/detail/power_state__type_support.c
[1.618s] -- Up-to-date: /home/caleb/ros2_ws/install/spot_msgs/include/spot_msgs/msg/detail/foot_state__rosidl_typesupport_introspection_c.h
[1.618s] -- Up-to-date: /home/caleb/ros2_ws/install/spot_msgs/include/spot_msgs/msg/detail/behavior_fault__rosidl_typesupport_introspection_c.h
[1.619s] -- Up-to-date: /home/caleb/ros2_ws/install/spot_msgs/include/spot_msgs/msg/detail/lease__rosidl_typesupport_introspection_c.h
[1.619s] -- Up-to-date: /home/caleb/ros2_ws/install/spot_msgs/include/spot_msgs/msg/detail/dock_state__rosidl_typesupport_introspection_c.h
[1.620s] -- Up-to-date: /home/caleb/ros2_ws/install/spot_msgs/include/spot_msgs/action
[1.620s] -- Up-to-date: /home/caleb/ros2_ws/install/spot_msgs/include/spot_msgs/action/detail
[1.620s] -- Up-to-date: /home/caleb/ros2_ws/install/spot_msgs/include/spot_msgs/action/detail/navigate_to__type_support.c
[1.620s] -- Up-to-date: /home/caleb/ros2_ws/install/spot_msgs/include/spot_msgs/action/detail/navigate_to__rosidl_typesupport_introspection_c.h
[1.620s] -- Up-to-date: /home/caleb/ros2_ws/install/spot_msgs/include/spot_msgs/action/detail/trajectory__rosidl_typesupport_introspection_c.h
[1.620s] -- Up-to-date: /home/caleb/ros2_ws/install/spot_msgs/include/spot_msgs/action/detail/trajectory__type_support.c
[1.621s] -- Up-to-date: /home/caleb/ros2_ws/install/spot_msgs/lib/libspot_msgs__rosidl_typesupport_introspection_c.so
[1.621s] -- Up-to-date: /home/caleb/ros2_ws/install/spot_msgs/lib/libspot_msgs__rosidl_typesupport_c.so
[1.622s] -- Up-to-date: /home/caleb/ros2_ws/install/spot_msgs/include/spot_msgs
[1.622s] -- Up-to-date: /home/caleb/ros2_ws/install/spot_msgs/include/spot_msgs/srv
[1.623s] -- Up-to-date: /home/caleb/ros2_ws/install/spot_msgs/include/spot_msgs/srv/arm_force_trajectory.hpp
[1.623s] -- Up-to-date: /home/caleb/ros2_ws/install/spot_msgs/include/spot_msgs/srv/arm_joint_movement.hpp
[1.623s] -- Up-to-date: /home/caleb/ros2_ws/install/spot_msgs/include/spot_msgs/srv/list_graph.hpp
[1.624s] -- Up-to-date: /home/caleb/ros2_ws/install/spot_msgs/include/spot_msgs/srv/constrained_arm_joint_movement.hpp
[1.624s] -- Up-to-date: /home/caleb/ros2_ws/install/spot_msgs/include/spot_msgs/srv/set_velocity.hpp
[1.625s] -- Up-to-date: /home/caleb/ros2_ws/install/spot_msgs/include/spot_msgs/srv/hand_pose.hpp
[1.625s] -- Up-to-date: /home/caleb/ros2_ws/install/spot_msgs/include/spot_msgs/srv/clear_behavior_fault.hpp
[1.626s] -- Up-to-date: /home/caleb/ros2_ws/install/spot_msgs/include/spot_msgs/srv/dock.hpp
[1.626s] -- Up-to-date: /home/caleb/ros2_ws/install/spot_msgs/include/spot_msgs/srv/detail
[1.626s] -- Up-to-date: /home/caleb/ros2_ws/install/spot_msgs/include/spot_msgs/srv/detail/hand_pose__struct.hpp
[1.627s] -- Up-to-date: /home/caleb/ros2_ws/install/spot_msgs/include/spot_msgs/srv/detail/arm_force_trajectory__traits.hpp
[1.627s] -- Up-to-date: /home/caleb/ros2_ws/install/spot_msgs/include/spot_msgs/srv/detail/list_graph__struct.hpp
[1.627s] -- Up-to-date: /home/caleb/ros2_ws/install/spot_msgs/include/spot_msgs/srv/detail/set_locomotion__traits.hpp
[1.627s] -- Up-to-date: /home/caleb/ros2_ws/install/spot_msgs/include/spot_msgs/srv/detail/dock__traits.hpp
[1.627s] -- Up-to-date: /home/caleb/ros2_ws/install/spot_msgs/include/spot_msgs/srv/detail/set_velocity__traits.hpp
[1.627s] -- Up-to-date: /home/caleb/ros2_ws/install/spot_msgs/include/spot_msgs/srv/detail/hand_pose__traits.hpp
[1.627s] -- Up-to-date: /home/caleb/ros2_ws/install/spot_msgs/include/spot_msgs/srv/detail/set_velocity__builder.hpp
[1.628s] -- Up-to-date: /home/caleb/ros2_ws/install/spot_msgs/include/spot_msgs/srv/detail/list_graph__traits.hpp
[1.628s] -- Up-to-date: /home/caleb/ros2_ws/install/spot_msgs/include/spot_msgs/srv/detail/list_graph__builder.hpp
[1.628s] -- Up-to-date: /home/caleb/ros2_ws/install/spot_msgs/include/spot_msgs/srv/detail/clear_behavior_fault__struct.hpp
[1.628s] -- Up-to-date: /home/caleb/ros2_ws/install/spot_msgs/include/spot_msgs/srv/detail/constrained_arm_joint_movement__struct.hpp
[1.628s] -- Up-to-date: /home/caleb/ros2_ws/install/spot_msgs/include/spot_msgs/srv/detail/arm_joint_movement__traits.hpp
[1.628s] -- Up-to-date: /home/caleb/ros2_ws/install/spot_msgs/include/spot_msgs/srv/detail/gripper_angle_move__traits.hpp
[1.628s] -- Up-to-date: /home/caleb/ros2_ws/install/spot_msgs/include/spot_msgs/srv/detail/arm_force_trajectory__builder.hpp
[1.628s] -- Up-to-date: /home/caleb/ros2_ws/install/spot_msgs/include/spot_msgs/srv/detail/gripper_angle_move__struct.hpp
[1.628s] -- Up-to-date: /home/caleb/ros2_ws/install/spot_msgs/include/spot_msgs/srv/detail/hand_pose__builder.hpp
[1.629s] -- Up-to-date: /home/caleb/ros2_ws/install/spot_msgs/include/spot_msgs/srv/detail/arm_force_trajectory__struct.hpp
[1.629s] -- Up-to-date: /home/caleb/ros2_ws/install/spot_msgs/include/spot_msgs/srv/detail/gripper_angle_move__builder.hpp
[1.629s] -- Up-to-date: /home/caleb/ros2_ws/install/spot_msgs/include/spot_msgs/srv/detail/clear_behavior_fault__builder.hpp
[1.629s] -- Up-to-date: /home/caleb/ros2_ws/install/spot_msgs/include/spot_msgs/srv/detail/set_locomotion__struct.hpp
[1.629s] -- Up-to-date: /home/caleb/ros2_ws/install/spot_msgs/include/spot_msgs/srv/detail/arm_joint_movement__builder.hpp
[1.629s] -- Up-to-date: /home/caleb/ros2_ws/install/spot_msgs/include/spot_msgs/srv/detail/clear_behavior_fault__traits.hpp
[1.630s] -- Up-to-date: /home/caleb/ros2_ws/install/spot_msgs/include/spot_msgs/srv/detail/set_locomotion__builder.hpp
[1.630s] -- Up-to-date: /home/caleb/ros2_ws/install/spot_msgs/include/spot_msgs/srv/detail/constrained_arm_joint_movement__builder.hpp
[1.630s] -- Up-to-date: /home/caleb/ros2_ws/install/spot_msgs/include/spot_msgs/srv/detail/set_velocity__struct.hpp
[1.630s] -- Up-to-date: /home/caleb/ros2_ws/install/spot_msgs/include/spot_msgs/srv/detail/constrained_arm_joint_movement__traits.hpp
[1.631s] -- Up-to-date: /home/caleb/ros2_ws/install/spot_msgs/include/spot_msgs/srv/detail/dock__builder.hpp
[1.631s] -- Up-to-date: /home/caleb/ros2_ws/install/spot_msgs/include/spot_msgs/srv/detail/arm_joint_movement__struct.hpp
[1.631s] -- Up-to-date: /home/caleb/ros2_ws/install/spot_msgs/include/spot_msgs/srv/detail/dock__struct.hpp
[1.631s] -- Up-to-date: /home/caleb/ros2_ws/install/spot_msgs/include/spot_msgs/srv/gripper_angle_move.hpp
[1.631s] -- Up-to-date: /home/caleb/ros2_ws/install/spot_msgs/include/spot_msgs/srv/set_locomotion.hpp
[1.632s] -- Up-to-date: /home/caleb/ros2_ws/install/spot_msgs/include/spot_msgs/msg
[1.632s] -- Up-to-date: /home/caleb/ros2_ws/install/spot_msgs/include/spot_msgs/msg/manipulator_state.hpp
[1.632s] -- Up-to-date: /home/caleb/ros2_ws/install/spot_msgs/include/spot_msgs/msg/power_state.hpp
[1.632s] -- Up-to-date: /home/caleb/ros2_ws/install/spot_msgs/include/spot_msgs/msg/foot_state.hpp
[1.633s] -- Up-to-date: /home/caleb/ros2_ws/install/spot_msgs/include/spot_msgs/msg/e_stop_state.hpp
[1.633s] -- Up-to-date: /home/caleb/ros2_ws/install/spot_msgs/include/spot_msgs/msg/behavior_fault_state.hpp
[1.633s] -- Up-to-date: /home/caleb/ros2_ws/install/spot_msgs/include/spot_msgs/msg/dock_state.hpp
[1.633s] -- Up-to-date: /home/caleb/ros2_ws/install/spot_msgs/include/spot_msgs/msg/mobility_params.hpp
[1.633s] -- Up-to-date: /home/caleb/ros2_ws/install/spot_msgs/include/spot_msgs/msg/wi_fi_state.hpp
[1.634s] -- Up-to-date: /home/caleb/ros2_ws/install/spot_msgs/include/spot_msgs/msg/battery_state_array.hpp
[1.634s] -- Up-to-date: /home/caleb/ros2_ws/install/spot_msgs/include/spot_msgs/msg/behavior_fault.hpp
[1.634s] -- Up-to-date: /home/caleb/ros2_ws/install/spot_msgs/include/spot_msgs/msg/lease_resource.hpp
[1.634s] -- Up-to-date: /home/caleb/ros2_ws/install/spot_msgs/include/spot_msgs/msg/foot_state_array.hpp
[1.634s] -- Up-to-date: /home/caleb/ros2_ws/install/spot_msgs/include/spot_msgs/msg/detail
[1.635s] -- Up-to-date: /home/caleb/ros2_ws/install/spot_msgs/include/spot_msgs/msg/detail/battery_state__builder.hpp
[1.635s] -- Up-to-date: /home/caleb/ros2_ws/install/spot_msgs/include/spot_msgs/msg/detail/system_fault_state__traits.hpp
[1.635s] -- Up-to-date: /home/caleb/ros2_ws/install/spot_msgs/include/spot_msgs/msg/detail/behavior_fault_state__traits.hpp
[1.635s] -- Up-to-date: /home/caleb/ros2_ws/install/spot_msgs/include/spot_msgs/msg/detail/lease_array__traits.hpp
[1.635s] -- Up-to-date: /home/caleb/ros2_ws/install/spot_msgs/include/spot_msgs/msg/detail/e_stop_state_array__builder.hpp
[1.636s] -- Up-to-date: /home/caleb/ros2_ws/install/spot_msgs/include/spot_msgs/msg/detail/battery_state_array__traits.hpp
[1.636s] -- Up-to-date: /home/caleb/ros2_ws/install/spot_msgs/include/spot_msgs/msg/detail/battery_state__struct.hpp
[1.636s] -- Up-to-date: /home/caleb/ros2_ws/install/spot_msgs/include/spot_msgs/msg/detail/lease_resource__traits.hpp
[1.636s] -- Up-to-date: /home/caleb/ros2_ws/install/spot_msgs/include/spot_msgs/msg/detail/behavior_fault_state__builder.hpp
[1.637s] -- Up-to-date: /home/caleb/ros2_ws/install/spot_msgs/include/spot_msgs/msg/detail/dock_state__traits.hpp
[1.637s] -- Up-to-date: /home/caleb/ros2_ws/install/spot_msgs/include/spot_msgs/msg/detail/manipulator_state__builder.hpp
[1.637s] -- Up-to-date: /home/caleb/ros2_ws/install/spot_msgs/include/spot_msgs/msg/detail/system_fault__builder.hpp
[1.637s] -- Up-to-date: /home/caleb/ros2_ws/install/spot_msgs/include/spot_msgs/msg/detail/battery_state_array__builder.hpp
[1.638s] -- Up-to-date: /home/caleb/ros2_ws/install/spot_msgs/include/spot_msgs/msg/detail/wi_fi_state__struct.hpp
[1.638s] -- Up-to-date: /home/caleb/ros2_ws/install/spot_msgs/include/spot_msgs/msg/detail/metrics__traits.hpp
[1.638s] -- Up-to-date: /home/caleb/ros2_ws/install/spot_msgs/include/spot_msgs/msg/detail/wi_fi_state__traits.hpp
[1.639s] -- Up-to-date: /home/caleb/ros2_ws/install/spot_msgs/include/spot_msgs/msg/detail/behavior_fault_state__struct.hpp
[1.639s] -- Up-to-date: /home/caleb/ros2_ws/install/spot_msgs/include/spot_msgs/msg/detail/system_fault__traits.hpp
[1.639s] -- Up-to-date: /home/caleb/ros2_ws/install/spot_msgs/include/spot_msgs/msg/detail/wi_fi_state__builder.hpp
[1.639s] -- Up-to-date: /home/caleb/ros2_ws/install/spot_msgs/include/spot_msgs/msg/detail/e_stop_state_array__traits.hpp
[1.639s] -- Up-to-date: /home/caleb/ros2_ws/install/spot_msgs/include/spot_msgs/msg/detail/feedback__struct.hpp
[1.639s] -- Up-to-date: /home/caleb/ros2_ws/install/spot_msgs/include/spot_msgs/msg/detail/lease_array__builder.hpp
[1.640s] -- Up-to-date: /home/caleb/ros2_ws/install/spot_msgs/include/spot_msgs/msg/detail/dock_state__struct.hpp
[1.640s] -- Up-to-date: /home/caleb/ros2_ws/install/spot_msgs/include/spot_msgs/msg/detail/manipulator_state__traits.hpp
[1.640s] -- Up-to-date: /home/caleb/ros2_ws/install/spot_msgs/include/spot_msgs/msg/detail/system_fault_state__struct.hpp
[1.640s] -- Up-to-date: /home/caleb/ros2_ws/install/spot_msgs/include/spot_msgs/msg/detail/behavior_fault__struct.hpp
[1.641s] -- Up-to-date: /home/caleb/ros2_ws/install/spot_msgs/include/spot_msgs/msg/detail/lease__traits.hpp
[1.641s] -- Up-to-date: /home/caleb/ros2_ws/install/spot_msgs/include/spot_msgs/msg/detail/lease_array__struct.hpp
[1.641s] -- Up-to-date: /home/caleb/ros2_ws/install/spot_msgs/include/spot_msgs/msg/detail/feedback__builder.hpp
[1.641s] -- Up-to-date: /home/caleb/ros2_ws/install/spot_msgs/include/spot_msgs/msg/detail/metrics__struct.hpp
[1.641s] -- Up-to-date: /home/caleb/ros2_ws/install/spot_msgs/include/spot_msgs/msg/detail/foot_state_array__struct.hpp
[1.641s] -- Up-to-date: /home/caleb/ros2_ws/install/spot_msgs/include/spot_msgs/msg/detail/lease_owner__struct.hpp
[1.642s] -- Up-to-date: /home/caleb/ros2_ws/install/spot_msgs/include/spot_msgs/msg/detail/foot_state__traits.hpp
[1.642s] -- Up-to-date: /home/caleb/ros2_ws/install/spot_msgs/include/spot_msgs/msg/detail/lease__builder.hpp
[1.642s] -- Up-to-date: /home/caleb/ros2_ws/install/spot_msgs/include/spot_msgs/msg/detail/dock_state__builder.hpp
[1.642s] -- Up-to-date: /home/caleb/ros2_ws/install/spot_msgs/include/spot_msgs/msg/detail/lease_resource__struct.hpp
[1.642s] -- Up-to-date: /home/caleb/ros2_ws/install/spot_msgs/include/spot_msgs/msg/detail/e_stop_state__traits.hpp
[1.643s] -- Up-to-date: /home/caleb/ros2_ws/install/spot_msgs/include/spot_msgs/msg/detail/mobility_params__traits.hpp
[1.643s] -- Up-to-date: /home/caleb/ros2_ws/install/spot_msgs/include/spot_msgs/msg/detail/power_state__builder.hpp
[1.643s] -- Up-to-date: /home/caleb/ros2_ws/install/spot_msgs/include/spot_msgs/msg/detail/mobility_params__struct.hpp
[1.643s] -- Up-to-date: /home/caleb/ros2_ws/install/spot_msgs/include/spot_msgs/msg/detail/mobility_params__builder.hpp
[1.643s] -- Up-to-date: /home/caleb/ros2_ws/install/spot_msgs/include/spot_msgs/msg/detail/lease_resource__builder.hpp
[1.643s] -- Up-to-date: /home/caleb/ros2_ws/install/spot_msgs/include/spot_msgs/msg/detail/foot_state__builder.hpp
[1.643s] -- Up-to-date: /home/caleb/ros2_ws/install/spot_msgs/include/spot_msgs/msg/detail/manipulator_state__struct.hpp
[1.643s] -- Up-to-date: /home/caleb/ros2_ws/install/spot_msgs/include/spot_msgs/msg/detail/lease__struct.hpp
[1.643s] -- Up-to-date: /home/caleb/ros2_ws/install/spot_msgs/include/spot_msgs/msg/detail/power_state__traits.hpp
[1.643s] -- Up-to-date: /home/caleb/ros2_ws/install/spot_msgs/include/spot_msgs/msg/detail/battery_state_array__struct.hpp
[1.644s] -- Up-to-date: /home/caleb/ros2_ws/install/spot_msgs/include/spot_msgs/msg/detail/foot_state_array__traits.hpp
[1.644s] -- Up-to-date: /home/caleb/ros2_ws/install/spot_msgs/include/spot_msgs/msg/detail/foot_state__struct.hpp
[1.644s] -- Up-to-date: /home/caleb/ros2_ws/install/spot_msgs/include/spot_msgs/msg/detail/feedback__traits.hpp
[1.645s] -- Up-to-date: /home/caleb/ros2_ws/install/spot_msgs/include/spot_msgs/msg/detail/lease_owner__traits.hpp
[1.645s] -- Up-to-date: /home/caleb/ros2_ws/install/spot_msgs/include/spot_msgs/msg/detail/e_stop_state_array__struct.hpp
[1.645s] -- Up-to-date: /home/caleb/ros2_ws/install/spot_msgs/include/spot_msgs/msg/detail/power_state__struct.hpp
[1.645s] -- Up-to-date: /home/caleb/ros2_ws/install/spot_msgs/include/spot_msgs/msg/detail/e_stop_state__builder.hpp
[1.645s] -- Up-to-date: /home/caleb/ros2_ws/install/spot_msgs/include/spot_msgs/msg/detail/system_fault_state__builder.hpp
[1.645s] -- Up-to-date: /home/caleb/ros2_ws/install/spot_msgs/include/spot_msgs/msg/detail/system_fault__struct.hpp
[1.645s] -- Up-to-date: /home/caleb/ros2_ws/install/spot_msgs/include/spot_msgs/msg/detail/behavior_fault__builder.hpp
[1.645s] -- Up-to-date: /home/caleb/ros2_ws/install/spot_msgs/include/spot_msgs/msg/detail/metrics__builder.hpp
[1.645s] -- Up-to-date: /home/caleb/ros2_ws/install/spot_msgs/include/spot_msgs/msg/detail/e_stop_state__struct.hpp
[1.645s] -- Up-to-date: /home/caleb/ros2_ws/install/spot_msgs/include/spot_msgs/msg/detail/foot_state_array__builder.hpp
[1.646s] -- Up-to-date: /home/caleb/ros2_ws/install/spot_msgs/include/spot_msgs/msg/detail/lease_owner__builder.hpp
[1.646s] -- Up-to-date: /home/caleb/ros2_ws/install/spot_msgs/include/spot_msgs/msg/detail/behavior_fault__traits.hpp
[1.646s] -- Up-to-date: /home/caleb/ros2_ws/install/spot_msgs/include/spot_msgs/msg/detail/battery_state__traits.hpp
[1.646s] -- Up-to-date: /home/caleb/ros2_ws/install/spot_msgs/include/spot_msgs/msg/lease.hpp
[1.646s] -- Up-to-date: /home/caleb/ros2_ws/install/spot_msgs/include/spot_msgs/msg/metrics.hpp
[1.646s] -- Up-to-date: /home/caleb/ros2_ws/install/spot_msgs/include/spot_msgs/msg/e_stop_state_array.hpp
[1.646s] -- Up-to-date: /home/caleb/ros2_ws/install/spot_msgs/include/spot_msgs/msg/battery_state.hpp
[1.646s] -- Up-to-date: /home/caleb/ros2_ws/install/spot_msgs/include/spot_msgs/msg/lease_array.hpp
[1.646s] -- Up-to-date: /home/caleb/ros2_ws/install/spot_msgs/include/spot_msgs/msg/feedback.hpp
[1.646s] -- Up-to-date: /home/caleb/ros2_ws/install/spot_msgs/include/spot_msgs/msg/lease_owner.hpp
[1.646s] -- Up-to-date: /home/caleb/ros2_ws/install/spot_msgs/include/spot_msgs/msg/system_fault.hpp
[1.647s] -- Up-to-date: /home/caleb/ros2_ws/install/spot_msgs/include/spot_msgs/msg/system_fault_state.hpp
[1.647s] -- Up-to-date: /home/caleb/ros2_ws/install/spot_msgs/include/spot_msgs/action
[1.647s] -- Up-to-date: /home/caleb/ros2_ws/install/spot_msgs/include/spot_msgs/action/trajectory.hpp
[1.647s] -- Up-to-date: /home/caleb/ros2_ws/install/spot_msgs/include/spot_msgs/action/detail
[1.647s] -- Up-to-date: /home/caleb/ros2_ws/install/spot_msgs/include/spot_msgs/action/detail/trajectory__struct.hpp
[1.647s] -- Up-to-date: /home/caleb/ros2_ws/install/spot_msgs/include/spot_msgs/action/detail/navigate_to__builder.hpp
[1.647s] -- Up-to-date: /home/caleb/ros2_ws/install/spot_msgs/include/spot_msgs/action/detail/navigate_to__struct.hpp
[1.647s] -- Up-to-date: /home/caleb/ros2_ws/install/spot_msgs/include/spot_msgs/action/detail/trajectory__traits.hpp
[1.647s] -- Up-to-date: /home/caleb/ros2_ws/install/spot_msgs/include/spot_msgs/action/detail/trajectory__builder.hpp
[1.647s] -- Up-to-date: /home/caleb/ros2_ws/install/spot_msgs/include/spot_msgs/action/detail/navigate_to__traits.hpp
[1.647s] -- Up-to-date: /home/caleb/ros2_ws/install/spot_msgs/include/spot_msgs/action/navigate_to.hpp
[1.647s] -- Up-to-date: /home/caleb/ros2_ws/install/spot_msgs/include/spot_msgs
[1.647s] -- Up-to-date: /home/caleb/ros2_ws/install/spot_msgs/include/spot_msgs/srv
[1.647s] -- Up-to-date: /home/caleb/ros2_ws/install/spot_msgs/include/spot_msgs/srv/detail
[1.647s] -- Up-to-date: /home/caleb/ros2_ws/install/spot_msgs/include/spot_msgs/srv/detail/clear_behavior_fault__type_support.cpp
[1.647s] -- Up-to-date: /home/caleb/ros2_ws/install/spot_msgs/include/spot_msgs/srv/detail/list_graph__type_support.cpp
[1.647s] -- Up-to-date: /home/caleb/ros2_ws/install/spot_msgs/include/spot_msgs/srv/detail/constrained_arm_joint_movement__type_support.cpp
[1.647s] -- Up-to-date: /home/caleb/ros2_ws/install/spot_msgs/include/spot_msgs/srv/detail/arm_joint_movement__type_support.cpp
[1.647s] -- Up-to-date: /home/caleb/ros2_ws/install/spot_msgs/include/spot_msgs/srv/detail/list_graph__rosidl_typesupport_introspection_cpp.hpp
[1.647s] -- Up-to-date: /home/caleb/ros2_ws/install/spot_msgs/include/spot_msgs/srv/detail/hand_pose__type_support.cpp
[1.647s] -- Up-to-date: /home/caleb/ros2_ws/install/spot_msgs/include/spot_msgs/srv/detail/set_locomotion__type_support.cpp
[1.647s] -- Up-to-date: /home/caleb/ros2_ws/install/spot_msgs/include/spot_msgs/srv/detail/arm_force_trajectory__rosidl_typesupport_introspection_cpp.hpp
[1.648s] -- Up-to-date: /home/caleb/ros2_ws/install/spot_msgs/include/spot_msgs/srv/detail/hand_pose__rosidl_typesupport_introspection_cpp.hpp
[1.648s] -- Up-to-date: /home/caleb/ros2_ws/install/spot_msgs/include/spot_msgs/srv/detail/set_locomotion__rosidl_typesupport_introspection_cpp.hpp
[1.648s] -- Up-to-date: /home/caleb/ros2_ws/install/spot_msgs/include/spot_msgs/srv/detail/arm_joint_movement__rosidl_typesupport_introspection_cpp.hpp
[1.649s] -- Up-to-date: /home/caleb/ros2_ws/install/spot_msgs/include/spot_msgs/srv/detail/set_velocity__type_support.cpp
[1.649s] -- Up-to-date: /home/caleb/ros2_ws/install/spot_msgs/include/spot_msgs/srv/detail/dock__rosidl_typesupport_introspection_cpp.hpp
[1.649s] -- Up-to-date: /home/caleb/ros2_ws/install/spot_msgs/include/spot_msgs/srv/detail/dock__type_support.cpp
[1.649s] -- Up-to-date: /home/caleb/ros2_ws/install/spot_msgs/include/spot_msgs/srv/detail/set_velocity__rosidl_typesupport_introspection_cpp.hpp
[1.649s] -- Up-to-date: /home/caleb/ros2_ws/install/spot_msgs/include/spot_msgs/srv/detail/gripper_angle_move__type_support.cpp
[1.649s] -- Up-to-date: /home/caleb/ros2_ws/install/spot_msgs/include/spot_msgs/srv/detail/arm_force_trajectory__type_support.cpp
[1.649s] -- Up-to-date: /home/caleb/ros2_ws/install/spot_msgs/include/spot_msgs/srv/detail/constrained_arm_joint_movement__rosidl_typesupport_introspection_cpp.hpp
[1.649s] -- Up-to-date: /home/caleb/ros2_ws/install/spot_msgs/include/spot_msgs/srv/detail/gripper_angle_move__rosidl_typesupport_introspection_cpp.hpp
[1.649s] -- Up-to-date: /home/caleb/ros2_ws/install/spot_msgs/include/spot_msgs/srv/detail/clear_behavior_fault__rosidl_typesupport_introspection_cpp.hpp
[1.649s] -- Up-to-date: /home/caleb/ros2_ws/install/spot_msgs/include/spot_msgs/msg
[1.650s] -- Up-to-date: /home/caleb/ros2_ws/install/spot_msgs/include/spot_msgs/msg/detail
[1.650s] -- Up-to-date: /home/caleb/ros2_ws/install/spot_msgs/include/spot_msgs/msg/detail/metrics__rosidl_typesupport_introspection_cpp.hpp
[1.650s] -- Up-to-date: /home/caleb/ros2_ws/install/spot_msgs/include/spot_msgs/msg/detail/behavior_fault__rosidl_typesupport_introspection_cpp.hpp
[1.650s] -- Up-to-date: /home/caleb/ros2_ws/install/spot_msgs/include/spot_msgs/msg/detail/behavior_fault__type_support.cpp
[1.650s] -- Up-to-date: /home/caleb/ros2_ws/install/spot_msgs/include/spot_msgs/msg/detail/power_state__rosidl_typesupport_introspection_cpp.hpp
[1.651s] -- Up-to-date: /home/caleb/ros2_ws/install/spot_msgs/include/spot_msgs/msg/detail/system_fault__rosidl_typesupport_introspection_cpp.hpp
[1.651s] -- Up-to-date: /home/caleb/ros2_ws/install/spot_msgs/include/spot_msgs/msg/detail/wi_fi_state__type_support.cpp
[1.651s] -- Up-to-date: /home/caleb/ros2_ws/install/spot_msgs/include/spot_msgs/msg/detail/feedback__rosidl_typesupport_introspection_cpp.hpp
[1.651s] -- Up-to-date: /home/caleb/ros2_ws/install/spot_msgs/include/spot_msgs/msg/detail/wi_fi_state__rosidl_typesupport_introspection_cpp.hpp
[1.651s] -- Up-to-date: /home/caleb/ros2_ws/install/spot_msgs/include/spot_msgs/msg/detail/foot_state__rosidl_typesupport_introspection_cpp.hpp
[1.651s] -- Up-to-date: /home/caleb/ros2_ws/install/spot_msgs/include/spot_msgs/msg/detail/battery_state_array__rosidl_typesupport_introspection_cpp.hpp
[1.652s] -- Up-to-date: /home/caleb/ros2_ws/install/spot_msgs/include/spot_msgs/msg/detail/manipulator_state__type_support.cpp
[1.652s] -- Up-to-date: /home/caleb/ros2_ws/install/spot_msgs/include/spot_msgs/msg/detail/manipulator_state__rosidl_typesupport_introspection_cpp.hpp
[1.652s] -- Up-to-date: /home/caleb/ros2_ws/install/spot_msgs/include/spot_msgs/msg/detail/dock_state__rosidl_typesupport_introspection_cpp.hpp
[1.652s] -- Up-to-date: /home/caleb/ros2_ws/install/spot_msgs/include/spot_msgs/msg/detail/e_stop_state_array__type_support.cpp
[1.652s] -- Up-to-date: /home/caleb/ros2_ws/install/spot_msgs/include/spot_msgs/msg/detail/behavior_fault_state__type_support.cpp
[1.653s] -- Up-to-date: /home/caleb/ros2_ws/install/spot_msgs/include/spot_msgs/msg/detail/system_fault_state__type_support.cpp
[1.653s] -- Up-to-date: /home/caleb/ros2_ws/install/spot_msgs/include/spot_msgs/msg/detail/dock_state__type_support.cpp
[1.653s] -- Up-to-date: /home/caleb/ros2_ws/install/spot_msgs/include/spot_msgs/msg/detail/mobility_params__rosidl_typesupport_introspection_cpp.hpp
[1.653s] -- Up-to-date: /home/caleb/ros2_ws/install/spot_msgs/include/spot_msgs/msg/detail/foot_state__type_support.cpp
[1.653s] -- Up-to-date: /home/caleb/ros2_ws/install/spot_msgs/include/spot_msgs/msg/detail/metrics__type_support.cpp
[1.654s] -- Up-to-date: /home/caleb/ros2_ws/install/spot_msgs/include/spot_msgs/msg/detail/lease_owner__rosidl_typesupport_introspection_cpp.hpp
[1.654s] -- Up-to-date: /home/caleb/ros2_ws/install/spot_msgs/include/spot_msgs/msg/detail/lease__type_support.cpp
[1.654s] -- Up-to-date: /home/caleb/ros2_ws/install/spot_msgs/include/spot_msgs/msg/detail/battery_state__type_support.cpp
[1.654s] -- Up-to-date: /home/caleb/ros2_ws/install/spot_msgs/include/spot_msgs/msg/detail/battery_state__rosidl_typesupport_introspection_cpp.hpp
[1.654s] -- Up-to-date: /home/caleb/ros2_ws/install/spot_msgs/include/spot_msgs/msg/detail/lease__rosidl_typesupport_introspection_cpp.hpp
[1.654s] -- Up-to-date: /home/caleb/ros2_ws/install/spot_msgs/include/spot_msgs/msg/detail/e_stop_state__rosidl_typesupport_introspection_cpp.hpp
[1.655s] -- Up-to-date: /home/caleb/ros2_ws/install/spot_msgs/include/spot_msgs/msg/detail/lease_array__rosidl_typesupport_introspection_cpp.hpp
[1.655s] -- Up-to-date: /home/caleb/ros2_ws/install/spot_msgs/include/spot_msgs/msg/detail/lease_owner__type_support.cpp
[1.655s] -- Up-to-date: /home/caleb/ros2_ws/install/spot_msgs/include/spot_msgs/msg/detail/system_fault_state__rosidl_typesupport_introspection_cpp.hpp
[1.655s] -- Up-to-date: /home/caleb/ros2_ws/install/spot_msgs/include/spot_msgs/msg/detail/battery_state_array__type_support.cpp
[1.655s] -- Up-to-date: /home/caleb/ros2_ws/install/spot_msgs/include/spot_msgs/msg/detail/system_fault__type_support.cpp
[1.655s] -- Up-to-date: /home/caleb/ros2_ws/install/spot_msgs/include/spot_msgs/msg/detail/lease_array__type_support.cpp
[1.656s] -- Up-to-date: /home/caleb/ros2_ws/install/spot_msgs/include/spot_msgs/msg/detail/power_state__type_support.cpp
[1.656s] -- Up-to-date: /home/caleb/ros2_ws/install/spot_msgs/include/spot_msgs/msg/detail/foot_state_array__type_support.cpp
[1.656s] -- Up-to-date: /home/caleb/ros2_ws/install/spot_msgs/include/spot_msgs/msg/detail/e_stop_state_array__rosidl_typesupport_introspection_cpp.hpp
[1.656s] -- Up-to-date: /home/caleb/ros2_ws/install/spot_msgs/include/spot_msgs/msg/detail/lease_resource__type_support.cpp
[1.656s] -- Up-to-date: /home/caleb/ros2_ws/install/spot_msgs/include/spot_msgs/msg/detail/behavior_fault_state__rosidl_typesupport_introspection_cpp.hpp
[1.656s] -- Up-to-date: /home/caleb/ros2_ws/install/spot_msgs/include/spot_msgs/msg/detail/lease_resource__rosidl_typesupport_introspection_cpp.hpp
[1.657s] -- Up-to-date: /home/caleb/ros2_ws/install/spot_msgs/include/spot_msgs/msg/detail/e_stop_state__type_support.cpp
[1.657s] -- Up-to-date: /home/caleb/ros2_ws/install/spot_msgs/include/spot_msgs/msg/detail/mobility_params__type_support.cpp
[1.657s] -- Up-to-date: /home/caleb/ros2_ws/install/spot_msgs/include/spot_msgs/msg/detail/foot_state_array__rosidl_typesupport_introspection_cpp.hpp
[1.657s] -- Up-to-date: /home/caleb/ros2_ws/install/spot_msgs/include/spot_msgs/msg/detail/feedback__type_support.cpp
[1.657s] -- Up-to-date: /home/caleb/ros2_ws/install/spot_msgs/include/spot_msgs/action
[1.658s] -- Up-to-date: /home/caleb/ros2_ws/install/spot_msgs/include/spot_msgs/action/detail
[1.658s] -- Up-to-date: /home/caleb/ros2_ws/install/spot_msgs/include/spot_msgs/action/detail/trajectory__rosidl_typesupport_introspection_cpp.hpp
[1.658s] -- Up-to-date: /home/caleb/ros2_ws/install/spot_msgs/include/spot_msgs/action/detail/navigate_to__rosidl_typesupport_introspection_cpp.hpp
[1.658s] -- Up-to-date: /home/caleb/ros2_ws/install/spot_msgs/include/spot_msgs/action/detail/trajectory__type_support.cpp
[1.658s] -- Up-to-date: /home/caleb/ros2_ws/install/spot_msgs/include/spot_msgs/action/detail/navigate_to__type_support.cpp
[1.659s] -- Up-to-date: /home/caleb/ros2_ws/install/spot_msgs/lib/libspot_msgs__rosidl_typesupport_introspection_cpp.so
[1.659s] -- Up-to-date: /home/caleb/ros2_ws/install/spot_msgs/lib/libspot_msgs__rosidl_typesupport_cpp.so
[1.659s] -- Up-to-date: /home/caleb/ros2_ws/install/spot_msgs/share/spot_msgs/environment/pythonpath.sh
[1.659s] -- Up-to-date: /home/caleb/ros2_ws/install/spot_msgs/share/spot_msgs/environment/pythonpath.dsv
[1.659s] -- Up-to-date: /home/caleb/ros2_ws/install/spot_msgs/lib/python3.8/site-packages/spot_msgs/__init__.py
[1.659s] -- Up-to-date: /home/caleb/ros2_ws/install/spot_msgs/lib/python3.8/site-packages/spot_msgs/action
[1.659s] -- Up-to-date: /home/caleb/ros2_ws/install/spot_msgs/lib/python3.8/site-packages/spot_msgs/action/_navigate_to.py
[1.659s] -- Up-to-date: /home/caleb/ros2_ws/install/spot_msgs/lib/python3.8/site-packages/spot_msgs/action/__init__.py
[1.659s] -- Up-to-date: /home/caleb/ros2_ws/install/spot_msgs/lib/python3.8/site-packages/spot_msgs/action/_trajectory.py
[1.659s] -- Up-to-date: /home/caleb/ros2_ws/install/spot_msgs/lib/python3.8/site-packages/spot_msgs/action/_trajectory_s.c
[1.659s] -- Up-to-date: /home/caleb/ros2_ws/install/spot_msgs/lib/python3.8/site-packages/spot_msgs/action/_navigate_to_s.c
[1.659s] -- Up-to-date: /home/caleb/ros2_ws/install/spot_msgs/lib/python3.8/site-packages/spot_msgs/srv
[1.659s] -- Up-to-date: /home/caleb/ros2_ws/install/spot_msgs/lib/python3.8/site-packages/spot_msgs/srv/_gripper_angle_move_s.c
[1.660s] -- Up-to-date: /home/caleb/ros2_ws/install/spot_msgs/lib/python3.8/site-packages/spot_msgs/srv/_set_locomotion_s.c
[1.660s] -- Up-to-date: /home/caleb/ros2_ws/install/spot_msgs/lib/python3.8/site-packages/spot_msgs/srv/_list_graph_s.c
[1.660s] -- Up-to-date: /home/caleb/ros2_ws/install/spot_msgs/lib/python3.8/site-packages/spot_msgs/srv/_arm_joint_movement_s.c
[1.660s] -- Up-to-date: /home/caleb/ros2_ws/install/spot_msgs/lib/python3.8/site-packages/spot_msgs/srv/_arm_force_trajectory_s.c
[1.660s] -- Up-to-date: /home/caleb/ros2_ws/install/spot_msgs/lib/python3.8/site-packages/spot_msgs/srv/__init__.py
[1.661s] -- Up-to-date: /home/caleb/ros2_ws/install/spot_msgs/lib/python3.8/site-packages/spot_msgs/srv/_constrained_arm_joint_movement.py
[1.661s] -- Up-to-date: /home/caleb/ros2_ws/install/spot_msgs/lib/python3.8/site-packages/spot_msgs/srv/_clear_behavior_fault.py
[1.661s] -- Up-to-date: /home/caleb/ros2_ws/install/spot_msgs/lib/python3.8/site-packages/spot_msgs/srv/_set_locomotion.py
[1.661s] -- Up-to-date: /home/caleb/ros2_ws/install/spot_msgs/lib/python3.8/site-packages/spot_msgs/srv/_dock_s.c
[1.661s] -- Up-to-date: /home/caleb/ros2_ws/install/spot_msgs/lib/python3.8/site-packages/spot_msgs/srv/_set_velocity.py
[1.661s] -- Up-to-date: /home/caleb/ros2_ws/install/spot_msgs/lib/python3.8/site-packages/spot_msgs/srv/_gripper_angle_move.py
[1.662s] -- Up-to-date: /home/caleb/ros2_ws/install/spot_msgs/lib/python3.8/site-packages/spot_msgs/srv/_clear_behavior_fault_s.c
[1.662s] -- Up-to-date: /home/caleb/ros2_ws/install/spot_msgs/lib/python3.8/site-packages/spot_msgs/srv/_dock.py
[1.662s] -- Up-to-date: /home/caleb/ros2_ws/install/spot_msgs/lib/python3.8/site-packages/spot_msgs/srv/_arm_force_trajectory.py
[1.662s] -- Up-to-date: /home/caleb/ros2_ws/install/spot_msgs/lib/python3.8/site-packages/spot_msgs/srv/_arm_joint_movement.py
[1.662s] -- Up-to-date: /home/caleb/ros2_ws/install/spot_msgs/lib/python3.8/site-packages/spot_msgs/srv/_constrained_arm_joint_movement_s.c
[1.662s] -- Up-to-date: /home/caleb/ros2_ws/install/spot_msgs/lib/python3.8/site-packages/spot_msgs/srv/_set_velocity_s.c
[1.663s] -- Up-to-date: /home/caleb/ros2_ws/install/spot_msgs/lib/python3.8/site-packages/spot_msgs/srv/_hand_pose_s.c
[1.663s] -- Up-to-date: /home/caleb/ros2_ws/install/spot_msgs/lib/python3.8/site-packages/spot_msgs/srv/_hand_pose.py
[1.663s] -- Up-to-date: /home/caleb/ros2_ws/install/spot_msgs/lib/python3.8/site-packages/spot_msgs/srv/_list_graph.py
[1.663s] -- Up-to-date: /home/caleb/ros2_ws/install/spot_msgs/lib/python3.8/site-packages/spot_msgs/msg
[1.663s] -- Up-to-date: /home/caleb/ros2_ws/install/spot_msgs/lib/python3.8/site-packages/spot_msgs/msg/_lease_array.py
[1.664s] -- Up-to-date: /home/caleb/ros2_ws/install/spot_msgs/lib/python3.8/site-packages/spot_msgs/msg/_manipulator_state_s.c
[1.664s] -- Up-to-date: /home/caleb/ros2_ws/install/spot_msgs/lib/python3.8/site-packages/spot_msgs/msg/_feedback_s.c
[1.664s] -- Up-to-date: /home/caleb/ros2_ws/install/spot_msgs/lib/python3.8/site-packages/spot_msgs/msg/_lease_resource_s.c
[1.664s] -- Up-to-date: /home/caleb/ros2_ws/install/spot_msgs/lib/python3.8/site-packages/spot_msgs/msg/_lease_owner.py
[1.664s] -- Up-to-date: /home/caleb/ros2_ws/install/spot_msgs/lib/python3.8/site-packages/spot_msgs/msg/_battery_state_s.c
[1.664s] -- Up-to-date: /home/caleb/ros2_ws/install/spot_msgs/lib/python3.8/site-packages/spot_msgs/msg/_manipulator_state.py
[1.665s] -- Up-to-date: /home/caleb/ros2_ws/install/spot_msgs/lib/python3.8/site-packages/spot_msgs/msg/_foot_state_array_s.c
[1.665s] -- Up-to-date: /home/caleb/ros2_ws/install/spot_msgs/lib/python3.8/site-packages/spot_msgs/msg/_battery_state_array_s.c
[1.665s] -- Up-to-date: /home/caleb/ros2_ws/install/spot_msgs/lib/python3.8/site-packages/spot_msgs/msg/_power_state.py
[1.665s] -- Up-to-date: /home/caleb/ros2_ws/install/spot_msgs/lib/python3.8/site-packages/spot_msgs/msg/_dock_state_s.c
[1.665s] -- Up-to-date: /home/caleb/ros2_ws/install/spot_msgs/lib/python3.8/site-packages/spot_msgs/msg/_foot_state_array.py
[1.666s] -- Up-to-date: /home/caleb/ros2_ws/install/spot_msgs/lib/python3.8/site-packages/spot_msgs/msg/_system_fault_state_s.c
[1.666s] -- Up-to-date: /home/caleb/ros2_ws/install/spot_msgs/lib/python3.8/site-packages/spot_msgs/msg/_system_fault.py
[1.666s] -- Up-to-date: /home/caleb/ros2_ws/install/spot_msgs/lib/python3.8/site-packages/spot_msgs/msg/_lease_array_s.c
[1.666s] -- Up-to-date: /home/caleb/ros2_ws/install/spot_msgs/lib/python3.8/site-packages/spot_msgs/msg/_lease_resource.py
[1.666s] -- Up-to-date: /home/caleb/ros2_ws/install/spot_msgs/lib/python3.8/site-packages/spot_msgs/msg/__init__.py
[1.666s] -- Up-to-date: /home/caleb/ros2_ws/install/spot_msgs/lib/python3.8/site-packages/spot_msgs/msg/_wi_fi_state_s.c
[1.667s] -- Up-to-date: /home/caleb/ros2_ws/install/spot_msgs/lib/python3.8/site-packages/spot_msgs/msg/_mobility_params.py
[1.667s] -- Up-to-date: /home/caleb/ros2_ws/install/spot_msgs/lib/python3.8/site-packages/spot_msgs/msg/_power_state_s.c
[1.667s] -- Up-to-date: /home/caleb/ros2_ws/install/spot_msgs/lib/python3.8/site-packages/spot_msgs/msg/_battery_state.py
[1.667s] -- Up-to-date: /home/caleb/ros2_ws/install/spot_msgs/lib/python3.8/site-packages/spot_msgs/msg/_system_fault_state.py
[1.667s] -- Up-to-date: /home/caleb/ros2_ws/install/spot_msgs/lib/python3.8/site-packages/spot_msgs/msg/_foot_state.py
[1.667s] -- Up-to-date: /home/caleb/ros2_ws/install/spot_msgs/lib/python3.8/site-packages/spot_msgs/msg/_metrics.py
[1.668s] -- Up-to-date: /home/caleb/ros2_ws/install/spot_msgs/lib/python3.8/site-packages/spot_msgs/msg/_dock_state.py
[1.668s] -- Up-to-date: /home/caleb/ros2_ws/install/spot_msgs/lib/python3.8/site-packages/spot_msgs/msg/_mobility_params_s.c
[1.668s] -- Up-to-date: /home/caleb/ros2_ws/install/spot_msgs/lib/python3.8/site-packages/spot_msgs/msg/_e_stop_state_array.py
[1.668s] -- Up-to-date: /home/caleb/ros2_ws/install/spot_msgs/lib/python3.8/site-packages/spot_msgs/msg/_wi_fi_state.py
[1.668s] -- Up-to-date: /home/caleb/ros2_ws/install/spot_msgs/lib/python3.8/site-packages/spot_msgs/msg/_foot_state_s.c
[1.668s] -- Up-to-date: /home/caleb/ros2_ws/install/spot_msgs/lib/python3.8/site-packages/spot_msgs/msg/_behavior_fault_s.c
[1.668s] -- Up-to-date: /home/caleb/ros2_ws/install/spot_msgs/lib/python3.8/site-packages/spot_msgs/msg/_e_stop_state_s.c
[1.668s] -- Up-to-date: /home/caleb/ros2_ws/install/spot_msgs/lib/python3.8/site-packages/spot_msgs/msg/_lease_owner_s.c
[1.668s] -- Up-to-date: /home/caleb/ros2_ws/install/spot_msgs/lib/python3.8/site-packages/spot_msgs/msg/_lease_s.c
[1.668s] -- Up-to-date: /home/caleb/ros2_ws/install/spot_msgs/lib/python3.8/site-packages/spot_msgs/msg/_behavior_fault_state_s.c
[1.669s] -- Up-to-date: /home/caleb/ros2_ws/install/spot_msgs/lib/python3.8/site-packages/spot_msgs/msg/_e_stop_state.py
[1.669s] -- Up-to-date: /home/caleb/ros2_ws/install/spot_msgs/lib/python3.8/site-packages/spot_msgs/msg/_system_fault_s.c
[1.669s] -- Up-to-date: /home/caleb/ros2_ws/install/spot_msgs/lib/python3.8/site-packages/spot_msgs/msg/_behavior_fault.py
[1.669s] -- Up-to-date: /home/caleb/ros2_ws/install/spot_msgs/lib/python3.8/site-packages/spot_msgs/msg/_battery_state_array.py
[1.669s] -- Up-to-date: /home/caleb/ros2_ws/install/spot_msgs/lib/python3.8/site-packages/spot_msgs/msg/_lease.py
[1.669s] -- Up-to-date: /home/caleb/ros2_ws/install/spot_msgs/lib/python3.8/site-packages/spot_msgs/msg/_feedback.py
[1.670s] -- Up-to-date: /home/caleb/ros2_ws/install/spot_msgs/lib/python3.8/site-packages/spot_msgs/msg/_behavior_fault_state.py
[1.670s] -- Up-to-date: /home/caleb/ros2_ws/install/spot_msgs/lib/python3.8/site-packages/spot_msgs/msg/_e_stop_state_array_s.c
[1.670s] -- Up-to-date: /home/caleb/ros2_ws/install/spot_msgs/lib/python3.8/site-packages/spot_msgs/msg/_metrics_s.c
[1.670s] -- Up-to-date: /home/caleb/ros2_ws/install/spot_msgs/lib/python3.8/site-packages/spot_msgs/spot_msgs_s__rosidl_typesupport_fastrtps_c.cpython-38-x86_64-linux-gnu.so
[1.671s] -- Up-to-date: /home/caleb/ros2_ws/install/spot_msgs/lib/python3.8/site-packages/spot_msgs/spot_msgs_s__rosidl_typesupport_introspection_c.cpython-38-x86_64-linux-gnu.so
[1.671s] -- Up-to-date: /home/caleb/ros2_ws/install/spot_msgs/lib/python3.8/site-packages/spot_msgs/spot_msgs_s__rosidl_typesupport_c.cpython-38-x86_64-linux-gnu.so
[1.671s] -- Up-to-date: /home/caleb/ros2_ws/install/spot_msgs/lib/libspot_msgs__python.so
[1.671s] -- Up-to-date: /home/caleb/ros2_ws/install/spot_msgs/share/spot_msgs/action/NavigateTo.idl
[1.671s] -- Up-to-date: /home/caleb/ros2_ws/install/spot_msgs/share/spot_msgs/action/Trajectory.idl
[1.672s] -- Up-to-date: /home/caleb/ros2_ws/install/spot_msgs/share/spot_msgs/srv/ClearBehaviorFault.idl
[1.672s] -- Up-to-date: /home/caleb/ros2_ws/install/spot_msgs/share/spot_msgs/srv/ListGraph.idl
[1.672s] -- Up-to-date: /home/caleb/ros2_ws/install/spot_msgs/share/spot_msgs/srv/Dock.idl
[1.672s] -- Up-to-date: /home/caleb/ros2_ws/install/spot_msgs/share/spot_msgs/srv/SetLocomotion.idl
[1.673s] -- Up-to-date: /home/caleb/ros2_ws/install/spot_msgs/share/spot_msgs/srv/SetVelocity.idl
[1.673s] -- Up-to-date: /home/caleb/ros2_ws/install/spot_msgs/share/spot_msgs/srv/ArmForceTrajectory.idl
[1.673s] -- Up-to-date: /home/caleb/ros2_ws/install/spot_msgs/share/spot_msgs/srv/ArmJointMovement.idl
[1.673s] -- Up-to-date: /home/caleb/ros2_ws/install/spot_msgs/share/spot_msgs/srv/ConstrainedArmJointMovement.idl
[1.673s] -- Up-to-date: /home/caleb/ros2_ws/install/spot_msgs/share/spot_msgs/srv/GripperAngleMove.idl
[1.674s] -- Up-to-date: /home/caleb/ros2_ws/install/spot_msgs/share/spot_msgs/srv/HandPose.idl
[1.674s] -- Up-to-date: /home/caleb/ros2_ws/install/spot_msgs/share/spot_msgs/msg/BatteryStateArray.idl
[1.674s] -- Up-to-date: /home/caleb/ros2_ws/install/spot_msgs/share/spot_msgs/msg/BehaviorFault.idl
[1.674s] -- Up-to-date: /home/caleb/ros2_ws/install/spot_msgs/share/spot_msgs/msg/DockState.idl
[1.674s] -- Up-to-date: /home/caleb/ros2_ws/install/spot_msgs/share/spot_msgs/msg/EStopStateArray.idl
[1.675s] -- Up-to-date: /home/caleb/ros2_ws/install/spot_msgs/share/spot_msgs/msg/FootStateArray.idl
[1.675s] -- Up-to-date: /home/caleb/ros2_ws/install/spot_msgs/share/spot_msgs/msg/LeaseArray.idl
[1.675s] -- Up-to-date: /home/caleb/ros2_ws/install/spot_msgs/share/spot_msgs/msg/LeaseOwner.idl
[1.675s] -- Up-to-date: /home/caleb/ros2_ws/install/spot_msgs/share/spot_msgs/msg/MobilityParams.idl
[1.676s] -- Up-to-date: /home/caleb/ros2_ws/install/spot_msgs/share/spot_msgs/msg/Metrics.idl
[1.676s] -- Up-to-date: /home/caleb/ros2_ws/install/spot_msgs/share/spot_msgs/msg/SystemFault.idl
[1.676s] -- Up-to-date: /home/caleb/ros2_ws/install/spot_msgs/share/spot_msgs/msg/WiFiState.idl
[1.676s] -- Up-to-date: /home/caleb/ros2_ws/install/spot_msgs/share/spot_msgs/msg/BatteryState.idl
[1.676s] -- Up-to-date: /home/caleb/ros2_ws/install/spot_msgs/share/spot_msgs/msg/BehaviorFaultState.idl
[1.677s] -- Up-to-date: /home/caleb/ros2_ws/install/spot_msgs/share/spot_msgs/msg/ManipulatorState.idl
[1.677s] -- Up-to-date: /home/caleb/ros2_ws/install/spot_msgs/share/spot_msgs/msg/EStopState.idl
[1.677s] -- Up-to-date: /home/caleb/ros2_ws/install/spot_msgs/share/spot_msgs/msg/Feedback.idl
[1.678s] -- Up-to-date: /home/caleb/ros2_ws/install/spot_msgs/share/spot_msgs/msg/FootState.idl
[1.678s] -- Up-to-date: /home/caleb/ros2_ws/install/spot_msgs/share/spot_msgs/msg/Lease.idl
[1.678s] -- Up-to-date: /home/caleb/ros2_ws/install/spot_msgs/share/spot_msgs/msg/LeaseResource.idl
[1.678s] -- Up-to-date: /home/caleb/ros2_ws/install/spot_msgs/share/spot_msgs/msg/PowerState.idl
[1.679s] -- Up-to-date: /home/caleb/ros2_ws/install/spot_msgs/share/spot_msgs/msg/SystemFaultState.idl
[1.679s] -- Up-to-date: /home/caleb/ros2_ws/install/spot_msgs/share/spot_msgs/action/NavigateTo.action
[1.679s] -- Up-to-date: /home/caleb/ros2_ws/install/spot_msgs/share/spot_msgs/action/Trajectory.action
[1.679s] -- Up-to-date: /home/caleb/ros2_ws/install/spot_msgs/share/spot_msgs/srv/ClearBehaviorFault.srv
[1.679s] -- Up-to-date: /home/caleb/ros2_ws/install/spot_msgs/share/spot_msgs/srv/ClearBehaviorFault_Request.msg
[1.680s] -- Up-to-date: /home/caleb/ros2_ws/install/spot_msgs/share/spot_msgs/srv/ClearBehaviorFault_Response.msg
[1.680s] -- Up-to-date: /home/caleb/ros2_ws/install/spot_msgs/share/spot_msgs/srv/ListGraph.srv
[1.680s] -- Up-to-date: /home/caleb/ros2_ws/install/spot_msgs/share/spot_msgs/srv/ListGraph_Request.msg
[1.680s] -- Up-to-date: /home/caleb/ros2_ws/install/spot_msgs/share/spot_msgs/srv/ListGraph_Response.msg
[1.680s] -- Up-to-date: /home/caleb/ros2_ws/install/spot_msgs/share/spot_msgs/srv/Dock.srv
[1.681s] -- Up-to-date: /home/caleb/ros2_ws/install/spot_msgs/share/spot_msgs/srv/Dock_Request.msg
[1.681s] -- Up-to-date: /home/caleb/ros2_ws/install/spot_msgs/share/spot_msgs/srv/Dock_Response.msg
[1.681s] -- Up-to-date: /home/caleb/ros2_ws/install/spot_msgs/share/spot_msgs/srv/SetLocomotion.srv
[1.681s] -- Up-to-date: /home/caleb/ros2_ws/install/spot_msgs/share/spot_msgs/srv/SetLocomotion_Request.msg
[1.682s] -- Up-to-date: /home/caleb/ros2_ws/install/spot_msgs/share/spot_msgs/srv/SetLocomotion_Response.msg
[1.682s] -- Up-to-date: /home/caleb/ros2_ws/install/spot_msgs/share/spot_msgs/srv/SetVelocity.srv
[1.682s] -- Up-to-date: /home/caleb/ros2_ws/install/spot_msgs/share/spot_msgs/srv/SetVelocity_Request.msg
[1.683s] -- Up-to-date: /home/caleb/ros2_ws/install/spot_msgs/share/spot_msgs/srv/SetVelocity_Response.msg
[1.683s] -- Up-to-date: /home/caleb/ros2_ws/install/spot_msgs/share/spot_msgs/srv/ArmForceTrajectory.srv
[1.683s] -- Up-to-date: /home/caleb/ros2_ws/install/spot_msgs/share/spot_msgs/srv/ArmForceTrajectory_Request.msg
[1.683s] -- Up-to-date: /home/caleb/ros2_ws/install/spot_msgs/share/spot_msgs/srv/ArmForceTrajectory_Response.msg
[1.683s] -- Up-to-date: /home/caleb/ros2_ws/install/spot_msgs/share/spot_msgs/srv/ArmJointMovement.srv
[1.683s] -- Up-to-date: /home/caleb/ros2_ws/install/spot_msgs/share/spot_msgs/srv/ArmJointMovement_Request.msg
[1.683s] -- Up-to-date: /home/caleb/ros2_ws/install/spot_msgs/share/spot_msgs/srv/ArmJointMovement_Response.msg
[1.683s] -- Up-to-date: /home/caleb/ros2_ws/install/spot_msgs/share/spot_msgs/srv/ConstrainedArmJointMovement.srv
[1.683s] -- Up-to-date: /home/caleb/ros2_ws/install/spot_msgs/share/spot_msgs/srv/ConstrainedArmJointMovement_Request.msg
[1.683s] -- Up-to-date: /home/caleb/ros2_ws/install/spot_msgs/share/spot_msgs/srv/ConstrainedArmJointMovement_Response.msg
[1.683s] -- Up-to-date: /home/caleb/ros2_ws/install/spot_msgs/share/spot_msgs/srv/GripperAngleMove.srv
[1.683s] -- Up-to-date: /home/caleb/ros2_ws/install/spot_msgs/share/spot_msgs/srv/GripperAngleMove_Request.msg
[1.683s] -- Up-to-date: /home/caleb/ros2_ws/install/spot_msgs/share/spot_msgs/srv/GripperAngleMove_Response.msg
[1.683s] -- Up-to-date: /home/caleb/ros2_ws/install/spot_msgs/share/spot_msgs/srv/HandPose.srv
[1.683s] -- Up-to-date: /home/caleb/ros2_ws/install/spot_msgs/share/spot_msgs/srv/HandPose_Request.msg
[1.683s] -- Up-to-date: /home/caleb/ros2_ws/install/spot_msgs/share/spot_msgs/srv/HandPose_Response.msg
[1.683s] -- Up-to-date: /home/caleb/ros2_ws/install/spot_msgs/share/spot_msgs/msg/BatteryStateArray.msg
[1.683s] -- Up-to-date: /home/caleb/ros2_ws/install/spot_msgs/share/spot_msgs/msg/BehaviorFault.msg
[1.683s] -- Up-to-date: /home/caleb/ros2_ws/install/spot_msgs/share/spot_msgs/msg/DockState.msg
[1.683s] -- Up-to-date: /home/caleb/ros2_ws/install/spot_msgs/share/spot_msgs/msg/EStopStateArray.msg
[1.683s] -- Up-to-date: /home/caleb/ros2_ws/install/spot_msgs/share/spot_msgs/msg/FootStateArray.msg
[1.684s] -- Up-to-date: /home/caleb/ros2_ws/install/spot_msgs/share/spot_msgs/msg/LeaseArray.msg
[1.684s] -- Up-to-date: /home/caleb/ros2_ws/install/spot_msgs/share/spot_msgs/msg/LeaseOwner.msg
[1.684s] -- Up-to-date: /home/caleb/ros2_ws/install/spot_msgs/share/spot_msgs/msg/MobilityParams.msg
[1.684s] -- Up-to-date: /home/caleb/ros2_ws/install/spot_msgs/share/spot_msgs/msg/Metrics.msg
[1.684s] -- Up-to-date: /home/caleb/ros2_ws/install/spot_msgs/share/spot_msgs/msg/SystemFault.msg
[1.684s] -- Up-to-date: /home/caleb/ros2_ws/install/spot_msgs/share/spot_msgs/msg/WiFiState.msg
[1.684s] -- Up-to-date: /home/caleb/ros2_ws/install/spot_msgs/share/spot_msgs/msg/BatteryState.msg
[1.684s] -- Up-to-date: /home/caleb/ros2_ws/install/spot_msgs/share/spot_msgs/msg/BehaviorFaultState.msg
[1.685s] -- Up-to-date: /home/caleb/ros2_ws/install/spot_msgs/share/spot_msgs/msg/ManipulatorState.msg
[1.685s] -- Up-to-date: /home/caleb/ros2_ws/install/spot_msgs/share/spot_msgs/msg/EStopState.msg
[1.685s] -- Up-to-date: /home/caleb/ros2_ws/install/spot_msgs/share/spot_msgs/msg/Feedback.msg
[1.685s] -- Up-to-date: /home/caleb/ros2_ws/install/spot_msgs/share/spot_msgs/msg/FootState.msg
[1.685s] -- Up-to-date: /home/caleb/ros2_ws/install/spot_msgs/share/spot_msgs/msg/Lease.msg
[1.685s] -- Up-to-date: /home/caleb/ros2_ws/install/spot_msgs/share/spot_msgs/msg/LeaseResource.msg
[1.685s] -- Up-to-date: /home/caleb/ros2_ws/install/spot_msgs/share/spot_msgs/msg/PowerState.msg
[1.685s] -- Up-to-date: /home/caleb/ros2_ws/install/spot_msgs/share/spot_msgs/msg/SystemFaultState.msg
[1.685s] -- Up-to-date: /home/caleb/ros2_ws/install/spot_msgs/share/ament_index/resource_index/package_run_dependencies/spot_msgs
[1.685s] -- Up-to-date: /home/caleb/ros2_ws/install/spot_msgs/share/ament_index/resource_index/parent_prefix_path/spot_msgs
[1.686s] -- Up-to-date: /home/caleb/ros2_ws/install/spot_msgs/share/spot_msgs/environment/ament_prefix_path.sh
[1.686s] -- Up-to-date: /home/caleb/ros2_ws/install/spot_msgs/share/spot_msgs/environment/ament_prefix_path.dsv
[1.686s] -- Up-to-date: /home/caleb/ros2_ws/install/spot_msgs/share/spot_msgs/environment/path.sh
[1.686s] -- Up-to-date: /home/caleb/ros2_ws/install/spot_msgs/share/spot_msgs/environment/path.dsv
[1.686s] -- Up-to-date: /home/caleb/ros2_ws/install/spot_msgs/share/spot_msgs/local_setup.bash
[1.687s] -- Up-to-date: /home/caleb/ros2_ws/install/spot_msgs/share/spot_msgs/local_setup.sh
[1.687s] -- Up-to-date: /home/caleb/ros2_ws/install/spot_msgs/share/spot_msgs/local_setup.zsh
[1.687s] -- Up-to-date: /home/caleb/ros2_ws/install/spot_msgs/share/spot_msgs/local_setup.dsv
[1.687s] -- Installing: /home/caleb/ros2_ws/install/spot_msgs/share/spot_msgs/package.dsv
[1.687s] -- Up-to-date: /home/caleb/ros2_ws/install/spot_msgs/share/ament_index/resource_index/packages/spot_msgs
[1.687s] -- Up-to-date: /home/caleb/ros2_ws/install/spot_msgs/share/spot_msgs/cmake/spot_msgs__rosidl_generator_cExport.cmake
[1.687s] -- Up-to-date: /home/caleb/ros2_ws/install/spot_msgs/share/spot_msgs/cmake/spot_msgs__rosidl_generator_cExport-noconfig.cmake
[1.688s] -- Up-to-date: /home/caleb/ros2_ws/install/spot_msgs/share/spot_msgs/cmake/spot_msgs__rosidl_typesupport_introspection_cExport.cmake
[1.688s] -- Up-to-date: /home/caleb/ros2_ws/install/spot_msgs/share/spot_msgs/cmake/spot_msgs__rosidl_typesupport_introspection_cExport-noconfig.cmake
[1.688s] -- Up-to-date: /home/caleb/ros2_ws/install/spot_msgs/share/spot_msgs/cmake/spot_msgs__rosidl_typesupport_cExport.cmake
[1.688s] -- Up-to-date: /home/caleb/ros2_ws/install/spot_msgs/share/spot_msgs/cmake/spot_msgs__rosidl_typesupport_cExport-noconfig.cmake
[1.688s] -- Up-to-date: /home/caleb/ros2_ws/install/spot_msgs/share/spot_msgs/cmake/spot_msgs__rosidl_generator_cppExport.cmake
[1.688s] -- Up-to-date: /home/caleb/ros2_ws/install/spot_msgs/share/spot_msgs/cmake/spot_msgs__rosidl_typesupport_introspection_cppExport.cmake
[1.688s] -- Up-to-date: /home/caleb/ros2_ws/install/spot_msgs/share/spot_msgs/cmake/spot_msgs__rosidl_typesupport_introspection_cppExport-noconfig.cmake
[1.689s] -- Up-to-date: /home/caleb/ros2_ws/install/spot_msgs/share/spot_msgs/cmake/spot_msgs__rosidl_typesupport_cppExport.cmake
[1.689s] -- Up-to-date: /home/caleb/ros2_ws/install/spot_msgs/share/spot_msgs/cmake/spot_msgs__rosidl_typesupport_cppExport-noconfig.cmake
[1.689s] -- Up-to-date: /home/caleb/ros2_ws/install/spot_msgs/share/spot_msgs/cmake/rosidl_cmake-extras.cmake
[1.689s] -- Up-to-date: /home/caleb/ros2_ws/install/spot_msgs/share/spot_msgs/cmake/ament_cmake_export_dependencies-extras.cmake
[1.689s] -- Up-to-date: /home/caleb/ros2_ws/install/spot_msgs/share/spot_msgs/cmake/ament_cmake_export_libraries-extras.cmake
[1.690s] -- Up-to-date: /home/caleb/ros2_ws/install/spot_msgs/share/spot_msgs/cmake/ament_cmake_export_targets-extras.cmake
[1.690s] -- Up-to-date: /home/caleb/ros2_ws/install/spot_msgs/share/spot_msgs/cmake/ament_cmake_export_include_directories-extras.cmake
[1.690s] -- Up-to-date: /home/caleb/ros2_ws/install/spot_msgs/share/spot_msgs/cmake/rosidl_cmake_export_typesupport_libraries-extras.cmake
[1.690s] -- Up-to-date: /home/caleb/ros2_ws/install/spot_msgs/share/spot_msgs/cmake/rosidl_cmake_export_typesupport_targets-extras.cmake
[1.690s] -- Up-to-date: /home/caleb/ros2_ws/install/spot_msgs/share/spot_msgs/cmake/spot_msgsConfig.cmake
[1.690s] -- Up-to-date: /home/caleb/ros2_ws/install/spot_msgs/share/spot_msgs/cmake/spot_msgsConfig-version.cmake
[1.691s] -- Up-to-date: /home/caleb/ros2_ws/install/spot_msgs/share/spot_msgs/package.xml
[2.206s] Invoked command in '/home/caleb/ros2_ws/build/spot_msgs' returned '0': CMAKE_PREFIX_PATH=${CMAKE_PREFIX_PATH}:/home/caleb/ros2_ws/install/spot_driver:/home/caleb/ros2_ws/install/spot_manipulation_driver:/opt/ros/galactic /usr/local/bin/cmake --install /home/caleb/ros2_ws/build/spot_msgs
