[0.964s] Invoking command in '/home/caleb/ros2_ws/build/spot_arm_moveit2_config': CMAKE_PREFIX_PATH=${CMAKE_PREFIX_PATH}:/home/caleb/ros2_ws/install/spot_driver:/home/caleb/ros2_ws/install/spot_manipulation_driver:/opt/ros/galactic /usr/local/bin/cmake /home/caleb/ros2_ws/src/nrg_spot_manipulation_moveit/spot_arm_moveit2_config -DCMAKE_BUILD_TYPE=Release -DCMAKE_INSTALL_PREFIX=/home/caleb/ros2_ws/install/spot_arm_moveit2_config
[1.256s] -- Found ament_cmake: 1.1.6 (/opt/ros/galactic/share/ament_cmake/cmake)
[1.257s] -- Using PYTHON_EXECUTABLE: /usr/bin/python3
[1.257s] -- Found ament_lint_auto: 0.10.7 (/opt/ros/galactic/share/ament_lint_auto/cmake)
[1.258s] -- Added test 'copyright' to check source files copyright and LICENSE
[1.259s] -- Added test 'flake8' to check Python code syntax and style conventions
[1.259s] -- Added test 'lint_cmake' to check CMake code style
[1.260s] -- Added test 'pep257' to check Python code against some of the style conventions in PEP 257
[1.260s] -- Added test 'xmllint' to check XML markup files
[1.261s] -- Configuring done
[1.262s] -- Generating done
[1.263s] -- Build files have been written to: /home/caleb/ros2_ws/build/spot_arm_moveit2_config
[1.272s] Invoked command in '/home/caleb/ros2_ws/build/spot_arm_moveit2_config' returned '0': CMAKE_PREFIX_PATH=${CMAKE_PREFIX_PATH}:/home/caleb/ros2_ws/install/spot_driver:/home/caleb/ros2_ws/install/spot_manipulation_driver:/opt/ros/galactic /usr/local/bin/cmake /home/caleb/ros2_ws/src/nrg_spot_manipulation_moveit/spot_arm_moveit2_config -DCMAKE_BUILD_TYPE=Release -DCMAKE_INSTALL_PREFIX=/home/caleb/ros2_ws/install/spot_arm_moveit2_config
[1.273s] Invoking command in '/home/caleb/ros2_ws/build/spot_arm_moveit2_config': CMAKE_PREFIX_PATH=${CMAKE_PREFIX_PATH}:/home/caleb/ros2_ws/install/spot_driver:/home/caleb/ros2_ws/install/spot_manipulation_driver:/opt/ros/galactic /usr/local/bin/cmake --build /home/caleb/ros2_ws/build/spot_arm_moveit2_config -- -j20 -l20
[1.279s] Invoked command in '/home/caleb/ros2_ws/build/spot_arm_moveit2_config' returned '0': CMAKE_PREFIX_PATH=${CMAKE_PREFIX_PATH}:/home/caleb/ros2_ws/install/spot_driver:/home/caleb/ros2_ws/install/spot_manipulation_driver:/opt/ros/galactic /usr/local/bin/cmake --build /home/caleb/ros2_ws/build/spot_arm_moveit2_config -- -j20 -l20
[1.337s] Invoking command in '/home/caleb/ros2_ws/build/spot_arm_moveit2_config': CMAKE_PREFIX_PATH=${CMAKE_PREFIX_PATH}:/home/caleb/ros2_ws/install/spot_driver:/home/caleb/ros2_ws/install/spot_manipulation_driver:/opt/ros/galactic /usr/local/bin/cmake --install /home/caleb/ros2_ws/build/spot_arm_moveit2_config
[1.658s] -- Install configuration: "Release"
[1.658s] -- Up-to-date: /home/caleb/ros2_ws/install/spot_arm_moveit2_config/share/ament_index/resource_index/package_run_dependencies/spot_arm_moveit2_config
[1.659s] -- Installing: /home/caleb/ros2_ws/install/spot_arm_moveit2_config/share/ament_index/resource_index/parent_prefix_path/spot_arm_moveit2_config
[1.659s] -- Up-to-date: /home/caleb/ros2_ws/install/spot_arm_moveit2_config/share/spot_arm_moveit2_config/environment/ament_prefix_path.sh
[1.659s] -- Installing: /home/caleb/ros2_ws/install/spot_arm_moveit2_config/share/spot_arm_moveit2_config/environment/ament_prefix_path.dsv
[1.659s] -- Up-to-date: /home/caleb/ros2_ws/install/spot_arm_moveit2_config/share/spot_arm_moveit2_config/environment/path.sh
[1.659s] -- Installing: /home/caleb/ros2_ws/install/spot_arm_moveit2_config/share/spot_arm_moveit2_config/environment/path.dsv
[1.659s] -- Up-to-date: /home/caleb/ros2_ws/install/spot_arm_moveit2_config/share/spot_arm_moveit2_config/local_setup.bash
[1.659s] -- Up-to-date: /home/caleb/ros2_ws/install/spot_arm_moveit2_config/share/spot_arm_moveit2_config/local_setup.sh
[1.659s] -- Up-to-date: /home/caleb/ros2_ws/install/spot_arm_moveit2_config/share/spot_arm_moveit2_config/local_setup.zsh
[1.659s] -- Installing: /home/caleb/ros2_ws/install/spot_arm_moveit2_config/share/spot_arm_moveit2_config/local_setup.dsv
[1.660s] -- Installing: /home/caleb/ros2_ws/install/spot_arm_moveit2_config/share/spot_arm_moveit2_config/package.dsv
[1.660s] -- Up-to-date: /home/caleb/ros2_ws/install/spot_arm_moveit2_config/share/ament_index/resource_index/packages/spot_arm_moveit2_config
[1.660s] -- Up-to-date: /home/caleb/ros2_ws/install/spot_arm_moveit2_config/share/spot_arm_moveit2_config/cmake/spot_arm_moveit2_configConfig.cmake
[1.660s] -- Up-to-date: /home/caleb/ros2_ws/install/spot_arm_moveit2_config/share/spot_arm_moveit2_config/cmake/spot_arm_moveit2_configConfig-version.cmake
[1.660s] -- Up-to-date: /home/caleb/ros2_ws/install/spot_arm_moveit2_config/share/spot_arm_moveit2_config/package.xml
[1.660s] -- Up-to-date: /home/caleb/ros2_ws/install/spot_arm_moveit2_config/share/spot_arm_moveit2_config/config
[1.662s] -- Up-to-date: /home/caleb/ros2_ws/install/spot_arm_moveit2_config/share/spot_arm_moveit2_config/config/spot.srdf
[1.662s] -- Up-to-date: /home/caleb/ros2_ws/install/spot_arm_moveit2_config/share/spot_arm_moveit2_config/config/cartesian_limits.yaml
[1.662s] -- Up-to-date: /home/caleb/ros2_ws/install/spot_arm_moveit2_config/share/spot_arm_moveit2_config/config/gazebo_spot.urdf
[1.662s] -- Up-to-date: /home/caleb/ros2_ws/install/spot_arm_moveit2_config/share/spot_arm_moveit2_config/config/ompl_planning.yaml
[1.663s] -- Up-to-date: /home/caleb/ros2_ws/install/spot_arm_moveit2_config/share/spot_arm_moveit2_config/config/chomp_planning.yaml
[1.663s] -- Up-to-date: /home/caleb/ros2_ws/install/spot_arm_moveit2_config/share/spot_arm_moveit2_config/config/joint_limits.yaml
[1.663s] -- Up-to-date: /home/caleb/ros2_ws/install/spot_arm_moveit2_config/share/spot_arm_moveit2_config/config/stomp_planning.yaml
[1.663s] -- Up-to-date: /home/caleb/ros2_ws/install/spot_arm_moveit2_config/share/spot_arm_moveit2_config/config/gazebo_controllers.yaml
[1.664s] -- Up-to-date: /home/caleb/ros2_ws/install/spot_arm_moveit2_config/share/spot_arm_moveit2_config/config/controllers.yaml
[1.664s] -- Up-to-date: /home/caleb/ros2_ws/install/spot_arm_moveit2_config/share/spot_arm_moveit2_config/config/simple_moveit_controllers.yaml
[1.664s] -- Up-to-date: /home/caleb/ros2_ws/install/spot_arm_moveit2_config/share/spot_arm_moveit2_config/config/fake_controllers.yaml
[1.665s] -- Up-to-date: /home/caleb/ros2_ws/install/spot_arm_moveit2_config/share/spot_arm_moveit2_config/config/kinematics.yaml
[1.665s] -- Up-to-date: /home/caleb/ros2_ws/install/spot_arm_moveit2_config/share/spot_arm_moveit2_config/config/sensors_3d.yaml
[1.666s] -- Up-to-date: /home/caleb/ros2_ws/install/spot_arm_moveit2_config/share/spot_arm_moveit2_config/launch
[1.666s] -- Up-to-date: /home/caleb/ros2_ws/install/spot_arm_moveit2_config/share/spot_arm_moveit2_config/launch/.publishers.launch.py.swp
[1.666s] -- Up-to-date: /home/caleb/ros2_ws/install/spot_arm_moveit2_config/share/spot_arm_moveit2_config/launch/spot_arm_planning_execution.launch.py
[1.667s] -- Up-to-date: /home/caleb/ros2_ws/install/spot_arm_moveit2_config/share/spot_arm_moveit2_config/rviz
[1.667s] -- Up-to-date: /home/caleb/ros2_ws/install/spot_arm_moveit2_config/share/spot_arm_moveit2_config/rviz/view_robot_backup.rviz
[1.667s] -- Up-to-date: /home/caleb/ros2_ws/install/spot_arm_moveit2_config/share/spot_arm_moveit2_config/rviz/view_robot.rviz
[2.014s] Invoked command in '/home/caleb/ros2_ws/build/spot_arm_moveit2_config' returned '0': CMAKE_PREFIX_PATH=${CMAKE_PREFIX_PATH}:/home/caleb/ros2_ws/install/spot_driver:/home/caleb/ros2_ws/install/spot_manipulation_driver:/opt/ros/galactic /usr/local/bin/cmake --install /home/caleb/ros2_ws/build/spot_arm_moveit2_config
