[0.364s] Invoking command in '/home/caleb/ros2_ws/build/optimization': CMAKE_PREFIX_PATH=${CMAKE_PREFIX_PATH}:/home/caleb/ros2_ws/install/spot_driver:/home/caleb/ros2_ws/install/spot_manipulation_driver:/opt/ros/galactic /usr/local/bin/cmake --build /home/caleb/ros2_ws/build/optimization -- -j20 -l20
[0.371s] -- Found ament_cmake: 1.1.6 (/opt/ros/galactic/share/ament_cmake/cmake)
[0.385s] -- Using PYTHON_EXECUTABLE: /usr/bin/python3
[0.438s] -- Found rclcpp: 9.2.2 (/opt/ros/galactic/share/rclcpp/cmake)
[0.458s] -- Using all available rosidl_typesupport_c: rosidl_typesupport_fastrtps_c;rosidl_typesupport_introspection_c
[0.460s] -- Found rosidl_adapter: 2.2.3 (/opt/ros/galactic/share/rosidl_adapter/cmake)
[0.534s] -- Using all available rosidl_typesupport_cpp: rosidl_typesupport_fastrtps_cpp;rosidl_typesupport_introspection_cpp
[0.560s] -- Found rmw_implementation_cmake: 3.3.1 (/opt/ros/galactic/share/rmw_implementation_cmake/cmake)
[0.560s] -- Found rmw_cyclonedds_cpp: 0.22.6 (/opt/ros/galactic/share/rmw_cyclonedds_cpp/cmake)
[0.570s] -- Using RMW implementation 'rmw_cyclonedds_cpp' as default
[0.705s] -- Found moveit_core: 2.3.4 (/opt/ros/galactic/share/moveit_core/cmake)
[0.705s] -- Found Boost: /usr/lib/x86_64-linux-gnu/cmake/Boost-1.71.0/BoostConfig.cmake (found version "1.71.0") found components: chrono date_time filesystem iostreams program_options regex serialization system thread 
[0.706s] -- Found Boost: /usr/lib/x86_64-linux-gnu/cmake/Boost-1.71.0/BoostConfig.cmake (found version "1.71.0") found components: filesystem 
[0.708s] -- library: /usr/lib/x86_64-linux-gnu/libcurl.so
[1.772s] -- Found moveit_ros_planning_interface: 2.3.4 (/opt/ros/galactic/share/moveit_ros_planning_interface/cmake)
[1.775s] -- Found Boost: /usr/lib/x86_64-linux-gnu/cmake/Boost-1.71.0/BoostConfig.cmake (found version "1.71.0") found components: date_time filesystem program_options system thread 
[1.938s] -- Found Boost: /usr/lib/x86_64-linux-gnu/cmake/Boost-1.71.0/BoostConfig.cmake (found version "1.71.0") found components: system filesystem date_time program_options thread chrono 
[2.094s] -- Found Boost: /usr/lib/x86_64-linux-gnu/cmake/Boost-1.71.0/BoostConfig.cmake (found version "1.71.0") found components: thread 
[2.517s] -- Found Boost: /usr/lib/x86_64-linux-gnu/cmake/Boost-1.71.0/BoostConfig.cmake (found version "1.71.0") found components: thread system filesystem regex date_time program_options 
[2.735s] -- Found Boost: /usr/lib/x86_64-linux-gnu/cmake/Boost-1.71.0/BoostConfig.cmake (found version "1.71.0") found components: system filesystem date_time program_options thread 
[3.088s] -- Found ament_lint_auto: 0.10.7 (/opt/ros/galactic/share/ament_lint_auto/cmake)
[3.125s] -- Added test 'copyright' to check source files copyright and LICENSE
[3.222s] -- Added test 'cppcheck' to perform static code analysis on C / C++ code
[3.222s] -- Configured cppcheck include dirs: /home/caleb/ros2_ws/src/optimization/include
[3.222s] -- Configured cppcheck exclude dirs and/or files: 
[3.315s] -- Added test 'cpplint' to check C / C++ code against the Google style
[3.315s] -- Configured cpplint exclude dirs and/or files: 
[3.326s] -- Added test 'flake8' to check Python code syntax and style conventions
[3.351s] -- Added test 'lint_cmake' to check CMake code style
[3.365s] -- Added test 'pep257' to check Python code against some of the style conventions in PEP 257
[3.465s] -- Added test 'uncrustify' to check C / C++ code style
[3.466s] -- Configured uncrustify additional arguments: 
[3.476s] -- Added test 'xmllint' to check XML markup files
[3.478s] -- Configuring done
[3.495s] -- Generating done
[3.495s] -- Build files have been written to: /home/caleb/ros2_ws/build/optimization
[3.506s] [35m[1mConsolidate compiler generated dependencies of target optimization[0m
[3.525s] [100%] Built target optimization
[3.673s] Invoked command in '/home/caleb/ros2_ws/build/optimization' returned '0': CMAKE_PREFIX_PATH=${CMAKE_PREFIX_PATH}:/home/caleb/ros2_ws/install/spot_driver:/home/caleb/ros2_ws/install/spot_manipulation_driver:/opt/ros/galactic /usr/local/bin/cmake --build /home/caleb/ros2_ws/build/optimization -- -j20 -l20
[3.682s] Invoking command in '/home/caleb/ros2_ws/build/optimization': CMAKE_PREFIX_PATH=${CMAKE_PREFIX_PATH}:/home/caleb/ros2_ws/install/spot_driver:/home/caleb/ros2_ws/install/spot_manipulation_driver:/opt/ros/galactic /usr/local/bin/cmake --install /home/caleb/ros2_ws/build/optimization
[3.683s] -- Install configuration: ""
[3.683s] -- Up-to-date: /home/caleb/ros2_ws/install/optimization/share/optimization//launch
[3.683s] -- Installing: /home/caleb/ros2_ws/install/optimization/share/optimization//launch/robot_simulation.launch.py
[3.683s] [31mCMake Error at cmake_install.cmake:46 (file):
[3.684s]   file INSTALL cannot find "/home/caleb/ros2_ws/src/optimization/worlds": No
[3.685s]   such file or directory.
[3.686s] 
[3.686s] [0m
[3.686s] Invoked command in '/home/caleb/ros2_ws/build/optimization' returned '1': CMAKE_PREFIX_PATH=${CMAKE_PREFIX_PATH}:/home/caleb/ros2_ws/install/spot_driver:/home/caleb/ros2_ws/install/spot_manipulation_driver:/opt/ros/galactic /usr/local/bin/cmake --install /home/caleb/ros2_ws/build/optimization
