[0.372s] Invoking command in '/home/caleb/ros2_ws/build/vrc_heightmap_1': /usr/local/bin/cmake /home/caleb/ros2_ws/src/gazebo_models_worlds_collection/models/vrc_heightmap_1 -DCMAKE_INSTALL_PREFIX=/home/caleb/ros2_ws/install/vrc_heightmap_1
[0.393s] [33mCMake Warning (dev) in CMakeLists.txt:
[0.393s]   No project() command is present.  The top-level CMakeLists.txt file must
[0.393s]   contain a literal, direct call to the project() command.  Add a line of
[0.393s]   code such as
[0.394s] 
[0.394s]     project(ProjectName)
[0.394s] 
[0.394s]   near the top of the file, but after cmake_minimum_required().
[0.394s] 
[0.394s]   CMake is pretending there is a "project(Project)" command on the first
[0.394s]   line.
[0.394s] This warning is for project developers.  Use -Wno-dev to suppress it.
[0.395s] [0m
[0.409s] -- The C compiler identification is GNU 9.4.0
[0.500s] -- The CXX compiler identification is GNU 9.4.0
[0.500s] -- Detecting C compiler ABI info
[0.500s] -- Detecting C compiler ABI info - done
[0.500s] -- Check for working C compiler: /usr/bin/cc - skipped
[0.500s] -- Detecting C compile features
[0.501s] -- Detecting C compile features - done
[0.501s] -- Detecting CXX compiler ABI info
[0.519s] -- Detecting CXX compiler ABI info - done
[0.526s] -- Check for working CXX compiler: /usr/bin/c++ - skipped
[0.526s] -- Detecting CXX compile features
[0.526s] -- Detecting CXX compile features - done
[0.527s] -- Configuring done
[0.527s] [33mCMake Warning (dev) in CMakeLists.txt:
[0.528s]   No cmake_minimum_required command is present.  A line of code such as
[0.528s] 
[0.528s]     cmake_minimum_required(VERSION 3.24)
[0.529s] 
[0.529s]   should be added at the top of the file.  The version specified may be lower
[0.530s]   if you wish to support older CMake versions for this project.  For more
[0.530s]   information run "cmake --help-policy CMP0000".
[0.530s] This warning is for project developers.  Use -Wno-dev to suppress it.
[0.531s] [0m
[0.531s] -- Generating done
[0.531s] -- Build files have been written to: /home/caleb/ros2_ws/build/vrc_heightmap_1
[1.265s] Invoked command in '/home/caleb/ros2_ws/build/vrc_heightmap_1' returned '0': /usr/local/bin/cmake /home/caleb/ros2_ws/src/gazebo_models_worlds_collection/models/vrc_heightmap_1 -DCMAKE_INSTALL_PREFIX=/home/caleb/ros2_ws/install/vrc_heightmap_1
[1.266s] Invoking command in '/home/caleb/ros2_ws/build/vrc_heightmap_1': /usr/local/bin/cmake --build /home/caleb/ros2_ws/build/vrc_heightmap_1 -- -j20 -l20
[2.174s] Invoked command in '/home/caleb/ros2_ws/build/vrc_heightmap_1' returned '0': /usr/local/bin/cmake --build /home/caleb/ros2_ws/build/vrc_heightmap_1 -- -j20 -l20
[2.412s] Invoking command in '/home/caleb/ros2_ws/build/vrc_heightmap_1': /usr/local/bin/cmake --install /home/caleb/ros2_ws/build/vrc_heightmap_1
[2.413s] -- Install configuration: ""
[2.414s] -- Installing: /home/caleb/ros2_ws/install/vrc_heightmap_1/share/Project/gazebo_models/environments/vrc_heightmap_1/model.config
[2.414s] -- Installing: /home/caleb/ros2_ws/install/vrc_heightmap_1/share/Project/gazebo_models/environments/vrc_heightmap_1/model.sdf
[2.414s] -- Installing: /home/caleb/ros2_ws/install/vrc_heightmap_1/share/Project/gazebo_models/environments/vrc_heightmap_1/materials/textures/heightmap.png
[2.414s] Invoked command in '/home/caleb/ros2_ws/build/vrc_heightmap_1' returned '0': /usr/local/bin/cmake --install /home/caleb/ros2_ws/build/vrc_heightmap_1
