[1.458s] Invoking command in '/home/caleb/ros2_ws/build/spot_navigation': CMAKE_PREFIX_PATH=${CMAKE_PREFIX_PATH}:/home/caleb/ros2_ws/install/spot_driver:/home/caleb/ros2_ws/install/spot_manipulation_driver:/opt/ros/galactic /usr/local/bin/cmake /home/caleb/ros2_ws/src/spot_ros/spot_navigation -DCMAKE_BUILD_TYPE=Release -DCMAKE_INSTALL_PREFIX=/home/caleb/ros2_ws/install/spot_navigation
[1.751s] -- Found ament_cmake: 1.1.6 (/opt/ros/galactic/share/ament_cmake/cmake)
[1.752s] -- Using PYTHON_EXECUTABLE: /usr/bin/python3
[1.752s] -- Configuring done
[1.753s] -- Generating done
[1.753s] -- Build files have been written to: /home/caleb/ros2_ws/build/spot_navigation
[1.768s] Invoked command in '/home/caleb/ros2_ws/build/spot_navigation' returned '0': CMAKE_PREFIX_PATH=${CMAKE_PREFIX_PATH}:/home/caleb/ros2_ws/install/spot_driver:/home/caleb/ros2_ws/install/spot_manipulation_driver:/opt/ros/galactic /usr/local/bin/cmake /home/caleb/ros2_ws/src/spot_ros/spot_navigation -DCMAKE_BUILD_TYPE=Release -DCMAKE_INSTALL_PREFIX=/home/caleb/ros2_ws/install/spot_navigation
[1.769s] Invoking command in '/home/caleb/ros2_ws/build/spot_navigation': CMAKE_PREFIX_PATH=${CMAKE_PREFIX_PATH}:/home/caleb/ros2_ws/install/spot_driver:/home/caleb/ros2_ws/install/spot_manipulation_driver:/opt/ros/galactic /usr/local/bin/cmake --build /home/caleb/ros2_ws/build/spot_navigation -- -j20 -l20
[1.776s] Invoked command in '/home/caleb/ros2_ws/build/spot_navigation' returned '0': CMAKE_PREFIX_PATH=${CMAKE_PREFIX_PATH}:/home/caleb/ros2_ws/install/spot_driver:/home/caleb/ros2_ws/install/spot_manipulation_driver:/opt/ros/galactic /usr/local/bin/cmake --build /home/caleb/ros2_ws/build/spot_navigation -- -j20 -l20
[1.785s] Invoking command in '/home/caleb/ros2_ws/build/spot_navigation': CMAKE_PREFIX_PATH=${CMAKE_PREFIX_PATH}:/home/caleb/ros2_ws/install/spot_driver:/home/caleb/ros2_ws/install/spot_manipulation_driver:/opt/ros/galactic /usr/local/bin/cmake --install /home/caleb/ros2_ws/build/spot_navigation
[1.822s] -- Install configuration: "Release"
[1.822s] -- Up-to-date: /home/caleb/ros2_ws/install/spot_navigation/share/spot_navigation/launch
[1.823s] -- Up-to-date: /home/caleb/ros2_ws/install/spot_navigation/share/spot_navigation/launch/octomap.launch.py
[1.823s] -- Up-to-date: /home/caleb/ros2_ws/install/spot_navigation/share/spot_navigation/launch/slam.launch.py
[1.823s] -- Up-to-date: /home/caleb/ros2_ws/install/spot_navigation/share/spot_navigation/launch/navigation_suite.launch.py
[1.824s] -- Up-to-date: /home/caleb/ros2_ws/install/spot_navigation/share/spot_navigation/launch/amcl.launch.py
[1.824s] -- Up-to-date: /home/caleb/ros2_ws/install/spot_navigation/share/spot_navigation/launch/navigation.launch.py
[1.825s] -- Up-to-date: /home/caleb/ros2_ws/install/spot_navigation/share/spot_navigation/map
[1.825s] -- Up-to-date: /home/caleb/ros2_ws/install/spot_navigation/share/spot_navigation/map/map.pgm
[1.826s] -- Up-to-date: /home/caleb/ros2_ws/install/spot_navigation/share/spot_navigation/map/map.yaml
[1.826s] -- Up-to-date: /home/caleb/ros2_ws/install/spot_navigation/share/spot_navigation/map/ahg.yaml
[1.826s] -- Up-to-date: /home/caleb/ros2_ws/install/spot_navigation/share/spot_navigation/map/ahg.pgm
[1.827s] -- Up-to-date: /home/caleb/ros2_ws/install/spot_navigation/share/spot_navigation/config
[1.827s] -- Up-to-date: /home/caleb/ros2_ws/install/spot_navigation/share/spot_navigation/config/lidar_slam.yaml
[1.827s] -- Up-to-date: /home/caleb/ros2_ws/install/spot_navigation/share/spot_navigation/config/lidar_with_map.yaml
[1.828s] -- Up-to-date: /home/caleb/ros2_ws/install/spot_navigation/share/spot_navigation/config/lidar.yaml
[1.828s] -- Up-to-date: /home/caleb/ros2_ws/install/spot_navigation/share/spot_navigation/config/octomap_params.yaml
[1.828s] -- Up-to-date: /home/caleb/ros2_ws/install/spot_navigation/share/spot_navigation/config/spot.yaml
[1.829s] -- Up-to-date: /home/caleb/ros2_ws/install/spot_navigation/share/spot_navigation/rviz
[1.829s] -- Up-to-date: /home/caleb/ros2_ws/install/spot_navigation/share/spot_navigation/rviz/tb3_navigation2.rviz
[1.830s] -- Up-to-date: /home/caleb/ros2_ws/install/spot_navigation/share/ament_index/resource_index/package_run_dependencies/spot_navigation
[1.830s] -- Installing: /home/caleb/ros2_ws/install/spot_navigation/share/ament_index/resource_index/parent_prefix_path/spot_navigation
[1.830s] -- Up-to-date: /home/caleb/ros2_ws/install/spot_navigation/share/spot_navigation/environment/ament_prefix_path.sh
[1.831s] -- Installing: /home/caleb/ros2_ws/install/spot_navigation/share/spot_navigation/environment/ament_prefix_path.dsv
[1.831s] -- Up-to-date: /home/caleb/ros2_ws/install/spot_navigation/share/spot_navigation/environment/path.sh
[1.832s] -- Installing: /home/caleb/ros2_ws/install/spot_navigation/share/spot_navigation/environment/path.dsv
[1.832s] -- Up-to-date: /home/caleb/ros2_ws/install/spot_navigation/share/spot_navigation/local_setup.bash
[1.832s] -- Up-to-date: /home/caleb/ros2_ws/install/spot_navigation/share/spot_navigation/local_setup.sh
[1.833s] -- Up-to-date: /home/caleb/ros2_ws/install/spot_navigation/share/spot_navigation/local_setup.zsh
[1.833s] -- Installing: /home/caleb/ros2_ws/install/spot_navigation/share/spot_navigation/local_setup.dsv
[1.833s] -- Installing: /home/caleb/ros2_ws/install/spot_navigation/share/spot_navigation/package.dsv
[1.834s] -- Up-to-date: /home/caleb/ros2_ws/install/spot_navigation/share/ament_index/resource_index/packages/spot_navigation
[1.834s] -- Up-to-date: /home/caleb/ros2_ws/install/spot_navigation/share/spot_navigation/cmake/spot_navigationConfig.cmake
[1.835s] -- Up-to-date: /home/caleb/ros2_ws/install/spot_navigation/share/spot_navigation/cmake/spot_navigationConfig-version.cmake
[1.835s] -- Up-to-date: /home/caleb/ros2_ws/install/spot_navigation/share/spot_navigation/package.xml
[2.168s] Invoked command in '/home/caleb/ros2_ws/build/spot_navigation' returned '0': CMAKE_PREFIX_PATH=${CMAKE_PREFIX_PATH}:/home/caleb/ros2_ws/install/spot_driver:/home/caleb/ros2_ws/install/spot_manipulation_driver:/opt/ros/galactic /usr/local/bin/cmake --install /home/caleb/ros2_ws/build/spot_navigation
