[1.045s] Invoking command in '/home/caleb/ros2_ws/build/spot_gazebo': CMAKE_PREFIX_PATH=/home/caleb/ros2_ws/install/spot_description:/home/caleb/ros2_ws/install/spot_ros:/home/caleb/ros2_ws/install/spot_viz:/home/caleb/ros2_ws/install/spot_bringup:/home/caleb/ros2_ws/install/spot_navigation:/home/caleb/ros2_ws/install/spot_msgs:/home/caleb/ros2_ws/install/spot_gazebo:/home/caleb/ros2_ws/install/spot_control:/home/caleb/ros2_ws/install/spot_arm_moveit2_config:/home/caleb/ros2_ws/install/optimization:/home/caleb/ros2_ws/install/manipulator_path_optimization:/home/caleb/ros2_ws/install/manipulator_controller:/home/caleb/ros2_ws/install/spot_driver:/home/caleb/ros2_ws/install/spot_manipulation_driver:/opt/ros/galactic /usr/local/bin/cmake --build /home/caleb/ros2_ws/build/spot_gazebo -- -j20 -l20
[1.051s] Invoked command in '/home/caleb/ros2_ws/build/spot_gazebo' returned '0': CMAKE_PREFIX_PATH=/home/caleb/ros2_ws/install/spot_description:/home/caleb/ros2_ws/install/spot_ros:/home/caleb/ros2_ws/install/spot_viz:/home/caleb/ros2_ws/install/spot_bringup:/home/caleb/ros2_ws/install/spot_navigation:/home/caleb/ros2_ws/install/spot_msgs:/home/caleb/ros2_ws/install/spot_gazebo:/home/caleb/ros2_ws/install/spot_control:/home/caleb/ros2_ws/install/spot_arm_moveit2_config:/home/caleb/ros2_ws/install/optimization:/home/caleb/ros2_ws/install/manipulator_path_optimization:/home/caleb/ros2_ws/install/manipulator_controller:/home/caleb/ros2_ws/install/spot_driver:/home/caleb/ros2_ws/install/spot_manipulation_driver:/opt/ros/galactic /usr/local/bin/cmake --build /home/caleb/ros2_ws/build/spot_gazebo -- -j20 -l20
[1.063s] Invoking command in '/home/caleb/ros2_ws/build/spot_gazebo': CMAKE_PREFIX_PATH=/home/caleb/ros2_ws/install/spot_description:/home/caleb/ros2_ws/install/spot_ros:/home/caleb/ros2_ws/install/spot_viz:/home/caleb/ros2_ws/install/spot_bringup:/home/caleb/ros2_ws/install/spot_navigation:/home/caleb/ros2_ws/install/spot_msgs:/home/caleb/ros2_ws/install/spot_gazebo:/home/caleb/ros2_ws/install/spot_control:/home/caleb/ros2_ws/install/spot_arm_moveit2_config:/home/caleb/ros2_ws/install/optimization:/home/caleb/ros2_ws/install/manipulator_path_optimization:/home/caleb/ros2_ws/install/manipulator_controller:/home/caleb/ros2_ws/install/spot_driver:/home/caleb/ros2_ws/install/spot_manipulation_driver:/opt/ros/galactic /usr/local/bin/cmake --install /home/caleb/ros2_ws/build/spot_gazebo
[1.064s] -- Install configuration: ""
[1.065s] -- Up-to-date: /home/caleb/ros2_ws/install/spot_gazebo/share/spot_gazebo/launch
[1.066s] -- Up-to-date: /home/caleb/ros2_ws/install/spot_gazebo/share/spot_gazebo/launch/spawn_turtlebot3.launch.py
[1.066s] -- Up-to-date: /home/caleb/ros2_ws/install/spot_gazebo/share/spot_gazebo/launch/empty_world.launch.py
[1.066s] -- Up-to-date: /home/caleb/ros2_ws/install/spot_gazebo/share/spot_gazebo/launch/turtlebot3_world.launch.py
[1.066s] -- Up-to-date: /home/caleb/ros2_ws/install/spot_gazebo/share/spot_gazebo/worlds
[1.066s] -- Up-to-date: /home/caleb/ros2_ws/install/spot_gazebo/share/spot_gazebo/worlds/turtlebot3_world.world
[1.067s] -- Up-to-date: /home/caleb/ros2_ws/install/spot_gazebo/share/spot_gazebo/worlds/turtlebot3_dqn_stage2.world
[1.067s] -- Up-to-date: /home/caleb/ros2_ws/install/spot_gazebo/share/spot_gazebo/worlds/empty_world.world
[1.067s] -- Up-to-date: /home/caleb/ros2_ws/install/spot_gazebo/share/spot_gazebo/worlds/turtlebot3_dqn_stage1.world
[1.068s] -- Up-to-date: /home/caleb/ros2_ws/install/spot_gazebo/share/spot_gazebo/worlds/turtlebot3_dqn_stage4.world
[1.068s] -- Up-to-date: /home/caleb/ros2_ws/install/spot_gazebo/share/spot_gazebo/worlds/turtlebot3_house.world
[1.069s] -- Up-to-date: /home/caleb/ros2_ws/install/spot_gazebo/share/spot_gazebo/worlds/turtlebot3_dqn_stage3.world
[1.069s] -- Up-to-date: /home/caleb/ros2_ws/install/spot_gazebo/share/spot_gazebo/rviz
[1.070s] -- Up-to-date: /home/caleb/ros2_ws/install/spot_gazebo/share/spot_gazebo/rviz/tb3_gazebo.rviz
[1.070s] -- Up-to-date: /home/caleb/ros2_ws/install/spot_gazebo/share/spot_gazebo/models
[1.070s] -- Up-to-date: /home/caleb/ros2_ws/install/spot_gazebo/share/spot_gazebo/models/turtlebot3_waffle
[1.071s] -- Up-to-date: /home/caleb/ros2_ws/install/spot_gazebo/share/spot_gazebo/models/turtlebot3_waffle/model.sdf
[1.071s] -- Up-to-date: /home/caleb/ros2_ws/install/spot_gazebo/share/spot_gazebo/models/turtlebot3_waffle/model-1_4.sdf
[1.071s] -- Up-to-date: /home/caleb/ros2_ws/install/spot_gazebo/share/spot_gazebo/models/turtlebot3_waffle/model.config
[1.072s] -- Up-to-date: /home/caleb/ros2_ws/install/spot_gazebo/share/spot_gazebo/models/turtlebot3_dqn_world
[1.072s] -- Up-to-date: /home/caleb/ros2_ws/install/spot_gazebo/share/spot_gazebo/models/turtlebot3_dqn_world/obstacles
[1.072s] -- Up-to-date: /home/caleb/ros2_ws/install/spot_gazebo/share/spot_gazebo/models/turtlebot3_dqn_world/obstacles/model.sdf
[1.073s] -- Up-to-date: /home/caleb/ros2_ws/install/spot_gazebo/share/spot_gazebo/models/turtlebot3_dqn_world/obstacles/model.config
[1.073s] -- Up-to-date: /home/caleb/ros2_ws/install/spot_gazebo/share/spot_gazebo/models/turtlebot3_dqn_world/obstacle_plugin
[1.073s] -- Up-to-date: /home/caleb/ros2_ws/install/spot_gazebo/share/spot_gazebo/models/turtlebot3_dqn_world/obstacle_plugin/obstacle2.cc
[1.074s] -- Up-to-date: /home/caleb/ros2_ws/install/spot_gazebo/share/spot_gazebo/models/turtlebot3_dqn_world/obstacle_plugin/obstacles.cc
[1.074s] -- Up-to-date: /home/caleb/ros2_ws/install/spot_gazebo/share/spot_gazebo/models/turtlebot3_dqn_world/obstacle_plugin/CMakeLists.txt
[1.074s] -- Up-to-date: /home/caleb/ros2_ws/install/spot_gazebo/share/spot_gazebo/models/turtlebot3_dqn_world/obstacle_plugin/obstacle1.cc
[1.075s] -- Up-to-date: /home/caleb/ros2_ws/install/spot_gazebo/share/spot_gazebo/models/turtlebot3_dqn_world/goal_box
[1.075s] -- Up-to-date: /home/caleb/ros2_ws/install/spot_gazebo/share/spot_gazebo/models/turtlebot3_dqn_world/goal_box/model.sdf
[1.075s] -- Up-to-date: /home/caleb/ros2_ws/install/spot_gazebo/share/spot_gazebo/models/turtlebot3_dqn_world/goal_box/model.config
[1.076s] -- Up-to-date: /home/caleb/ros2_ws/install/spot_gazebo/share/spot_gazebo/models/turtlebot3_dqn_world/model.sdf
[1.076s] -- Up-to-date: /home/caleb/ros2_ws/install/spot_gazebo/share/spot_gazebo/models/turtlebot3_dqn_world/model.config
[1.076s] -- Up-to-date: /home/caleb/ros2_ws/install/spot_gazebo/share/spot_gazebo/models/turtlebot3_dqn_world/obstacle1
[1.077s] -- Up-to-date: /home/caleb/ros2_ws/install/spot_gazebo/share/spot_gazebo/models/turtlebot3_dqn_world/obstacle1/model.sdf
[1.077s] -- Up-to-date: /home/caleb/ros2_ws/install/spot_gazebo/share/spot_gazebo/models/turtlebot3_dqn_world/obstacle1/model.config
[1.078s] -- Up-to-date: /home/caleb/ros2_ws/install/spot_gazebo/share/spot_gazebo/models/turtlebot3_dqn_world/inner_walls
[1.078s] -- Up-to-date: /home/caleb/ros2_ws/install/spot_gazebo/share/spot_gazebo/models/turtlebot3_dqn_world/inner_walls/model.sdf
[1.079s] -- Up-to-date: /home/caleb/ros2_ws/install/spot_gazebo/share/spot_gazebo/models/turtlebot3_dqn_world/inner_walls/model.config
[1.079s] -- Up-to-date: /home/caleb/ros2_ws/install/spot_gazebo/share/spot_gazebo/models/turtlebot3_dqn_world/obstacle2
[1.079s] -- Up-to-date: /home/caleb/ros2_ws/install/spot_gazebo/share/spot_gazebo/models/turtlebot3_dqn_world/obstacle2/model.sdf
[1.079s] -- Up-to-date: /home/caleb/ros2_ws/install/spot_gazebo/share/spot_gazebo/models/turtlebot3_dqn_world/obstacle2/model.config
[1.080s] -- Up-to-date: /home/caleb/ros2_ws/install/spot_gazebo/share/spot_gazebo/models/turtlebot3_waffle_pi
[1.080s] -- Up-to-date: /home/caleb/ros2_ws/install/spot_gazebo/share/spot_gazebo/models/turtlebot3_waffle_pi/model-1_4_.sdf
[1.081s] -- Up-to-date: /home/caleb/ros2_ws/install/spot_gazebo/share/spot_gazebo/models/turtlebot3_waffle_pi/model.sdf
[1.081s] -- Up-to-date: /home/caleb/ros2_ws/install/spot_gazebo/share/spot_gazebo/models/turtlebot3_waffle_pi/model.config
[1.081s] -- Up-to-date: /home/caleb/ros2_ws/install/spot_gazebo/share/spot_gazebo/models/turtlebot3_world
[1.082s] -- Up-to-date: /home/caleb/ros2_ws/install/spot_gazebo/share/spot_gazebo/models/turtlebot3_world/model.sdf
[1.082s] -- Up-to-date: /home/caleb/ros2_ws/install/spot_gazebo/share/spot_gazebo/models/turtlebot3_world/model-1_4.sdf
[1.082s] -- Up-to-date: /home/caleb/ros2_ws/install/spot_gazebo/share/spot_gazebo/models/turtlebot3_world/model.config
[1.083s] -- Up-to-date: /home/caleb/ros2_ws/install/spot_gazebo/share/spot_gazebo/models/turtlebot3_world/meshes
[1.083s] -- Up-to-date: /home/caleb/ros2_ws/install/spot_gazebo/share/spot_gazebo/models/turtlebot3_world/meshes/wall.dae
[1.083s] -- Up-to-date: /home/caleb/ros2_ws/install/spot_gazebo/share/spot_gazebo/models/turtlebot3_world/meshes/hexagon.dae
[1.084s] -- Up-to-date: /home/caleb/ros2_ws/install/spot_gazebo/share/spot_gazebo/models/turtlebot3_common
[1.084s] -- Up-to-date: /home/caleb/ros2_ws/install/spot_gazebo/share/spot_gazebo/models/turtlebot3_common/model.config
[1.084s] -- Up-to-date: /home/caleb/ros2_ws/install/spot_gazebo/share/spot_gazebo/models/turtlebot3_common/meshes
[1.085s] -- Up-to-date: /home/caleb/ros2_ws/install/spot_gazebo/share/spot_gazebo/models/turtlebot3_common/meshes/lds.dae
[1.085s] -- Up-to-date: /home/caleb/ros2_ws/install/spot_gazebo/share/spot_gazebo/models/turtlebot3_common/meshes/waffle_pi_base.dae
[1.085s] -- Up-to-date: /home/caleb/ros2_ws/install/spot_gazebo/share/spot_gazebo/models/turtlebot3_common/meshes/waffle_base.dae
[1.086s] -- Up-to-date: /home/caleb/ros2_ws/install/spot_gazebo/share/spot_gazebo/models/turtlebot3_common/meshes/tire.dae
[1.086s] -- Up-to-date: /home/caleb/ros2_ws/install/spot_gazebo/share/spot_gazebo/models/turtlebot3_common/meshes/burger_base.dae
[1.087s] -- Up-to-date: /home/caleb/ros2_ws/install/spot_gazebo/share/spot_gazebo/models/turtlebot3_common/meshes/r200.dae
[1.087s] -- Up-to-date: /home/caleb/ros2_ws/install/spot_gazebo/share/spot_gazebo/models/turtlebot3_house
[1.087s] -- Up-to-date: /home/caleb/ros2_ws/install/spot_gazebo/share/spot_gazebo/models/turtlebot3_house/model.sdf
[1.087s] -- Up-to-date: /home/caleb/ros2_ws/install/spot_gazebo/share/spot_gazebo/models/turtlebot3_house/model.config
[1.087s] -- Up-to-date: /home/caleb/ros2_ws/install/spot_gazebo/share/spot_gazebo/models/turtlebot3_burger
[1.087s] -- Up-to-date: /home/caleb/ros2_ws/install/spot_gazebo/share/spot_gazebo/models/turtlebot3_burger/model.sdf
[1.087s] -- Up-to-date: /home/caleb/ros2_ws/install/spot_gazebo/share/spot_gazebo/models/turtlebot3_burger/model-1_4.sdf
[1.088s] -- Up-to-date: /home/caleb/ros2_ws/install/spot_gazebo/share/spot_gazebo/models/turtlebot3_burger/model.config
[1.088s] -- Up-to-date: /home/caleb/ros2_ws/install/spot_gazebo/share/ament_index/resource_index/package_run_dependencies/spot_gazebo
[1.088s] -- Up-to-date: /home/caleb/ros2_ws/install/spot_gazebo/share/ament_index/resource_index/parent_prefix_path/spot_gazebo
[1.088s] -- Up-to-date: /home/caleb/ros2_ws/install/spot_gazebo/share/spot_gazebo/environment/ament_prefix_path.sh
[1.088s] -- Up-to-date: /home/caleb/ros2_ws/install/spot_gazebo/share/spot_gazebo/environment/ament_prefix_path.dsv
[1.088s] -- Up-to-date: /home/caleb/ros2_ws/install/spot_gazebo/share/spot_gazebo/environment/path.sh
[1.089s] -- Up-to-date: /home/caleb/ros2_ws/install/spot_gazebo/share/spot_gazebo/environment/path.dsv
[1.089s] -- Up-to-date: /home/caleb/ros2_ws/install/spot_gazebo/share/spot_gazebo/local_setup.bash
[1.090s] -- Up-to-date: /home/caleb/ros2_ws/install/spot_gazebo/share/spot_gazebo/local_setup.sh
[1.090s] -- Up-to-date: /home/caleb/ros2_ws/install/spot_gazebo/share/spot_gazebo/local_setup.zsh
[1.090s] -- Up-to-date: /home/caleb/ros2_ws/install/spot_gazebo/share/spot_gazebo/local_setup.dsv
[1.091s] -- Installing: /home/caleb/ros2_ws/install/spot_gazebo/share/spot_gazebo/package.dsv
[1.091s] -- Up-to-date: /home/caleb/ros2_ws/install/spot_gazebo/share/ament_index/resource_index/packages/spot_gazebo
[1.091s] -- Up-to-date: /home/caleb/ros2_ws/install/spot_gazebo/share/spot_gazebo/cmake/spot_gazeboConfig.cmake
[1.092s] -- Up-to-date: /home/caleb/ros2_ws/install/spot_gazebo/share/spot_gazebo/cmake/spot_gazeboConfig-version.cmake
[1.092s] -- Up-to-date: /home/caleb/ros2_ws/install/spot_gazebo/share/spot_gazebo/package.xml
[1.230s] Invoked command in '/home/caleb/ros2_ws/build/spot_gazebo' returned '0': CMAKE_PREFIX_PATH=/home/caleb/ros2_ws/install/spot_description:/home/caleb/ros2_ws/install/spot_ros:/home/caleb/ros2_ws/install/spot_viz:/home/caleb/ros2_ws/install/spot_bringup:/home/caleb/ros2_ws/install/spot_navigation:/home/caleb/ros2_ws/install/spot_msgs:/home/caleb/ros2_ws/install/spot_gazebo:/home/caleb/ros2_ws/install/spot_control:/home/caleb/ros2_ws/install/spot_arm_moveit2_config:/home/caleb/ros2_ws/install/optimization:/home/caleb/ros2_ws/install/manipulator_path_optimization:/home/caleb/ros2_ws/install/manipulator_controller:/home/caleb/ros2_ws/install/spot_driver:/home/caleb/ros2_ws/install/spot_manipulation_driver:/opt/ros/galactic /usr/local/bin/cmake --install /home/caleb/ros2_ws/build/spot_gazebo
