[1.038s] Invoking command in '/home/caleb/ros2_ws/build/spot_navigation': CMAKE_PREFIX_PATH=${CMAKE_PREFIX_PATH}:/home/caleb/ros2_ws/install/spot_driver:/home/caleb/ros2_ws/install/spot_manipulation_driver:/opt/ros/galactic /usr/local/bin/cmake --build /home/caleb/ros2_ws/build/spot_navigation -- -j20 -l20
[1.424s] Invoked command in '/home/caleb/ros2_ws/build/spot_navigation' returned '0': CMAKE_PREFIX_PATH=${CMAKE_PREFIX_PATH}:/home/caleb/ros2_ws/install/spot_driver:/home/caleb/ros2_ws/install/spot_manipulation_driver:/opt/ros/galactic /usr/local/bin/cmake --build /home/caleb/ros2_ws/build/spot_navigation -- -j20 -l20
[1.442s] Invoking command in '/home/caleb/ros2_ws/build/spot_navigation': CMAKE_PREFIX_PATH=${CMAKE_PREFIX_PATH}:/home/caleb/ros2_ws/install/spot_driver:/home/caleb/ros2_ws/install/spot_manipulation_driver:/opt/ros/galactic /usr/local/bin/cmake --install /home/caleb/ros2_ws/build/spot_navigation
[1.467s] -- Install configuration: ""
[1.467s] -- Up-to-date: /home/caleb/ros2_ws/install/spot_navigation/share/spot_navigation/launch
[1.468s] -- Up-to-date: /home/caleb/ros2_ws/install/spot_navigation/share/spot_navigation/launch/octomap.launch.py
[1.468s] -- Up-to-date: /home/caleb/ros2_ws/install/spot_navigation/share/spot_navigation/launch/slam.launch.py
[1.469s] -- Up-to-date: /home/caleb/ros2_ws/install/spot_navigation/share/spot_navigation/launch/navigation_suite.launch.py
[1.469s] -- Up-to-date: /home/caleb/ros2_ws/install/spot_navigation/share/spot_navigation/launch/amcl.launch.py
[1.470s] -- Up-to-date: /home/caleb/ros2_ws/install/spot_navigation/share/spot_navigation/launch/navigation.launch.py
[1.471s] -- Up-to-date: /home/caleb/ros2_ws/install/spot_navigation/share/spot_navigation/map
[1.472s] -- Up-to-date: /home/caleb/ros2_ws/install/spot_navigation/share/spot_navigation/map/map.pgm
[1.472s] -- Up-to-date: /home/caleb/ros2_ws/install/spot_navigation/share/spot_navigation/map/map.yaml
[1.473s] -- Up-to-date: /home/caleb/ros2_ws/install/spot_navigation/share/spot_navigation/map/ahg.yaml
[1.473s] -- Up-to-date: /home/caleb/ros2_ws/install/spot_navigation/share/spot_navigation/map/ahg.pgm
[1.474s] -- Up-to-date: /home/caleb/ros2_ws/install/spot_navigation/share/spot_navigation/config
[1.474s] -- Up-to-date: /home/caleb/ros2_ws/install/spot_navigation/share/spot_navigation/config/lidar_slam.yaml
[1.475s] -- Up-to-date: /home/caleb/ros2_ws/install/spot_navigation/share/spot_navigation/config/lidar_with_map.yaml
[1.475s] -- Up-to-date: /home/caleb/ros2_ws/install/spot_navigation/share/spot_navigation/config/lidar.yaml
[1.476s] -- Up-to-date: /home/caleb/ros2_ws/install/spot_navigation/share/spot_navigation/config/octomap_params.yaml
[1.477s] -- Up-to-date: /home/caleb/ros2_ws/install/spot_navigation/share/spot_navigation/config/spot.yaml
[1.477s] -- Up-to-date: /home/caleb/ros2_ws/install/spot_navigation/share/spot_navigation/rviz
[1.478s] -- Up-to-date: /home/caleb/ros2_ws/install/spot_navigation/share/spot_navigation/rviz/tb3_navigation2.rviz
[1.478s] -- Up-to-date: /home/caleb/ros2_ws/install/spot_navigation/share/ament_index/resource_index/package_run_dependencies/spot_navigation
[1.479s] -- Up-to-date: /home/caleb/ros2_ws/install/spot_navigation/share/ament_index/resource_index/parent_prefix_path/spot_navigation
[1.480s] -- Up-to-date: /home/caleb/ros2_ws/install/spot_navigation/share/spot_navigation/environment/ament_prefix_path.sh
[1.480s] -- Up-to-date: /home/caleb/ros2_ws/install/spot_navigation/share/spot_navigation/environment/ament_prefix_path.dsv
[1.481s] -- Up-to-date: /home/caleb/ros2_ws/install/spot_navigation/share/spot_navigation/environment/path.sh
[1.482s] -- Up-to-date: /home/caleb/ros2_ws/install/spot_navigation/share/spot_navigation/environment/path.dsv
[1.483s] -- Up-to-date: /home/caleb/ros2_ws/install/spot_navigation/share/spot_navigation/local_setup.bash
[1.484s] -- Up-to-date: /home/caleb/ros2_ws/install/spot_navigation/share/spot_navigation/local_setup.sh
[1.485s] -- Up-to-date: /home/caleb/ros2_ws/install/spot_navigation/share/spot_navigation/local_setup.zsh
[1.486s] -- Up-to-date: /home/caleb/ros2_ws/install/spot_navigation/share/spot_navigation/local_setup.dsv
[1.487s] -- Installing: /home/caleb/ros2_ws/install/spot_navigation/share/spot_navigation/package.dsv
[1.488s] -- Up-to-date: /home/caleb/ros2_ws/install/spot_navigation/share/ament_index/resource_index/packages/spot_navigation
[1.488s] -- Up-to-date: /home/caleb/ros2_ws/install/spot_navigation/share/spot_navigation/cmake/spot_navigationConfig.cmake
[1.489s] -- Up-to-date: /home/caleb/ros2_ws/install/spot_navigation/share/spot_navigation/cmake/spot_navigationConfig-version.cmake
[1.490s] -- Up-to-date: /home/caleb/ros2_ws/install/spot_navigation/share/spot_navigation/package.xml
[2.637s] Invoked command in '/home/caleb/ros2_ws/build/spot_navigation' returned '0': CMAKE_PREFIX_PATH=${CMAKE_PREFIX_PATH}:/home/caleb/ros2_ws/install/spot_driver:/home/caleb/ros2_ws/install/spot_manipulation_driver:/opt/ros/galactic /usr/local/bin/cmake --install /home/caleb/ros2_ws/build/spot_navigation
