[1.323s] Invoking command in '/home/caleb/ros2_ws/build/spot_viz': CMAKE_PREFIX_PATH=/home/caleb/ros2_ws/install/spot_description:/home/caleb/ros2_ws/install/spot_ros:/home/caleb/ros2_ws/install/spot_viz:/home/caleb/ros2_ws/install/spot_bringup:/home/caleb/ros2_ws/install/spot_navigation:/home/caleb/ros2_ws/install/spot_msgs:/home/caleb/ros2_ws/install/spot_gazebo:/home/caleb/ros2_ws/install/spot_control:/home/caleb/ros2_ws/install/spot_arm_moveit2_config:/home/caleb/ros2_ws/install/optimization:/home/caleb/ros2_ws/install/manipulator_path_optimization:/home/caleb/ros2_ws/install/manipulator_controller:/home/caleb/ros2_ws/install/spot_driver:/home/caleb/ros2_ws/install/spot_manipulation_driver:/opt/ros/galactic /usr/local/bin/cmake --build /home/caleb/ros2_ws/build/spot_viz -- -j20 -l20
[1.328s] Invoked command in '/home/caleb/ros2_ws/build/spot_viz' returned '0': CMAKE_PREFIX_PATH=/home/caleb/ros2_ws/install/spot_description:/home/caleb/ros2_ws/install/spot_ros:/home/caleb/ros2_ws/install/spot_viz:/home/caleb/ros2_ws/install/spot_bringup:/home/caleb/ros2_ws/install/spot_navigation:/home/caleb/ros2_ws/install/spot_msgs:/home/caleb/ros2_ws/install/spot_gazebo:/home/caleb/ros2_ws/install/spot_control:/home/caleb/ros2_ws/install/spot_arm_moveit2_config:/home/caleb/ros2_ws/install/optimization:/home/caleb/ros2_ws/install/manipulator_path_optimization:/home/caleb/ros2_ws/install/manipulator_controller:/home/caleb/ros2_ws/install/spot_driver:/home/caleb/ros2_ws/install/spot_manipulation_driver:/opt/ros/galactic /usr/local/bin/cmake --build /home/caleb/ros2_ws/build/spot_viz -- -j20 -l20
[1.337s] Invoking command in '/home/caleb/ros2_ws/build/spot_viz': CMAKE_PREFIX_PATH=/home/caleb/ros2_ws/install/spot_description:/home/caleb/ros2_ws/install/spot_ros:/home/caleb/ros2_ws/install/spot_viz:/home/caleb/ros2_ws/install/spot_bringup:/home/caleb/ros2_ws/install/spot_navigation:/home/caleb/ros2_ws/install/spot_msgs:/home/caleb/ros2_ws/install/spot_gazebo:/home/caleb/ros2_ws/install/spot_control:/home/caleb/ros2_ws/install/spot_arm_moveit2_config:/home/caleb/ros2_ws/install/optimization:/home/caleb/ros2_ws/install/manipulator_path_optimization:/home/caleb/ros2_ws/install/manipulator_controller:/home/caleb/ros2_ws/install/spot_driver:/home/caleb/ros2_ws/install/spot_manipulation_driver:/opt/ros/galactic /usr/local/bin/cmake --install /home/caleb/ros2_ws/build/spot_viz
[1.338s] -- Install configuration: ""
[1.339s] -- Up-to-date: /home/caleb/ros2_ws/install/spot_viz/share/spot_viz/launch
[1.339s] -- Up-to-date: /home/caleb/ros2_ws/install/spot_viz/share/spot_viz/launch/view_model.launch.py
[1.340s] -- Up-to-date: /home/caleb/ros2_ws/install/spot_viz/share/spot_viz/launch/view_robot.launch.py
[1.341s] -- Up-to-date: /home/caleb/ros2_ws/install/spot_viz/share/spot_viz/rviz
[1.342s] -- Up-to-date: /home/caleb/ros2_ws/install/spot_viz/share/spot_viz/rviz/robot.rviz
[1.342s] -- Up-to-date: /home/caleb/ros2_ws/install/spot_viz/share/spot_viz/rviz/model.rviz
[1.342s] -- Up-to-date: /home/caleb/ros2_ws/install/spot_viz/share/ament_index/resource_index/package_run_dependencies/spot_viz
[1.342s] -- Up-to-date: /home/caleb/ros2_ws/install/spot_viz/share/ament_index/resource_index/parent_prefix_path/spot_viz
[1.343s] -- Up-to-date: /home/caleb/ros2_ws/install/spot_viz/share/spot_viz/environment/ament_prefix_path.sh
[1.343s] -- Up-to-date: /home/caleb/ros2_ws/install/spot_viz/share/spot_viz/environment/ament_prefix_path.dsv
[1.343s] -- Up-to-date: /home/caleb/ros2_ws/install/spot_viz/share/spot_viz/environment/path.sh
[1.343s] -- Up-to-date: /home/caleb/ros2_ws/install/spot_viz/share/spot_viz/environment/path.dsv
[1.343s] -- Up-to-date: /home/caleb/ros2_ws/install/spot_viz/share/spot_viz/local_setup.bash
[1.343s] -- Up-to-date: /home/caleb/ros2_ws/install/spot_viz/share/spot_viz/local_setup.sh
[1.343s] -- Up-to-date: /home/caleb/ros2_ws/install/spot_viz/share/spot_viz/local_setup.zsh
[1.343s] -- Up-to-date: /home/caleb/ros2_ws/install/spot_viz/share/spot_viz/local_setup.dsv
[1.343s] -- Installing: /home/caleb/ros2_ws/install/spot_viz/share/spot_viz/package.dsv
[1.343s] -- Up-to-date: /home/caleb/ros2_ws/install/spot_viz/share/ament_index/resource_index/packages/spot_viz
[1.344s] -- Up-to-date: /home/caleb/ros2_ws/install/spot_viz/share/spot_viz/cmake/spot_vizConfig.cmake
[1.344s] -- Up-to-date: /home/caleb/ros2_ws/install/spot_viz/share/spot_viz/cmake/spot_vizConfig-version.cmake
[1.344s] -- Up-to-date: /home/caleb/ros2_ws/install/spot_viz/share/spot_viz/package.xml
[1.344s] Invoked command in '/home/caleb/ros2_ws/build/spot_viz' returned '0': CMAKE_PREFIX_PATH=/home/caleb/ros2_ws/install/spot_description:/home/caleb/ros2_ws/install/spot_ros:/home/caleb/ros2_ws/install/spot_viz:/home/caleb/ros2_ws/install/spot_bringup:/home/caleb/ros2_ws/install/spot_navigation:/home/caleb/ros2_ws/install/spot_msgs:/home/caleb/ros2_ws/install/spot_gazebo:/home/caleb/ros2_ws/install/spot_control:/home/caleb/ros2_ws/install/spot_arm_moveit2_config:/home/caleb/ros2_ws/install/optimization:/home/caleb/ros2_ws/install/manipulator_path_optimization:/home/caleb/ros2_ws/install/manipulator_controller:/home/caleb/ros2_ws/install/spot_driver:/home/caleb/ros2_ws/install/spot_manipulation_driver:/opt/ros/galactic /usr/local/bin/cmake --install /home/caleb/ros2_ws/build/spot_viz
