[0.892s] Invoking command in '/home/caleb/ros2_ws/build/spot_msgs': CMAKE_PREFIX_PATH=${CMAKE_PREFIX_PATH}:/home/caleb/ros2_ws/install/spot_driver:/home/caleb/ros2_ws/install/spot_manipulation_driver:/opt/ros/galactic /usr/local/bin/cmake --build /home/caleb/ros2_ws/build/spot_msgs -- -j20 -l20
[1.153s] [  0%] Built target spot_msgs__cpp
[1.153s] [ 12%] Built target spot_msgs__rosidl_generator_c
[1.153s] [ 24%] Built target spot_msgs__rosidl_typesupport_cpp
[1.154s] [ 37%] Built target spot_msgs__rosidl_typesupport_introspection_c
[1.154s] [ 49%] Built target spot_msgs__rosidl_typesupport_fastrtps_cpp
[1.155s] [ 61%] Built target spot_msgs__rosidl_typesupport_c
[1.155s] [ 74%] Built target spot_msgs__rosidl_typesupport_introspection_cpp
[1.156s] [ 87%] Built target spot_msgs__rosidl_typesupport_fastrtps_c
[1.156s] [ 87%] Built target spot_msgs
[1.156s] [ 87%] Built target spot_msgs__py
[1.156s] [ 99%] Built target spot_msgs__python
[1.157s] [ 99%] Built target spot_msgs__rosidl_typesupport_fastrtps_c__pyext
[1.157s] [ 99%] Built target spot_msgs__rosidl_typesupport_introspection_c__pyext
[1.158s] [100%] Built target spot_msgs__rosidl_typesupport_c__pyext
[1.176s] Invoked command in '/home/caleb/ros2_ws/build/spot_msgs' returned '0': CMAKE_PREFIX_PATH=${CMAKE_PREFIX_PATH}:/home/caleb/ros2_ws/install/spot_driver:/home/caleb/ros2_ws/install/spot_manipulation_driver:/opt/ros/galactic /usr/local/bin/cmake --build /home/caleb/ros2_ws/build/spot_msgs -- -j20 -l20
[2.040s] Invoking command in '/home/caleb/ros2_ws/build/spot_msgs': CMAKE_PREFIX_PATH=${CMAKE_PREFIX_PATH}:/home/caleb/ros2_ws/install/spot_driver:/home/caleb/ros2_ws/install/spot_manipulation_driver:/opt/ros/galactic /usr/local/bin/cmake --install /home/caleb/ros2_ws/build/spot_msgs
[2.048s] -- Install configuration: ""
[2.049s] -- Up-to-date: /home/caleb/ros2_ws/install/spot_msgs/share/ament_index/resource_index/rosidl_interfaces/spot_msgs
[2.049s] -- Up-to-date: /home/caleb/ros2_ws/install/spot_msgs/include/spot_msgs
[2.049s] -- Up-to-date: /home/caleb/ros2_ws/install/spot_msgs/include/spot_msgs/srv
[2.049s] -- Up-to-date: /home/caleb/ros2_ws/install/spot_msgs/include/spot_msgs/srv/set_velocity.h
[2.049s] -- Up-to-date: /home/caleb/ros2_ws/install/spot_msgs/include/spot_msgs/srv/constrained_arm_joint_movement.h
[2.050s] -- Up-to-date: /home/caleb/ros2_ws/install/spot_msgs/include/spot_msgs/srv/hand_pose.h
[2.050s] -- Up-to-date: /home/caleb/ros2_ws/install/spot_msgs/include/spot_msgs/srv/arm_joint_movement.h
[2.050s] -- Up-to-date: /home/caleb/ros2_ws/install/spot_msgs/include/spot_msgs/srv/gripper_angle_move.h
[2.051s] -- Up-to-date: /home/caleb/ros2_ws/install/spot_msgs/include/spot_msgs/srv/list_graph.h
[2.051s] -- Up-to-date: /home/caleb/ros2_ws/install/spot_msgs/include/spot_msgs/srv/detail
[2.052s] -- Up-to-date: /home/caleb/ros2_ws/install/spot_msgs/include/spot_msgs/srv/detail/set_locomotion__type_support.h
[2.052s] -- Up-to-date: /home/caleb/ros2_ws/install/spot_msgs/include/spot_msgs/srv/detail/clear_behavior_fault__functions.c
[2.052s] -- Up-to-date: /home/caleb/ros2_ws/install/spot_msgs/include/spot_msgs/srv/detail/arm_joint_movement__type_support.h
[2.052s] -- Up-to-date: /home/caleb/ros2_ws/install/spot_msgs/include/spot_msgs/srv/detail/set_locomotion__functions.c
[2.052s] -- Up-to-date: /home/caleb/ros2_ws/install/spot_msgs/include/spot_msgs/srv/detail/constrained_arm_joint_movement__functions.h
[2.052s] -- Up-to-date: /home/caleb/ros2_ws/install/spot_msgs/include/spot_msgs/srv/detail/dock__functions.h
[2.052s] -- Up-to-date: /home/caleb/ros2_ws/install/spot_msgs/include/spot_msgs/srv/detail/set_velocity__functions.c
[2.052s] -- Up-to-date: /home/caleb/ros2_ws/install/spot_msgs/include/spot_msgs/srv/detail/clear_behavior_fault__struct.h
[2.052s] -- Up-to-date: /home/caleb/ros2_ws/install/spot_msgs/include/spot_msgs/srv/detail/arm_force_trajectory__functions.c
[2.054s] -- Up-to-date: /home/caleb/ros2_ws/install/spot_msgs/include/spot_msgs/srv/detail/gripper_angle_move__functions.c
[2.054s] -- Up-to-date: /home/caleb/ros2_ws/install/spot_msgs/include/spot_msgs/srv/detail/hand_pose__struct.h
[2.054s] -- Up-to-date: /home/caleb/ros2_ws/install/spot_msgs/include/spot_msgs/srv/detail/gripper_angle_move__functions.h
[2.055s] -- Up-to-date: /home/caleb/ros2_ws/install/spot_msgs/include/spot_msgs/srv/detail/arm_force_trajectory__functions.h
[2.055s] -- Up-to-date: /home/caleb/ros2_ws/install/spot_msgs/include/spot_msgs/srv/detail/arm_force_trajectory__struct.h
[2.055s] -- Up-to-date: /home/caleb/ros2_ws/install/spot_msgs/include/spot_msgs/srv/detail/arm_joint_movement__functions.c
[2.055s] -- Up-to-date: /home/caleb/ros2_ws/install/spot_msgs/include/spot_msgs/srv/detail/hand_pose__type_support.h
[2.055s] -- Up-to-date: /home/caleb/ros2_ws/install/spot_msgs/include/spot_msgs/srv/detail/list_graph__functions.c
[2.056s] -- Up-to-date: /home/caleb/ros2_ws/install/spot_msgs/include/spot_msgs/srv/detail/arm_joint_movement__functions.h
[2.056s] -- Up-to-date: /home/caleb/ros2_ws/install/spot_msgs/include/spot_msgs/srv/detail/clear_behavior_fault__type_support.h
[2.056s] -- Up-to-date: /home/caleb/ros2_ws/install/spot_msgs/include/spot_msgs/srv/detail/list_graph__functions.h
[2.057s] -- Up-to-date: /home/caleb/ros2_ws/install/spot_msgs/include/spot_msgs/srv/detail/gripper_angle_move__struct.h
[2.057s] -- Up-to-date: /home/caleb/ros2_ws/install/spot_msgs/include/spot_msgs/srv/detail/list_graph__type_support.h
[2.058s] -- Up-to-date: /home/caleb/ros2_ws/install/spot_msgs/include/spot_msgs/srv/detail/dock__struct.h
[2.058s] -- Up-to-date: /home/caleb/ros2_ws/install/spot_msgs/include/spot_msgs/srv/detail/gripper_angle_move__type_support.h
[2.059s] -- Up-to-date: /home/caleb/ros2_ws/install/spot_msgs/include/spot_msgs/srv/detail/constrained_arm_joint_movement__struct.h
[2.059s] -- Up-to-date: /home/caleb/ros2_ws/install/spot_msgs/include/spot_msgs/srv/detail/clear_behavior_fault__functions.h
[2.059s] -- Up-to-date: /home/caleb/ros2_ws/install/spot_msgs/include/spot_msgs/srv/detail/hand_pose__functions.c
[2.060s] -- Up-to-date: /home/caleb/ros2_ws/install/spot_msgs/include/spot_msgs/srv/detail/set_velocity__functions.h
[2.060s] -- Up-to-date: /home/caleb/ros2_ws/install/spot_msgs/include/spot_msgs/srv/detail/set_velocity__struct.h
[2.060s] -- Up-to-date: /home/caleb/ros2_ws/install/spot_msgs/include/spot_msgs/srv/detail/dock__functions.c
[2.061s] -- Up-to-date: /home/caleb/ros2_ws/install/spot_msgs/include/spot_msgs/srv/detail/set_locomotion__functions.h
[2.061s] -- Up-to-date: /home/caleb/ros2_ws/install/spot_msgs/include/spot_msgs/srv/detail/dock__type_support.h
[2.061s] -- Up-to-date: /home/caleb/ros2_ws/install/spot_msgs/include/spot_msgs/srv/detail/hand_pose__functions.h
[2.062s] -- Up-to-date: /home/caleb/ros2_ws/install/spot_msgs/include/spot_msgs/srv/detail/arm_joint_movement__struct.h
[2.062s] -- Up-to-date: /home/caleb/ros2_ws/install/spot_msgs/include/spot_msgs/srv/detail/set_locomotion__struct.h
[2.062s] -- Up-to-date: /home/caleb/ros2_ws/install/spot_msgs/include/spot_msgs/srv/detail/set_velocity__type_support.h
[2.063s] -- Up-to-date: /home/caleb/ros2_ws/install/spot_msgs/include/spot_msgs/srv/detail/constrained_arm_joint_movement__functions.c
[2.063s] -- Up-to-date: /home/caleb/ros2_ws/install/spot_msgs/include/spot_msgs/srv/detail/list_graph__struct.h
[2.064s] -- Up-to-date: /home/caleb/ros2_ws/install/spot_msgs/include/spot_msgs/srv/detail/arm_force_trajectory__type_support.h
[2.064s] -- Up-to-date: /home/caleb/ros2_ws/install/spot_msgs/include/spot_msgs/srv/detail/constrained_arm_joint_movement__type_support.h
[2.065s] -- Up-to-date: /home/caleb/ros2_ws/install/spot_msgs/include/spot_msgs/srv/set_locomotion.h
[2.065s] -- Up-to-date: /home/caleb/ros2_ws/install/spot_msgs/include/spot_msgs/srv/dock.h
[2.065s] -- Up-to-date: /home/caleb/ros2_ws/install/spot_msgs/include/spot_msgs/srv/clear_behavior_fault.h
[2.066s] -- Up-to-date: /home/caleb/ros2_ws/install/spot_msgs/include/spot_msgs/srv/arm_force_trajectory.h
[2.066s] -- Up-to-date: /home/caleb/ros2_ws/install/spot_msgs/include/spot_msgs/msg
[2.066s] -- Up-to-date: /home/caleb/ros2_ws/install/spot_msgs/include/spot_msgs/msg/rosidl_generator_c__visibility_control.h
[2.067s] -- Up-to-date: /home/caleb/ros2_ws/install/spot_msgs/include/spot_msgs/msg/manipulator_state.h
[2.067s] -- Up-to-date: /home/caleb/ros2_ws/install/spot_msgs/include/spot_msgs/msg/foot_state_array.h
[2.067s] -- Up-to-date: /home/caleb/ros2_ws/install/spot_msgs/include/spot_msgs/msg/system_fault_state.h
[2.068s] -- Up-to-date: /home/caleb/ros2_ws/install/spot_msgs/include/spot_msgs/msg/lease_resource.h
[2.068s] -- Up-to-date: /home/caleb/ros2_ws/install/spot_msgs/include/spot_msgs/msg/lease.h
[2.069s] -- Up-to-date: /home/caleb/ros2_ws/install/spot_msgs/include/spot_msgs/msg/foot_state.h
[2.069s] -- Up-to-date: /home/caleb/ros2_ws/install/spot_msgs/include/spot_msgs/msg/wi_fi_state.h
[2.070s] -- Up-to-date: /home/caleb/ros2_ws/install/spot_msgs/include/spot_msgs/msg/power_state.h
[2.070s] -- Up-to-date: /home/caleb/ros2_ws/install/spot_msgs/include/spot_msgs/msg/feedback.h
[2.070s] -- Up-to-date: /home/caleb/ros2_ws/install/spot_msgs/include/spot_msgs/msg/metrics.h
[2.070s] -- Up-to-date: /home/caleb/ros2_ws/install/spot_msgs/include/spot_msgs/msg/battery_state_array.h
[2.071s] -- Up-to-date: /home/caleb/ros2_ws/install/spot_msgs/include/spot_msgs/msg/dock_state.h
[2.071s] -- Up-to-date: /home/caleb/ros2_ws/install/spot_msgs/include/spot_msgs/msg/mobility_params.h
[2.072s] -- Up-to-date: /home/caleb/ros2_ws/install/spot_msgs/include/spot_msgs/msg/e_stop_state.h
[2.072s] -- Up-to-date: /home/caleb/ros2_ws/install/spot_msgs/include/spot_msgs/msg/detail
[2.072s] -- Up-to-date: /home/caleb/ros2_ws/install/spot_msgs/include/spot_msgs/msg/detail/foot_state_array__type_support.h
[2.073s] -- Up-to-date: /home/caleb/ros2_ws/install/spot_msgs/include/spot_msgs/msg/detail/dock_state__type_support.h
[2.074s] -- Up-to-date: /home/caleb/ros2_ws/install/spot_msgs/include/spot_msgs/msg/detail/mobility_params__struct.h
[2.075s] -- Up-to-date: /home/caleb/ros2_ws/install/spot_msgs/include/spot_msgs/msg/detail/wi_fi_state__struct.h
[2.075s] -- Up-to-date: /home/caleb/ros2_ws/install/spot_msgs/include/spot_msgs/msg/detail/dock_state__functions.h
[2.075s] -- Up-to-date: /home/caleb/ros2_ws/install/spot_msgs/include/spot_msgs/msg/detail/mobility_params__functions.c
[2.076s] -- Up-to-date: /home/caleb/ros2_ws/install/spot_msgs/include/spot_msgs/msg/detail/battery_state__type_support.h
[2.076s] -- Up-to-date: /home/caleb/ros2_ws/install/spot_msgs/include/spot_msgs/msg/detail/lease_resource__type_support.h
[2.076s] -- Up-to-date: /home/caleb/ros2_ws/install/spot_msgs/include/spot_msgs/msg/detail/foot_state_array__functions.h
[2.077s] -- Up-to-date: /home/caleb/ros2_ws/install/spot_msgs/include/spot_msgs/msg/detail/lease__functions.c
[2.077s] -- Up-to-date: /home/caleb/ros2_ws/install/spot_msgs/include/spot_msgs/msg/detail/e_stop_state__functions.h
[2.078s] -- Up-to-date: /home/caleb/ros2_ws/install/spot_msgs/include/spot_msgs/msg/detail/mobility_params__type_support.h
[2.079s] -- Up-to-date: /home/caleb/ros2_ws/install/spot_msgs/include/spot_msgs/msg/detail/lease_resource__functions.c
[2.079s] -- Up-to-date: /home/caleb/ros2_ws/install/spot_msgs/include/spot_msgs/msg/detail/system_fault_state__functions.h
[2.079s] -- Up-to-date: /home/caleb/ros2_ws/install/spot_msgs/include/spot_msgs/msg/detail/power_state__struct.h
[2.080s] -- Up-to-date: /home/caleb/ros2_ws/install/spot_msgs/include/spot_msgs/msg/detail/e_stop_state_array__type_support.h
[2.081s] -- Up-to-date: /home/caleb/ros2_ws/install/spot_msgs/include/spot_msgs/msg/detail/dock_state__struct.h
[2.081s] -- Up-to-date: /home/caleb/ros2_ws/install/spot_msgs/include/spot_msgs/msg/detail/foot_state__functions.h
[2.081s] -- Up-to-date: /home/caleb/ros2_ws/install/spot_msgs/include/spot_msgs/msg/detail/lease_array__functions.c
[2.082s] -- Up-to-date: /home/caleb/ros2_ws/install/spot_msgs/include/spot_msgs/msg/detail/battery_state__functions.h
[2.082s] -- Up-to-date: /home/caleb/ros2_ws/install/spot_msgs/include/spot_msgs/msg/detail/power_state__type_support.h
[2.082s] -- Up-to-date: /home/caleb/ros2_ws/install/spot_msgs/include/spot_msgs/msg/detail/system_fault_state__functions.c
[2.083s] -- Up-to-date: /home/caleb/ros2_ws/install/spot_msgs/include/spot_msgs/msg/detail/feedback__functions.h
[2.083s] -- Up-to-date: /home/caleb/ros2_ws/install/spot_msgs/include/spot_msgs/msg/detail/wi_fi_state__functions.c
[2.084s] -- Up-to-date: /home/caleb/ros2_ws/install/spot_msgs/include/spot_msgs/msg/detail/system_fault_state__type_support.h
[2.084s] -- Up-to-date: /home/caleb/ros2_ws/install/spot_msgs/include/spot_msgs/msg/detail/e_stop_state__type_support.h
[2.084s] -- Up-to-date: /home/caleb/ros2_ws/install/spot_msgs/include/spot_msgs/msg/detail/behavior_fault__type_support.h
[2.084s] -- Up-to-date: /home/caleb/ros2_ws/install/spot_msgs/include/spot_msgs/msg/detail/feedback__type_support.h
[2.084s] -- Up-to-date: /home/caleb/ros2_ws/install/spot_msgs/include/spot_msgs/msg/detail/behavior_fault_state__struct.h
[2.085s] -- Up-to-date: /home/caleb/ros2_ws/install/spot_msgs/include/spot_msgs/msg/detail/foot_state_array__functions.c
[2.086s] -- Up-to-date: /home/caleb/ros2_ws/install/spot_msgs/include/spot_msgs/msg/detail/behavior_fault_state__functions.h
[2.086s] -- Up-to-date: /home/caleb/ros2_ws/install/spot_msgs/include/spot_msgs/msg/detail/mobility_params__functions.h
[2.087s] -- Up-to-date: /home/caleb/ros2_ws/install/spot_msgs/include/spot_msgs/msg/detail/power_state__functions.c
[2.088s] -- Up-to-date: /home/caleb/ros2_ws/install/spot_msgs/include/spot_msgs/msg/detail/foot_state_array__struct.h
[2.089s] -- Up-to-date: /home/caleb/ros2_ws/install/spot_msgs/include/spot_msgs/msg/detail/lease_owner__struct.h
[2.089s] -- Up-to-date: /home/caleb/ros2_ws/install/spot_msgs/include/spot_msgs/msg/detail/lease__type_support.h
[2.090s] -- Up-to-date: /home/caleb/ros2_ws/install/spot_msgs/include/spot_msgs/msg/detail/metrics__struct.h
[2.090s] -- Up-to-date: /home/caleb/ros2_ws/install/spot_msgs/include/spot_msgs/msg/detail/battery_state_array__type_support.h
[2.091s] -- Up-to-date: /home/caleb/ros2_ws/install/spot_msgs/include/spot_msgs/msg/detail/e_stop_state__functions.c
[2.091s] -- Up-to-date: /home/caleb/ros2_ws/install/spot_msgs/include/spot_msgs/msg/detail/lease_owner__type_support.h
[2.092s] -- Up-to-date: /home/caleb/ros2_ws/install/spot_msgs/include/spot_msgs/msg/detail/behavior_fault_state__functions.c
[2.093s] -- Up-to-date: /home/caleb/ros2_ws/install/spot_msgs/include/spot_msgs/msg/detail/battery_state__struct.h
[2.093s] -- Up-to-date: /home/caleb/ros2_ws/install/spot_msgs/include/spot_msgs/msg/detail/manipulator_state__functions.h
[2.094s] -- Up-to-date: /home/caleb/ros2_ws/install/spot_msgs/include/spot_msgs/msg/detail/behavior_fault__struct.h
[2.095s] -- Up-to-date: /home/caleb/ros2_ws/install/spot_msgs/include/spot_msgs/msg/detail/metrics__functions.c
[2.095s] -- Up-to-date: /home/caleb/ros2_ws/install/spot_msgs/include/spot_msgs/msg/detail/e_stop_state_array__functions.c
[2.096s] -- Up-to-date: /home/caleb/ros2_ws/install/spot_msgs/include/spot_msgs/msg/detail/battery_state_array__functions.h
[2.096s] -- Up-to-date: /home/caleb/ros2_ws/install/spot_msgs/include/spot_msgs/msg/detail/battery_state_array__struct.h
[2.096s] -- Up-to-date: /home/caleb/ros2_ws/install/spot_msgs/include/spot_msgs/msg/detail/lease__struct.h
[2.097s] -- Up-to-date: /home/caleb/ros2_ws/install/spot_msgs/include/spot_msgs/msg/detail/system_fault__functions.c
[2.097s] -- Up-to-date: /home/caleb/ros2_ws/install/spot_msgs/include/spot_msgs/msg/detail/lease_array__type_support.h
[2.098s] -- Up-to-date: /home/caleb/ros2_ws/install/spot_msgs/include/spot_msgs/msg/detail/e_stop_state_array__struct.h
[2.098s] -- Up-to-date: /home/caleb/ros2_ws/install/spot_msgs/include/spot_msgs/msg/detail/lease_array__struct.h
[2.099s] -- Up-to-date: /home/caleb/ros2_ws/install/spot_msgs/include/spot_msgs/msg/detail/wi_fi_state__functions.h
[2.099s] -- Up-to-date: /home/caleb/ros2_ws/install/spot_msgs/include/spot_msgs/msg/detail/system_fault__struct.h
[2.099s] -- Up-to-date: /home/caleb/ros2_ws/install/spot_msgs/include/spot_msgs/msg/detail/behavior_fault__functions.h
[2.099s] -- Up-to-date: /home/caleb/ros2_ws/install/spot_msgs/include/spot_msgs/msg/detail/manipulator_state__type_support.h
[2.099s] -- Up-to-date: /home/caleb/ros2_ws/install/spot_msgs/include/spot_msgs/msg/detail/manipulator_state__struct.h
[2.099s] -- Up-to-date: /home/caleb/ros2_ws/install/spot_msgs/include/spot_msgs/msg/detail/foot_state__struct.h
[2.099s] -- Up-to-date: /home/caleb/ros2_ws/install/spot_msgs/include/spot_msgs/msg/detail/manipulator_state__functions.c
[2.099s] -- Up-to-date: /home/caleb/ros2_ws/install/spot_msgs/include/spot_msgs/msg/detail/feedback__functions.c
[2.099s] -- Up-to-date: /home/caleb/ros2_ws/install/spot_msgs/include/spot_msgs/msg/detail/behavior_fault__functions.c
[2.100s] -- Up-to-date: /home/caleb/ros2_ws/install/spot_msgs/include/spot_msgs/msg/detail/power_state__functions.h
[2.100s] -- Up-to-date: /home/caleb/ros2_ws/install/spot_msgs/include/spot_msgs/msg/detail/dock_state__functions.c
[2.100s] -- Up-to-date: /home/caleb/ros2_ws/install/spot_msgs/include/spot_msgs/msg/detail/metrics__type_support.h
[2.100s] -- Up-to-date: /home/caleb/ros2_ws/install/spot_msgs/include/spot_msgs/msg/detail/foot_state__functions.c
[2.101s] -- Up-to-date: /home/caleb/ros2_ws/install/spot_msgs/include/spot_msgs/msg/detail/behavior_fault_state__type_support.h
[2.101s] -- Up-to-date: /home/caleb/ros2_ws/install/spot_msgs/include/spot_msgs/msg/detail/lease_resource__struct.h
[2.101s] -- Up-to-date: /home/caleb/ros2_ws/install/spot_msgs/include/spot_msgs/msg/detail/lease_resource__functions.h
[2.101s] -- Up-to-date: /home/caleb/ros2_ws/install/spot_msgs/include/spot_msgs/msg/detail/lease_array__functions.h
[2.101s] -- Up-to-date: /home/caleb/ros2_ws/install/spot_msgs/include/spot_msgs/msg/detail/wi_fi_state__type_support.h
[2.101s] -- Up-to-date: /home/caleb/ros2_ws/install/spot_msgs/include/spot_msgs/msg/detail/battery_state_array__functions.c
[2.102s] -- Up-to-date: /home/caleb/ros2_ws/install/spot_msgs/include/spot_msgs/msg/detail/metrics__functions.h
[2.102s] -- Up-to-date: /home/caleb/ros2_ws/install/spot_msgs/include/spot_msgs/msg/detail/lease_owner__functions.h
[2.102s] -- Up-to-date: /home/caleb/ros2_ws/install/spot_msgs/include/spot_msgs/msg/detail/lease__functions.h
[2.103s] -- Up-to-date: /home/caleb/ros2_ws/install/spot_msgs/include/spot_msgs/msg/detail/battery_state__functions.c
[2.110s] -- Up-to-date: /home/caleb/ros2_ws/install/spot_msgs/include/spot_msgs/msg/detail/lease_owner__functions.c
[2.111s] -- Up-to-date: /home/caleb/ros2_ws/install/spot_msgs/include/spot_msgs/msg/detail/e_stop_state__struct.h
[2.111s] -- Up-to-date: /home/caleb/ros2_ws/install/spot_msgs/include/spot_msgs/msg/detail/system_fault_state__struct.h
[2.111s] -- Up-to-date: /home/caleb/ros2_ws/install/spot_msgs/include/spot_msgs/msg/detail/system_fault__type_support.h
[2.112s] -- Up-to-date: /home/caleb/ros2_ws/install/spot_msgs/include/spot_msgs/msg/detail/feedback__struct.h
[2.112s] -- Up-to-date: /home/caleb/ros2_ws/install/spot_msgs/include/spot_msgs/msg/detail/e_stop_state_array__functions.h
[2.112s] -- Up-to-date: /home/caleb/ros2_ws/install/spot_msgs/include/spot_msgs/msg/detail/foot_state__type_support.h
[2.113s] -- Up-to-date: /home/caleb/ros2_ws/install/spot_msgs/include/spot_msgs/msg/detail/system_fault__functions.h
[2.113s] -- Up-to-date: /home/caleb/ros2_ws/install/spot_msgs/include/spot_msgs/msg/lease_owner.h
[2.113s] -- Up-to-date: /home/caleb/ros2_ws/install/spot_msgs/include/spot_msgs/msg/system_fault.h
[2.114s] -- Up-to-date: /home/caleb/ros2_ws/install/spot_msgs/include/spot_msgs/msg/e_stop_state_array.h
[2.114s] -- Up-to-date: /home/caleb/ros2_ws/install/spot_msgs/include/spot_msgs/msg/lease_array.h
[2.114s] -- Up-to-date: /home/caleb/ros2_ws/install/spot_msgs/include/spot_msgs/msg/battery_state.h
[2.115s] -- Up-to-date: /home/caleb/ros2_ws/install/spot_msgs/include/spot_msgs/msg/behavior_fault.h
[2.115s] -- Up-to-date: /home/caleb/ros2_ws/install/spot_msgs/include/spot_msgs/msg/behavior_fault_state.h
[2.116s] -- Up-to-date: /home/caleb/ros2_ws/install/spot_msgs/include/spot_msgs/action
[2.116s] -- Up-to-date: /home/caleb/ros2_ws/install/spot_msgs/include/spot_msgs/action/trajectory.h
[2.116s] -- Up-to-date: /home/caleb/ros2_ws/install/spot_msgs/include/spot_msgs/action/detail
[2.117s] -- Up-to-date: /home/caleb/ros2_ws/install/spot_msgs/include/spot_msgs/action/detail/navigate_to__type_support.h
[2.117s] -- Up-to-date: /home/caleb/ros2_ws/install/spot_msgs/include/spot_msgs/action/detail/navigate_to__functions.h
[2.117s] -- Up-to-date: /home/caleb/ros2_ws/install/spot_msgs/include/spot_msgs/action/detail/trajectory__functions.h
[2.118s] -- Up-to-date: /home/caleb/ros2_ws/install/spot_msgs/include/spot_msgs/action/detail/trajectory__type_support.h
[2.118s] -- Up-to-date: /home/caleb/ros2_ws/install/spot_msgs/include/spot_msgs/action/detail/trajectory__struct.h
[2.118s] -- Up-to-date: /home/caleb/ros2_ws/install/spot_msgs/include/spot_msgs/action/detail/navigate_to__struct.h
[2.118s] -- Up-to-date: /home/caleb/ros2_ws/install/spot_msgs/include/spot_msgs/action/detail/navigate_to__functions.c
[2.119s] -- Up-to-date: /home/caleb/ros2_ws/install/spot_msgs/include/spot_msgs/action/detail/trajectory__functions.c
[2.119s] -- Up-to-date: /home/caleb/ros2_ws/install/spot_msgs/include/spot_msgs/action/navigate_to.h
[2.119s] -- Up-to-date: /home/caleb/ros2_ws/install/spot_msgs/share/spot_msgs/environment/library_path.sh
[2.119s] -- Up-to-date: /home/caleb/ros2_ws/install/spot_msgs/share/spot_msgs/environment/library_path.dsv
[2.119s] -- Up-to-date: /home/caleb/ros2_ws/install/spot_msgs/lib/libspot_msgs__rosidl_generator_c.so
[2.120s] -- Up-to-date: /home/caleb/ros2_ws/install/spot_msgs/include/spot_msgs
[2.120s] -- Up-to-date: /home/caleb/ros2_ws/install/spot_msgs/include/spot_msgs/srv
[2.121s] -- Up-to-date: /home/caleb/ros2_ws/install/spot_msgs/include/spot_msgs/srv/detail
[2.121s] -- Up-to-date: /home/caleb/ros2_ws/install/spot_msgs/include/spot_msgs/srv/detail/hand_pose__rosidl_typesupport_fastrtps_c.h
[2.121s] -- Up-to-date: /home/caleb/ros2_ws/install/spot_msgs/include/spot_msgs/srv/detail/arm_force_trajectory__rosidl_typesupport_fastrtps_c.h
[2.122s] -- Up-to-date: /home/caleb/ros2_ws/install/spot_msgs/include/spot_msgs/srv/detail/set_locomotion__rosidl_typesupport_fastrtps_c.h
[2.122s] -- Up-to-date: /home/caleb/ros2_ws/install/spot_msgs/include/spot_msgs/srv/detail/list_graph__rosidl_typesupport_fastrtps_c.h
[2.122s] -- Up-to-date: /home/caleb/ros2_ws/install/spot_msgs/include/spot_msgs/srv/detail/constrained_arm_joint_movement__rosidl_typesupport_fastrtps_c.h
[2.123s] -- Up-to-date: /home/caleb/ros2_ws/install/spot_msgs/include/spot_msgs/srv/detail/arm_joint_movement__rosidl_typesupport_fastrtps_c.h
[2.124s] -- Up-to-date: /home/caleb/ros2_ws/install/spot_msgs/include/spot_msgs/srv/detail/set_velocity__rosidl_typesupport_fastrtps_c.h
[2.124s] -- Up-to-date: /home/caleb/ros2_ws/install/spot_msgs/include/spot_msgs/srv/detail/gripper_angle_move__rosidl_typesupport_fastrtps_c.h
[2.124s] -- Up-to-date: /home/caleb/ros2_ws/install/spot_msgs/include/spot_msgs/srv/detail/clear_behavior_fault__rosidl_typesupport_fastrtps_c.h
[2.125s] -- Up-to-date: /home/caleb/ros2_ws/install/spot_msgs/include/spot_msgs/srv/detail/dock__rosidl_typesupport_fastrtps_c.h
[2.125s] -- Up-to-date: /home/caleb/ros2_ws/install/spot_msgs/include/spot_msgs/msg
[2.126s] -- Up-to-date: /home/caleb/ros2_ws/install/spot_msgs/include/spot_msgs/msg/detail
[2.126s] -- Up-to-date: /home/caleb/ros2_ws/install/spot_msgs/include/spot_msgs/msg/detail/dock_state__rosidl_typesupport_fastrtps_c.h
[2.126s] -- Up-to-date: /home/caleb/ros2_ws/install/spot_msgs/include/spot_msgs/msg/detail/mobility_params__rosidl_typesupport_fastrtps_c.h
[2.127s] -- Up-to-date: /home/caleb/ros2_ws/install/spot_msgs/include/spot_msgs/msg/detail/lease__rosidl_typesupport_fastrtps_c.h
[2.127s] -- Up-to-date: /home/caleb/ros2_ws/install/spot_msgs/include/spot_msgs/msg/detail/lease_owner__rosidl_typesupport_fastrtps_c.h
[2.127s] -- Up-to-date: /home/caleb/ros2_ws/install/spot_msgs/include/spot_msgs/msg/detail/system_fault_state__rosidl_typesupport_fastrtps_c.h
[2.127s] -- Up-to-date: /home/caleb/ros2_ws/install/spot_msgs/include/spot_msgs/msg/detail/foot_state_array__rosidl_typesupport_fastrtps_c.h
[2.128s] -- Up-to-date: /home/caleb/ros2_ws/install/spot_msgs/include/spot_msgs/msg/detail/battery_state_array__rosidl_typesupport_fastrtps_c.h
[2.128s] -- Up-to-date: /home/caleb/ros2_ws/install/spot_msgs/include/spot_msgs/msg/detail/e_stop_state_array__rosidl_typesupport_fastrtps_c.h
[2.128s] -- Up-to-date: /home/caleb/ros2_ws/install/spot_msgs/include/spot_msgs/msg/detail/manipulator_state__rosidl_typesupport_fastrtps_c.h
[2.129s] -- Up-to-date: /home/caleb/ros2_ws/install/spot_msgs/include/spot_msgs/msg/detail/e_stop_state__rosidl_typesupport_fastrtps_c.h
[2.129s] -- Up-to-date: /home/caleb/ros2_ws/install/spot_msgs/include/spot_msgs/msg/detail/feedback__rosidl_typesupport_fastrtps_c.h
[2.130s] -- Up-to-date: /home/caleb/ros2_ws/install/spot_msgs/include/spot_msgs/msg/detail/system_fault__rosidl_typesupport_fastrtps_c.h
[2.131s] -- Up-to-date: /home/caleb/ros2_ws/install/spot_msgs/include/spot_msgs/msg/detail/lease_array__rosidl_typesupport_fastrtps_c.h
[2.131s] -- Up-to-date: /home/caleb/ros2_ws/install/spot_msgs/include/spot_msgs/msg/detail/lease_resource__rosidl_typesupport_fastrtps_c.h
[2.132s] -- Up-to-date: /home/caleb/ros2_ws/install/spot_msgs/include/spot_msgs/msg/detail/wi_fi_state__rosidl_typesupport_fastrtps_c.h
[2.132s] -- Up-to-date: /home/caleb/ros2_ws/install/spot_msgs/include/spot_msgs/msg/detail/behavior_fault__rosidl_typesupport_fastrtps_c.h
[2.133s] -- Up-to-date: /home/caleb/ros2_ws/install/spot_msgs/include/spot_msgs/msg/detail/behavior_fault_state__rosidl_typesupport_fastrtps_c.h
[2.133s] -- Up-to-date: /home/caleb/ros2_ws/install/spot_msgs/include/spot_msgs/msg/detail/battery_state__rosidl_typesupport_fastrtps_c.h
[2.133s] -- Up-to-date: /home/caleb/ros2_ws/install/spot_msgs/include/spot_msgs/msg/detail/metrics__rosidl_typesupport_fastrtps_c.h
[2.134s] -- Up-to-date: /home/caleb/ros2_ws/install/spot_msgs/include/spot_msgs/msg/detail/foot_state__rosidl_typesupport_fastrtps_c.h
[2.134s] -- Up-to-date: /home/caleb/ros2_ws/install/spot_msgs/include/spot_msgs/msg/detail/power_state__rosidl_typesupport_fastrtps_c.h
[2.135s] -- Up-to-date: /home/caleb/ros2_ws/install/spot_msgs/include/spot_msgs/msg/rosidl_typesupport_fastrtps_c__visibility_control.h
[2.135s] -- Up-to-date: /home/caleb/ros2_ws/install/spot_msgs/include/spot_msgs/action
[2.136s] -- Up-to-date: /home/caleb/ros2_ws/install/spot_msgs/include/spot_msgs/action/detail
[2.137s] -- Up-to-date: /home/caleb/ros2_ws/install/spot_msgs/include/spot_msgs/action/detail/navigate_to__rosidl_typesupport_fastrtps_c.h
[2.138s] -- Up-to-date: /home/caleb/ros2_ws/install/spot_msgs/include/spot_msgs/action/detail/trajectory__rosidl_typesupport_fastrtps_c.h
[2.138s] -- Up-to-date: /home/caleb/ros2_ws/install/spot_msgs/lib/libspot_msgs__rosidl_typesupport_fastrtps_c.so
[2.138s] -- Up-to-date: /home/caleb/ros2_ws/install/spot_msgs/include/spot_msgs
[2.139s] -- Up-to-date: /home/caleb/ros2_ws/install/spot_msgs/include/spot_msgs/srv
[2.140s] -- Up-to-date: /home/caleb/ros2_ws/install/spot_msgs/include/spot_msgs/srv/detail
[2.140s] -- Up-to-date: /home/caleb/ros2_ws/install/spot_msgs/include/spot_msgs/srv/detail/clear_behavior_fault__rosidl_typesupport_fastrtps_cpp.hpp
[2.141s] -- Up-to-date: /home/caleb/ros2_ws/install/spot_msgs/include/spot_msgs/srv/detail/constrained_arm_joint_movement__rosidl_typesupport_fastrtps_cpp.hpp
[2.141s] -- Up-to-date: /home/caleb/ros2_ws/install/spot_msgs/include/spot_msgs/srv/detail/arm_joint_movement__rosidl_typesupport_fastrtps_cpp.hpp
[2.141s] -- Up-to-date: /home/caleb/ros2_ws/install/spot_msgs/include/spot_msgs/srv/detail/hand_pose__rosidl_typesupport_fastrtps_cpp.hpp
[2.141s] -- Up-to-date: /home/caleb/ros2_ws/install/spot_msgs/include/spot_msgs/srv/detail/gripper_angle_move__rosidl_typesupport_fastrtps_cpp.hpp
[2.141s] -- Up-to-date: /home/caleb/ros2_ws/install/spot_msgs/include/spot_msgs/srv/detail/dock__rosidl_typesupport_fastrtps_cpp.hpp
[2.142s] -- Up-to-date: /home/caleb/ros2_ws/install/spot_msgs/include/spot_msgs/srv/detail/set_locomotion__rosidl_typesupport_fastrtps_cpp.hpp
[2.142s] -- Up-to-date: /home/caleb/ros2_ws/install/spot_msgs/include/spot_msgs/srv/detail/arm_force_trajectory__rosidl_typesupport_fastrtps_cpp.hpp
[2.142s] -- Up-to-date: /home/caleb/ros2_ws/install/spot_msgs/include/spot_msgs/srv/detail/list_graph__rosidl_typesupport_fastrtps_cpp.hpp
[2.142s] -- Up-to-date: /home/caleb/ros2_ws/install/spot_msgs/include/spot_msgs/srv/detail/set_velocity__rosidl_typesupport_fastrtps_cpp.hpp
[2.142s] -- Up-to-date: /home/caleb/ros2_ws/install/spot_msgs/include/spot_msgs/srv/detail/dds_fastrtps
[2.142s] -- Up-to-date: /home/caleb/ros2_ws/install/spot_msgs/include/spot_msgs/msg
[2.142s] -- Up-to-date: /home/caleb/ros2_ws/install/spot_msgs/include/spot_msgs/msg/rosidl_typesupport_fastrtps_cpp__visibility_control.h
[2.142s] -- Up-to-date: /home/caleb/ros2_ws/install/spot_msgs/include/spot_msgs/msg/detail
[2.142s] -- Up-to-date: /home/caleb/ros2_ws/install/spot_msgs/include/spot_msgs/msg/detail/system_fault_state__rosidl_typesupport_fastrtps_cpp.hpp
[2.142s] -- Up-to-date: /home/caleb/ros2_ws/install/spot_msgs/include/spot_msgs/msg/detail/metrics__rosidl_typesupport_fastrtps_cpp.hpp
[2.142s] -- Up-to-date: /home/caleb/ros2_ws/install/spot_msgs/include/spot_msgs/msg/detail/manipulator_state__rosidl_typesupport_fastrtps_cpp.hpp
[2.143s] -- Up-to-date: /home/caleb/ros2_ws/install/spot_msgs/include/spot_msgs/msg/detail/behavior_fault__rosidl_typesupport_fastrtps_cpp.hpp
[2.143s] -- Up-to-date: /home/caleb/ros2_ws/install/spot_msgs/include/spot_msgs/msg/detail/dock_state__rosidl_typesupport_fastrtps_cpp.hpp
[2.143s] -- Up-to-date: /home/caleb/ros2_ws/install/spot_msgs/include/spot_msgs/msg/detail/lease_owner__rosidl_typesupport_fastrtps_cpp.hpp
[2.143s] -- Up-to-date: /home/caleb/ros2_ws/install/spot_msgs/include/spot_msgs/msg/detail/system_fault__rosidl_typesupport_fastrtps_cpp.hpp
[2.144s] -- Up-to-date: /home/caleb/ros2_ws/install/spot_msgs/include/spot_msgs/msg/detail/feedback__rosidl_typesupport_fastrtps_cpp.hpp
[2.144s] -- Up-to-date: /home/caleb/ros2_ws/install/spot_msgs/include/spot_msgs/msg/detail/mobility_params__rosidl_typesupport_fastrtps_cpp.hpp
[2.144s] -- Up-to-date: /home/caleb/ros2_ws/install/spot_msgs/include/spot_msgs/msg/detail/battery_state_array__rosidl_typesupport_fastrtps_cpp.hpp
[2.144s] -- Up-to-date: /home/caleb/ros2_ws/install/spot_msgs/include/spot_msgs/msg/detail/e_stop_state_array__rosidl_typesupport_fastrtps_cpp.hpp
[2.144s] -- Up-to-date: /home/caleb/ros2_ws/install/spot_msgs/include/spot_msgs/msg/detail/power_state__rosidl_typesupport_fastrtps_cpp.hpp
[2.145s] -- Up-to-date: /home/caleb/ros2_ws/install/spot_msgs/include/spot_msgs/msg/detail/battery_state__rosidl_typesupport_fastrtps_cpp.hpp
[2.145s] -- Up-to-date: /home/caleb/ros2_ws/install/spot_msgs/include/spot_msgs/msg/detail/lease__rosidl_typesupport_fastrtps_cpp.hpp
[2.145s] -- Up-to-date: /home/caleb/ros2_ws/install/spot_msgs/include/spot_msgs/msg/detail/lease_resource__rosidl_typesupport_fastrtps_cpp.hpp
[2.146s] -- Up-to-date: /home/caleb/ros2_ws/install/spot_msgs/include/spot_msgs/msg/detail/foot_state__rosidl_typesupport_fastrtps_cpp.hpp
[2.146s] -- Up-to-date: /home/caleb/ros2_ws/install/spot_msgs/include/spot_msgs/msg/detail/e_stop_state__rosidl_typesupport_fastrtps_cpp.hpp
[2.146s] -- Up-to-date: /home/caleb/ros2_ws/install/spot_msgs/include/spot_msgs/msg/detail/wi_fi_state__rosidl_typesupport_fastrtps_cpp.hpp
[2.147s] -- Up-to-date: /home/caleb/ros2_ws/install/spot_msgs/include/spot_msgs/msg/detail/foot_state_array__rosidl_typesupport_fastrtps_cpp.hpp
[2.147s] -- Up-to-date: /home/caleb/ros2_ws/install/spot_msgs/include/spot_msgs/msg/detail/behavior_fault_state__rosidl_typesupport_fastrtps_cpp.hpp
[2.147s] -- Up-to-date: /home/caleb/ros2_ws/install/spot_msgs/include/spot_msgs/msg/detail/lease_array__rosidl_typesupport_fastrtps_cpp.hpp
[2.148s] -- Up-to-date: /home/caleb/ros2_ws/install/spot_msgs/include/spot_msgs/msg/detail/dds_fastrtps
[2.148s] -- Up-to-date: /home/caleb/ros2_ws/install/spot_msgs/include/spot_msgs/action
[2.149s] -- Up-to-date: /home/caleb/ros2_ws/install/spot_msgs/include/spot_msgs/action/detail
[2.149s] -- Up-to-date: /home/caleb/ros2_ws/install/spot_msgs/include/spot_msgs/action/detail/navigate_to__rosidl_typesupport_fastrtps_cpp.hpp
[2.149s] -- Up-to-date: /home/caleb/ros2_ws/install/spot_msgs/include/spot_msgs/action/detail/trajectory__rosidl_typesupport_fastrtps_cpp.hpp
[2.150s] -- Up-to-date: /home/caleb/ros2_ws/install/spot_msgs/include/spot_msgs/action/detail/dds_fastrtps
[2.150s] -- Up-to-date: /home/caleb/ros2_ws/install/spot_msgs/lib/libspot_msgs__rosidl_typesupport_fastrtps_cpp.so
[2.151s] -- Up-to-date: /home/caleb/ros2_ws/install/spot_msgs/include/spot_msgs
[2.151s] -- Up-to-date: /home/caleb/ros2_ws/install/spot_msgs/include/spot_msgs/srv
[2.151s] -- Up-to-date: /home/caleb/ros2_ws/install/spot_msgs/include/spot_msgs/srv/detail
[2.152s] -- Up-to-date: /home/caleb/ros2_ws/install/spot_msgs/include/spot_msgs/srv/detail/dock__rosidl_typesupport_introspection_c.h
[2.152s] -- Up-to-date: /home/caleb/ros2_ws/install/spot_msgs/include/spot_msgs/srv/detail/set_velocity__rosidl_typesupport_introspection_c.h
[2.152s] -- Up-to-date: /home/caleb/ros2_ws/install/spot_msgs/include/spot_msgs/srv/detail/clear_behavior_fault__rosidl_typesupport_introspection_c.h
[2.153s] -- Up-to-date: /home/caleb/ros2_ws/install/spot_msgs/include/spot_msgs/srv/detail/hand_pose__rosidl_typesupport_introspection_c.h
[2.153s] -- Up-to-date: /home/caleb/ros2_ws/install/spot_msgs/include/spot_msgs/srv/detail/hand_pose__type_support.c
[2.153s] -- Up-to-date: /home/caleb/ros2_ws/install/spot_msgs/include/spot_msgs/srv/detail/dock__type_support.c
[2.154s] -- Up-to-date: /home/caleb/ros2_ws/install/spot_msgs/include/spot_msgs/srv/detail/constrained_arm_joint_movement__type_support.c
[2.154s] -- Up-to-date: /home/caleb/ros2_ws/install/spot_msgs/include/spot_msgs/srv/detail/list_graph__rosidl_typesupport_introspection_c.h
[2.154s] -- Up-to-date: /home/caleb/ros2_ws/install/spot_msgs/include/spot_msgs/srv/detail/arm_force_trajectory__type_support.c
[2.154s] -- Up-to-date: /home/caleb/ros2_ws/install/spot_msgs/include/spot_msgs/srv/detail/gripper_angle_move__type_support.c
[2.154s] -- Up-to-date: /home/caleb/ros2_ws/install/spot_msgs/include/spot_msgs/srv/detail/arm_joint_movement__rosidl_typesupport_introspection_c.h
[2.154s] -- Up-to-date: /home/caleb/ros2_ws/install/spot_msgs/include/spot_msgs/srv/detail/set_locomotion__type_support.c
[2.155s] -- Up-to-date: /home/caleb/ros2_ws/install/spot_msgs/include/spot_msgs/srv/detail/constrained_arm_joint_movement__rosidl_typesupport_introspection_c.h
[2.155s] -- Up-to-date: /home/caleb/ros2_ws/install/spot_msgs/include/spot_msgs/srv/detail/clear_behavior_fault__type_support.c
[2.156s] -- Up-to-date: /home/caleb/ros2_ws/install/spot_msgs/include/spot_msgs/srv/detail/arm_force_trajectory__rosidl_typesupport_introspection_c.h
[2.156s] -- Up-to-date: /home/caleb/ros2_ws/install/spot_msgs/include/spot_msgs/srv/detail/set_locomotion__rosidl_typesupport_introspection_c.h
[2.157s] -- Up-to-date: /home/caleb/ros2_ws/install/spot_msgs/include/spot_msgs/srv/detail/set_velocity__type_support.c
[2.157s] -- Up-to-date: /home/caleb/ros2_ws/install/spot_msgs/include/spot_msgs/srv/detail/arm_joint_movement__type_support.c
[2.157s] -- Up-to-date: /home/caleb/ros2_ws/install/spot_msgs/include/spot_msgs/srv/detail/list_graph__type_support.c
[2.158s] -- Up-to-date: /home/caleb/ros2_ws/install/spot_msgs/include/spot_msgs/srv/detail/gripper_angle_move__rosidl_typesupport_introspection_c.h
[2.159s] -- Up-to-date: /home/caleb/ros2_ws/install/spot_msgs/include/spot_msgs/msg
[2.159s] -- Up-to-date: /home/caleb/ros2_ws/install/spot_msgs/include/spot_msgs/msg/rosidl_typesupport_introspection_c__visibility_control.h
[2.160s] -- Up-to-date: /home/caleb/ros2_ws/install/spot_msgs/include/spot_msgs/msg/detail
[2.160s] -- Up-to-date: /home/caleb/ros2_ws/install/spot_msgs/include/spot_msgs/msg/detail/lease_resource__rosidl_typesupport_introspection_c.h
[2.160s] -- Up-to-date: /home/caleb/ros2_ws/install/spot_msgs/include/spot_msgs/msg/detail/foot_state__type_support.c
[2.161s] -- Up-to-date: /home/caleb/ros2_ws/install/spot_msgs/include/spot_msgs/msg/detail/feedback__rosidl_typesupport_introspection_c.h
[2.161s] -- Up-to-date: /home/caleb/ros2_ws/install/spot_msgs/include/spot_msgs/msg/detail/mobility_params__rosidl_typesupport_introspection_c.h
[2.161s] -- Up-to-date: /home/caleb/ros2_ws/install/spot_msgs/include/spot_msgs/msg/detail/mobility_params__type_support.c
[2.162s] -- Up-to-date: /home/caleb/ros2_ws/install/spot_msgs/include/spot_msgs/msg/detail/lease_owner__rosidl_typesupport_introspection_c.h
[2.162s] -- Up-to-date: /home/caleb/ros2_ws/install/spot_msgs/include/spot_msgs/msg/detail/manipulator_state__type_support.c
[2.162s] -- Up-to-date: /home/caleb/ros2_ws/install/spot_msgs/include/spot_msgs/msg/detail/lease__type_support.c
[2.162s] -- Up-to-date: /home/caleb/ros2_ws/install/spot_msgs/include/spot_msgs/msg/detail/lease_resource__type_support.c
[2.163s] -- Up-to-date: /home/caleb/ros2_ws/install/spot_msgs/include/spot_msgs/msg/detail/behavior_fault_state__type_support.c
[2.163s] -- Up-to-date: /home/caleb/ros2_ws/install/spot_msgs/include/spot_msgs/msg/detail/power_state__rosidl_typesupport_introspection_c.h
[2.164s] -- Up-to-date: /home/caleb/ros2_ws/install/spot_msgs/include/spot_msgs/msg/detail/foot_state_array__type_support.c
[2.164s] -- Up-to-date: /home/caleb/ros2_ws/install/spot_msgs/include/spot_msgs/msg/detail/battery_state__rosidl_typesupport_introspection_c.h
[2.165s] -- Up-to-date: /home/caleb/ros2_ws/install/spot_msgs/include/spot_msgs/msg/detail/manipulator_state__rosidl_typesupport_introspection_c.h
[2.165s] -- Up-to-date: /home/caleb/ros2_ws/install/spot_msgs/include/spot_msgs/msg/detail/feedback__type_support.c
[2.166s] -- Up-to-date: /home/caleb/ros2_ws/install/spot_msgs/include/spot_msgs/msg/detail/battery_state_array__rosidl_typesupport_introspection_c.h
[2.167s] -- Up-to-date: /home/caleb/ros2_ws/install/spot_msgs/include/spot_msgs/msg/detail/lease_array__type_support.c
[2.168s] -- Up-to-date: /home/caleb/ros2_ws/install/spot_msgs/include/spot_msgs/msg/detail/wi_fi_state__type_support.c
[2.168s] -- Up-to-date: /home/caleb/ros2_ws/install/spot_msgs/include/spot_msgs/msg/detail/system_fault__type_support.c
[2.169s] -- Up-to-date: /home/caleb/ros2_ws/install/spot_msgs/include/spot_msgs/msg/detail/system_fault_state__rosidl_typesupport_introspection_c.h
[2.169s] -- Up-to-date: /home/caleb/ros2_ws/install/spot_msgs/include/spot_msgs/msg/detail/metrics__rosidl_typesupport_introspection_c.h
[2.170s] -- Up-to-date: /home/caleb/ros2_ws/install/spot_msgs/include/spot_msgs/msg/detail/behavior_fault__type_support.c
[2.171s] -- Up-to-date: /home/caleb/ros2_ws/install/spot_msgs/include/spot_msgs/msg/detail/battery_state_array__type_support.c
[2.171s] -- Up-to-date: /home/caleb/ros2_ws/install/spot_msgs/include/spot_msgs/msg/detail/dock_state__type_support.c
[2.172s] -- Up-to-date: /home/caleb/ros2_ws/install/spot_msgs/include/spot_msgs/msg/detail/wi_fi_state__rosidl_typesupport_introspection_c.h
[2.173s] -- Up-to-date: /home/caleb/ros2_ws/install/spot_msgs/include/spot_msgs/msg/detail/battery_state__type_support.c
[2.173s] -- Up-to-date: /home/caleb/ros2_ws/install/spot_msgs/include/spot_msgs/msg/detail/behavior_fault_state__rosidl_typesupport_introspection_c.h
[2.174s] -- Up-to-date: /home/caleb/ros2_ws/install/spot_msgs/include/spot_msgs/msg/detail/e_stop_state__rosidl_typesupport_introspection_c.h
[2.174s] -- Up-to-date: /home/caleb/ros2_ws/install/spot_msgs/include/spot_msgs/msg/detail/foot_state_array__rosidl_typesupport_introspection_c.h
[2.175s] -- Up-to-date: /home/caleb/ros2_ws/install/spot_msgs/include/spot_msgs/msg/detail/system_fault_state__type_support.c
[2.176s] -- Up-to-date: /home/caleb/ros2_ws/install/spot_msgs/include/spot_msgs/msg/detail/lease_owner__type_support.c
[2.176s] -- Up-to-date: /home/caleb/ros2_ws/install/spot_msgs/include/spot_msgs/msg/detail/lease_array__rosidl_typesupport_introspection_c.h
[2.176s] -- Up-to-date: /home/caleb/ros2_ws/install/spot_msgs/include/spot_msgs/msg/detail/e_stop_state_array__type_support.c
[2.176s] -- Up-to-date: /home/caleb/ros2_ws/install/spot_msgs/include/spot_msgs/msg/detail/metrics__type_support.c
[2.177s] -- Up-to-date: /home/caleb/ros2_ws/install/spot_msgs/include/spot_msgs/msg/detail/system_fault__rosidl_typesupport_introspection_c.h
[2.177s] -- Up-to-date: /home/caleb/ros2_ws/install/spot_msgs/include/spot_msgs/msg/detail/e_stop_state_array__rosidl_typesupport_introspection_c.h
[2.177s] -- Up-to-date: /home/caleb/ros2_ws/install/spot_msgs/include/spot_msgs/msg/detail/e_stop_state__type_support.c
[2.177s] -- Up-to-date: /home/caleb/ros2_ws/install/spot_msgs/include/spot_msgs/msg/detail/power_state__type_support.c
[2.177s] -- Up-to-date: /home/caleb/ros2_ws/install/spot_msgs/include/spot_msgs/msg/detail/foot_state__rosidl_typesupport_introspection_c.h
[2.177s] -- Up-to-date: /home/caleb/ros2_ws/install/spot_msgs/include/spot_msgs/msg/detail/behavior_fault__rosidl_typesupport_introspection_c.h
[2.177s] -- Up-to-date: /home/caleb/ros2_ws/install/spot_msgs/include/spot_msgs/msg/detail/lease__rosidl_typesupport_introspection_c.h
[2.177s] -- Up-to-date: /home/caleb/ros2_ws/install/spot_msgs/include/spot_msgs/msg/detail/dock_state__rosidl_typesupport_introspection_c.h
[2.178s] -- Up-to-date: /home/caleb/ros2_ws/install/spot_msgs/include/spot_msgs/action
[2.178s] -- Up-to-date: /home/caleb/ros2_ws/install/spot_msgs/include/spot_msgs/action/detail
[2.178s] -- Up-to-date: /home/caleb/ros2_ws/install/spot_msgs/include/spot_msgs/action/detail/navigate_to__type_support.c
[2.178s] -- Up-to-date: /home/caleb/ros2_ws/install/spot_msgs/include/spot_msgs/action/detail/navigate_to__rosidl_typesupport_introspection_c.h
[2.178s] -- Up-to-date: /home/caleb/ros2_ws/install/spot_msgs/include/spot_msgs/action/detail/trajectory__rosidl_typesupport_introspection_c.h
[2.178s] -- Up-to-date: /home/caleb/ros2_ws/install/spot_msgs/include/spot_msgs/action/detail/trajectory__type_support.c
[2.178s] -- Up-to-date: /home/caleb/ros2_ws/install/spot_msgs/lib/libspot_msgs__rosidl_typesupport_introspection_c.so
[2.179s] -- Up-to-date: /home/caleb/ros2_ws/install/spot_msgs/lib/libspot_msgs__rosidl_typesupport_c.so
[2.179s] -- Up-to-date: /home/caleb/ros2_ws/install/spot_msgs/include/spot_msgs
[2.179s] -- Up-to-date: /home/caleb/ros2_ws/install/spot_msgs/include/spot_msgs/srv
[2.179s] -- Up-to-date: /home/caleb/ros2_ws/install/spot_msgs/include/spot_msgs/srv/arm_force_trajectory.hpp
[2.179s] -- Up-to-date: /home/caleb/ros2_ws/install/spot_msgs/include/spot_msgs/srv/arm_joint_movement.hpp
[2.180s] -- Up-to-date: /home/caleb/ros2_ws/install/spot_msgs/include/spot_msgs/srv/list_graph.hpp
[2.180s] -- Up-to-date: /home/caleb/ros2_ws/install/spot_msgs/include/spot_msgs/srv/constrained_arm_joint_movement.hpp
[2.180s] -- Up-to-date: /home/caleb/ros2_ws/install/spot_msgs/include/spot_msgs/srv/set_velocity.hpp
[2.180s] -- Up-to-date: /home/caleb/ros2_ws/install/spot_msgs/include/spot_msgs/srv/hand_pose.hpp
[2.181s] -- Up-to-date: /home/caleb/ros2_ws/install/spot_msgs/include/spot_msgs/srv/clear_behavior_fault.hpp
[2.181s] -- Up-to-date: /home/caleb/ros2_ws/install/spot_msgs/include/spot_msgs/srv/dock.hpp
[2.182s] -- Up-to-date: /home/caleb/ros2_ws/install/spot_msgs/include/spot_msgs/srv/detail
[2.182s] -- Up-to-date: /home/caleb/ros2_ws/install/spot_msgs/include/spot_msgs/srv/detail/hand_pose__struct.hpp
[2.182s] -- Up-to-date: /home/caleb/ros2_ws/install/spot_msgs/include/spot_msgs/srv/detail/arm_force_trajectory__traits.hpp
[2.183s] -- Up-to-date: /home/caleb/ros2_ws/install/spot_msgs/include/spot_msgs/srv/detail/list_graph__struct.hpp
[2.183s] -- Up-to-date: /home/caleb/ros2_ws/install/spot_msgs/include/spot_msgs/srv/detail/set_locomotion__traits.hpp
[2.183s] -- Up-to-date: /home/caleb/ros2_ws/install/spot_msgs/include/spot_msgs/srv/detail/dock__traits.hpp
[2.184s] -- Up-to-date: /home/caleb/ros2_ws/install/spot_msgs/include/spot_msgs/srv/detail/set_velocity__traits.hpp
[2.184s] -- Up-to-date: /home/caleb/ros2_ws/install/spot_msgs/include/spot_msgs/srv/detail/hand_pose__traits.hpp
[2.185s] -- Up-to-date: /home/caleb/ros2_ws/install/spot_msgs/include/spot_msgs/srv/detail/set_velocity__builder.hpp
[2.185s] -- Up-to-date: /home/caleb/ros2_ws/install/spot_msgs/include/spot_msgs/srv/detail/list_graph__traits.hpp
[2.186s] -- Up-to-date: /home/caleb/ros2_ws/install/spot_msgs/include/spot_msgs/srv/detail/list_graph__builder.hpp
[2.186s] -- Up-to-date: /home/caleb/ros2_ws/install/spot_msgs/include/spot_msgs/srv/detail/clear_behavior_fault__struct.hpp
[2.187s] -- Up-to-date: /home/caleb/ros2_ws/install/spot_msgs/include/spot_msgs/srv/detail/constrained_arm_joint_movement__struct.hpp
[2.187s] -- Up-to-date: /home/caleb/ros2_ws/install/spot_msgs/include/spot_msgs/srv/detail/arm_joint_movement__traits.hpp
[2.187s] -- Up-to-date: /home/caleb/ros2_ws/install/spot_msgs/include/spot_msgs/srv/detail/gripper_angle_move__traits.hpp
[2.188s] -- Up-to-date: /home/caleb/ros2_ws/install/spot_msgs/include/spot_msgs/srv/detail/arm_force_trajectory__builder.hpp
[2.188s] -- Up-to-date: /home/caleb/ros2_ws/install/spot_msgs/include/spot_msgs/srv/detail/gripper_angle_move__struct.hpp
[2.189s] -- Up-to-date: /home/caleb/ros2_ws/install/spot_msgs/include/spot_msgs/srv/detail/hand_pose__builder.hpp
[2.189s] -- Up-to-date: /home/caleb/ros2_ws/install/spot_msgs/include/spot_msgs/srv/detail/arm_force_trajectory__struct.hpp
[2.189s] -- Up-to-date: /home/caleb/ros2_ws/install/spot_msgs/include/spot_msgs/srv/detail/gripper_angle_move__builder.hpp
[2.189s] -- Up-to-date: /home/caleb/ros2_ws/install/spot_msgs/include/spot_msgs/srv/detail/clear_behavior_fault__builder.hpp
[2.189s] -- Up-to-date: /home/caleb/ros2_ws/install/spot_msgs/include/spot_msgs/srv/detail/set_locomotion__struct.hpp
[2.189s] -- Up-to-date: /home/caleb/ros2_ws/install/spot_msgs/include/spot_msgs/srv/detail/arm_joint_movement__builder.hpp
[2.189s] -- Up-to-date: /home/caleb/ros2_ws/install/spot_msgs/include/spot_msgs/srv/detail/clear_behavior_fault__traits.hpp
[2.190s] -- Up-to-date: /home/caleb/ros2_ws/install/spot_msgs/include/spot_msgs/srv/detail/set_locomotion__builder.hpp
[2.191s] -- Up-to-date: /home/caleb/ros2_ws/install/spot_msgs/include/spot_msgs/srv/detail/constrained_arm_joint_movement__builder.hpp
[2.191s] -- Up-to-date: /home/caleb/ros2_ws/install/spot_msgs/include/spot_msgs/srv/detail/set_velocity__struct.hpp
[2.192s] -- Up-to-date: /home/caleb/ros2_ws/install/spot_msgs/include/spot_msgs/srv/detail/constrained_arm_joint_movement__traits.hpp
[2.192s] -- Up-to-date: /home/caleb/ros2_ws/install/spot_msgs/include/spot_msgs/srv/detail/dock__builder.hpp
[2.192s] -- Up-to-date: /home/caleb/ros2_ws/install/spot_msgs/include/spot_msgs/srv/detail/arm_joint_movement__struct.hpp
[2.193s] -- Up-to-date: /home/caleb/ros2_ws/install/spot_msgs/include/spot_msgs/srv/detail/dock__struct.hpp
[2.193s] -- Up-to-date: /home/caleb/ros2_ws/install/spot_msgs/include/spot_msgs/srv/gripper_angle_move.hpp
[2.194s] -- Up-to-date: /home/caleb/ros2_ws/install/spot_msgs/include/spot_msgs/srv/set_locomotion.hpp
[2.194s] -- Up-to-date: /home/caleb/ros2_ws/install/spot_msgs/include/spot_msgs/msg
[2.195s] -- Up-to-date: /home/caleb/ros2_ws/install/spot_msgs/include/spot_msgs/msg/manipulator_state.hpp
[2.195s] -- Up-to-date: /home/caleb/ros2_ws/install/spot_msgs/include/spot_msgs/msg/power_state.hpp
[2.195s] -- Up-to-date: /home/caleb/ros2_ws/install/spot_msgs/include/spot_msgs/msg/foot_state.hpp
[2.196s] -- Up-to-date: /home/caleb/ros2_ws/install/spot_msgs/include/spot_msgs/msg/e_stop_state.hpp
[2.196s] -- Up-to-date: /home/caleb/ros2_ws/install/spot_msgs/include/spot_msgs/msg/behavior_fault_state.hpp
[2.197s] -- Up-to-date: /home/caleb/ros2_ws/install/spot_msgs/include/spot_msgs/msg/dock_state.hpp
[2.197s] -- Up-to-date: /home/caleb/ros2_ws/install/spot_msgs/include/spot_msgs/msg/mobility_params.hpp
[2.197s] -- Up-to-date: /home/caleb/ros2_ws/install/spot_msgs/include/spot_msgs/msg/wi_fi_state.hpp
[2.197s] -- Up-to-date: /home/caleb/ros2_ws/install/spot_msgs/include/spot_msgs/msg/battery_state_array.hpp
[2.198s] -- Up-to-date: /home/caleb/ros2_ws/install/spot_msgs/include/spot_msgs/msg/behavior_fault.hpp
[2.198s] -- Up-to-date: /home/caleb/ros2_ws/install/spot_msgs/include/spot_msgs/msg/lease_resource.hpp
[2.198s] -- Up-to-date: /home/caleb/ros2_ws/install/spot_msgs/include/spot_msgs/msg/foot_state_array.hpp
[2.198s] -- Up-to-date: /home/caleb/ros2_ws/install/spot_msgs/include/spot_msgs/msg/detail
[2.199s] -- Up-to-date: /home/caleb/ros2_ws/install/spot_msgs/include/spot_msgs/msg/detail/battery_state__builder.hpp
[2.200s] -- Up-to-date: /home/caleb/ros2_ws/install/spot_msgs/include/spot_msgs/msg/detail/system_fault_state__traits.hpp
[2.200s] -- Up-to-date: /home/caleb/ros2_ws/install/spot_msgs/include/spot_msgs/msg/detail/behavior_fault_state__traits.hpp
[2.201s] -- Up-to-date: /home/caleb/ros2_ws/install/spot_msgs/include/spot_msgs/msg/detail/lease_array__traits.hpp
[2.202s] -- Up-to-date: /home/caleb/ros2_ws/install/spot_msgs/include/spot_msgs/msg/detail/e_stop_state_array__builder.hpp
[2.202s] -- Up-to-date: /home/caleb/ros2_ws/install/spot_msgs/include/spot_msgs/msg/detail/battery_state_array__traits.hpp
[2.202s] -- Up-to-date: /home/caleb/ros2_ws/install/spot_msgs/include/spot_msgs/msg/detail/battery_state__struct.hpp
[2.203s] -- Up-to-date: /home/caleb/ros2_ws/install/spot_msgs/include/spot_msgs/msg/detail/lease_resource__traits.hpp
[2.203s] -- Up-to-date: /home/caleb/ros2_ws/install/spot_msgs/include/spot_msgs/msg/detail/behavior_fault_state__builder.hpp
[2.204s] -- Up-to-date: /home/caleb/ros2_ws/install/spot_msgs/include/spot_msgs/msg/detail/dock_state__traits.hpp
[2.204s] -- Up-to-date: /home/caleb/ros2_ws/install/spot_msgs/include/spot_msgs/msg/detail/manipulator_state__builder.hpp
[2.205s] -- Up-to-date: /home/caleb/ros2_ws/install/spot_msgs/include/spot_msgs/msg/detail/system_fault__builder.hpp
[2.205s] -- Up-to-date: /home/caleb/ros2_ws/install/spot_msgs/include/spot_msgs/msg/detail/battery_state_array__builder.hpp
[2.206s] -- Up-to-date: /home/caleb/ros2_ws/install/spot_msgs/include/spot_msgs/msg/detail/wi_fi_state__struct.hpp
[2.206s] -- Up-to-date: /home/caleb/ros2_ws/install/spot_msgs/include/spot_msgs/msg/detail/metrics__traits.hpp
[2.207s] -- Up-to-date: /home/caleb/ros2_ws/install/spot_msgs/include/spot_msgs/msg/detail/wi_fi_state__traits.hpp
[2.208s] -- Up-to-date: /home/caleb/ros2_ws/install/spot_msgs/include/spot_msgs/msg/detail/behavior_fault_state__struct.hpp
[2.208s] -- Up-to-date: /home/caleb/ros2_ws/install/spot_msgs/include/spot_msgs/msg/detail/system_fault__traits.hpp
[2.209s] -- Up-to-date: /home/caleb/ros2_ws/install/spot_msgs/include/spot_msgs/msg/detail/wi_fi_state__builder.hpp
[2.210s] -- Up-to-date: /home/caleb/ros2_ws/install/spot_msgs/include/spot_msgs/msg/detail/e_stop_state_array__traits.hpp
[2.210s] -- Up-to-date: /home/caleb/ros2_ws/install/spot_msgs/include/spot_msgs/msg/detail/feedback__struct.hpp
[2.211s] -- Up-to-date: /home/caleb/ros2_ws/install/spot_msgs/include/spot_msgs/msg/detail/lease_array__builder.hpp
[2.212s] -- Up-to-date: /home/caleb/ros2_ws/install/spot_msgs/include/spot_msgs/msg/detail/dock_state__struct.hpp
[2.212s] -- Up-to-date: /home/caleb/ros2_ws/install/spot_msgs/include/spot_msgs/msg/detail/manipulator_state__traits.hpp
[2.212s] -- Up-to-date: /home/caleb/ros2_ws/install/spot_msgs/include/spot_msgs/msg/detail/system_fault_state__struct.hpp
[2.212s] -- Up-to-date: /home/caleb/ros2_ws/install/spot_msgs/include/spot_msgs/msg/detail/behavior_fault__struct.hpp
[2.212s] -- Up-to-date: /home/caleb/ros2_ws/install/spot_msgs/include/spot_msgs/msg/detail/lease__traits.hpp
[2.213s] -- Up-to-date: /home/caleb/ros2_ws/install/spot_msgs/include/spot_msgs/msg/detail/lease_array__struct.hpp
[2.213s] -- Up-to-date: /home/caleb/ros2_ws/install/spot_msgs/include/spot_msgs/msg/detail/feedback__builder.hpp
[2.213s] -- Up-to-date: /home/caleb/ros2_ws/install/spot_msgs/include/spot_msgs/msg/detail/metrics__struct.hpp
[2.213s] -- Up-to-date: /home/caleb/ros2_ws/install/spot_msgs/include/spot_msgs/msg/detail/foot_state_array__struct.hpp
[2.213s] -- Up-to-date: /home/caleb/ros2_ws/install/spot_msgs/include/spot_msgs/msg/detail/lease_owner__struct.hpp
[2.213s] -- Up-to-date: /home/caleb/ros2_ws/install/spot_msgs/include/spot_msgs/msg/detail/foot_state__traits.hpp
[2.213s] -- Up-to-date: /home/caleb/ros2_ws/install/spot_msgs/include/spot_msgs/msg/detail/lease__builder.hpp
[2.214s] -- Up-to-date: /home/caleb/ros2_ws/install/spot_msgs/include/spot_msgs/msg/detail/dock_state__builder.hpp
[2.214s] -- Up-to-date: /home/caleb/ros2_ws/install/spot_msgs/include/spot_msgs/msg/detail/lease_resource__struct.hpp
[2.214s] -- Up-to-date: /home/caleb/ros2_ws/install/spot_msgs/include/spot_msgs/msg/detail/e_stop_state__traits.hpp
[2.214s] -- Up-to-date: /home/caleb/ros2_ws/install/spot_msgs/include/spot_msgs/msg/detail/mobility_params__traits.hpp
[2.214s] -- Up-to-date: /home/caleb/ros2_ws/install/spot_msgs/include/spot_msgs/msg/detail/power_state__builder.hpp
[2.214s] -- Up-to-date: /home/caleb/ros2_ws/install/spot_msgs/include/spot_msgs/msg/detail/mobility_params__struct.hpp
[2.214s] -- Up-to-date: /home/caleb/ros2_ws/install/spot_msgs/include/spot_msgs/msg/detail/mobility_params__builder.hpp
[2.214s] -- Up-to-date: /home/caleb/ros2_ws/install/spot_msgs/include/spot_msgs/msg/detail/lease_resource__builder.hpp
[2.214s] -- Up-to-date: /home/caleb/ros2_ws/install/spot_msgs/include/spot_msgs/msg/detail/foot_state__builder.hpp
[2.214s] -- Up-to-date: /home/caleb/ros2_ws/install/spot_msgs/include/spot_msgs/msg/detail/manipulator_state__struct.hpp
[2.215s] -- Up-to-date: /home/caleb/ros2_ws/install/spot_msgs/include/spot_msgs/msg/detail/lease__struct.hpp
[2.215s] -- Up-to-date: /home/caleb/ros2_ws/install/spot_msgs/include/spot_msgs/msg/detail/power_state__traits.hpp
[2.215s] -- Up-to-date: /home/caleb/ros2_ws/install/spot_msgs/include/spot_msgs/msg/detail/battery_state_array__struct.hpp
[2.215s] -- Up-to-date: /home/caleb/ros2_ws/install/spot_msgs/include/spot_msgs/msg/detail/foot_state_array__traits.hpp
[2.216s] -- Up-to-date: /home/caleb/ros2_ws/install/spot_msgs/include/spot_msgs/msg/detail/foot_state__struct.hpp
[2.216s] -- Up-to-date: /home/caleb/ros2_ws/install/spot_msgs/include/spot_msgs/msg/detail/feedback__traits.hpp
[2.216s] -- Up-to-date: /home/caleb/ros2_ws/install/spot_msgs/include/spot_msgs/msg/detail/lease_owner__traits.hpp
[2.216s] -- Up-to-date: /home/caleb/ros2_ws/install/spot_msgs/include/spot_msgs/msg/detail/e_stop_state_array__struct.hpp
[2.217s] -- Up-to-date: /home/caleb/ros2_ws/install/spot_msgs/include/spot_msgs/msg/detail/power_state__struct.hpp
[2.217s] -- Up-to-date: /home/caleb/ros2_ws/install/spot_msgs/include/spot_msgs/msg/detail/e_stop_state__builder.hpp
[2.217s] -- Up-to-date: /home/caleb/ros2_ws/install/spot_msgs/include/spot_msgs/msg/detail/system_fault_state__builder.hpp
[2.218s] -- Up-to-date: /home/caleb/ros2_ws/install/spot_msgs/include/spot_msgs/msg/detail/system_fault__struct.hpp
[2.218s] -- Up-to-date: /home/caleb/ros2_ws/install/spot_msgs/include/spot_msgs/msg/detail/behavior_fault__builder.hpp
[2.218s] -- Up-to-date: /home/caleb/ros2_ws/install/spot_msgs/include/spot_msgs/msg/detail/metrics__builder.hpp
[2.218s] -- Up-to-date: /home/caleb/ros2_ws/install/spot_msgs/include/spot_msgs/msg/detail/e_stop_state__struct.hpp
[2.219s] -- Up-to-date: /home/caleb/ros2_ws/install/spot_msgs/include/spot_msgs/msg/detail/foot_state_array__builder.hpp
[2.219s] -- Up-to-date: /home/caleb/ros2_ws/install/spot_msgs/include/spot_msgs/msg/detail/lease_owner__builder.hpp
[2.220s] -- Up-to-date: /home/caleb/ros2_ws/install/spot_msgs/include/spot_msgs/msg/detail/behavior_fault__traits.hpp
[2.220s] -- Up-to-date: /home/caleb/ros2_ws/install/spot_msgs/include/spot_msgs/msg/detail/battery_state__traits.hpp
[2.221s] -- Up-to-date: /home/caleb/ros2_ws/install/spot_msgs/include/spot_msgs/msg/lease.hpp
[2.221s] -- Up-to-date: /home/caleb/ros2_ws/install/spot_msgs/include/spot_msgs/msg/metrics.hpp
[2.221s] -- Up-to-date: /home/caleb/ros2_ws/install/spot_msgs/include/spot_msgs/msg/e_stop_state_array.hpp
[2.222s] -- Up-to-date: /home/caleb/ros2_ws/install/spot_msgs/include/spot_msgs/msg/battery_state.hpp
[2.222s] -- Up-to-date: /home/caleb/ros2_ws/install/spot_msgs/include/spot_msgs/msg/lease_array.hpp
[2.223s] -- Up-to-date: /home/caleb/ros2_ws/install/spot_msgs/include/spot_msgs/msg/feedback.hpp
[2.223s] -- Up-to-date: /home/caleb/ros2_ws/install/spot_msgs/include/spot_msgs/msg/lease_owner.hpp
[2.223s] -- Up-to-date: /home/caleb/ros2_ws/install/spot_msgs/include/spot_msgs/msg/system_fault.hpp
[2.224s] -- Up-to-date: /home/caleb/ros2_ws/install/spot_msgs/include/spot_msgs/msg/system_fault_state.hpp
[2.224s] -- Up-to-date: /home/caleb/ros2_ws/install/spot_msgs/include/spot_msgs/action
[2.224s] -- Up-to-date: /home/caleb/ros2_ws/install/spot_msgs/include/spot_msgs/action/trajectory.hpp
[2.225s] -- Up-to-date: /home/caleb/ros2_ws/install/spot_msgs/include/spot_msgs/action/detail
[2.225s] -- Up-to-date: /home/caleb/ros2_ws/install/spot_msgs/include/spot_msgs/action/detail/trajectory__struct.hpp
[2.225s] -- Up-to-date: /home/caleb/ros2_ws/install/spot_msgs/include/spot_msgs/action/detail/navigate_to__builder.hpp
[2.225s] -- Up-to-date: /home/caleb/ros2_ws/install/spot_msgs/include/spot_msgs/action/detail/navigate_to__struct.hpp
[2.225s] -- Up-to-date: /home/caleb/ros2_ws/install/spot_msgs/include/spot_msgs/action/detail/trajectory__traits.hpp
[2.225s] -- Up-to-date: /home/caleb/ros2_ws/install/spot_msgs/include/spot_msgs/action/detail/trajectory__builder.hpp
[2.225s] -- Up-to-date: /home/caleb/ros2_ws/install/spot_msgs/include/spot_msgs/action/detail/navigate_to__traits.hpp
[2.226s] -- Up-to-date: /home/caleb/ros2_ws/install/spot_msgs/include/spot_msgs/action/navigate_to.hpp
[2.226s] -- Up-to-date: /home/caleb/ros2_ws/install/spot_msgs/include/spot_msgs
[2.226s] -- Up-to-date: /home/caleb/ros2_ws/install/spot_msgs/include/spot_msgs/srv
[2.227s] -- Up-to-date: /home/caleb/ros2_ws/install/spot_msgs/include/spot_msgs/srv/detail
[2.227s] -- Up-to-date: /home/caleb/ros2_ws/install/spot_msgs/include/spot_msgs/srv/detail/clear_behavior_fault__type_support.cpp
[2.228s] -- Up-to-date: /home/caleb/ros2_ws/install/spot_msgs/include/spot_msgs/srv/detail/list_graph__type_support.cpp
[2.228s] -- Up-to-date: /home/caleb/ros2_ws/install/spot_msgs/include/spot_msgs/srv/detail/constrained_arm_joint_movement__type_support.cpp
[2.228s] -- Up-to-date: /home/caleb/ros2_ws/install/spot_msgs/include/spot_msgs/srv/detail/arm_joint_movement__type_support.cpp
[2.229s] -- Up-to-date: /home/caleb/ros2_ws/install/spot_msgs/include/spot_msgs/srv/detail/list_graph__rosidl_typesupport_introspection_cpp.hpp
[2.229s] -- Up-to-date: /home/caleb/ros2_ws/install/spot_msgs/include/spot_msgs/srv/detail/hand_pose__type_support.cpp
[2.229s] -- Up-to-date: /home/caleb/ros2_ws/install/spot_msgs/include/spot_msgs/srv/detail/set_locomotion__type_support.cpp
[2.230s] -- Up-to-date: /home/caleb/ros2_ws/install/spot_msgs/include/spot_msgs/srv/detail/arm_force_trajectory__rosidl_typesupport_introspection_cpp.hpp
[2.230s] -- Up-to-date: /home/caleb/ros2_ws/install/spot_msgs/include/spot_msgs/srv/detail/hand_pose__rosidl_typesupport_introspection_cpp.hpp
[2.231s] -- Up-to-date: /home/caleb/ros2_ws/install/spot_msgs/include/spot_msgs/srv/detail/set_locomotion__rosidl_typesupport_introspection_cpp.hpp
[2.231s] -- Up-to-date: /home/caleb/ros2_ws/install/spot_msgs/include/spot_msgs/srv/detail/arm_joint_movement__rosidl_typesupport_introspection_cpp.hpp
[2.231s] -- Up-to-date: /home/caleb/ros2_ws/install/spot_msgs/include/spot_msgs/srv/detail/set_velocity__type_support.cpp
[2.232s] -- Up-to-date: /home/caleb/ros2_ws/install/spot_msgs/include/spot_msgs/srv/detail/dock__rosidl_typesupport_introspection_cpp.hpp
[2.232s] -- Up-to-date: /home/caleb/ros2_ws/install/spot_msgs/include/spot_msgs/srv/detail/dock__type_support.cpp
[2.233s] -- Up-to-date: /home/caleb/ros2_ws/install/spot_msgs/include/spot_msgs/srv/detail/set_velocity__rosidl_typesupport_introspection_cpp.hpp
[2.233s] -- Up-to-date: /home/caleb/ros2_ws/install/spot_msgs/include/spot_msgs/srv/detail/gripper_angle_move__type_support.cpp
[2.233s] -- Up-to-date: /home/caleb/ros2_ws/install/spot_msgs/include/spot_msgs/srv/detail/arm_force_trajectory__type_support.cpp
[2.233s] -- Up-to-date: /home/caleb/ros2_ws/install/spot_msgs/include/spot_msgs/srv/detail/constrained_arm_joint_movement__rosidl_typesupport_introspection_cpp.hpp
[2.233s] -- Up-to-date: /home/caleb/ros2_ws/install/spot_msgs/include/spot_msgs/srv/detail/gripper_angle_move__rosidl_typesupport_introspection_cpp.hpp
[2.234s] -- Up-to-date: /home/caleb/ros2_ws/install/spot_msgs/include/spot_msgs/srv/detail/clear_behavior_fault__rosidl_typesupport_introspection_cpp.hpp
[2.234s] -- Up-to-date: /home/caleb/ros2_ws/install/spot_msgs/include/spot_msgs/msg
[2.234s] -- Up-to-date: /home/caleb/ros2_ws/install/spot_msgs/include/spot_msgs/msg/detail
[2.235s] -- Up-to-date: /home/caleb/ros2_ws/install/spot_msgs/include/spot_msgs/msg/detail/metrics__rosidl_typesupport_introspection_cpp.hpp
[2.236s] -- Up-to-date: /home/caleb/ros2_ws/install/spot_msgs/include/spot_msgs/msg/detail/behavior_fault__rosidl_typesupport_introspection_cpp.hpp
[2.236s] -- Up-to-date: /home/caleb/ros2_ws/install/spot_msgs/include/spot_msgs/msg/detail/behavior_fault__type_support.cpp
[2.237s] -- Up-to-date: /home/caleb/ros2_ws/install/spot_msgs/include/spot_msgs/msg/detail/power_state__rosidl_typesupport_introspection_cpp.hpp
[2.237s] -- Up-to-date: /home/caleb/ros2_ws/install/spot_msgs/include/spot_msgs/msg/detail/system_fault__rosidl_typesupport_introspection_cpp.hpp
[2.238s] -- Up-to-date: /home/caleb/ros2_ws/install/spot_msgs/include/spot_msgs/msg/detail/wi_fi_state__type_support.cpp
[2.238s] -- Up-to-date: /home/caleb/ros2_ws/install/spot_msgs/include/spot_msgs/msg/detail/feedback__rosidl_typesupport_introspection_cpp.hpp
[2.239s] -- Up-to-date: /home/caleb/ros2_ws/install/spot_msgs/include/spot_msgs/msg/detail/wi_fi_state__rosidl_typesupport_introspection_cpp.hpp
[2.239s] -- Up-to-date: /home/caleb/ros2_ws/install/spot_msgs/include/spot_msgs/msg/detail/foot_state__rosidl_typesupport_introspection_cpp.hpp
[2.240s] -- Up-to-date: /home/caleb/ros2_ws/install/spot_msgs/include/spot_msgs/msg/detail/battery_state_array__rosidl_typesupport_introspection_cpp.hpp
[2.240s] -- Up-to-date: /home/caleb/ros2_ws/install/spot_msgs/include/spot_msgs/msg/detail/manipulator_state__type_support.cpp
[2.240s] -- Up-to-date: /home/caleb/ros2_ws/install/spot_msgs/include/spot_msgs/msg/detail/manipulator_state__rosidl_typesupport_introspection_cpp.hpp
[2.241s] -- Up-to-date: /home/caleb/ros2_ws/install/spot_msgs/include/spot_msgs/msg/detail/dock_state__rosidl_typesupport_introspection_cpp.hpp
[2.242s] -- Up-to-date: /home/caleb/ros2_ws/install/spot_msgs/include/spot_msgs/msg/detail/e_stop_state_array__type_support.cpp
[2.243s] -- Up-to-date: /home/caleb/ros2_ws/install/spot_msgs/include/spot_msgs/msg/detail/behavior_fault_state__type_support.cpp
[2.244s] -- Up-to-date: /home/caleb/ros2_ws/install/spot_msgs/include/spot_msgs/msg/detail/system_fault_state__type_support.cpp
[2.244s] -- Up-to-date: /home/caleb/ros2_ws/install/spot_msgs/include/spot_msgs/msg/detail/dock_state__type_support.cpp
[2.244s] -- Up-to-date: /home/caleb/ros2_ws/install/spot_msgs/include/spot_msgs/msg/detail/mobility_params__rosidl_typesupport_introspection_cpp.hpp
[2.245s] -- Up-to-date: /home/caleb/ros2_ws/install/spot_msgs/include/spot_msgs/msg/detail/foot_state__type_support.cpp
[2.245s] -- Up-to-date: /home/caleb/ros2_ws/install/spot_msgs/include/spot_msgs/msg/detail/metrics__type_support.cpp
[2.246s] -- Up-to-date: /home/caleb/ros2_ws/install/spot_msgs/include/spot_msgs/msg/detail/lease_owner__rosidl_typesupport_introspection_cpp.hpp
[2.247s] -- Up-to-date: /home/caleb/ros2_ws/install/spot_msgs/include/spot_msgs/msg/detail/lease__type_support.cpp
[2.247s] -- Up-to-date: /home/caleb/ros2_ws/install/spot_msgs/include/spot_msgs/msg/detail/battery_state__type_support.cpp
[2.247s] -- Up-to-date: /home/caleb/ros2_ws/install/spot_msgs/include/spot_msgs/msg/detail/battery_state__rosidl_typesupport_introspection_cpp.hpp
[2.247s] -- Up-to-date: /home/caleb/ros2_ws/install/spot_msgs/include/spot_msgs/msg/detail/lease__rosidl_typesupport_introspection_cpp.hpp
[2.247s] -- Up-to-date: /home/caleb/ros2_ws/install/spot_msgs/include/spot_msgs/msg/detail/e_stop_state__rosidl_typesupport_introspection_cpp.hpp
[2.247s] -- Up-to-date: /home/caleb/ros2_ws/install/spot_msgs/include/spot_msgs/msg/detail/lease_array__rosidl_typesupport_introspection_cpp.hpp
[2.247s] -- Up-to-date: /home/caleb/ros2_ws/install/spot_msgs/include/spot_msgs/msg/detail/lease_owner__type_support.cpp
[2.247s] -- Up-to-date: /home/caleb/ros2_ws/install/spot_msgs/include/spot_msgs/msg/detail/system_fault_state__rosidl_typesupport_introspection_cpp.hpp
[2.247s] -- Up-to-date: /home/caleb/ros2_ws/install/spot_msgs/include/spot_msgs/msg/detail/battery_state_array__type_support.cpp
[2.247s] -- Up-to-date: /home/caleb/ros2_ws/install/spot_msgs/include/spot_msgs/msg/detail/system_fault__type_support.cpp
[2.247s] -- Up-to-date: /home/caleb/ros2_ws/install/spot_msgs/include/spot_msgs/msg/detail/lease_array__type_support.cpp
[2.247s] -- Up-to-date: /home/caleb/ros2_ws/install/spot_msgs/include/spot_msgs/msg/detail/power_state__type_support.cpp
[2.248s] -- Up-to-date: /home/caleb/ros2_ws/install/spot_msgs/include/spot_msgs/msg/detail/foot_state_array__type_support.cpp
[2.248s] -- Up-to-date: /home/caleb/ros2_ws/install/spot_msgs/include/spot_msgs/msg/detail/e_stop_state_array__rosidl_typesupport_introspection_cpp.hpp
[2.248s] -- Up-to-date: /home/caleb/ros2_ws/install/spot_msgs/include/spot_msgs/msg/detail/lease_resource__type_support.cpp
[2.249s] -- Up-to-date: /home/caleb/ros2_ws/install/spot_msgs/include/spot_msgs/msg/detail/behavior_fault_state__rosidl_typesupport_introspection_cpp.hpp
[2.249s] -- Up-to-date: /home/caleb/ros2_ws/install/spot_msgs/include/spot_msgs/msg/detail/lease_resource__rosidl_typesupport_introspection_cpp.hpp
[2.249s] -- Up-to-date: /home/caleb/ros2_ws/install/spot_msgs/include/spot_msgs/msg/detail/e_stop_state__type_support.cpp
[2.249s] -- Up-to-date: /home/caleb/ros2_ws/install/spot_msgs/include/spot_msgs/msg/detail/mobility_params__type_support.cpp
[2.249s] -- Up-to-date: /home/caleb/ros2_ws/install/spot_msgs/include/spot_msgs/msg/detail/foot_state_array__rosidl_typesupport_introspection_cpp.hpp
[2.250s] -- Up-to-date: /home/caleb/ros2_ws/install/spot_msgs/include/spot_msgs/msg/detail/feedback__type_support.cpp
[2.250s] -- Up-to-date: /home/caleb/ros2_ws/install/spot_msgs/include/spot_msgs/action
[2.250s] -- Up-to-date: /home/caleb/ros2_ws/install/spot_msgs/include/spot_msgs/action/detail
[2.251s] -- Up-to-date: /home/caleb/ros2_ws/install/spot_msgs/include/spot_msgs/action/detail/trajectory__rosidl_typesupport_introspection_cpp.hpp
[2.251s] -- Up-to-date: /home/caleb/ros2_ws/install/spot_msgs/include/spot_msgs/action/detail/navigate_to__rosidl_typesupport_introspection_cpp.hpp
[2.251s] -- Up-to-date: /home/caleb/ros2_ws/install/spot_msgs/include/spot_msgs/action/detail/trajectory__type_support.cpp
[2.252s] -- Up-to-date: /home/caleb/ros2_ws/install/spot_msgs/include/spot_msgs/action/detail/navigate_to__type_support.cpp
[2.252s] -- Up-to-date: /home/caleb/ros2_ws/install/spot_msgs/lib/libspot_msgs__rosidl_typesupport_introspection_cpp.so
[2.253s] -- Up-to-date: /home/caleb/ros2_ws/install/spot_msgs/lib/libspot_msgs__rosidl_typesupport_cpp.so
[2.253s] -- Up-to-date: /home/caleb/ros2_ws/install/spot_msgs/share/spot_msgs/environment/pythonpath.sh
[2.254s] -- Up-to-date: /home/caleb/ros2_ws/install/spot_msgs/share/spot_msgs/environment/pythonpath.dsv
[2.254s] -- Up-to-date: /home/caleb/ros2_ws/install/spot_msgs/lib/python3.8/site-packages/spot_msgs/__init__.py
[2.254s] -- Up-to-date: /home/caleb/ros2_ws/install/spot_msgs/lib/python3.8/site-packages/spot_msgs/action
[2.255s] -- Up-to-date: /home/caleb/ros2_ws/install/spot_msgs/lib/python3.8/site-packages/spot_msgs/action/_navigate_to.py
[2.255s] -- Up-to-date: /home/caleb/ros2_ws/install/spot_msgs/lib/python3.8/site-packages/spot_msgs/action/__init__.py
[2.256s] -- Up-to-date: /home/caleb/ros2_ws/install/spot_msgs/lib/python3.8/site-packages/spot_msgs/action/_trajectory.py
[2.256s] -- Up-to-date: /home/caleb/ros2_ws/install/spot_msgs/lib/python3.8/site-packages/spot_msgs/action/_trajectory_s.c
[2.256s] -- Up-to-date: /home/caleb/ros2_ws/install/spot_msgs/lib/python3.8/site-packages/spot_msgs/action/_navigate_to_s.c
[2.257s] -- Up-to-date: /home/caleb/ros2_ws/install/spot_msgs/lib/python3.8/site-packages/spot_msgs/srv
[2.257s] -- Up-to-date: /home/caleb/ros2_ws/install/spot_msgs/lib/python3.8/site-packages/spot_msgs/srv/_gripper_angle_move_s.c
[2.258s] -- Up-to-date: /home/caleb/ros2_ws/install/spot_msgs/lib/python3.8/site-packages/spot_msgs/srv/_set_locomotion_s.c
[2.258s] -- Up-to-date: /home/caleb/ros2_ws/install/spot_msgs/lib/python3.8/site-packages/spot_msgs/srv/_list_graph_s.c
[2.258s] -- Up-to-date: /home/caleb/ros2_ws/install/spot_msgs/lib/python3.8/site-packages/spot_msgs/srv/_arm_joint_movement_s.c
[2.258s] -- Up-to-date: /home/caleb/ros2_ws/install/spot_msgs/lib/python3.8/site-packages/spot_msgs/srv/_arm_force_trajectory_s.c
[2.258s] -- Up-to-date: /home/caleb/ros2_ws/install/spot_msgs/lib/python3.8/site-packages/spot_msgs/srv/__init__.py
[2.258s] -- Up-to-date: /home/caleb/ros2_ws/install/spot_msgs/lib/python3.8/site-packages/spot_msgs/srv/_constrained_arm_joint_movement.py
[2.258s] -- Up-to-date: /home/caleb/ros2_ws/install/spot_msgs/lib/python3.8/site-packages/spot_msgs/srv/_clear_behavior_fault.py
[2.259s] -- Up-to-date: /home/caleb/ros2_ws/install/spot_msgs/lib/python3.8/site-packages/spot_msgs/srv/_set_locomotion.py
[2.260s] -- Up-to-date: /home/caleb/ros2_ws/install/spot_msgs/lib/python3.8/site-packages/spot_msgs/srv/_dock_s.c
[2.260s] -- Up-to-date: /home/caleb/ros2_ws/install/spot_msgs/lib/python3.8/site-packages/spot_msgs/srv/_set_velocity.py
[2.260s] -- Up-to-date: /home/caleb/ros2_ws/install/spot_msgs/lib/python3.8/site-packages/spot_msgs/srv/_gripper_angle_move.py
[2.261s] -- Up-to-date: /home/caleb/ros2_ws/install/spot_msgs/lib/python3.8/site-packages/spot_msgs/srv/_clear_behavior_fault_s.c
[2.261s] -- Up-to-date: /home/caleb/ros2_ws/install/spot_msgs/lib/python3.8/site-packages/spot_msgs/srv/_dock.py
[2.261s] -- Up-to-date: /home/caleb/ros2_ws/install/spot_msgs/lib/python3.8/site-packages/spot_msgs/srv/_arm_force_trajectory.py
[2.262s] -- Up-to-date: /home/caleb/ros2_ws/install/spot_msgs/lib/python3.8/site-packages/spot_msgs/srv/_arm_joint_movement.py
[2.262s] -- Up-to-date: /home/caleb/ros2_ws/install/spot_msgs/lib/python3.8/site-packages/spot_msgs/srv/_constrained_arm_joint_movement_s.c
[2.263s] -- Up-to-date: /home/caleb/ros2_ws/install/spot_msgs/lib/python3.8/site-packages/spot_msgs/srv/_set_velocity_s.c
[2.263s] -- Up-to-date: /home/caleb/ros2_ws/install/spot_msgs/lib/python3.8/site-packages/spot_msgs/srv/_hand_pose_s.c
[2.263s] -- Up-to-date: /home/caleb/ros2_ws/install/spot_msgs/lib/python3.8/site-packages/spot_msgs/srv/_hand_pose.py
[2.264s] -- Up-to-date: /home/caleb/ros2_ws/install/spot_msgs/lib/python3.8/site-packages/spot_msgs/srv/_list_graph.py
[2.264s] -- Up-to-date: /home/caleb/ros2_ws/install/spot_msgs/lib/python3.8/site-packages/spot_msgs/msg
[2.265s] -- Up-to-date: /home/caleb/ros2_ws/install/spot_msgs/lib/python3.8/site-packages/spot_msgs/msg/_lease_array.py
[2.265s] -- Up-to-date: /home/caleb/ros2_ws/install/spot_msgs/lib/python3.8/site-packages/spot_msgs/msg/_manipulator_state_s.c
[2.266s] -- Up-to-date: /home/caleb/ros2_ws/install/spot_msgs/lib/python3.8/site-packages/spot_msgs/msg/_feedback_s.c
[2.266s] -- Up-to-date: /home/caleb/ros2_ws/install/spot_msgs/lib/python3.8/site-packages/spot_msgs/msg/_lease_resource_s.c
[2.266s] -- Up-to-date: /home/caleb/ros2_ws/install/spot_msgs/lib/python3.8/site-packages/spot_msgs/msg/_lease_owner.py
[2.266s] -- Up-to-date: /home/caleb/ros2_ws/install/spot_msgs/lib/python3.8/site-packages/spot_msgs/msg/_battery_state_s.c
[2.266s] -- Up-to-date: /home/caleb/ros2_ws/install/spot_msgs/lib/python3.8/site-packages/spot_msgs/msg/_manipulator_state.py
[2.267s] -- Up-to-date: /home/caleb/ros2_ws/install/spot_msgs/lib/python3.8/site-packages/spot_msgs/msg/_foot_state_array_s.c
[2.267s] -- Up-to-date: /home/caleb/ros2_ws/install/spot_msgs/lib/python3.8/site-packages/spot_msgs/msg/_battery_state_array_s.c
[2.268s] -- Up-to-date: /home/caleb/ros2_ws/install/spot_msgs/lib/python3.8/site-packages/spot_msgs/msg/_power_state.py
[2.268s] -- Up-to-date: /home/caleb/ros2_ws/install/spot_msgs/lib/python3.8/site-packages/spot_msgs/msg/_dock_state_s.c
[2.269s] -- Up-to-date: /home/caleb/ros2_ws/install/spot_msgs/lib/python3.8/site-packages/spot_msgs/msg/_foot_state_array.py
[2.269s] -- Up-to-date: /home/caleb/ros2_ws/install/spot_msgs/lib/python3.8/site-packages/spot_msgs/msg/_system_fault_state_s.c
[2.270s] -- Up-to-date: /home/caleb/ros2_ws/install/spot_msgs/lib/python3.8/site-packages/spot_msgs/msg/_system_fault.py
[2.270s] -- Up-to-date: /home/caleb/ros2_ws/install/spot_msgs/lib/python3.8/site-packages/spot_msgs/msg/_lease_array_s.c
[2.271s] -- Up-to-date: /home/caleb/ros2_ws/install/spot_msgs/lib/python3.8/site-packages/spot_msgs/msg/_lease_resource.py
[2.272s] -- Up-to-date: /home/caleb/ros2_ws/install/spot_msgs/lib/python3.8/site-packages/spot_msgs/msg/__init__.py
[2.272s] -- Up-to-date: /home/caleb/ros2_ws/install/spot_msgs/lib/python3.8/site-packages/spot_msgs/msg/_wi_fi_state_s.c
[2.272s] -- Up-to-date: /home/caleb/ros2_ws/install/spot_msgs/lib/python3.8/site-packages/spot_msgs/msg/_mobility_params.py
[2.273s] -- Up-to-date: /home/caleb/ros2_ws/install/spot_msgs/lib/python3.8/site-packages/spot_msgs/msg/_power_state_s.c
[2.273s] -- Up-to-date: /home/caleb/ros2_ws/install/spot_msgs/lib/python3.8/site-packages/spot_msgs/msg/_battery_state.py
[2.274s] -- Up-to-date: /home/caleb/ros2_ws/install/spot_msgs/lib/python3.8/site-packages/spot_msgs/msg/_system_fault_state.py
[2.274s] -- Up-to-date: /home/caleb/ros2_ws/install/spot_msgs/lib/python3.8/site-packages/spot_msgs/msg/_foot_state.py
[2.275s] -- Up-to-date: /home/caleb/ros2_ws/install/spot_msgs/lib/python3.8/site-packages/spot_msgs/msg/_metrics.py
[2.276s] -- Up-to-date: /home/caleb/ros2_ws/install/spot_msgs/lib/python3.8/site-packages/spot_msgs/msg/_dock_state.py
[2.277s] -- Up-to-date: /home/caleb/ros2_ws/install/spot_msgs/lib/python3.8/site-packages/spot_msgs/msg/_mobility_params_s.c
[2.277s] -- Up-to-date: /home/caleb/ros2_ws/install/spot_msgs/lib/python3.8/site-packages/spot_msgs/msg/_e_stop_state_array.py
[2.278s] -- Up-to-date: /home/caleb/ros2_ws/install/spot_msgs/lib/python3.8/site-packages/spot_msgs/msg/_wi_fi_state.py
[2.278s] -- Up-to-date: /home/caleb/ros2_ws/install/spot_msgs/lib/python3.8/site-packages/spot_msgs/msg/_foot_state_s.c
[2.279s] -- Up-to-date: /home/caleb/ros2_ws/install/spot_msgs/lib/python3.8/site-packages/spot_msgs/msg/_behavior_fault_s.c
[2.279s] -- Up-to-date: /home/caleb/ros2_ws/install/spot_msgs/lib/python3.8/site-packages/spot_msgs/msg/_e_stop_state_s.c
[2.279s] -- Up-to-date: /home/caleb/ros2_ws/install/spot_msgs/lib/python3.8/site-packages/spot_msgs/msg/_lease_owner_s.c
[2.280s] -- Up-to-date: /home/caleb/ros2_ws/install/spot_msgs/lib/python3.8/site-packages/spot_msgs/msg/_lease_s.c
[2.280s] -- Up-to-date: /home/caleb/ros2_ws/install/spot_msgs/lib/python3.8/site-packages/spot_msgs/msg/_behavior_fault_state_s.c
[2.280s] -- Up-to-date: /home/caleb/ros2_ws/install/spot_msgs/lib/python3.8/site-packages/spot_msgs/msg/_e_stop_state.py
[2.280s] -- Up-to-date: /home/caleb/ros2_ws/install/spot_msgs/lib/python3.8/site-packages/spot_msgs/msg/_system_fault_s.c
[2.280s] -- Up-to-date: /home/caleb/ros2_ws/install/spot_msgs/lib/python3.8/site-packages/spot_msgs/msg/_behavior_fault.py
[2.280s] -- Up-to-date: /home/caleb/ros2_ws/install/spot_msgs/lib/python3.8/site-packages/spot_msgs/msg/_battery_state_array.py
[2.280s] -- Up-to-date: /home/caleb/ros2_ws/install/spot_msgs/lib/python3.8/site-packages/spot_msgs/msg/_lease.py
[2.280s] -- Up-to-date: /home/caleb/ros2_ws/install/spot_msgs/lib/python3.8/site-packages/spot_msgs/msg/_feedback.py
[2.280s] -- Up-to-date: /home/caleb/ros2_ws/install/spot_msgs/lib/python3.8/site-packages/spot_msgs/msg/_behavior_fault_state.py
[2.280s] -- Up-to-date: /home/caleb/ros2_ws/install/spot_msgs/lib/python3.8/site-packages/spot_msgs/msg/_e_stop_state_array_s.c
[2.281s] -- Up-to-date: /home/caleb/ros2_ws/install/spot_msgs/lib/python3.8/site-packages/spot_msgs/msg/_metrics_s.c
[2.281s] -- Up-to-date: /home/caleb/ros2_ws/install/spot_msgs/lib/python3.8/site-packages/spot_msgs/spot_msgs_s__rosidl_typesupport_fastrtps_c.cpython-38-x86_64-linux-gnu.so
[2.281s] -- Up-to-date: /home/caleb/ros2_ws/install/spot_msgs/lib/python3.8/site-packages/spot_msgs/spot_msgs_s__rosidl_typesupport_introspection_c.cpython-38-x86_64-linux-gnu.so
[2.281s] -- Up-to-date: /home/caleb/ros2_ws/install/spot_msgs/lib/python3.8/site-packages/spot_msgs/spot_msgs_s__rosidl_typesupport_c.cpython-38-x86_64-linux-gnu.so
[2.281s] -- Up-to-date: /home/caleb/ros2_ws/install/spot_msgs/lib/libspot_msgs__python.so
[2.281s] -- Up-to-date: /home/caleb/ros2_ws/install/spot_msgs/share/spot_msgs/action/NavigateTo.idl
[2.281s] -- Up-to-date: /home/caleb/ros2_ws/install/spot_msgs/share/spot_msgs/action/Trajectory.idl
[2.281s] -- Up-to-date: /home/caleb/ros2_ws/install/spot_msgs/share/spot_msgs/srv/ClearBehaviorFault.idl
[2.282s] -- Up-to-date: /home/caleb/ros2_ws/install/spot_msgs/share/spot_msgs/srv/ListGraph.idl
[2.282s] -- Up-to-date: /home/caleb/ros2_ws/install/spot_msgs/share/spot_msgs/srv/Dock.idl
[2.282s] -- Up-to-date: /home/caleb/ros2_ws/install/spot_msgs/share/spot_msgs/srv/SetLocomotion.idl
[2.282s] -- Up-to-date: /home/caleb/ros2_ws/install/spot_msgs/share/spot_msgs/srv/SetVelocity.idl
[2.283s] -- Up-to-date: /home/caleb/ros2_ws/install/spot_msgs/share/spot_msgs/srv/ArmForceTrajectory.idl
[2.284s] -- Up-to-date: /home/caleb/ros2_ws/install/spot_msgs/share/spot_msgs/srv/ArmJointMovement.idl
[2.284s] -- Up-to-date: /home/caleb/ros2_ws/install/spot_msgs/share/spot_msgs/srv/ConstrainedArmJointMovement.idl
[2.284s] -- Up-to-date: /home/caleb/ros2_ws/install/spot_msgs/share/spot_msgs/srv/GripperAngleMove.idl
[2.284s] -- Up-to-date: /home/caleb/ros2_ws/install/spot_msgs/share/spot_msgs/srv/HandPose.idl
[2.285s] -- Up-to-date: /home/caleb/ros2_ws/install/spot_msgs/share/spot_msgs/msg/BatteryStateArray.idl
[2.285s] -- Up-to-date: /home/caleb/ros2_ws/install/spot_msgs/share/spot_msgs/msg/BehaviorFault.idl
[2.286s] -- Up-to-date: /home/caleb/ros2_ws/install/spot_msgs/share/spot_msgs/msg/DockState.idl
[2.286s] -- Up-to-date: /home/caleb/ros2_ws/install/spot_msgs/share/spot_msgs/msg/EStopStateArray.idl
[2.287s] -- Up-to-date: /home/caleb/ros2_ws/install/spot_msgs/share/spot_msgs/msg/FootStateArray.idl
[2.287s] -- Up-to-date: /home/caleb/ros2_ws/install/spot_msgs/share/spot_msgs/msg/LeaseArray.idl
[2.287s] -- Up-to-date: /home/caleb/ros2_ws/install/spot_msgs/share/spot_msgs/msg/LeaseOwner.idl
[2.288s] -- Up-to-date: /home/caleb/ros2_ws/install/spot_msgs/share/spot_msgs/msg/MobilityParams.idl
[2.288s] -- Up-to-date: /home/caleb/ros2_ws/install/spot_msgs/share/spot_msgs/msg/Metrics.idl
[2.288s] -- Up-to-date: /home/caleb/ros2_ws/install/spot_msgs/share/spot_msgs/msg/SystemFault.idl
[2.289s] -- Up-to-date: /home/caleb/ros2_ws/install/spot_msgs/share/spot_msgs/msg/WiFiState.idl
[2.289s] -- Up-to-date: /home/caleb/ros2_ws/install/spot_msgs/share/spot_msgs/msg/BatteryState.idl
[2.289s] -- Up-to-date: /home/caleb/ros2_ws/install/spot_msgs/share/spot_msgs/msg/BehaviorFaultState.idl
[2.290s] -- Up-to-date: /home/caleb/ros2_ws/install/spot_msgs/share/spot_msgs/msg/ManipulatorState.idl
[2.291s] -- Up-to-date: /home/caleb/ros2_ws/install/spot_msgs/share/spot_msgs/msg/EStopState.idl
[2.291s] -- Up-to-date: /home/caleb/ros2_ws/install/spot_msgs/share/spot_msgs/msg/Feedback.idl
[2.291s] -- Up-to-date: /home/caleb/ros2_ws/install/spot_msgs/share/spot_msgs/msg/FootState.idl
[2.291s] -- Up-to-date: /home/caleb/ros2_ws/install/spot_msgs/share/spot_msgs/msg/Lease.idl
[2.291s] -- Up-to-date: /home/caleb/ros2_ws/install/spot_msgs/share/spot_msgs/msg/LeaseResource.idl
[2.291s] -- Up-to-date: /home/caleb/ros2_ws/install/spot_msgs/share/spot_msgs/msg/PowerState.idl
[2.292s] -- Up-to-date: /home/caleb/ros2_ws/install/spot_msgs/share/spot_msgs/msg/SystemFaultState.idl
[2.292s] -- Up-to-date: /home/caleb/ros2_ws/install/spot_msgs/share/spot_msgs/action/NavigateTo.action
[2.293s] -- Up-to-date: /home/caleb/ros2_ws/install/spot_msgs/share/spot_msgs/action/Trajectory.action
[2.293s] -- Up-to-date: /home/caleb/ros2_ws/install/spot_msgs/share/spot_msgs/srv/ClearBehaviorFault.srv
[2.294s] -- Up-to-date: /home/caleb/ros2_ws/install/spot_msgs/share/spot_msgs/srv/ClearBehaviorFault_Request.msg
[2.294s] -- Up-to-date: /home/caleb/ros2_ws/install/spot_msgs/share/spot_msgs/srv/ClearBehaviorFault_Response.msg
[2.295s] -- Up-to-date: /home/caleb/ros2_ws/install/spot_msgs/share/spot_msgs/srv/ListGraph.srv
[2.296s] -- Up-to-date: /home/caleb/ros2_ws/install/spot_msgs/share/spot_msgs/srv/ListGraph_Request.msg
[2.296s] -- Up-to-date: /home/caleb/ros2_ws/install/spot_msgs/share/spot_msgs/srv/ListGraph_Response.msg
[2.297s] -- Up-to-date: /home/caleb/ros2_ws/install/spot_msgs/share/spot_msgs/srv/Dock.srv
[2.297s] -- Up-to-date: /home/caleb/ros2_ws/install/spot_msgs/share/spot_msgs/srv/Dock_Request.msg
[2.297s] -- Up-to-date: /home/caleb/ros2_ws/install/spot_msgs/share/spot_msgs/srv/Dock_Response.msg
[2.298s] -- Up-to-date: /home/caleb/ros2_ws/install/spot_msgs/share/spot_msgs/srv/SetLocomotion.srv
[2.298s] -- Up-to-date: /home/caleb/ros2_ws/install/spot_msgs/share/spot_msgs/srv/SetLocomotion_Request.msg
[2.299s] -- Up-to-date: /home/caleb/ros2_ws/install/spot_msgs/share/spot_msgs/srv/SetLocomotion_Response.msg
[2.299s] -- Up-to-date: /home/caleb/ros2_ws/install/spot_msgs/share/spot_msgs/srv/SetVelocity.srv
[2.299s] -- Up-to-date: /home/caleb/ros2_ws/install/spot_msgs/share/spot_msgs/srv/SetVelocity_Request.msg
[2.299s] -- Up-to-date: /home/caleb/ros2_ws/install/spot_msgs/share/spot_msgs/srv/SetVelocity_Response.msg
[2.300s] -- Up-to-date: /home/caleb/ros2_ws/install/spot_msgs/share/spot_msgs/srv/ArmForceTrajectory.srv
[2.300s] -- Up-to-date: /home/caleb/ros2_ws/install/spot_msgs/share/spot_msgs/srv/ArmForceTrajectory_Request.msg
[2.301s] -- Up-to-date: /home/caleb/ros2_ws/install/spot_msgs/share/spot_msgs/srv/ArmForceTrajectory_Response.msg
[2.302s] -- Up-to-date: /home/caleb/ros2_ws/install/spot_msgs/share/spot_msgs/srv/ArmJointMovement.srv
[2.303s] -- Up-to-date: /home/caleb/ros2_ws/install/spot_msgs/share/spot_msgs/srv/ArmJointMovement_Request.msg
[2.303s] -- Up-to-date: /home/caleb/ros2_ws/install/spot_msgs/share/spot_msgs/srv/ArmJointMovement_Response.msg
[2.304s] -- Up-to-date: /home/caleb/ros2_ws/install/spot_msgs/share/spot_msgs/srv/ConstrainedArmJointMovement.srv
[2.305s] -- Up-to-date: /home/caleb/ros2_ws/install/spot_msgs/share/spot_msgs/srv/ConstrainedArmJointMovement_Request.msg
[2.305s] -- Up-to-date: /home/caleb/ros2_ws/install/spot_msgs/share/spot_msgs/srv/ConstrainedArmJointMovement_Response.msg
[2.306s] -- Up-to-date: /home/caleb/ros2_ws/install/spot_msgs/share/spot_msgs/srv/GripperAngleMove.srv
[2.306s] -- Up-to-date: /home/caleb/ros2_ws/install/spot_msgs/share/spot_msgs/srv/GripperAngleMove_Request.msg
[2.307s] -- Up-to-date: /home/caleb/ros2_ws/install/spot_msgs/share/spot_msgs/srv/GripperAngleMove_Response.msg
[2.308s] -- Up-to-date: /home/caleb/ros2_ws/install/spot_msgs/share/spot_msgs/srv/HandPose.srv
[2.309s] -- Up-to-date: /home/caleb/ros2_ws/install/spot_msgs/share/spot_msgs/srv/HandPose_Request.msg
[2.309s] -- Up-to-date: /home/caleb/ros2_ws/install/spot_msgs/share/spot_msgs/srv/HandPose_Response.msg
[2.310s] -- Up-to-date: /home/caleb/ros2_ws/install/spot_msgs/share/spot_msgs/msg/BatteryStateArray.msg
[2.310s] -- Up-to-date: /home/caleb/ros2_ws/install/spot_msgs/share/spot_msgs/msg/BehaviorFault.msg
[2.311s] -- Up-to-date: /home/caleb/ros2_ws/install/spot_msgs/share/spot_msgs/msg/DockState.msg
[2.312s] -- Up-to-date: /home/caleb/ros2_ws/install/spot_msgs/share/spot_msgs/msg/EStopStateArray.msg
[2.312s] -- Up-to-date: /home/caleb/ros2_ws/install/spot_msgs/share/spot_msgs/msg/FootStateArray.msg
[2.313s] -- Up-to-date: /home/caleb/ros2_ws/install/spot_msgs/share/spot_msgs/msg/LeaseArray.msg
[2.313s] -- Up-to-date: /home/caleb/ros2_ws/install/spot_msgs/share/spot_msgs/msg/LeaseOwner.msg
[2.313s] -- Up-to-date: /home/caleb/ros2_ws/install/spot_msgs/share/spot_msgs/msg/MobilityParams.msg
[2.313s] -- Up-to-date: /home/caleb/ros2_ws/install/spot_msgs/share/spot_msgs/msg/Metrics.msg
[2.314s] -- Up-to-date: /home/caleb/ros2_ws/install/spot_msgs/share/spot_msgs/msg/SystemFault.msg
[2.314s] -- Up-to-date: /home/caleb/ros2_ws/install/spot_msgs/share/spot_msgs/msg/WiFiState.msg
[2.314s] -- Up-to-date: /home/caleb/ros2_ws/install/spot_msgs/share/spot_msgs/msg/BatteryState.msg
[2.314s] -- Up-to-date: /home/caleb/ros2_ws/install/spot_msgs/share/spot_msgs/msg/BehaviorFaultState.msg
[2.314s] -- Up-to-date: /home/caleb/ros2_ws/install/spot_msgs/share/spot_msgs/msg/ManipulatorState.msg
[2.314s] -- Up-to-date: /home/caleb/ros2_ws/install/spot_msgs/share/spot_msgs/msg/EStopState.msg
[2.314s] -- Up-to-date: /home/caleb/ros2_ws/install/spot_msgs/share/spot_msgs/msg/Feedback.msg
[2.315s] -- Up-to-date: /home/caleb/ros2_ws/install/spot_msgs/share/spot_msgs/msg/FootState.msg
[2.315s] -- Up-to-date: /home/caleb/ros2_ws/install/spot_msgs/share/spot_msgs/msg/Lease.msg
[2.315s] -- Up-to-date: /home/caleb/ros2_ws/install/spot_msgs/share/spot_msgs/msg/LeaseResource.msg
[2.315s] -- Up-to-date: /home/caleb/ros2_ws/install/spot_msgs/share/spot_msgs/msg/PowerState.msg
[2.315s] -- Up-to-date: /home/caleb/ros2_ws/install/spot_msgs/share/spot_msgs/msg/SystemFaultState.msg
[2.315s] -- Up-to-date: /home/caleb/ros2_ws/install/spot_msgs/share/ament_index/resource_index/package_run_dependencies/spot_msgs
[2.315s] -- Up-to-date: /home/caleb/ros2_ws/install/spot_msgs/share/ament_index/resource_index/parent_prefix_path/spot_msgs
[2.315s] -- Up-to-date: /home/caleb/ros2_ws/install/spot_msgs/share/spot_msgs/environment/ament_prefix_path.sh
[2.316s] -- Up-to-date: /home/caleb/ros2_ws/install/spot_msgs/share/spot_msgs/environment/ament_prefix_path.dsv
[2.316s] -- Up-to-date: /home/caleb/ros2_ws/install/spot_msgs/share/spot_msgs/environment/path.sh
[2.316s] -- Up-to-date: /home/caleb/ros2_ws/install/spot_msgs/share/spot_msgs/environment/path.dsv
[2.316s] -- Up-to-date: /home/caleb/ros2_ws/install/spot_msgs/share/spot_msgs/local_setup.bash
[2.317s] -- Up-to-date: /home/caleb/ros2_ws/install/spot_msgs/share/spot_msgs/local_setup.sh
[2.317s] -- Up-to-date: /home/caleb/ros2_ws/install/spot_msgs/share/spot_msgs/local_setup.zsh
[2.317s] -- Up-to-date: /home/caleb/ros2_ws/install/spot_msgs/share/spot_msgs/local_setup.dsv
[2.318s] -- Installing: /home/caleb/ros2_ws/install/spot_msgs/share/spot_msgs/package.dsv
[2.318s] -- Up-to-date: /home/caleb/ros2_ws/install/spot_msgs/share/ament_index/resource_index/packages/spot_msgs
[2.318s] -- Up-to-date: /home/caleb/ros2_ws/install/spot_msgs/share/spot_msgs/cmake/spot_msgs__rosidl_generator_cExport.cmake
[2.319s] -- Up-to-date: /home/caleb/ros2_ws/install/spot_msgs/share/spot_msgs/cmake/spot_msgs__rosidl_generator_cExport-noconfig.cmake
[2.319s] -- Up-to-date: /home/caleb/ros2_ws/install/spot_msgs/share/spot_msgs/cmake/spot_msgs__rosidl_typesupport_introspection_cExport.cmake
[2.319s] -- Up-to-date: /home/caleb/ros2_ws/install/spot_msgs/share/spot_msgs/cmake/spot_msgs__rosidl_typesupport_introspection_cExport-noconfig.cmake
[2.320s] -- Up-to-date: /home/caleb/ros2_ws/install/spot_msgs/share/spot_msgs/cmake/spot_msgs__rosidl_typesupport_cExport.cmake
[2.320s] -- Up-to-date: /home/caleb/ros2_ws/install/spot_msgs/share/spot_msgs/cmake/spot_msgs__rosidl_typesupport_cExport-noconfig.cmake
[2.321s] -- Up-to-date: /home/caleb/ros2_ws/install/spot_msgs/share/spot_msgs/cmake/spot_msgs__rosidl_generator_cppExport.cmake
[2.321s] -- Up-to-date: /home/caleb/ros2_ws/install/spot_msgs/share/spot_msgs/cmake/spot_msgs__rosidl_typesupport_introspection_cppExport.cmake
[2.321s] -- Up-to-date: /home/caleb/ros2_ws/install/spot_msgs/share/spot_msgs/cmake/spot_msgs__rosidl_typesupport_introspection_cppExport-noconfig.cmake
[2.322s] -- Up-to-date: /home/caleb/ros2_ws/install/spot_msgs/share/spot_msgs/cmake/spot_msgs__rosidl_typesupport_cppExport.cmake
[2.322s] -- Up-to-date: /home/caleb/ros2_ws/install/spot_msgs/share/spot_msgs/cmake/spot_msgs__rosidl_typesupport_cppExport-noconfig.cmake
[2.322s] -- Up-to-date: /home/caleb/ros2_ws/install/spot_msgs/share/spot_msgs/cmake/rosidl_cmake-extras.cmake
[2.323s] -- Up-to-date: /home/caleb/ros2_ws/install/spot_msgs/share/spot_msgs/cmake/ament_cmake_export_dependencies-extras.cmake
[2.323s] -- Up-to-date: /home/caleb/ros2_ws/install/spot_msgs/share/spot_msgs/cmake/ament_cmake_export_libraries-extras.cmake
[2.324s] -- Up-to-date: /home/caleb/ros2_ws/install/spot_msgs/share/spot_msgs/cmake/ament_cmake_export_targets-extras.cmake
[2.324s] -- Up-to-date: /home/caleb/ros2_ws/install/spot_msgs/share/spot_msgs/cmake/ament_cmake_export_include_directories-extras.cmake
[2.324s] -- Up-to-date: /home/caleb/ros2_ws/install/spot_msgs/share/spot_msgs/cmake/rosidl_cmake_export_typesupport_libraries-extras.cmake
[2.325s] -- Up-to-date: /home/caleb/ros2_ws/install/spot_msgs/share/spot_msgs/cmake/rosidl_cmake_export_typesupport_targets-extras.cmake
[2.325s] -- Up-to-date: /home/caleb/ros2_ws/install/spot_msgs/share/spot_msgs/cmake/spot_msgsConfig.cmake
[2.326s] -- Up-to-date: /home/caleb/ros2_ws/install/spot_msgs/share/spot_msgs/cmake/spot_msgsConfig-version.cmake
[2.326s] -- Up-to-date: /home/caleb/ros2_ws/install/spot_msgs/share/spot_msgs/package.xml
[2.955s] Invoked command in '/home/caleb/ros2_ws/build/spot_msgs' returned '0': CMAKE_PREFIX_PATH=${CMAKE_PREFIX_PATH}:/home/caleb/ros2_ws/install/spot_driver:/home/caleb/ros2_ws/install/spot_manipulation_driver:/opt/ros/galactic /usr/local/bin/cmake --install /home/caleb/ros2_ws/build/spot_msgs
