[100%] Built target optimization
-- Install configuration: ""
-- Up-to-date: /home/caleb/ros2_ws/install/optimization/share/optimization//launch
-- Installing: /home/caleb/ros2_ws/install/optimization/share/optimization//launch/robot_simulation.launch.py
-- Up-to-date: /home/caleb/ros2_ws/install/optimization/lib/optimization/optimization
-- Up-to-date: /home/caleb/ros2_ws/install/optimization/share/ament_index/resource_index/package_run_dependencies/optimization
-- Up-to-date: /home/caleb/ros2_ws/install/optimization/share/ament_index/resource_index/parent_prefix_path/optimization
-- Up-to-date: /home/caleb/ros2_ws/install/optimization/share/optimization/environment/ament_prefix_path.sh
-- Up-to-date: /home/caleb/ros2_ws/install/optimization/share/optimization/environment/ament_prefix_path.dsv
-- Up-to-date: /home/caleb/ros2_ws/install/optimization/share/optimization/environment/path.sh
-- Up-to-date: /home/caleb/ros2_ws/install/optimization/share/optimization/environment/path.dsv
-- Up-to-date: /home/caleb/ros2_ws/install/optimization/share/optimization/local_setup.bash
-- Up-to-date: /home/caleb/ros2_ws/install/optimization/share/optimization/local_setup.sh
-- Up-to-date: /home/caleb/ros2_ws/install/optimization/share/optimization/local_setup.zsh
-- Up-to-date: /home/caleb/ros2_ws/install/optimization/share/optimization/local_setup.dsv
-- Installing: /home/caleb/ros2_ws/install/optimization/share/optimization/package.dsv
-- Up-to-date: /home/caleb/ros2_ws/install/optimization/share/ament_index/resource_index/packages/optimization
-- Up-to-date: /home/caleb/ros2_ws/install/optimization/share/optimization/cmake/optimizationConfig.cmake
-- Up-to-date: /home/caleb/ros2_ws/install/optimization/share/optimization/cmake/optimizationConfig-version.cmake
-- Up-to-date: /home/caleb/ros2_ws/install/optimization/share/optimization/package.xml
