[1.422s] DEBUG:colcon:Command line arguments: ['/usr/bin/colcon', 'build']
[1.422s] DEBUG:colcon:Parsed command line arguments: Namespace(allow_overriding=[], ament_cmake_args=None, base_paths=['.'], build_base='build', catkin_cmake_args=None, catkin_skip_building_tests=False, cmake_args=None, cmake_clean_cache=False, cmake_clean_first=False, cmake_force_configure=False, cmake_target=None, cmake_target_skip_unavailable=False, continue_on_error=False, event_handlers=None, executor='parallel', ignore_user_meta=False, install_base='install', log_base=None, log_level=None, main=<bound method BuildVerb.main of <colcon_core.verb.build.BuildVerb object at 0x7f7fcd0377f0>>, merge_install=False, metas=['./colcon.meta'], packages_above=None, packages_above_and_dependencies=None, packages_above_depth=None, packages_end=None, packages_ignore=None, packages_ignore_regex=None, packages_select=None, packages_select_build_failed=False, packages_select_by_dep=None, packages_select_regex=None, packages_select_test_failures=False, packages_skip=None, packages_skip_build_finished=False, packages_skip_by_dep=None, packages_skip_regex=None, packages_skip_test_passed=False, packages_skip_up_to=None, packages_start=None, packages_up_to=None, packages_up_to_regex=None, parallel_workers=20, paths=None, symlink_install=False, test_result_base=None, verb_extension=<colcon_core.verb.build.BuildVerb object at 0x7f7fcd0377f0>, verb_name='build', verb_parser=<colcon_defaults.argument_parser.defaults.DefaultArgumentsDecorator object at 0x7f7fcd037490>)
[1.481s] Level 1:colcon.colcon_core.package_discovery:discover_packages(colcon_meta) check parameters
[1.481s] Level 1:colcon.colcon_core.package_discovery:discover_packages(recursive) check parameters
[1.481s] Level 1:colcon.colcon_core.package_discovery:discover_packages(ignore) check parameters
[1.481s] Level 1:colcon.colcon_core.package_discovery:discover_packages(path) check parameters
[1.481s] Level 1:colcon.colcon_core.package_discovery:discover_packages(colcon_meta) discover
[1.481s] Level 1:colcon.colcon_core.package_discovery:discover_packages(recursive) discover
[1.481s] INFO:colcon.colcon_core.package_discovery:Crawling recursively for packages in '/home/caleb/ros2_ws'
[1.481s] Level 1:colcon.colcon_core.package_identification:_identify(.) by extensions ['ignore', 'ignore_ament_install']
[1.481s] Level 1:colcon.colcon_core.package_identification:_identify(.) by extension 'ignore'
[1.481s] Level 1:colcon.colcon_core.package_identification:_identify(.) by extension 'ignore_ament_install'
[1.481s] Level 1:colcon.colcon_core.package_identification:_identify(.) by extensions ['colcon_pkg']
[1.481s] Level 1:colcon.colcon_core.package_identification:_identify(.) by extension 'colcon_pkg'
[1.481s] Level 1:colcon.colcon_core.package_identification:_identify(.) by extensions ['colcon_meta']
[1.481s] Level 1:colcon.colcon_core.package_identification:_identify(.) by extension 'colcon_meta'
[1.481s] Level 1:colcon.colcon_core.package_identification:_identify(.) by extensions ['ros']
[1.481s] Level 1:colcon.colcon_core.package_identification:_identify(.) by extension 'ros'
[1.487s] Level 1:colcon.colcon_core.package_identification:_identify(.) by extensions ['cmake', 'python']
[1.487s] Level 1:colcon.colcon_core.package_identification:_identify(.) by extension 'cmake'
[1.487s] Level 1:colcon.colcon_core.package_identification:_identify(.) by extension 'python'
[1.487s] Level 1:colcon.colcon_core.package_identification:_identify(.) by extensions ['python_setup_py']
[1.487s] Level 1:colcon.colcon_core.package_identification:_identify(.) by extension 'python_setup_py'
[1.487s] Level 1:colcon.colcon_core.package_identification:_identify(build) by extensions ['ignore', 'ignore_ament_install']
[1.487s] Level 1:colcon.colcon_core.package_identification:_identify(build) by extension 'ignore'
[1.487s] Level 1:colcon.colcon_core.package_identification:_identify(build) ignored
[1.487s] Level 1:colcon.colcon_core.package_identification:_identify(install) by extensions ['ignore', 'ignore_ament_install']
[1.487s] Level 1:colcon.colcon_core.package_identification:_identify(install) by extension 'ignore'
[1.487s] Level 1:colcon.colcon_core.package_identification:_identify(install) ignored
[1.487s] Level 1:colcon.colcon_core.package_identification:_identify(log) by extensions ['ignore', 'ignore_ament_install']
[1.487s] Level 1:colcon.colcon_core.package_identification:_identify(log) by extension 'ignore'
[1.488s] Level 1:colcon.colcon_core.package_identification:_identify(log) ignored
[1.488s] Level 1:colcon.colcon_core.package_identification:_identify(src) by extensions ['ignore', 'ignore_ament_install']
[1.488s] Level 1:colcon.colcon_core.package_identification:_identify(src) by extension 'ignore'
[1.488s] Level 1:colcon.colcon_core.package_identification:_identify(src) by extension 'ignore_ament_install'
[1.488s] Level 1:colcon.colcon_core.package_identification:_identify(src) by extensions ['colcon_pkg']
[1.488s] Level 1:colcon.colcon_core.package_identification:_identify(src) by extension 'colcon_pkg'
[1.488s] Level 1:colcon.colcon_core.package_identification:_identify(src) by extensions ['colcon_meta']
[1.488s] Level 1:colcon.colcon_core.package_identification:_identify(src) by extension 'colcon_meta'
[1.488s] Level 1:colcon.colcon_core.package_identification:_identify(src) by extensions ['ros']
[1.488s] Level 1:colcon.colcon_core.package_identification:_identify(src) by extension 'ros'
[1.488s] Level 1:colcon.colcon_core.package_identification:_identify(src) by extensions ['cmake', 'python']
[1.488s] Level 1:colcon.colcon_core.package_identification:_identify(src) by extension 'cmake'
[1.488s] Level 1:colcon.colcon_core.package_identification:_identify(src) by extension 'python'
[1.488s] Level 1:colcon.colcon_core.package_identification:_identify(src) by extensions ['python_setup_py']
[1.488s] Level 1:colcon.colcon_core.package_identification:_identify(src) by extension 'python_setup_py'
[1.488s] Level 1:colcon.colcon_core.package_identification:_identify(src/nrg_spot_manipulation) by extensions ['ignore', 'ignore_ament_install']
[1.488s] Level 1:colcon.colcon_core.package_identification:_identify(src/nrg_spot_manipulation) by extension 'ignore'
[1.488s] Level 1:colcon.colcon_core.package_identification:_identify(src/nrg_spot_manipulation) by extension 'ignore_ament_install'
[1.488s] Level 1:colcon.colcon_core.package_identification:_identify(src/nrg_spot_manipulation) by extensions ['colcon_pkg']
[1.488s] Level 1:colcon.colcon_core.package_identification:_identify(src/nrg_spot_manipulation) by extension 'colcon_pkg'
[1.488s] Level 1:colcon.colcon_core.package_identification:_identify(src/nrg_spot_manipulation) by extensions ['colcon_meta']
[1.488s] Level 1:colcon.colcon_core.package_identification:_identify(src/nrg_spot_manipulation) by extension 'colcon_meta'
[1.488s] Level 1:colcon.colcon_core.package_identification:_identify(src/nrg_spot_manipulation) by extensions ['ros']
[1.488s] Level 1:colcon.colcon_core.package_identification:_identify(src/nrg_spot_manipulation) by extension 'ros'
[1.488s] Level 1:colcon.colcon_core.package_identification:_identify(src/nrg_spot_manipulation) by extensions ['cmake', 'python']
[1.488s] Level 1:colcon.colcon_core.package_identification:_identify(src/nrg_spot_manipulation) by extension 'cmake'
[1.488s] Level 1:colcon.colcon_core.package_identification:_identify(src/nrg_spot_manipulation) by extension 'python'
[1.488s] Level 1:colcon.colcon_core.package_identification:_identify(src/nrg_spot_manipulation) by extensions ['python_setup_py']
[1.488s] Level 1:colcon.colcon_core.package_identification:_identify(src/nrg_spot_manipulation) by extension 'python_setup_py'
[1.488s] Level 1:colcon.colcon_core.package_identification:_identify(src/nrg_spot_manipulation/spot_manipulation_driver) by extensions ['ignore', 'ignore_ament_install']
[1.488s] Level 1:colcon.colcon_core.package_identification:_identify(src/nrg_spot_manipulation/spot_manipulation_driver) by extension 'ignore'
[1.488s] Level 1:colcon.colcon_core.package_identification:_identify(src/nrg_spot_manipulation/spot_manipulation_driver) by extension 'ignore_ament_install'
[1.488s] Level 1:colcon.colcon_core.package_identification:_identify(src/nrg_spot_manipulation/spot_manipulation_driver) by extensions ['colcon_pkg']
[1.488s] Level 1:colcon.colcon_core.package_identification:_identify(src/nrg_spot_manipulation/spot_manipulation_driver) by extension 'colcon_pkg'
[1.488s] Level 1:colcon.colcon_core.package_identification:_identify(src/nrg_spot_manipulation/spot_manipulation_driver) by extensions ['colcon_meta']
[1.488s] Level 1:colcon.colcon_core.package_identification:_identify(src/nrg_spot_manipulation/spot_manipulation_driver) by extension 'colcon_meta'
[1.488s] Level 1:colcon.colcon_core.package_identification:_identify(src/nrg_spot_manipulation/spot_manipulation_driver) by extensions ['ros']
[1.488s] Level 1:colcon.colcon_core.package_identification:_identify(src/nrg_spot_manipulation/spot_manipulation_driver) by extension 'ros'
[1.490s] DEBUG:colcon.colcon_core.package_identification:Package 'src/nrg_spot_manipulation/spot_manipulation_driver' with type 'ros.ament_python' and name 'spot_manipulation_driver'
[1.490s] Level 1:colcon.colcon_core.package_identification:_identify(src/nrg_spot_manipulation_moveit) by extensions ['ignore', 'ignore_ament_install']
[1.490s] Level 1:colcon.colcon_core.package_identification:_identify(src/nrg_spot_manipulation_moveit) by extension 'ignore'
[1.490s] Level 1:colcon.colcon_core.package_identification:_identify(src/nrg_spot_manipulation_moveit) by extension 'ignore_ament_install'
[1.490s] Level 1:colcon.colcon_core.package_identification:_identify(src/nrg_spot_manipulation_moveit) by extensions ['colcon_pkg']
[1.490s] Level 1:colcon.colcon_core.package_identification:_identify(src/nrg_spot_manipulation_moveit) by extension 'colcon_pkg'
[1.490s] Level 1:colcon.colcon_core.package_identification:_identify(src/nrg_spot_manipulation_moveit) by extensions ['colcon_meta']
[1.490s] Level 1:colcon.colcon_core.package_identification:_identify(src/nrg_spot_manipulation_moveit) by extension 'colcon_meta'
[1.490s] Level 1:colcon.colcon_core.package_identification:_identify(src/nrg_spot_manipulation_moveit) by extensions ['ros']
[1.490s] Level 1:colcon.colcon_core.package_identification:_identify(src/nrg_spot_manipulation_moveit) by extension 'ros'
[1.490s] Level 1:colcon.colcon_core.package_identification:_identify(src/nrg_spot_manipulation_moveit) by extensions ['cmake', 'python']
[1.490s] Level 1:colcon.colcon_core.package_identification:_identify(src/nrg_spot_manipulation_moveit) by extension 'cmake'
[1.490s] Level 1:colcon.colcon_core.package_identification:_identify(src/nrg_spot_manipulation_moveit) by extension 'python'
[1.490s] Level 1:colcon.colcon_core.package_identification:_identify(src/nrg_spot_manipulation_moveit) by extensions ['python_setup_py']
[1.490s] Level 1:colcon.colcon_core.package_identification:_identify(src/nrg_spot_manipulation_moveit) by extension 'python_setup_py'
[1.490s] Level 1:colcon.colcon_core.package_identification:_identify(src/nrg_spot_manipulation_moveit/spot_arm_moveit2_config) by extensions ['ignore', 'ignore_ament_install']
[1.490s] Level 1:colcon.colcon_core.package_identification:_identify(src/nrg_spot_manipulation_moveit/spot_arm_moveit2_config) by extension 'ignore'
[1.490s] Level 1:colcon.colcon_core.package_identification:_identify(src/nrg_spot_manipulation_moveit/spot_arm_moveit2_config) by extension 'ignore_ament_install'
[1.490s] Level 1:colcon.colcon_core.package_identification:_identify(src/nrg_spot_manipulation_moveit/spot_arm_moveit2_config) by extensions ['colcon_pkg']
[1.490s] Level 1:colcon.colcon_core.package_identification:_identify(src/nrg_spot_manipulation_moveit/spot_arm_moveit2_config) by extension 'colcon_pkg'
[1.490s] Level 1:colcon.colcon_core.package_identification:_identify(src/nrg_spot_manipulation_moveit/spot_arm_moveit2_config) by extensions ['colcon_meta']
[1.490s] Level 1:colcon.colcon_core.package_identification:_identify(src/nrg_spot_manipulation_moveit/spot_arm_moveit2_config) by extension 'colcon_meta'
[1.490s] Level 1:colcon.colcon_core.package_identification:_identify(src/nrg_spot_manipulation_moveit/spot_arm_moveit2_config) by extensions ['ros']
[1.490s] Level 1:colcon.colcon_core.package_identification:_identify(src/nrg_spot_manipulation_moveit/spot_arm_moveit2_config) by extension 'ros'
[1.491s] DEBUG:colcon.colcon_core.package_identification:Package 'src/nrg_spot_manipulation_moveit/spot_arm_moveit2_config' with type 'ros.ament_cmake' and name 'spot_arm_moveit2_config'
[1.491s] Level 1:colcon.colcon_core.package_identification:_identify(src/optimization) by extensions ['ignore', 'ignore_ament_install']
[1.491s] Level 1:colcon.colcon_core.package_identification:_identify(src/optimization) by extension 'ignore'
[1.491s] Level 1:colcon.colcon_core.package_identification:_identify(src/optimization) by extension 'ignore_ament_install'
[1.491s] Level 1:colcon.colcon_core.package_identification:_identify(src/optimization) by extensions ['colcon_pkg']
[1.491s] Level 1:colcon.colcon_core.package_identification:_identify(src/optimization) by extension 'colcon_pkg'
[1.491s] Level 1:colcon.colcon_core.package_identification:_identify(src/optimization) by extensions ['colcon_meta']
[1.491s] Level 1:colcon.colcon_core.package_identification:_identify(src/optimization) by extension 'colcon_meta'
[1.491s] Level 1:colcon.colcon_core.package_identification:_identify(src/optimization) by extensions ['ros']
[1.491s] Level 1:colcon.colcon_core.package_identification:_identify(src/optimization) by extension 'ros'
[1.491s] DEBUG:colcon.colcon_core.package_identification:Package 'src/optimization' with type 'ros.ament_cmake' and name 'optimization'
[1.491s] Level 1:colcon.colcon_core.package_identification:_identify(src/spot_ros) by extensions ['ignore', 'ignore_ament_install']
[1.491s] Level 1:colcon.colcon_core.package_identification:_identify(src/spot_ros) by extension 'ignore'
[1.491s] Level 1:colcon.colcon_core.package_identification:_identify(src/spot_ros) by extension 'ignore_ament_install'
[1.491s] Level 1:colcon.colcon_core.package_identification:_identify(src/spot_ros) by extensions ['colcon_pkg']
[1.491s] Level 1:colcon.colcon_core.package_identification:_identify(src/spot_ros) by extension 'colcon_pkg'
[1.491s] Level 1:colcon.colcon_core.package_identification:_identify(src/spot_ros) by extensions ['colcon_meta']
[1.492s] Level 1:colcon.colcon_core.package_identification:_identify(src/spot_ros) by extension 'colcon_meta'
[1.492s] Level 1:colcon.colcon_core.package_identification:_identify(src/spot_ros) by extensions ['ros']
[1.492s] Level 1:colcon.colcon_core.package_identification:_identify(src/spot_ros) by extension 'ros'
[1.492s] Level 1:colcon.colcon_core.package_identification:_identify(src/spot_ros) by extensions ['cmake', 'python']
[1.492s] Level 1:colcon.colcon_core.package_identification:_identify(src/spot_ros) by extension 'cmake'
[1.492s] Level 1:colcon.colcon_core.package_identification:_identify(src/spot_ros) by extension 'python'
[1.492s] Level 1:colcon.colcon_core.package_identification:_identify(src/spot_ros) by extensions ['python_setup_py']
[1.492s] Level 1:colcon.colcon_core.package_identification:_identify(src/spot_ros) by extension 'python_setup_py'
[1.492s] Level 1:colcon.colcon_core.package_identification:_identify(src/spot_ros/spot_bringup) by extensions ['ignore', 'ignore_ament_install']
[1.492s] Level 1:colcon.colcon_core.package_identification:_identify(src/spot_ros/spot_bringup) by extension 'ignore'
[1.492s] Level 1:colcon.colcon_core.package_identification:_identify(src/spot_ros/spot_bringup) by extension 'ignore_ament_install'
[1.492s] Level 1:colcon.colcon_core.package_identification:_identify(src/spot_ros/spot_bringup) by extensions ['colcon_pkg']
[1.492s] Level 1:colcon.colcon_core.package_identification:_identify(src/spot_ros/spot_bringup) by extension 'colcon_pkg'
[1.492s] Level 1:colcon.colcon_core.package_identification:_identify(src/spot_ros/spot_bringup) by extensions ['colcon_meta']
[1.492s] Level 1:colcon.colcon_core.package_identification:_identify(src/spot_ros/spot_bringup) by extension 'colcon_meta'
[1.492s] Level 1:colcon.colcon_core.package_identification:_identify(src/spot_ros/spot_bringup) by extensions ['ros']
[1.492s] Level 1:colcon.colcon_core.package_identification:_identify(src/spot_ros/spot_bringup) by extension 'ros'
[1.492s] DEBUG:colcon.colcon_core.package_identification:Package 'src/spot_ros/spot_bringup' with type 'ros.ament_cmake' and name 'spot_bringup'
[1.492s] Level 1:colcon.colcon_core.package_identification:_identify(src/spot_ros/spot_control) by extensions ['ignore', 'ignore_ament_install']
[1.492s] Level 1:colcon.colcon_core.package_identification:_identify(src/spot_ros/spot_control) by extension 'ignore'
[1.492s] Level 1:colcon.colcon_core.package_identification:_identify(src/spot_ros/spot_control) by extension 'ignore_ament_install'
[1.492s] Level 1:colcon.colcon_core.package_identification:_identify(src/spot_ros/spot_control) by extensions ['colcon_pkg']
[1.492s] Level 1:colcon.colcon_core.package_identification:_identify(src/spot_ros/spot_control) by extension 'colcon_pkg'
[1.492s] Level 1:colcon.colcon_core.package_identification:_identify(src/spot_ros/spot_control) by extensions ['colcon_meta']
[1.492s] Level 1:colcon.colcon_core.package_identification:_identify(src/spot_ros/spot_control) by extension 'colcon_meta'
[1.492s] Level 1:colcon.colcon_core.package_identification:_identify(src/spot_ros/spot_control) by extensions ['ros']
[1.492s] Level 1:colcon.colcon_core.package_identification:_identify(src/spot_ros/spot_control) by extension 'ros'
[1.493s] DEBUG:colcon.colcon_core.package_identification:Package 'src/spot_ros/spot_control' with type 'ros.ament_cmake' and name 'spot_control'
[1.493s] Level 1:colcon.colcon_core.package_identification:_identify(src/spot_ros/spot_description) by extensions ['ignore', 'ignore_ament_install']
[1.493s] Level 1:colcon.colcon_core.package_identification:_identify(src/spot_ros/spot_description) by extension 'ignore'
[1.493s] Level 1:colcon.colcon_core.package_identification:_identify(src/spot_ros/spot_description) by extension 'ignore_ament_install'
[1.493s] Level 1:colcon.colcon_core.package_identification:_identify(src/spot_ros/spot_description) by extensions ['colcon_pkg']
[1.493s] Level 1:colcon.colcon_core.package_identification:_identify(src/spot_ros/spot_description) by extension 'colcon_pkg'
[1.493s] Level 1:colcon.colcon_core.package_identification:_identify(src/spot_ros/spot_description) by extensions ['colcon_meta']
[1.493s] Level 1:colcon.colcon_core.package_identification:_identify(src/spot_ros/spot_description) by extension 'colcon_meta'
[1.493s] Level 1:colcon.colcon_core.package_identification:_identify(src/spot_ros/spot_description) by extensions ['ros']
[1.493s] Level 1:colcon.colcon_core.package_identification:_identify(src/spot_ros/spot_description) by extension 'ros'
[1.493s] DEBUG:colcon.colcon_core.package_identification:Package 'src/spot_ros/spot_description' with type 'ros.ament_cmake' and name 'spot_description'
[1.493s] Level 1:colcon.colcon_core.package_identification:_identify(src/spot_ros/spot_driver) by extensions ['ignore', 'ignore_ament_install']
[1.493s] Level 1:colcon.colcon_core.package_identification:_identify(src/spot_ros/spot_driver) by extension 'ignore'
[1.493s] Level 1:colcon.colcon_core.package_identification:_identify(src/spot_ros/spot_driver) by extension 'ignore_ament_install'
[1.493s] Level 1:colcon.colcon_core.package_identification:_identify(src/spot_ros/spot_driver) by extensions ['colcon_pkg']
[1.493s] Level 1:colcon.colcon_core.package_identification:_identify(src/spot_ros/spot_driver) by extension 'colcon_pkg'
[1.493s] Level 1:colcon.colcon_core.package_identification:_identify(src/spot_ros/spot_driver) by extensions ['colcon_meta']
[1.493s] Level 1:colcon.colcon_core.package_identification:_identify(src/spot_ros/spot_driver) by extension 'colcon_meta'
[1.493s] Level 1:colcon.colcon_core.package_identification:_identify(src/spot_ros/spot_driver) by extensions ['ros']
[1.493s] Level 1:colcon.colcon_core.package_identification:_identify(src/spot_ros/spot_driver) by extension 'ros'
[1.494s] DEBUG:colcon.colcon_core.package_identification:Package 'src/spot_ros/spot_driver' with type 'ros.ament_python' and name 'spot_driver'
[1.494s] Level 1:colcon.colcon_core.package_identification:_identify(src/spot_ros/spot_gazebo) by extensions ['ignore', 'ignore_ament_install']
[1.494s] Level 1:colcon.colcon_core.package_identification:_identify(src/spot_ros/spot_gazebo) by extension 'ignore'
[1.494s] Level 1:colcon.colcon_core.package_identification:_identify(src/spot_ros/spot_gazebo) by extension 'ignore_ament_install'
[1.494s] Level 1:colcon.colcon_core.package_identification:_identify(src/spot_ros/spot_gazebo) by extensions ['colcon_pkg']
[1.494s] Level 1:colcon.colcon_core.package_identification:_identify(src/spot_ros/spot_gazebo) by extension 'colcon_pkg'
[1.494s] Level 1:colcon.colcon_core.package_identification:_identify(src/spot_ros/spot_gazebo) by extensions ['colcon_meta']
[1.494s] Level 1:colcon.colcon_core.package_identification:_identify(src/spot_ros/spot_gazebo) by extension 'colcon_meta'
[1.494s] Level 1:colcon.colcon_core.package_identification:_identify(src/spot_ros/spot_gazebo) by extensions ['ros']
[1.494s] Level 1:colcon.colcon_core.package_identification:_identify(src/spot_ros/spot_gazebo) by extension 'ros'
[1.495s] DEBUG:colcon.colcon_core.package_identification:Package 'src/spot_ros/spot_gazebo' with type 'ros.ament_cmake' and name 'spot_gazebo'
[1.495s] Level 1:colcon.colcon_core.package_identification:_identify(src/spot_ros/spot_msgs) by extensions ['ignore', 'ignore_ament_install']
[1.495s] Level 1:colcon.colcon_core.package_identification:_identify(src/spot_ros/spot_msgs) by extension 'ignore'
[1.495s] Level 1:colcon.colcon_core.package_identification:_identify(src/spot_ros/spot_msgs) by extension 'ignore_ament_install'
[1.495s] Level 1:colcon.colcon_core.package_identification:_identify(src/spot_ros/spot_msgs) by extensions ['colcon_pkg']
[1.495s] Level 1:colcon.colcon_core.package_identification:_identify(src/spot_ros/spot_msgs) by extension 'colcon_pkg'
[1.495s] Level 1:colcon.colcon_core.package_identification:_identify(src/spot_ros/spot_msgs) by extensions ['colcon_meta']
[1.495s] Level 1:colcon.colcon_core.package_identification:_identify(src/spot_ros/spot_msgs) by extension 'colcon_meta'
[1.495s] Level 1:colcon.colcon_core.package_identification:_identify(src/spot_ros/spot_msgs) by extensions ['ros']
[1.495s] Level 1:colcon.colcon_core.package_identification:_identify(src/spot_ros/spot_msgs) by extension 'ros'
[1.495s] DEBUG:colcon.colcon_core.package_identification:Package 'src/spot_ros/spot_msgs' with type 'ros.ament_cmake' and name 'spot_msgs'
[1.495s] Level 1:colcon.colcon_core.package_identification:_identify(src/spot_ros/spot_navigation) by extensions ['ignore', 'ignore_ament_install']
[1.495s] Level 1:colcon.colcon_core.package_identification:_identify(src/spot_ros/spot_navigation) by extension 'ignore'
[1.495s] Level 1:colcon.colcon_core.package_identification:_identify(src/spot_ros/spot_navigation) by extension 'ignore_ament_install'
[1.495s] Level 1:colcon.colcon_core.package_identification:_identify(src/spot_ros/spot_navigation) by extensions ['colcon_pkg']
[1.495s] Level 1:colcon.colcon_core.package_identification:_identify(src/spot_ros/spot_navigation) by extension 'colcon_pkg'
[1.496s] Level 1:colcon.colcon_core.package_identification:_identify(src/spot_ros/spot_navigation) by extensions ['colcon_meta']
[1.496s] Level 1:colcon.colcon_core.package_identification:_identify(src/spot_ros/spot_navigation) by extension 'colcon_meta'
[1.496s] Level 1:colcon.colcon_core.package_identification:_identify(src/spot_ros/spot_navigation) by extensions ['ros']
[1.496s] Level 1:colcon.colcon_core.package_identification:_identify(src/spot_ros/spot_navigation) by extension 'ros'
[1.496s] DEBUG:colcon.colcon_core.package_identification:Package 'src/spot_ros/spot_navigation' with type 'ros.ament_cmake' and name 'spot_navigation'
[1.496s] Level 1:colcon.colcon_core.package_identification:_identify(src/spot_ros/spot_ros) by extensions ['ignore', 'ignore_ament_install']
[1.496s] Level 1:colcon.colcon_core.package_identification:_identify(src/spot_ros/spot_ros) by extension 'ignore'
[1.496s] Level 1:colcon.colcon_core.package_identification:_identify(src/spot_ros/spot_ros) by extension 'ignore_ament_install'
[1.496s] Level 1:colcon.colcon_core.package_identification:_identify(src/spot_ros/spot_ros) by extensions ['colcon_pkg']
[1.496s] Level 1:colcon.colcon_core.package_identification:_identify(src/spot_ros/spot_ros) by extension 'colcon_pkg'
[1.496s] Level 1:colcon.colcon_core.package_identification:_identify(src/spot_ros/spot_ros) by extensions ['colcon_meta']
[1.496s] Level 1:colcon.colcon_core.package_identification:_identify(src/spot_ros/spot_ros) by extension 'colcon_meta'
[1.496s] Level 1:colcon.colcon_core.package_identification:_identify(src/spot_ros/spot_ros) by extensions ['ros']
[1.496s] Level 1:colcon.colcon_core.package_identification:_identify(src/spot_ros/spot_ros) by extension 'ros'
[1.496s] DEBUG:colcon.colcon_core.package_identification:Package 'src/spot_ros/spot_ros' with type 'ros.ament_cmake' and name 'spot_ros'
[1.496s] Level 1:colcon.colcon_core.package_identification:_identify(src/spot_ros/spot_viz) by extensions ['ignore', 'ignore_ament_install']
[1.496s] Level 1:colcon.colcon_core.package_identification:_identify(src/spot_ros/spot_viz) by extension 'ignore'
[1.496s] Level 1:colcon.colcon_core.package_identification:_identify(src/spot_ros/spot_viz) by extension 'ignore_ament_install'
[1.496s] Level 1:colcon.colcon_core.package_identification:_identify(src/spot_ros/spot_viz) by extensions ['colcon_pkg']
[1.496s] Level 1:colcon.colcon_core.package_identification:_identify(src/spot_ros/spot_viz) by extension 'colcon_pkg'
[1.496s] Level 1:colcon.colcon_core.package_identification:_identify(src/spot_ros/spot_viz) by extensions ['colcon_meta']
[1.496s] Level 1:colcon.colcon_core.package_identification:_identify(src/spot_ros/spot_viz) by extension 'colcon_meta'
[1.496s] Level 1:colcon.colcon_core.package_identification:_identify(src/spot_ros/spot_viz) by extensions ['ros']
[1.497s] Level 1:colcon.colcon_core.package_identification:_identify(src/spot_ros/spot_viz) by extension 'ros'
[1.497s] DEBUG:colcon.colcon_core.package_identification:Package 'src/spot_ros/spot_viz' with type 'ros.ament_cmake' and name 'spot_viz'
[1.497s] Level 1:colcon.colcon_core.package_discovery:discover_packages(recursive) using defaults
[1.497s] Level 1:colcon.colcon_core.package_discovery:discover_packages(ignore) discover
[1.497s] Level 1:colcon.colcon_core.package_discovery:discover_packages(ignore) using defaults
[1.497s] Level 1:colcon.colcon_core.package_discovery:discover_packages(path) discover
[1.497s] Level 1:colcon.colcon_core.package_discovery:discover_packages(path) using defaults
[1.628s] Level 1:colcon.colcon_core.package_discovery:discover_packages(prefix_path) check parameters
[1.628s] Level 1:colcon.colcon_core.package_discovery:discover_packages(prefix_path) discover
[1.659s] WARNING:colcon.colcon_ros.prefix_path.ament:The path '/home/caleb/ros2_ws/install/manipulator_path_optimization' in the environment variable AMENT_PREFIX_PATH doesn't exist
[1.659s] WARNING:colcon.colcon_ros.prefix_path.ament:The path '/home/caleb/ros2_ws/install/manipulator_controller' in the environment variable AMENT_PREFIX_PATH doesn't exist
[1.659s] WARNING:colcon.colcon_ros.prefix_path.catkin:The path '/home/caleb/ros2_ws/install/manipulator_path_optimization' in the environment variable CMAKE_PREFIX_PATH doesn't exist
[1.659s] WARNING:colcon.colcon_ros.prefix_path.catkin:The path '/home/caleb/ros2_ws/install/manipulator_controller' in the environment variable CMAKE_PREFIX_PATH doesn't exist
[1.684s] DEBUG:colcon.colcon_installed_package_information.package_discovery:Found 14 installed packages in /home/caleb/ros2_ws/install
[1.710s] DEBUG:colcon.colcon_installed_package_information.package_discovery:Found 359 installed packages in /opt/ros/galactic
[1.711s] Level 1:colcon.colcon_core.package_discovery:discover_packages(prefix_path) using defaults
[1.803s] Level 5:colcon.colcon_core.verb:set package 'optimization' build argument 'cmake_args' from command line to 'None'
[1.804s] Level 5:colcon.colcon_core.verb:set package 'optimization' build argument 'cmake_target' from command line to 'None'
[1.804s] Level 5:colcon.colcon_core.verb:set package 'optimization' build argument 'cmake_target_skip_unavailable' from command line to 'False'
[1.804s] Level 5:colcon.colcon_core.verb:set package 'optimization' build argument 'cmake_clean_cache' from command line to 'False'
[1.804s] Level 5:colcon.colcon_core.verb:set package 'optimization' build argument 'cmake_clean_first' from command line to 'False'
[1.804s] Level 5:colcon.colcon_core.verb:set package 'optimization' build argument 'cmake_force_configure' from command line to 'False'
[1.804s] Level 5:colcon.colcon_core.verb:set package 'optimization' build argument 'ament_cmake_args' from command line to 'None'
[1.804s] Level 5:colcon.colcon_core.verb:set package 'optimization' build argument 'catkin_cmake_args' from command line to 'None'
[1.804s] Level 5:colcon.colcon_core.verb:set package 'optimization' build argument 'catkin_skip_building_tests' from command line to 'False'
[1.804s] DEBUG:colcon.colcon_core.verb:Building package 'optimization' with the following arguments: {'ament_cmake_args': None, 'build_base': '/home/caleb/ros2_ws/build/optimization', 'catkin_cmake_args': None, 'catkin_skip_building_tests': False, 'cmake_args': None, 'cmake_clean_cache': False, 'cmake_clean_first': False, 'cmake_force_configure': False, 'cmake_target': None, 'cmake_target_skip_unavailable': False, 'install_base': '/home/caleb/ros2_ws/install/optimization', 'merge_install': False, 'path': '/home/caleb/ros2_ws/src/optimization', 'symlink_install': False, 'test_result_base': None}
[1.828s] Level 5:colcon.colcon_core.verb:set package 'spot_arm_moveit2_config' build argument 'cmake_args' from command line to 'None'
[1.828s] Level 5:colcon.colcon_core.verb:set package 'spot_arm_moveit2_config' build argument 'cmake_target' from command line to 'None'
[1.828s] Level 5:colcon.colcon_core.verb:set package 'spot_arm_moveit2_config' build argument 'cmake_target_skip_unavailable' from command line to 'False'
[1.828s] Level 5:colcon.colcon_core.verb:set package 'spot_arm_moveit2_config' build argument 'cmake_clean_cache' from command line to 'False'
[1.828s] Level 5:colcon.colcon_core.verb:set package 'spot_arm_moveit2_config' build argument 'cmake_clean_first' from command line to 'False'
[1.828s] Level 5:colcon.colcon_core.verb:set package 'spot_arm_moveit2_config' build argument 'cmake_force_configure' from command line to 'False'
[1.828s] Level 5:colcon.colcon_core.verb:set package 'spot_arm_moveit2_config' build argument 'ament_cmake_args' from command line to 'None'
[1.828s] Level 5:colcon.colcon_core.verb:set package 'spot_arm_moveit2_config' build argument 'catkin_cmake_args' from command line to 'None'
[1.828s] Level 5:colcon.colcon_core.verb:set package 'spot_arm_moveit2_config' build argument 'catkin_skip_building_tests' from command line to 'False'
[1.828s] DEBUG:colcon.colcon_core.verb:Building package 'spot_arm_moveit2_config' with the following arguments: {'ament_cmake_args': None, 'build_base': '/home/caleb/ros2_ws/build/spot_arm_moveit2_config', 'catkin_cmake_args': None, 'catkin_skip_building_tests': False, 'cmake_args': None, 'cmake_clean_cache': False, 'cmake_clean_first': False, 'cmake_force_configure': False, 'cmake_target': None, 'cmake_target_skip_unavailable': False, 'install_base': '/home/caleb/ros2_ws/install/spot_arm_moveit2_config', 'merge_install': False, 'path': '/home/caleb/ros2_ws/src/nrg_spot_manipulation_moveit/spot_arm_moveit2_config', 'symlink_install': False, 'test_result_base': None}
[1.858s] Level 5:colcon.colcon_core.verb:set package 'spot_control' build argument 'cmake_args' from command line to 'None'
[1.859s] Level 5:colcon.colcon_core.verb:set package 'spot_control' build argument 'cmake_target' from command line to 'None'
[1.859s] Level 5:colcon.colcon_core.verb:set package 'spot_control' build argument 'cmake_target_skip_unavailable' from command line to 'False'
[1.859s] Level 5:colcon.colcon_core.verb:set package 'spot_control' build argument 'cmake_clean_cache' from command line to 'False'
[1.859s] Level 5:colcon.colcon_core.verb:set package 'spot_control' build argument 'cmake_clean_first' from command line to 'False'
[1.859s] Level 5:colcon.colcon_core.verb:set package 'spot_control' build argument 'cmake_force_configure' from command line to 'False'
[1.859s] Level 5:colcon.colcon_core.verb:set package 'spot_control' build argument 'ament_cmake_args' from command line to 'None'
[1.859s] Level 5:colcon.colcon_core.verb:set package 'spot_control' build argument 'catkin_cmake_args' from command line to 'None'
[1.859s] Level 5:colcon.colcon_core.verb:set package 'spot_control' build argument 'catkin_skip_building_tests' from command line to 'False'
[1.859s] DEBUG:colcon.colcon_core.verb:Building package 'spot_control' with the following arguments: {'ament_cmake_args': None, 'build_base': '/home/caleb/ros2_ws/build/spot_control', 'catkin_cmake_args': None, 'catkin_skip_building_tests': False, 'cmake_args': None, 'cmake_clean_cache': False, 'cmake_clean_first': False, 'cmake_force_configure': False, 'cmake_target': None, 'cmake_target_skip_unavailable': False, 'install_base': '/home/caleb/ros2_ws/install/spot_control', 'merge_install': False, 'path': '/home/caleb/ros2_ws/src/spot_ros/spot_control', 'symlink_install': False, 'test_result_base': None}
[1.883s] Level 5:colcon.colcon_core.verb:set package 'spot_description' build argument 'cmake_args' from command line to 'None'
[1.883s] Level 5:colcon.colcon_core.verb:set package 'spot_description' build argument 'cmake_target' from command line to 'None'
[1.883s] Level 5:colcon.colcon_core.verb:set package 'spot_description' build argument 'cmake_target_skip_unavailable' from command line to 'False'
[1.883s] Level 5:colcon.colcon_core.verb:set package 'spot_description' build argument 'cmake_clean_cache' from command line to 'False'
[1.883s] Level 5:colcon.colcon_core.verb:set package 'spot_description' build argument 'cmake_clean_first' from command line to 'False'
[1.883s] Level 5:colcon.colcon_core.verb:set package 'spot_description' build argument 'cmake_force_configure' from command line to 'False'
[1.883s] Level 5:colcon.colcon_core.verb:set package 'spot_description' build argument 'ament_cmake_args' from command line to 'None'
[1.883s] Level 5:colcon.colcon_core.verb:set package 'spot_description' build argument 'catkin_cmake_args' from command line to 'None'
[1.883s] Level 5:colcon.colcon_core.verb:set package 'spot_description' build argument 'catkin_skip_building_tests' from command line to 'False'
[1.883s] DEBUG:colcon.colcon_core.verb:Building package 'spot_description' with the following arguments: {'ament_cmake_args': None, 'build_base': '/home/caleb/ros2_ws/build/spot_description', 'catkin_cmake_args': None, 'catkin_skip_building_tests': False, 'cmake_args': None, 'cmake_clean_cache': False, 'cmake_clean_first': False, 'cmake_force_configure': False, 'cmake_target': None, 'cmake_target_skip_unavailable': False, 'install_base': '/home/caleb/ros2_ws/install/spot_description', 'merge_install': False, 'path': '/home/caleb/ros2_ws/src/spot_ros/spot_description', 'symlink_install': False, 'test_result_base': None}
[1.907s] Level 5:colcon.colcon_core.verb:set package 'spot_manipulation_driver' build argument 'cmake_args' from command line to 'None'
[1.907s] Level 5:colcon.colcon_core.verb:set package 'spot_manipulation_driver' build argument 'cmake_target' from command line to 'None'
[1.907s] Level 5:colcon.colcon_core.verb:set package 'spot_manipulation_driver' build argument 'cmake_target_skip_unavailable' from command line to 'False'
[1.907s] Level 5:colcon.colcon_core.verb:set package 'spot_manipulation_driver' build argument 'cmake_clean_cache' from command line to 'False'
[1.907s] Level 5:colcon.colcon_core.verb:set package 'spot_manipulation_driver' build argument 'cmake_clean_first' from command line to 'False'
[1.907s] Level 5:colcon.colcon_core.verb:set package 'spot_manipulation_driver' build argument 'cmake_force_configure' from command line to 'False'
[1.907s] Level 5:colcon.colcon_core.verb:set package 'spot_manipulation_driver' build argument 'ament_cmake_args' from command line to 'None'
[1.907s] Level 5:colcon.colcon_core.verb:set package 'spot_manipulation_driver' build argument 'catkin_cmake_args' from command line to 'None'
[1.907s] Level 5:colcon.colcon_core.verb:set package 'spot_manipulation_driver' build argument 'catkin_skip_building_tests' from command line to 'False'
[1.907s] DEBUG:colcon.colcon_core.verb:Building package 'spot_manipulation_driver' with the following arguments: {'ament_cmake_args': None, 'build_base': '/home/caleb/ros2_ws/build/spot_manipulation_driver', 'catkin_cmake_args': None, 'catkin_skip_building_tests': False, 'cmake_args': None, 'cmake_clean_cache': False, 'cmake_clean_first': False, 'cmake_force_configure': False, 'cmake_target': None, 'cmake_target_skip_unavailable': False, 'install_base': '/home/caleb/ros2_ws/install/spot_manipulation_driver', 'merge_install': False, 'path': '/home/caleb/ros2_ws/src/nrg_spot_manipulation/spot_manipulation_driver', 'symlink_install': False, 'test_result_base': None}
[1.931s] Level 5:colcon.colcon_core.verb:set package 'spot_msgs' build argument 'cmake_args' from command line to 'None'
[1.931s] Level 5:colcon.colcon_core.verb:set package 'spot_msgs' build argument 'cmake_target' from command line to 'None'
[1.931s] Level 5:colcon.colcon_core.verb:set package 'spot_msgs' build argument 'cmake_target_skip_unavailable' from command line to 'False'
[1.931s] Level 5:colcon.colcon_core.verb:set package 'spot_msgs' build argument 'cmake_clean_cache' from command line to 'False'
[1.931s] Level 5:colcon.colcon_core.verb:set package 'spot_msgs' build argument 'cmake_clean_first' from command line to 'False'
[1.931s] Level 5:colcon.colcon_core.verb:set package 'spot_msgs' build argument 'cmake_force_configure' from command line to 'False'
[1.931s] Level 5:colcon.colcon_core.verb:set package 'spot_msgs' build argument 'ament_cmake_args' from command line to 'None'
[1.931s] Level 5:colcon.colcon_core.verb:set package 'spot_msgs' build argument 'catkin_cmake_args' from command line to 'None'
[1.931s] Level 5:colcon.colcon_core.verb:set package 'spot_msgs' build argument 'catkin_skip_building_tests' from command line to 'False'
[1.931s] DEBUG:colcon.colcon_core.verb:Building package 'spot_msgs' with the following arguments: {'ament_cmake_args': None, 'build_base': '/home/caleb/ros2_ws/build/spot_msgs', 'catkin_cmake_args': None, 'catkin_skip_building_tests': False, 'cmake_args': None, 'cmake_clean_cache': False, 'cmake_clean_first': False, 'cmake_force_configure': False, 'cmake_target': None, 'cmake_target_skip_unavailable': False, 'install_base': '/home/caleb/ros2_ws/install/spot_msgs', 'merge_install': False, 'path': '/home/caleb/ros2_ws/src/spot_ros/spot_msgs', 'symlink_install': False, 'test_result_base': None}
[1.955s] Level 5:colcon.colcon_core.verb:set package 'spot_navigation' build argument 'cmake_args' from command line to 'None'
[1.955s] Level 5:colcon.colcon_core.verb:set package 'spot_navigation' build argument 'cmake_target' from command line to 'None'
[1.955s] Level 5:colcon.colcon_core.verb:set package 'spot_navigation' build argument 'cmake_target_skip_unavailable' from command line to 'False'
[1.955s] Level 5:colcon.colcon_core.verb:set package 'spot_navigation' build argument 'cmake_clean_cache' from command line to 'False'
[1.955s] Level 5:colcon.colcon_core.verb:set package 'spot_navigation' build argument 'cmake_clean_first' from command line to 'False'
[1.955s] Level 5:colcon.colcon_core.verb:set package 'spot_navigation' build argument 'cmake_force_configure' from command line to 'False'
[1.955s] Level 5:colcon.colcon_core.verb:set package 'spot_navigation' build argument 'ament_cmake_args' from command line to 'None'
[1.955s] Level 5:colcon.colcon_core.verb:set package 'spot_navigation' build argument 'catkin_cmake_args' from command line to 'None'
[1.955s] Level 5:colcon.colcon_core.verb:set package 'spot_navigation' build argument 'catkin_skip_building_tests' from command line to 'False'
[1.955s] DEBUG:colcon.colcon_core.verb:Building package 'spot_navigation' with the following arguments: {'ament_cmake_args': None, 'build_base': '/home/caleb/ros2_ws/build/spot_navigation', 'catkin_cmake_args': None, 'catkin_skip_building_tests': False, 'cmake_args': None, 'cmake_clean_cache': False, 'cmake_clean_first': False, 'cmake_force_configure': False, 'cmake_target': None, 'cmake_target_skip_unavailable': False, 'install_base': '/home/caleb/ros2_ws/install/spot_navigation', 'merge_install': False, 'path': '/home/caleb/ros2_ws/src/spot_ros/spot_navigation', 'symlink_install': False, 'test_result_base': None}
[1.979s] Level 5:colcon.colcon_core.verb:set package 'spot_driver' build argument 'cmake_args' from command line to 'None'
[1.979s] Level 5:colcon.colcon_core.verb:set package 'spot_driver' build argument 'cmake_target' from command line to 'None'
[1.979s] Level 5:colcon.colcon_core.verb:set package 'spot_driver' build argument 'cmake_target_skip_unavailable' from command line to 'False'
[1.979s] Level 5:colcon.colcon_core.verb:set package 'spot_driver' build argument 'cmake_clean_cache' from command line to 'False'
[1.979s] Level 5:colcon.colcon_core.verb:set package 'spot_driver' build argument 'cmake_clean_first' from command line to 'False'
[1.979s] Level 5:colcon.colcon_core.verb:set package 'spot_driver' build argument 'cmake_force_configure' from command line to 'False'
[1.979s] Level 5:colcon.colcon_core.verb:set package 'spot_driver' build argument 'ament_cmake_args' from command line to 'None'
[1.979s] Level 5:colcon.colcon_core.verb:set package 'spot_driver' build argument 'catkin_cmake_args' from command line to 'None'
[1.979s] Level 5:colcon.colcon_core.verb:set package 'spot_driver' build argument 'catkin_skip_building_tests' from command line to 'False'
[1.979s] DEBUG:colcon.colcon_core.verb:Building package 'spot_driver' with the following arguments: {'ament_cmake_args': None, 'build_base': '/home/caleb/ros2_ws/build/spot_driver', 'catkin_cmake_args': None, 'catkin_skip_building_tests': False, 'cmake_args': None, 'cmake_clean_cache': False, 'cmake_clean_first': False, 'cmake_force_configure': False, 'cmake_target': None, 'cmake_target_skip_unavailable': False, 'install_base': '/home/caleb/ros2_ws/install/spot_driver', 'merge_install': False, 'path': '/home/caleb/ros2_ws/src/spot_ros/spot_driver', 'symlink_install': False, 'test_result_base': None}
[2.003s] Level 5:colcon.colcon_core.verb:set package 'spot_gazebo' build argument 'cmake_args' from command line to 'None'
[2.003s] Level 5:colcon.colcon_core.verb:set package 'spot_gazebo' build argument 'cmake_target' from command line to 'None'
[2.003s] Level 5:colcon.colcon_core.verb:set package 'spot_gazebo' build argument 'cmake_target_skip_unavailable' from command line to 'False'
[2.003s] Level 5:colcon.colcon_core.verb:set package 'spot_gazebo' build argument 'cmake_clean_cache' from command line to 'False'
[2.003s] Level 5:colcon.colcon_core.verb:set package 'spot_gazebo' build argument 'cmake_clean_first' from command line to 'False'
[2.003s] Level 5:colcon.colcon_core.verb:set package 'spot_gazebo' build argument 'cmake_force_configure' from command line to 'False'
[2.003s] Level 5:colcon.colcon_core.verb:set package 'spot_gazebo' build argument 'ament_cmake_args' from command line to 'None'
[2.003s] Level 5:colcon.colcon_core.verb:set package 'spot_gazebo' build argument 'catkin_cmake_args' from command line to 'None'
[2.003s] Level 5:colcon.colcon_core.verb:set package 'spot_gazebo' build argument 'catkin_skip_building_tests' from command line to 'False'
[2.003s] DEBUG:colcon.colcon_core.verb:Building package 'spot_gazebo' with the following arguments: {'ament_cmake_args': None, 'build_base': '/home/caleb/ros2_ws/build/spot_gazebo', 'catkin_cmake_args': None, 'catkin_skip_building_tests': False, 'cmake_args': None, 'cmake_clean_cache': False, 'cmake_clean_first': False, 'cmake_force_configure': False, 'cmake_target': None, 'cmake_target_skip_unavailable': False, 'install_base': '/home/caleb/ros2_ws/install/spot_gazebo', 'merge_install': False, 'path': '/home/caleb/ros2_ws/src/spot_ros/spot_gazebo', 'symlink_install': False, 'test_result_base': None}
[2.029s] Level 5:colcon.colcon_core.verb:set package 'spot_viz' build argument 'cmake_args' from command line to 'None'
[2.029s] Level 5:colcon.colcon_core.verb:set package 'spot_viz' build argument 'cmake_target' from command line to 'None'
[2.029s] Level 5:colcon.colcon_core.verb:set package 'spot_viz' build argument 'cmake_target_skip_unavailable' from command line to 'False'
[2.029s] Level 5:colcon.colcon_core.verb:set package 'spot_viz' build argument 'cmake_clean_cache' from command line to 'False'
[2.029s] Level 5:colcon.colcon_core.verb:set package 'spot_viz' build argument 'cmake_clean_first' from command line to 'False'
[2.029s] Level 5:colcon.colcon_core.verb:set package 'spot_viz' build argument 'cmake_force_configure' from command line to 'False'
[2.029s] Level 5:colcon.colcon_core.verb:set package 'spot_viz' build argument 'ament_cmake_args' from command line to 'None'
[2.029s] Level 5:colcon.colcon_core.verb:set package 'spot_viz' build argument 'catkin_cmake_args' from command line to 'None'
[2.029s] Level 5:colcon.colcon_core.verb:set package 'spot_viz' build argument 'catkin_skip_building_tests' from command line to 'False'
[2.029s] DEBUG:colcon.colcon_core.verb:Building package 'spot_viz' with the following arguments: {'ament_cmake_args': None, 'build_base': '/home/caleb/ros2_ws/build/spot_viz', 'catkin_cmake_args': None, 'catkin_skip_building_tests': False, 'cmake_args': None, 'cmake_clean_cache': False, 'cmake_clean_first': False, 'cmake_force_configure': False, 'cmake_target': None, 'cmake_target_skip_unavailable': False, 'install_base': '/home/caleb/ros2_ws/install/spot_viz', 'merge_install': False, 'path': '/home/caleb/ros2_ws/src/spot_ros/spot_viz', 'symlink_install': False, 'test_result_base': None}
[2.054s] Level 5:colcon.colcon_core.verb:set package 'spot_bringup' build argument 'cmake_args' from command line to 'None'
[2.054s] Level 5:colcon.colcon_core.verb:set package 'spot_bringup' build argument 'cmake_target' from command line to 'None'
[2.054s] Level 5:colcon.colcon_core.verb:set package 'spot_bringup' build argument 'cmake_target_skip_unavailable' from command line to 'False'
[2.054s] Level 5:colcon.colcon_core.verb:set package 'spot_bringup' build argument 'cmake_clean_cache' from command line to 'False'
[2.054s] Level 5:colcon.colcon_core.verb:set package 'spot_bringup' build argument 'cmake_clean_first' from command line to 'False'
[2.054s] Level 5:colcon.colcon_core.verb:set package 'spot_bringup' build argument 'cmake_force_configure' from command line to 'False'
[2.054s] Level 5:colcon.colcon_core.verb:set package 'spot_bringup' build argument 'ament_cmake_args' from command line to 'None'
[2.054s] Level 5:colcon.colcon_core.verb:set package 'spot_bringup' build argument 'catkin_cmake_args' from command line to 'None'
[2.054s] Level 5:colcon.colcon_core.verb:set package 'spot_bringup' build argument 'catkin_skip_building_tests' from command line to 'False'
[2.054s] DEBUG:colcon.colcon_core.verb:Building package 'spot_bringup' with the following arguments: {'ament_cmake_args': None, 'build_base': '/home/caleb/ros2_ws/build/spot_bringup', 'catkin_cmake_args': None, 'catkin_skip_building_tests': False, 'cmake_args': None, 'cmake_clean_cache': False, 'cmake_clean_first': False, 'cmake_force_configure': False, 'cmake_target': None, 'cmake_target_skip_unavailable': False, 'install_base': '/home/caleb/ros2_ws/install/spot_bringup', 'merge_install': False, 'path': '/home/caleb/ros2_ws/src/spot_ros/spot_bringup', 'symlink_install': False, 'test_result_base': None}
[2.079s] Level 5:colcon.colcon_core.verb:set package 'spot_ros' build argument 'cmake_args' from command line to 'None'
[2.079s] Level 5:colcon.colcon_core.verb:set package 'spot_ros' build argument 'cmake_target' from command line to 'None'
[2.079s] Level 5:colcon.colcon_core.verb:set package 'spot_ros' build argument 'cmake_target_skip_unavailable' from command line to 'False'
[2.079s] Level 5:colcon.colcon_core.verb:set package 'spot_ros' build argument 'cmake_clean_cache' from command line to 'False'
[2.079s] Level 5:colcon.colcon_core.verb:set package 'spot_ros' build argument 'cmake_clean_first' from command line to 'False'
[2.079s] Level 5:colcon.colcon_core.verb:set package 'spot_ros' build argument 'cmake_force_configure' from command line to 'False'
[2.079s] Level 5:colcon.colcon_core.verb:set package 'spot_ros' build argument 'ament_cmake_args' from command line to 'None'
[2.079s] Level 5:colcon.colcon_core.verb:set package 'spot_ros' build argument 'catkin_cmake_args' from command line to 'None'
[2.079s] Level 5:colcon.colcon_core.verb:set package 'spot_ros' build argument 'catkin_skip_building_tests' from command line to 'False'
[2.079s] DEBUG:colcon.colcon_core.verb:Building package 'spot_ros' with the following arguments: {'ament_cmake_args': None, 'build_base': '/home/caleb/ros2_ws/build/spot_ros', 'catkin_cmake_args': None, 'catkin_skip_building_tests': False, 'cmake_args': None, 'cmake_clean_cache': False, 'cmake_clean_first': False, 'cmake_force_configure': False, 'cmake_target': None, 'cmake_target_skip_unavailable': False, 'install_base': '/home/caleb/ros2_ws/install/spot_ros', 'merge_install': False, 'path': '/home/caleb/ros2_ws/src/spot_ros/spot_ros', 'symlink_install': False, 'test_result_base': None}
[2.104s] INFO:colcon.colcon_core.executor:Executing jobs using 'parallel' executor
[2.130s] DEBUG:colcon.colcon_parallel_executor.executor.parallel:run_until_complete
[2.130s] INFO:colcon.colcon_ros.task.ament_cmake.build:Building ROS package in '/home/caleb/ros2_ws/src/spot_ros/spot_description' with build type 'ament_cmake'
[2.130s] INFO:colcon.colcon_cmake.task.cmake.build:Building CMake package in '/home/caleb/ros2_ws/src/spot_ros/spot_description'
[2.157s] INFO:colcon.colcon_core.plugin_system:Skipping extension 'colcon_core.shell.bat': Not used on non-Windows systems
[2.157s] INFO:colcon.colcon_core.shell:Skip shell extension 'powershell' for command environment: Not usable outside of PowerShell
[2.157s] DEBUG:colcon.colcon_core.shell:Skip shell extension 'dsv' for command environment
[2.236s] INFO:colcon.colcon_ros.task.ament_cmake.build:Building ROS package in '/home/caleb/ros2_ws/src/spot_ros/spot_msgs' with build type 'ament_cmake'
[2.236s] INFO:colcon.colcon_cmake.task.cmake.build:Building CMake package in '/home/caleb/ros2_ws/src/spot_ros/spot_msgs'
[2.262s] INFO:colcon.colcon_core.shell:Skip shell extension 'powershell' for command environment: Not usable outside of PowerShell
[2.262s] DEBUG:colcon.colcon_core.shell:Skip shell extension 'dsv' for command environment
[2.341s] INFO:colcon.colcon_ros.task.ament_cmake.build:Building ROS package in '/home/caleb/ros2_ws/src/spot_ros/spot_navigation' with build type 'ament_cmake'
[2.341s] INFO:colcon.colcon_cmake.task.cmake.build:Building CMake package in '/home/caleb/ros2_ws/src/spot_ros/spot_navigation'
[2.367s] INFO:colcon.colcon_core.shell:Skip shell extension 'powershell' for command environment: Not usable outside of PowerShell
[2.367s] DEBUG:colcon.colcon_core.shell:Skip shell extension 'dsv' for command environment
[2.452s] INFO:colcon.colcon_ros.task.ament_cmake.build:Building ROS package in '/home/caleb/ros2_ws/src/spot_ros/spot_control' with build type 'ament_cmake'
[2.453s] INFO:colcon.colcon_cmake.task.cmake.build:Building CMake package in '/home/caleb/ros2_ws/src/spot_ros/spot_control'
[2.479s] INFO:colcon.colcon_core.shell:Skip shell extension 'powershell' for command environment: Not usable outside of PowerShell
[2.479s] DEBUG:colcon.colcon_core.shell:Skip shell extension 'dsv' for command environment
[2.557s] INFO:colcon.colcon_ros.task.ament_cmake.build:Building ROS package in '/home/caleb/ros2_ws/src/optimization' with build type 'ament_cmake'
[2.557s] INFO:colcon.colcon_cmake.task.cmake.build:Building CMake package in '/home/caleb/ros2_ws/src/optimization'
[2.583s] INFO:colcon.colcon_core.shell:Skip shell extension 'powershell' for command environment: Not usable outside of PowerShell
[2.583s] DEBUG:colcon.colcon_core.shell:Skip shell extension 'dsv' for command environment
[2.662s] INFO:colcon.colcon_ros.task.ament_cmake.build:Building ROS package in '/home/caleb/ros2_ws/src/nrg_spot_manipulation_moveit/spot_arm_moveit2_config' with build type 'ament_cmake'
[2.662s] INFO:colcon.colcon_cmake.task.cmake.build:Building CMake package in '/home/caleb/ros2_ws/src/nrg_spot_manipulation_moveit/spot_arm_moveit2_config'
[2.688s] INFO:colcon.colcon_core.shell:Skip shell extension 'powershell' for command environment: Not usable outside of PowerShell
[2.688s] DEBUG:colcon.colcon_core.shell:Skip shell extension 'dsv' for command environment
[2.768s] INFO:colcon.colcon_ros.task.ament_python.build:Building ROS package in '/home/caleb/ros2_ws/src/nrg_spot_manipulation/spot_manipulation_driver' with build type 'ament_python'
[2.768s] Level 1:colcon.colcon_core.shell:create_environment_hook('spot_manipulation_driver', 'ament_prefix_path')
[2.794s] INFO:colcon.colcon_core.shell:Creating environment hook '/home/caleb/ros2_ws/install/spot_manipulation_driver/share/spot_manipulation_driver/hook/ament_prefix_path.ps1'
[2.794s] INFO:colcon.colcon_core.shell:Creating environment descriptor '/home/caleb/ros2_ws/install/spot_manipulation_driver/share/spot_manipulation_driver/hook/ament_prefix_path.dsv'
[2.794s] INFO:colcon.colcon_core.shell:Creating environment hook '/home/caleb/ros2_ws/install/spot_manipulation_driver/share/spot_manipulation_driver/hook/ament_prefix_path.sh'
[2.820s] INFO:colcon.colcon_core.shell:Skip shell extension 'powershell' for command environment: Not usable outside of PowerShell
[2.820s] DEBUG:colcon.colcon_core.shell:Skip shell extension 'dsv' for command environment
[2.909s] DEBUG:colcon.colcon_core.event_handler.log_command:Invoking command in '/home/caleb/ros2_ws/build/spot_description': CMAKE_PREFIX_PATH=${CMAKE_PREFIX_PATH}:/home/caleb/ros2_ws/install/spot_driver:/home/caleb/ros2_ws/install/spot_manipulation_driver:/opt/ros/galactic /usr/local/bin/cmake --build /home/caleb/ros2_ws/build/spot_description -- -j20 -l20
[2.911s] DEBUG:colcon.colcon_core.event_handler.log_command:Invoking command in '/home/caleb/ros2_ws/build/spot_msgs': CMAKE_PREFIX_PATH=${CMAKE_PREFIX_PATH}:/home/caleb/ros2_ws/install/spot_driver:/home/caleb/ros2_ws/install/spot_manipulation_driver:/opt/ros/galactic /usr/local/bin/cmake --build /home/caleb/ros2_ws/build/spot_msgs -- -j20 -l20
[2.914s] DEBUG:colcon.colcon_core.event_handler.log_command:Invoking command in '/home/caleb/ros2_ws/build/spot_navigation': CMAKE_PREFIX_PATH=${CMAKE_PREFIX_PATH}:/home/caleb/ros2_ws/install/spot_driver:/home/caleb/ros2_ws/install/spot_manipulation_driver:/opt/ros/galactic /usr/local/bin/cmake --build /home/caleb/ros2_ws/build/spot_navigation -- -j20 -l20
[2.916s] DEBUG:colcon.colcon_core.event_handler.log_command:Invoking command in '/home/caleb/ros2_ws/build/spot_control': CMAKE_PREFIX_PATH=${CMAKE_PREFIX_PATH}:/home/caleb/ros2_ws/install/spot_driver:/home/caleb/ros2_ws/install/spot_manipulation_driver:/opt/ros/galactic /usr/local/bin/cmake --build /home/caleb/ros2_ws/build/spot_control -- -j20 -l20
[2.920s] DEBUG:colcon.colcon_core.event_handler.log_command:Invoking command in '/home/caleb/ros2_ws/build/optimization': CMAKE_PREFIX_PATH=${CMAKE_PREFIX_PATH}:/home/caleb/ros2_ws/install/spot_driver:/home/caleb/ros2_ws/install/spot_manipulation_driver:/opt/ros/galactic /usr/local/bin/cmake --build /home/caleb/ros2_ws/build/optimization -- -j20 -l20
[2.924s] DEBUG:colcon.colcon_core.event_handler.log_command:Invoking command in '/home/caleb/ros2_ws/build/spot_arm_moveit2_config': CMAKE_PREFIX_PATH=${CMAKE_PREFIX_PATH}:/home/caleb/ros2_ws/install/spot_driver:/home/caleb/ros2_ws/install/spot_manipulation_driver:/opt/ros/galactic /usr/local/bin/cmake --build /home/caleb/ros2_ws/build/spot_arm_moveit2_config -- -j20 -l20
[3.065s] INFO:colcon.colcon_core.task.python.build:Building Python package in '/home/caleb/ros2_ws/src/nrg_spot_manipulation/spot_manipulation_driver'
[3.117s] INFO:colcon.colcon_core.shell:Skip shell extension 'powershell' for command environment: Not usable outside of PowerShell
[3.117s] DEBUG:colcon.colcon_core.shell:Skip shell extension 'dsv' for command environment
[3.275s] DEBUG:colcon.colcon_core.event_handler.log_command:Invoked command in '/home/caleb/ros2_ws/build/spot_description' returned '0': CMAKE_PREFIX_PATH=${CMAKE_PREFIX_PATH}:/home/caleb/ros2_ws/install/spot_driver:/home/caleb/ros2_ws/install/spot_manipulation_driver:/opt/ros/galactic /usr/local/bin/cmake --build /home/caleb/ros2_ws/build/spot_description -- -j20 -l20
[3.277s] DEBUG:colcon.colcon_core.event_handler.log_command:Invoked command in '/home/caleb/ros2_ws/build/spot_navigation' returned '0': CMAKE_PREFIX_PATH=${CMAKE_PREFIX_PATH}:/home/caleb/ros2_ws/install/spot_driver:/home/caleb/ros2_ws/install/spot_manipulation_driver:/opt/ros/galactic /usr/local/bin/cmake --build /home/caleb/ros2_ws/build/spot_navigation -- -j20 -l20
[3.278s] DEBUG:colcon.colcon_core.event_handler.log_command:Invoked command in '/home/caleb/ros2_ws/build/spot_control' returned '0': CMAKE_PREFIX_PATH=${CMAKE_PREFIX_PATH}:/home/caleb/ros2_ws/install/spot_driver:/home/caleb/ros2_ws/install/spot_manipulation_driver:/opt/ros/galactic /usr/local/bin/cmake --build /home/caleb/ros2_ws/build/spot_control -- -j20 -l20
[3.281s] DEBUG:colcon.colcon_core.event_handler.log_command:Invoked command in '/home/caleb/ros2_ws/build/optimization' returned '0': CMAKE_PREFIX_PATH=${CMAKE_PREFIX_PATH}:/home/caleb/ros2_ws/install/spot_driver:/home/caleb/ros2_ws/install/spot_manipulation_driver:/opt/ros/galactic /usr/local/bin/cmake --build /home/caleb/ros2_ws/build/optimization -- -j20 -l20
[3.284s] DEBUG:colcon.colcon_core.event_handler.log_command:Invoked command in '/home/caleb/ros2_ws/build/spot_arm_moveit2_config' returned '0': CMAKE_PREFIX_PATH=${CMAKE_PREFIX_PATH}:/home/caleb/ros2_ws/install/spot_driver:/home/caleb/ros2_ws/install/spot_manipulation_driver:/opt/ros/galactic /usr/local/bin/cmake --build /home/caleb/ros2_ws/build/spot_arm_moveit2_config -- -j20 -l20
[3.285s] DEBUG:colcon.colcon_core.event_handler.log_command:Invoked command in '/home/caleb/ros2_ws/build/spot_msgs' returned '0': CMAKE_PREFIX_PATH=${CMAKE_PREFIX_PATH}:/home/caleb/ros2_ws/install/spot_driver:/home/caleb/ros2_ws/install/spot_manipulation_driver:/opt/ros/galactic /usr/local/bin/cmake --build /home/caleb/ros2_ws/build/spot_msgs -- -j20 -l20
[3.294s] DEBUG:colcon.colcon_core.event_handler.log_command:Invoking command in '/home/caleb/ros2_ws/build/spot_description': CMAKE_PREFIX_PATH=${CMAKE_PREFIX_PATH}:/home/caleb/ros2_ws/install/spot_driver:/home/caleb/ros2_ws/install/spot_manipulation_driver:/opt/ros/galactic /usr/local/bin/cmake --install /home/caleb/ros2_ws/build/spot_description
[3.297s] DEBUG:colcon.colcon_core.event_handler.log_command:Invoking command in '/home/caleb/ros2_ws/build/spot_navigation': CMAKE_PREFIX_PATH=${CMAKE_PREFIX_PATH}:/home/caleb/ros2_ws/install/spot_driver:/home/caleb/ros2_ws/install/spot_manipulation_driver:/opt/ros/galactic /usr/local/bin/cmake --install /home/caleb/ros2_ws/build/spot_navigation
[3.299s] DEBUG:colcon.colcon_core.event_handler.log_command:Invoking command in '/home/caleb/ros2_ws/build/spot_control': CMAKE_PREFIX_PATH=${CMAKE_PREFIX_PATH}:/home/caleb/ros2_ws/install/spot_driver:/home/caleb/ros2_ws/install/spot_manipulation_driver:/opt/ros/galactic /usr/local/bin/cmake --install /home/caleb/ros2_ws/build/spot_control
[3.305s] Level 1:colcon.colcon_core.environment:create_environment_scripts_only(spot_description)
[3.344s] DEBUG:colcon.colcon_core.event_handler.log_command:Invoking command in '/home/caleb/ros2_ws/build/spot_arm_moveit2_config': CMAKE_PREFIX_PATH=${CMAKE_PREFIX_PATH}:/home/caleb/ros2_ws/install/spot_driver:/home/caleb/ros2_ws/install/spot_manipulation_driver:/opt/ros/galactic /usr/local/bin/cmake --install /home/caleb/ros2_ws/build/spot_arm_moveit2_config
[3.345s] DEBUG:colcon.colcon_core.event_handler.log_command:Invoking command in '/home/caleb/ros2_ws/build/optimization': CMAKE_PREFIX_PATH=${CMAKE_PREFIX_PATH}:/home/caleb/ros2_ws/install/spot_driver:/home/caleb/ros2_ws/install/spot_manipulation_driver:/opt/ros/galactic /usr/local/bin/cmake --install /home/caleb/ros2_ws/build/optimization
[3.345s] DEBUG:colcon.colcon_core.event_handler.log_command:Invoked command in '/home/caleb/ros2_ws/build/spot_description' returned '0': CMAKE_PREFIX_PATH=${CMAKE_PREFIX_PATH}:/home/caleb/ros2_ws/install/spot_driver:/home/caleb/ros2_ws/install/spot_manipulation_driver:/opt/ros/galactic /usr/local/bin/cmake --install /home/caleb/ros2_ws/build/spot_description
[3.370s] Level 1:colcon.colcon_core.environment:checking '/home/caleb/ros2_ws/install/spot_description' for CMake module files
[3.371s] Level 1:colcon.colcon_core.environment:checking '/home/caleb/ros2_ws/install/spot_description' for CMake config files
[3.371s] Level 1:colcon.colcon_core.shell:create_environment_hook('spot_description', 'cmake_prefix_path')
[3.420s] INFO:colcon.colcon_core.shell:Creating environment hook '/home/caleb/ros2_ws/install/spot_description/share/spot_description/hook/cmake_prefix_path.ps1'
[3.421s] INFO:colcon.colcon_core.shell:Creating environment descriptor '/home/caleb/ros2_ws/install/spot_description/share/spot_description/hook/cmake_prefix_path.dsv'
[3.421s] INFO:colcon.colcon_core.shell:Creating environment hook '/home/caleb/ros2_ws/install/spot_description/share/spot_description/hook/cmake_prefix_path.sh'
[3.422s] Level 1:colcon.colcon_core.environment:checking '/home/caleb/ros2_ws/install/spot_description/bin'
[3.422s] Level 1:colcon.colcon_core.environment:checking '/home/caleb/ros2_ws/install/spot_description/lib/pkgconfig/spot_description.pc'
[3.422s] Level 1:colcon.colcon_core.environment:checking '/home/caleb/ros2_ws/install/spot_description/lib/python3.8/site-packages'
[3.422s] Level 1:colcon.colcon_core.environment:checking '/home/caleb/ros2_ws/install/spot_description/bin'
[3.471s] INFO:colcon.colcon_core.shell:Creating package script '/home/caleb/ros2_ws/install/spot_description/share/spot_description/package.ps1'
[3.472s] INFO:colcon.colcon_core.shell:Creating package descriptor '/home/caleb/ros2_ws/install/spot_description/share/spot_description/package.dsv'
[3.472s] INFO:colcon.colcon_core.shell:Creating package script '/home/caleb/ros2_ws/install/spot_description/share/spot_description/package.sh'
[3.473s] INFO:colcon.colcon_core.shell:Creating package script '/home/caleb/ros2_ws/install/spot_description/share/spot_description/package.bash'
[3.474s] INFO:colcon.colcon_core.shell:Creating package script '/home/caleb/ros2_ws/install/spot_description/share/spot_description/package.zsh'
[3.474s] Level 1:colcon.colcon_core.environment:create_file_with_runtime_dependencies(/home/caleb/ros2_ws/install/spot_description/share/colcon-core/packages/spot_description)
[3.477s] Level 1:colcon.colcon_core.environment:create_environment_scripts_only(spot_navigation)
[3.478s] DEBUG:colcon.colcon_core.event_handler.log_command:Invoked command in '/home/caleb/ros2_ws/build/spot_navigation' returned '0': CMAKE_PREFIX_PATH=${CMAKE_PREFIX_PATH}:/home/caleb/ros2_ws/install/spot_driver:/home/caleb/ros2_ws/install/spot_manipulation_driver:/opt/ros/galactic /usr/local/bin/cmake --install /home/caleb/ros2_ws/build/spot_navigation
[3.580s] Level 1:colcon.colcon_core.environment:checking '/home/caleb/ros2_ws/install/spot_navigation' for CMake module files
[3.581s] Level 1:colcon.colcon_core.environment:checking '/home/caleb/ros2_ws/install/spot_navigation' for CMake config files
[3.581s] Level 1:colcon.colcon_core.shell:create_environment_hook('spot_navigation', 'cmake_prefix_path')
[3.660s] INFO:colcon.colcon_core.shell:Creating environment hook '/home/caleb/ros2_ws/install/spot_navigation/share/spot_navigation/hook/cmake_prefix_path.ps1'
[3.661s] INFO:colcon.colcon_core.shell:Creating environment descriptor '/home/caleb/ros2_ws/install/spot_navigation/share/spot_navigation/hook/cmake_prefix_path.dsv'
[3.661s] INFO:colcon.colcon_core.shell:Creating environment hook '/home/caleb/ros2_ws/install/spot_navigation/share/spot_navigation/hook/cmake_prefix_path.sh'
[3.662s] Level 1:colcon.colcon_core.environment:checking '/home/caleb/ros2_ws/install/spot_navigation/bin'
[3.662s] Level 1:colcon.colcon_core.environment:checking '/home/caleb/ros2_ws/install/spot_navigation/lib/pkgconfig/spot_navigation.pc'
[3.662s] Level 1:colcon.colcon_core.environment:checking '/home/caleb/ros2_ws/install/spot_navigation/lib/python3.8/site-packages'
[3.662s] Level 1:colcon.colcon_core.environment:checking '/home/caleb/ros2_ws/install/spot_navigation/bin'
[3.728s] INFO:colcon.colcon_core.shell:Creating package script '/home/caleb/ros2_ws/install/spot_navigation/share/spot_navigation/package.ps1'
[3.728s] INFO:colcon.colcon_core.shell:Creating package descriptor '/home/caleb/ros2_ws/install/spot_navigation/share/spot_navigation/package.dsv'
[3.729s] INFO:colcon.colcon_core.shell:Creating package script '/home/caleb/ros2_ws/install/spot_navigation/share/spot_navigation/package.sh'
[3.729s] INFO:colcon.colcon_core.shell:Creating package script '/home/caleb/ros2_ws/install/spot_navigation/share/spot_navigation/package.bash'
[3.730s] INFO:colcon.colcon_core.shell:Creating package script '/home/caleb/ros2_ws/install/spot_navigation/share/spot_navigation/package.zsh'
[3.730s] Level 1:colcon.colcon_core.environment:create_file_with_runtime_dependencies(/home/caleb/ros2_ws/install/spot_navigation/share/colcon-core/packages/spot_navigation)
[3.732s] Level 1:colcon.colcon_core.environment:create_environment_scripts_only(spot_control)
[3.797s] Level 1:colcon.colcon_core.environment:checking '/home/caleb/ros2_ws/install/spot_control' for CMake module files
[3.798s] Level 1:colcon.colcon_core.environment:checking '/home/caleb/ros2_ws/install/spot_control' for CMake config files
[3.799s] Level 1:colcon.colcon_core.shell:create_environment_hook('spot_control', 'cmake_prefix_path')
[3.862s] INFO:colcon.colcon_core.shell:Creating environment hook '/home/caleb/ros2_ws/install/spot_control/share/spot_control/hook/cmake_prefix_path.ps1'
[3.863s] INFO:colcon.colcon_core.shell:Creating environment descriptor '/home/caleb/ros2_ws/install/spot_control/share/spot_control/hook/cmake_prefix_path.dsv'
[3.863s] INFO:colcon.colcon_core.shell:Creating environment hook '/home/caleb/ros2_ws/install/spot_control/share/spot_control/hook/cmake_prefix_path.sh'
[3.864s] Level 1:colcon.colcon_core.environment:checking '/home/caleb/ros2_ws/install/spot_control/bin'
[3.864s] Level 1:colcon.colcon_core.environment:checking '/home/caleb/ros2_ws/install/spot_control/lib/pkgconfig/spot_control.pc'
[3.864s] Level 1:colcon.colcon_core.environment:checking '/home/caleb/ros2_ws/install/spot_control/lib/python3.8/site-packages'
[3.864s] Level 1:colcon.colcon_core.environment:checking '/home/caleb/ros2_ws/install/spot_control/bin'
[3.935s] INFO:colcon.colcon_core.shell:Creating package script '/home/caleb/ros2_ws/install/spot_control/share/spot_control/package.ps1'
[3.936s] INFO:colcon.colcon_core.shell:Creating package descriptor '/home/caleb/ros2_ws/install/spot_control/share/spot_control/package.dsv'
[3.937s] INFO:colcon.colcon_core.shell:Creating package script '/home/caleb/ros2_ws/install/spot_control/share/spot_control/package.sh'
[3.937s] INFO:colcon.colcon_core.shell:Creating package script '/home/caleb/ros2_ws/install/spot_control/share/spot_control/package.bash'
[3.938s] INFO:colcon.colcon_core.shell:Creating package script '/home/caleb/ros2_ws/install/spot_control/share/spot_control/package.zsh'
[3.938s] Level 1:colcon.colcon_core.environment:create_file_with_runtime_dependencies(/home/caleb/ros2_ws/install/spot_control/share/colcon-core/packages/spot_control)
[3.942s] Level 1:colcon.colcon_core.environment:create_environment_scripts_only(spot_arm_moveit2_config)
[4.016s] Level 1:colcon.colcon_core.environment:checking '/home/caleb/ros2_ws/install/spot_arm_moveit2_config' for CMake module files
[4.017s] Level 1:colcon.colcon_core.environment:checking '/home/caleb/ros2_ws/install/spot_arm_moveit2_config' for CMake config files
[4.018s] Level 1:colcon.colcon_core.shell:create_environment_hook('spot_arm_moveit2_config', 'cmake_prefix_path')
[4.091s] INFO:colcon.colcon_core.shell:Creating environment hook '/home/caleb/ros2_ws/install/spot_arm_moveit2_config/share/spot_arm_moveit2_config/hook/cmake_prefix_path.ps1'
[4.091s] INFO:colcon.colcon_core.shell:Creating environment descriptor '/home/caleb/ros2_ws/install/spot_arm_moveit2_config/share/spot_arm_moveit2_config/hook/cmake_prefix_path.dsv'
[4.092s] INFO:colcon.colcon_core.shell:Creating environment hook '/home/caleb/ros2_ws/install/spot_arm_moveit2_config/share/spot_arm_moveit2_config/hook/cmake_prefix_path.sh'
[4.092s] Level 1:colcon.colcon_core.environment:checking '/home/caleb/ros2_ws/install/spot_arm_moveit2_config/bin'
[4.093s] Level 1:colcon.colcon_core.environment:checking '/home/caleb/ros2_ws/install/spot_arm_moveit2_config/lib/pkgconfig/spot_arm_moveit2_config.pc'
[4.093s] Level 1:colcon.colcon_core.environment:checking '/home/caleb/ros2_ws/install/spot_arm_moveit2_config/lib/python3.8/site-packages'
[4.093s] Level 1:colcon.colcon_core.environment:checking '/home/caleb/ros2_ws/install/spot_arm_moveit2_config/bin'
[4.166s] INFO:colcon.colcon_core.shell:Creating package script '/home/caleb/ros2_ws/install/spot_arm_moveit2_config/share/spot_arm_moveit2_config/package.ps1'
[4.167s] INFO:colcon.colcon_core.shell:Creating package descriptor '/home/caleb/ros2_ws/install/spot_arm_moveit2_config/share/spot_arm_moveit2_config/package.dsv'
[4.167s] INFO:colcon.colcon_core.shell:Creating package script '/home/caleb/ros2_ws/install/spot_arm_moveit2_config/share/spot_arm_moveit2_config/package.sh'
[4.168s] INFO:colcon.colcon_core.shell:Creating package script '/home/caleb/ros2_ws/install/spot_arm_moveit2_config/share/spot_arm_moveit2_config/package.bash'
[4.168s] INFO:colcon.colcon_core.shell:Creating package script '/home/caleb/ros2_ws/install/spot_arm_moveit2_config/share/spot_arm_moveit2_config/package.zsh'
[4.169s] Level 1:colcon.colcon_core.environment:create_file_with_runtime_dependencies(/home/caleb/ros2_ws/install/spot_arm_moveit2_config/share/colcon-core/packages/spot_arm_moveit2_config)
[4.249s] Level 1:colcon.colcon_core.environment:create_environment_scripts_only(spot_description)
[4.321s] Level 1:colcon.colcon_core.environment:checking '/home/caleb/ros2_ws/install/spot_description' for CMake module files
[4.322s] Level 1:colcon.colcon_core.environment:checking '/home/caleb/ros2_ws/install/spot_description' for CMake config files
[4.323s] Level 1:colcon.colcon_core.shell:create_environment_hook('spot_description', 'cmake_prefix_path')
[4.387s] INFO:colcon.colcon_core.shell:Creating environment hook '/home/caleb/ros2_ws/install/spot_description/share/spot_description/hook/cmake_prefix_path.ps1'
[4.387s] INFO:colcon.colcon_core.shell:Creating environment descriptor '/home/caleb/ros2_ws/install/spot_description/share/spot_description/hook/cmake_prefix_path.dsv'
[4.388s] INFO:colcon.colcon_core.shell:Creating environment hook '/home/caleb/ros2_ws/install/spot_description/share/spot_description/hook/cmake_prefix_path.sh'
[4.388s] Level 1:colcon.colcon_core.environment:checking '/home/caleb/ros2_ws/install/spot_description/bin'
[4.388s] Level 1:colcon.colcon_core.environment:checking '/home/caleb/ros2_ws/install/spot_description/lib/pkgconfig/spot_description.pc'
[4.389s] Level 1:colcon.colcon_core.environment:checking '/home/caleb/ros2_ws/install/spot_description/lib/python3.8/site-packages'
[4.389s] Level 1:colcon.colcon_core.environment:checking '/home/caleb/ros2_ws/install/spot_description/bin'
[4.452s] INFO:colcon.colcon_core.shell:Creating package script '/home/caleb/ros2_ws/install/spot_description/share/spot_description/package.ps1'
[4.453s] INFO:colcon.colcon_core.shell:Creating package descriptor '/home/caleb/ros2_ws/install/spot_description/share/spot_description/package.dsv'
[4.453s] INFO:colcon.colcon_core.shell:Creating package script '/home/caleb/ros2_ws/install/spot_description/share/spot_description/package.sh'
[4.454s] INFO:colcon.colcon_core.shell:Creating package script '/home/caleb/ros2_ws/install/spot_description/share/spot_description/package.bash'
[4.454s] INFO:colcon.colcon_core.shell:Creating package script '/home/caleb/ros2_ws/install/spot_description/share/spot_description/package.zsh'
[4.455s] Level 1:colcon.colcon_core.environment:create_file_with_runtime_dependencies(/home/caleb/ros2_ws/install/spot_description/share/colcon-core/packages/spot_description)
[4.458s] DEBUG:colcon.colcon_core.event_handler.log_command:Invoked command in '/home/caleb/ros2_ws/build/spot_control' returned '0': CMAKE_PREFIX_PATH=${CMAKE_PREFIX_PATH}:/home/caleb/ros2_ws/install/spot_driver:/home/caleb/ros2_ws/install/spot_manipulation_driver:/opt/ros/galactic /usr/local/bin/cmake --install /home/caleb/ros2_ws/build/spot_control
[4.458s] DEBUG:colcon.colcon_core.event_handler.log_command:Invoked command in '/home/caleb/ros2_ws/build/spot_arm_moveit2_config' returned '0': CMAKE_PREFIX_PATH=${CMAKE_PREFIX_PATH}:/home/caleb/ros2_ws/install/spot_driver:/home/caleb/ros2_ws/install/spot_manipulation_driver:/opt/ros/galactic /usr/local/bin/cmake --install /home/caleb/ros2_ws/build/spot_arm_moveit2_config
[4.458s] DEBUG:colcon.colcon_core.event_handler.log_command:Invoked command in '/home/caleb/ros2_ws/build/optimization' returned '1': CMAKE_PREFIX_PATH=${CMAKE_PREFIX_PATH}:/home/caleb/ros2_ws/install/spot_driver:/home/caleb/ros2_ws/install/spot_manipulation_driver:/opt/ros/galactic /usr/local/bin/cmake --install /home/caleb/ros2_ws/build/optimization
[4.459s] DEBUG:colcon.colcon_core.event_handler.log_command:Invoking command in '/home/caleb/ros2_ws/build/spot_msgs': CMAKE_PREFIX_PATH=${CMAKE_PREFIX_PATH}:/home/caleb/ros2_ws/install/spot_driver:/home/caleb/ros2_ws/install/spot_manipulation_driver:/opt/ros/galactic /usr/local/bin/cmake --install /home/caleb/ros2_ws/build/spot_msgs
[4.461s] DEBUG:colcon.colcon_core.event_handler.log_command:Invoking command in '/home/caleb/ros2_ws/src/nrg_spot_manipulation/spot_manipulation_driver': PYTHONPATH=/home/caleb/ros2_ws/build/spot_manipulation_driver/prefix_override:/home/caleb/ros2_ws/install/spot_manipulation_driver/lib/python3.8/site-packages:${PYTHONPATH} /usr/bin/python3 setup.py egg_info --egg-base ../../../build/spot_manipulation_driver build --build-base /home/caleb/ros2_ws/build/spot_manipulation_driver/build install --record /home/caleb/ros2_ws/build/spot_manipulation_driver/install.log --single-version-externally-managed
[4.512s] Level 1:colcon.colcon_core.environment:create_environment_scripts_only(spot_navigation)
[4.562s] Level 1:colcon.colcon_core.environment:checking '/home/caleb/ros2_ws/install/spot_navigation' for CMake module files
[4.562s] Level 1:colcon.colcon_core.environment:checking '/home/caleb/ros2_ws/install/spot_navigation' for CMake config files
[4.563s] Level 1:colcon.colcon_core.shell:create_environment_hook('spot_navigation', 'cmake_prefix_path')
[4.612s] INFO:colcon.colcon_core.shell:Creating environment hook '/home/caleb/ros2_ws/install/spot_navigation/share/spot_navigation/hook/cmake_prefix_path.ps1'
[4.612s] INFO:colcon.colcon_core.shell:Creating environment descriptor '/home/caleb/ros2_ws/install/spot_navigation/share/spot_navigation/hook/cmake_prefix_path.dsv'
[4.612s] INFO:colcon.colcon_core.shell:Creating environment hook '/home/caleb/ros2_ws/install/spot_navigation/share/spot_navigation/hook/cmake_prefix_path.sh'
[4.613s] Level 1:colcon.colcon_core.environment:checking '/home/caleb/ros2_ws/install/spot_navigation/bin'
[4.613s] Level 1:colcon.colcon_core.environment:checking '/home/caleb/ros2_ws/install/spot_navigation/lib/pkgconfig/spot_navigation.pc'
[4.613s] Level 1:colcon.colcon_core.environment:checking '/home/caleb/ros2_ws/install/spot_navigation/lib/python3.8/site-packages'
[4.613s] Level 1:colcon.colcon_core.environment:checking '/home/caleb/ros2_ws/install/spot_navigation/bin'
[4.663s] INFO:colcon.colcon_core.shell:Creating package script '/home/caleb/ros2_ws/install/spot_navigation/share/spot_navigation/package.ps1'
[4.664s] INFO:colcon.colcon_core.shell:Creating package descriptor '/home/caleb/ros2_ws/install/spot_navigation/share/spot_navigation/package.dsv'
[4.664s] INFO:colcon.colcon_core.shell:Creating package script '/home/caleb/ros2_ws/install/spot_navigation/share/spot_navigation/package.sh'
[4.664s] INFO:colcon.colcon_core.shell:Creating package script '/home/caleb/ros2_ws/install/spot_navigation/share/spot_navigation/package.bash'
[4.665s] INFO:colcon.colcon_core.shell:Creating package script '/home/caleb/ros2_ws/install/spot_navigation/share/spot_navigation/package.zsh'
[4.665s] Level 1:colcon.colcon_core.environment:create_file_with_runtime_dependencies(/home/caleb/ros2_ws/install/spot_navigation/share/colcon-core/packages/spot_navigation)
[4.665s] INFO:colcon.colcon_ros.task.ament_cmake.build:Building ROS package in '/home/caleb/ros2_ws/src/spot_ros/spot_viz' with build type 'ament_cmake'
[4.666s] INFO:colcon.colcon_cmake.task.cmake.build:Building CMake package in '/home/caleb/ros2_ws/src/spot_ros/spot_viz'
[4.716s] INFO:colcon.colcon_core.shell:Skip shell extension 'powershell' for command environment: Not usable outside of PowerShell
[4.716s] DEBUG:colcon.colcon_core.shell:Skip shell extension 'dsv' for command environment
[4.870s] INFO:colcon.colcon_ros.task.ament_cmake.build:Building ROS package in '/home/caleb/ros2_ws/src/spot_ros/spot_gazebo' with build type 'ament_cmake'
[4.871s] INFO:colcon.colcon_cmake.task.cmake.build:Building CMake package in '/home/caleb/ros2_ws/src/spot_ros/spot_gazebo'
[4.922s] INFO:colcon.colcon_core.shell:Skip shell extension 'powershell' for command environment: Not usable outside of PowerShell
[4.922s] DEBUG:colcon.colcon_core.shell:Skip shell extension 'dsv' for command environment
[5.157s] Level 1:colcon.colcon_core.environment:create_environment_scripts_only(spot_control)
[5.226s] Level 1:colcon.colcon_core.environment:checking '/home/caleb/ros2_ws/install/spot_control' for CMake module files
[5.227s] Level 1:colcon.colcon_core.environment:checking '/home/caleb/ros2_ws/install/spot_control' for CMake config files
[5.227s] Level 1:colcon.colcon_core.shell:create_environment_hook('spot_control', 'cmake_prefix_path')
[5.281s] INFO:colcon.colcon_core.shell:Creating environment hook '/home/caleb/ros2_ws/install/spot_control/share/spot_control/hook/cmake_prefix_path.ps1'
[5.282s] INFO:colcon.colcon_core.shell:Creating environment descriptor '/home/caleb/ros2_ws/install/spot_control/share/spot_control/hook/cmake_prefix_path.dsv'
[5.282s] INFO:colcon.colcon_core.shell:Creating environment hook '/home/caleb/ros2_ws/install/spot_control/share/spot_control/hook/cmake_prefix_path.sh'
[5.282s] Level 1:colcon.colcon_core.environment:checking '/home/caleb/ros2_ws/install/spot_control/bin'
[5.283s] Level 1:colcon.colcon_core.environment:checking '/home/caleb/ros2_ws/install/spot_control/lib/pkgconfig/spot_control.pc'
[5.283s] Level 1:colcon.colcon_core.environment:checking '/home/caleb/ros2_ws/install/spot_control/lib/python3.8/site-packages'
[5.283s] Level 1:colcon.colcon_core.environment:checking '/home/caleb/ros2_ws/install/spot_control/bin'
[5.332s] INFO:colcon.colcon_core.shell:Creating package script '/home/caleb/ros2_ws/install/spot_control/share/spot_control/package.ps1'
[5.333s] INFO:colcon.colcon_core.shell:Creating package descriptor '/home/caleb/ros2_ws/install/spot_control/share/spot_control/package.dsv'
[5.333s] INFO:colcon.colcon_core.shell:Creating package script '/home/caleb/ros2_ws/install/spot_control/share/spot_control/package.sh'
[5.333s] INFO:colcon.colcon_core.shell:Creating package script '/home/caleb/ros2_ws/install/spot_control/share/spot_control/package.bash'
[5.334s] INFO:colcon.colcon_core.shell:Creating package script '/home/caleb/ros2_ws/install/spot_control/share/spot_control/package.zsh'
[5.334s] Level 1:colcon.colcon_core.environment:create_file_with_runtime_dependencies(/home/caleb/ros2_ws/install/spot_control/share/colcon-core/packages/spot_control)
[5.386s] Level 1:colcon.colcon_core.environment:create_environment_scripts_only(spot_arm_moveit2_config)
[5.436s] Level 1:colcon.colcon_core.environment:checking '/home/caleb/ros2_ws/install/spot_arm_moveit2_config' for CMake module files
[5.436s] Level 1:colcon.colcon_core.environment:checking '/home/caleb/ros2_ws/install/spot_arm_moveit2_config' for CMake config files
[5.436s] Level 1:colcon.colcon_core.shell:create_environment_hook('spot_arm_moveit2_config', 'cmake_prefix_path')
[5.485s] INFO:colcon.colcon_core.shell:Creating environment hook '/home/caleb/ros2_ws/install/spot_arm_moveit2_config/share/spot_arm_moveit2_config/hook/cmake_prefix_path.ps1'
[5.486s] INFO:colcon.colcon_core.shell:Creating environment descriptor '/home/caleb/ros2_ws/install/spot_arm_moveit2_config/share/spot_arm_moveit2_config/hook/cmake_prefix_path.dsv'
[5.486s] INFO:colcon.colcon_core.shell:Creating environment hook '/home/caleb/ros2_ws/install/spot_arm_moveit2_config/share/spot_arm_moveit2_config/hook/cmake_prefix_path.sh'
[5.487s] Level 1:colcon.colcon_core.environment:checking '/home/caleb/ros2_ws/install/spot_arm_moveit2_config/bin'
[5.487s] Level 1:colcon.colcon_core.environment:checking '/home/caleb/ros2_ws/install/spot_arm_moveit2_config/lib/pkgconfig/spot_arm_moveit2_config.pc'
[5.487s] Level 1:colcon.colcon_core.environment:checking '/home/caleb/ros2_ws/install/spot_arm_moveit2_config/lib/python3.8/site-packages'
[5.487s] Level 1:colcon.colcon_core.environment:checking '/home/caleb/ros2_ws/install/spot_arm_moveit2_config/bin'
[5.536s] INFO:colcon.colcon_core.shell:Creating package script '/home/caleb/ros2_ws/install/spot_arm_moveit2_config/share/spot_arm_moveit2_config/package.ps1'
[5.537s] INFO:colcon.colcon_core.shell:Creating package descriptor '/home/caleb/ros2_ws/install/spot_arm_moveit2_config/share/spot_arm_moveit2_config/package.dsv'
[5.537s] INFO:colcon.colcon_core.shell:Creating package script '/home/caleb/ros2_ws/install/spot_arm_moveit2_config/share/spot_arm_moveit2_config/package.sh'
[5.537s] INFO:colcon.colcon_core.shell:Creating package script '/home/caleb/ros2_ws/install/spot_arm_moveit2_config/share/spot_arm_moveit2_config/package.bash'
[5.538s] INFO:colcon.colcon_core.shell:Creating package script '/home/caleb/ros2_ws/install/spot_arm_moveit2_config/share/spot_arm_moveit2_config/package.zsh'
[5.538s] Level 1:colcon.colcon_core.environment:create_file_with_runtime_dependencies(/home/caleb/ros2_ws/install/spot_arm_moveit2_config/share/colcon-core/packages/spot_arm_moveit2_config)
[5.589s] Level 1:colcon.colcon_core.environment:create_environment_scripts_only(optimization)
[5.639s] Level 1:colcon.colcon_core.environment:checking '/home/caleb/ros2_ws/install/optimization' for CMake module files
[5.640s] Level 1:colcon.colcon_core.environment:checking '/home/caleb/ros2_ws/install/optimization' for CMake config files
[5.640s] Level 1:colcon.colcon_core.shell:create_environment_hook('optimization', 'cmake_prefix_path')
[5.689s] INFO:colcon.colcon_core.shell:Creating environment hook '/home/caleb/ros2_ws/install/optimization/share/optimization/hook/cmake_prefix_path.ps1'
[5.690s] INFO:colcon.colcon_core.shell:Creating environment descriptor '/home/caleb/ros2_ws/install/optimization/share/optimization/hook/cmake_prefix_path.dsv'
[5.690s] INFO:colcon.colcon_core.shell:Creating environment hook '/home/caleb/ros2_ws/install/optimization/share/optimization/hook/cmake_prefix_path.sh'
[5.691s] Level 1:colcon.colcon_core.environment:checking '/home/caleb/ros2_ws/install/optimization/lib'
[5.691s] Level 1:colcon.colcon_core.environment:checking '/home/caleb/ros2_ws/install/optimization/bin'
[5.691s] Level 1:colcon.colcon_core.environment:checking '/home/caleb/ros2_ws/install/optimization/lib/pkgconfig/optimization.pc'
[5.691s] Level 1:colcon.colcon_core.environment:checking '/home/caleb/ros2_ws/install/optimization/lib/python3.8/site-packages'
[5.691s] Level 1:colcon.colcon_core.environment:checking '/home/caleb/ros2_ws/install/optimization/bin'
[5.741s] INFO:colcon.colcon_core.shell:Creating package script '/home/caleb/ros2_ws/install/optimization/share/optimization/package.ps1'
[5.741s] INFO:colcon.colcon_core.shell:Creating package descriptor '/home/caleb/ros2_ws/install/optimization/share/optimization/package.dsv'
[5.742s] INFO:colcon.colcon_core.shell:Creating package script '/home/caleb/ros2_ws/install/optimization/share/optimization/package.sh'
[5.742s] INFO:colcon.colcon_core.shell:Creating package script '/home/caleb/ros2_ws/install/optimization/share/optimization/package.bash'
[5.743s] INFO:colcon.colcon_core.shell:Creating package script '/home/caleb/ros2_ws/install/optimization/share/optimization/package.zsh'
[5.743s] Level 1:colcon.colcon_core.environment:create_file_with_runtime_dependencies(/home/caleb/ros2_ws/install/optimization/share/colcon-core/packages/optimization)
[5.744s] DEBUG:colcon.colcon_core.event_handler.log_command:Invoked command in '/home/caleb/ros2_ws/src/nrg_spot_manipulation/spot_manipulation_driver' returned '0': PYTHONPATH=/home/caleb/ros2_ws/build/spot_manipulation_driver/prefix_override:/home/caleb/ros2_ws/install/spot_manipulation_driver/lib/python3.8/site-packages:${PYTHONPATH} /usr/bin/python3 setup.py egg_info --egg-base ../../../build/spot_manipulation_driver build --build-base /home/caleb/ros2_ws/build/spot_manipulation_driver/build install --record /home/caleb/ros2_ws/build/spot_manipulation_driver/install.log --single-version-externally-managed
[5.794s] Level 1:colcon.colcon_core.environment:checking '/home/caleb/ros2_ws/install/spot_manipulation_driver' for CMake module files
[5.794s] Level 1:colcon.colcon_core.environment:checking '/home/caleb/ros2_ws/install/spot_manipulation_driver' for CMake config files
[5.795s] Level 1:colcon.colcon_core.environment:checking '/home/caleb/ros2_ws/install/spot_manipulation_driver/lib'
[5.795s] Level 1:colcon.colcon_core.environment:checking '/home/caleb/ros2_ws/install/spot_manipulation_driver/bin'
[5.795s] Level 1:colcon.colcon_core.environment:checking '/home/caleb/ros2_ws/install/spot_manipulation_driver/lib/pkgconfig/spot_manipulation_driver.pc'
[5.795s] Level 1:colcon.colcon_core.environment:checking '/home/caleb/ros2_ws/install/spot_manipulation_driver/lib/python3.8/site-packages'
[5.795s] Level 1:colcon.colcon_core.shell:create_environment_hook('spot_manipulation_driver', 'pythonpath')
[5.845s] INFO:colcon.colcon_core.shell:Creating environment hook '/home/caleb/ros2_ws/install/spot_manipulation_driver/share/spot_manipulation_driver/hook/pythonpath.ps1'
[5.845s] INFO:colcon.colcon_core.shell:Creating environment descriptor '/home/caleb/ros2_ws/install/spot_manipulation_driver/share/spot_manipulation_driver/hook/pythonpath.dsv'
[5.846s] INFO:colcon.colcon_core.shell:Creating environment hook '/home/caleb/ros2_ws/install/spot_manipulation_driver/share/spot_manipulation_driver/hook/pythonpath.sh'
[5.846s] Level 1:colcon.colcon_core.environment:checking '/home/caleb/ros2_ws/install/spot_manipulation_driver/bin'
[5.846s] Level 1:colcon.colcon_core.environment:create_environment_scripts_only(spot_manipulation_driver)
[5.895s] INFO:colcon.colcon_core.shell:Creating package script '/home/caleb/ros2_ws/install/spot_manipulation_driver/share/spot_manipulation_driver/package.ps1'
[5.896s] INFO:colcon.colcon_core.shell:Creating package descriptor '/home/caleb/ros2_ws/install/spot_manipulation_driver/share/spot_manipulation_driver/package.dsv'
[5.896s] INFO:colcon.colcon_core.shell:Creating package script '/home/caleb/ros2_ws/install/spot_manipulation_driver/share/spot_manipulation_driver/package.sh'
[5.897s] INFO:colcon.colcon_core.shell:Creating package script '/home/caleb/ros2_ws/install/spot_manipulation_driver/share/spot_manipulation_driver/package.bash'
[5.897s] INFO:colcon.colcon_core.shell:Creating package script '/home/caleb/ros2_ws/install/spot_manipulation_driver/share/spot_manipulation_driver/package.zsh'
[5.897s] Level 1:colcon.colcon_core.environment:create_file_with_runtime_dependencies(/home/caleb/ros2_ws/install/spot_manipulation_driver/share/colcon-core/packages/spot_manipulation_driver)
[5.898s] Level 1:colcon.colcon_core.environment:create_environment_scripts_only(spot_msgs)
[5.898s] DEBUG:colcon.colcon_core.event_handler.log_command:Invoked command in '/home/caleb/ros2_ws/build/spot_msgs' returned '0': CMAKE_PREFIX_PATH=${CMAKE_PREFIX_PATH}:/home/caleb/ros2_ws/install/spot_driver:/home/caleb/ros2_ws/install/spot_manipulation_driver:/opt/ros/galactic /usr/local/bin/cmake --install /home/caleb/ros2_ws/build/spot_msgs
[5.948s] Level 1:colcon.colcon_core.environment:checking '/home/caleb/ros2_ws/install/spot_msgs' for CMake module files
[5.949s] Level 1:colcon.colcon_core.environment:checking '/home/caleb/ros2_ws/install/spot_msgs' for CMake config files
[5.950s] Level 1:colcon.colcon_core.shell:create_environment_hook('spot_msgs', 'cmake_prefix_path')
[5.999s] INFO:colcon.colcon_core.shell:Creating environment hook '/home/caleb/ros2_ws/install/spot_msgs/share/spot_msgs/hook/cmake_prefix_path.ps1'
[6.000s] INFO:colcon.colcon_core.shell:Creating environment descriptor '/home/caleb/ros2_ws/install/spot_msgs/share/spot_msgs/hook/cmake_prefix_path.dsv'
[6.000s] INFO:colcon.colcon_core.shell:Creating environment hook '/home/caleb/ros2_ws/install/spot_msgs/share/spot_msgs/hook/cmake_prefix_path.sh'
[6.001s] Level 1:colcon.colcon_core.environment:checking '/home/caleb/ros2_ws/install/spot_msgs/lib'
[6.001s] Level 1:colcon.colcon_core.shell:create_environment_hook('spot_msgs', 'ld_library_path_lib')
[6.061s] INFO:colcon.colcon_core.shell:Creating environment hook '/home/caleb/ros2_ws/install/spot_msgs/share/spot_msgs/hook/ld_library_path_lib.ps1'
[6.061s] INFO:colcon.colcon_core.shell:Creating environment descriptor '/home/caleb/ros2_ws/install/spot_msgs/share/spot_msgs/hook/ld_library_path_lib.dsv'
[6.062s] INFO:colcon.colcon_core.shell:Creating environment hook '/home/caleb/ros2_ws/install/spot_msgs/share/spot_msgs/hook/ld_library_path_lib.sh'
[6.062s] Level 1:colcon.colcon_core.environment:checking '/home/caleb/ros2_ws/install/spot_msgs/bin'
[6.062s] Level 1:colcon.colcon_core.environment:checking '/home/caleb/ros2_ws/install/spot_msgs/lib/pkgconfig/spot_msgs.pc'
[6.062s] Level 1:colcon.colcon_core.environment:checking '/home/caleb/ros2_ws/install/spot_msgs/lib/python3.8/site-packages'
[6.062s] Level 1:colcon.colcon_core.shell:create_environment_hook('spot_msgs', 'pythonpath')
[6.115s] INFO:colcon.colcon_core.shell:Creating environment hook '/home/caleb/ros2_ws/install/spot_msgs/share/spot_msgs/hook/pythonpath.ps1'
[6.116s] INFO:colcon.colcon_core.shell:Creating environment descriptor '/home/caleb/ros2_ws/install/spot_msgs/share/spot_msgs/hook/pythonpath.dsv'
[6.116s] INFO:colcon.colcon_core.shell:Creating environment hook '/home/caleb/ros2_ws/install/spot_msgs/share/spot_msgs/hook/pythonpath.sh'
[6.116s] Level 1:colcon.colcon_core.environment:checking '/home/caleb/ros2_ws/install/spot_msgs/bin'
[6.167s] INFO:colcon.colcon_core.shell:Creating package script '/home/caleb/ros2_ws/install/spot_msgs/share/spot_msgs/package.ps1'
[6.167s] INFO:colcon.colcon_core.shell:Creating package descriptor '/home/caleb/ros2_ws/install/spot_msgs/share/spot_msgs/package.dsv'
[6.168s] INFO:colcon.colcon_core.shell:Creating package script '/home/caleb/ros2_ws/install/spot_msgs/share/spot_msgs/package.sh'
[6.168s] INFO:colcon.colcon_core.shell:Creating package script '/home/caleb/ros2_ws/install/spot_msgs/share/spot_msgs/package.bash'
[6.168s] INFO:colcon.colcon_core.shell:Creating package script '/home/caleb/ros2_ws/install/spot_msgs/share/spot_msgs/package.zsh'
[6.169s] Level 1:colcon.colcon_core.environment:create_file_with_runtime_dependencies(/home/caleb/ros2_ws/install/spot_msgs/share/colcon-core/packages/spot_msgs)
[6.183s] DEBUG:colcon.colcon_parallel_executor.executor.parallel:closing loop
[6.183s] DEBUG:colcon.colcon_parallel_executor.executor.parallel:loop closed
[6.183s] DEBUG:colcon.colcon_parallel_executor.executor.parallel:run_until_complete finished with '1'
[6.183s] DEBUG:colcon.colcon_core.event_reactor:joining thread
[6.240s] INFO:colcon.colcon_core.plugin_system:Skipping extension 'colcon_notification.desktop_notification.terminal_notifier': Not used on non-Darwin systems
[6.241s] INFO:colcon.colcon_core.plugin_system:Skipping extension 'colcon_notification.desktop_notification.win32': Not used on non-Windows systems
[6.241s] INFO:colcon.colcon_notification.desktop_notification:Sending desktop notification using 'notify2'
[6.254s] DEBUG:colcon.colcon_core.event_reactor:joined thread
[6.305s] INFO:colcon.colcon_core.shell:Creating prefix script '/home/caleb/ros2_ws/install/local_setup.ps1'
[6.306s] INFO:colcon.colcon_core.shell:Creating prefix util module '/home/caleb/ros2_ws/install/_local_setup_util_ps1.py'
[6.307s] INFO:colcon.colcon_core.shell:Creating prefix chain script '/home/caleb/ros2_ws/install/setup.ps1'
[6.357s] INFO:colcon.colcon_core.shell:Creating prefix script '/home/caleb/ros2_ws/install/local_setup.sh'
[6.358s] INFO:colcon.colcon_core.shell:Creating prefix util module '/home/caleb/ros2_ws/install/_local_setup_util_sh.py'
[6.358s] INFO:colcon.colcon_core.shell:Creating prefix chain script '/home/caleb/ros2_ws/install/setup.sh'
[6.409s] INFO:colcon.colcon_core.shell:Creating prefix script '/home/caleb/ros2_ws/install/local_setup.bash'
[6.410s] INFO:colcon.colcon_core.shell:Creating prefix chain script '/home/caleb/ros2_ws/install/setup.bash'
[6.460s] INFO:colcon.colcon_core.shell:Creating prefix script '/home/caleb/ros2_ws/install/local_setup.zsh'
[6.460s] INFO:colcon.colcon_core.shell:Creating prefix chain script '/home/caleb/ros2_ws/install/setup.zsh'
