Performing C++ SOURCE FILE Test CMAKE_HAVE_LIBC_PTHREAD failed with the following output:
Change Dir: /home/caleb/ros2_ws/build/moveit_core/CMakeFiles/CMakeTmp

Run Build Command(s):/usr/bin/make -f Makefile cmTC_4a6c2/fast && /usr/bin/make  -f CMakeFiles/cmTC_4a6c2.dir/build.make CMakeFiles/cmTC_4a6c2.dir/build
make[1]: Entering directory '/home/caleb/ros2_ws/build/moveit_core/CMakeFiles/CMakeTmp'
Building CXX object CMakeFiles/cmTC_4a6c2.dir/src.cxx.o
/usr/bin/c++ -DCMAKE_HAVE_LIBC_PTHREAD  -std=c++17 -o CMakeFiles/cmTC_4a6c2.dir/src.cxx.o -c /home/caleb/ros2_ws/build/moveit_core/CMakeFiles/CMakeTmp/src.cxx
Linking CXX executable cmTC_4a6c2
/opt/cmake-3.24.2-linux-x86_64/bin/cmake -E cmake_link_script CMakeFiles/cmTC_4a6c2.dir/link.txt --verbose=1
/usr/bin/c++ CMakeFiles/cmTC_4a6c2.dir/src.cxx.o -o cmTC_4a6c2 
/usr/bin/ld: CMakeFiles/cmTC_4a6c2.dir/src.cxx.o: in function `main':
src.cxx:(.text+0x46): undefined reference to `pthread_create'
/usr/bin/ld: src.cxx:(.text+0x52): undefined reference to `pthread_detach'
/usr/bin/ld: src.cxx:(.text+0x5e): undefined reference to `pthread_cancel'
/usr/bin/ld: src.cxx:(.text+0x6f): undefined reference to `pthread_join'
collect2: error: ld returned 1 exit status
make[1]: *** [CMakeFiles/cmTC_4a6c2.dir/build.make:99: cmTC_4a6c2] Error 1
make[1]: Leaving directory '/home/caleb/ros2_ws/build/moveit_core/CMakeFiles/CMakeTmp'
make: *** [Makefile:127: cmTC_4a6c2/fast] Error 2


Source file was:
#include <pthread.h>

static void* test_func(void* data)
{
  return data;
}

int main(void)
{
  pthread_t thread;
  pthread_create(&thread, NULL, test_func, NULL);
  pthread_detach(thread);
  pthread_cancel(thread);
  pthread_join(thread, NULL);
  pthread_atfork(NULL, NULL, NULL);
  pthread_exit(NULL);

  return 0;
}

Determining if the function pthread_create exists in the pthreads failed with the following output:
Change Dir: /home/caleb/ros2_ws/build/moveit_core/CMakeFiles/CMakeTmp

Run Build Command(s):/usr/bin/make -f Makefile cmTC_defb5/fast && /usr/bin/make  -f CMakeFiles/cmTC_defb5.dir/build.make CMakeFiles/cmTC_defb5.dir/build
make[1]: Entering directory '/home/caleb/ros2_ws/build/moveit_core/CMakeFiles/CMakeTmp'
Building CXX object CMakeFiles/cmTC_defb5.dir/CheckFunctionExists.cxx.o
/usr/bin/c++   -DCHECK_FUNCTION_EXISTS=pthread_create -std=c++17 -o CMakeFiles/cmTC_defb5.dir/CheckFunctionExists.cxx.o -c /home/caleb/ros2_ws/build/moveit_core/CMakeFiles/CheckLibraryExists/CheckFunctionExists.cxx
Linking CXX executable cmTC_defb5
/opt/cmake-3.24.2-linux-x86_64/bin/cmake -E cmake_link_script CMakeFiles/cmTC_defb5.dir/link.txt --verbose=1
/usr/bin/c++  -DCHECK_FUNCTION_EXISTS=pthread_create CMakeFiles/cmTC_defb5.dir/CheckFunctionExists.cxx.o -o cmTC_defb5  -lpthreads 
/usr/bin/ld: cannot find -lpthreads
collect2: error: ld returned 1 exit status
make[1]: *** [CMakeFiles/cmTC_defb5.dir/build.make:99: cmTC_defb5] Error 1
make[1]: Leaving directory '/home/caleb/ros2_ws/build/moveit_core/CMakeFiles/CMakeTmp'
make: *** [Makefile:127: cmTC_defb5/fast] Error 2



