[0.922s] Invoking command in '/home/caleb/ros2_ws/src/nrg_spot_manipulation/spot_manipulation_driver': PYTHONPATH=/home/caleb/ros2_ws/build/spot_manipulation_driver/prefix_override:/home/caleb/ros2_ws/install/spot_manipulation_driver/lib/python3.8/site-packages:${PYTHONPATH} /usr/bin/python3 setup.py egg_info --egg-base ../../../build/spot_manipulation_driver build --build-base /home/caleb/ros2_ws/build/spot_manipulation_driver/build install --record /home/caleb/ros2_ws/build/spot_manipulation_driver/install.log --single-version-externally-managed
[1.045s] running egg_info
[1.046s] creating ../../../build/spot_manipulation_driver/spot_manipulation_driver.egg-info
[1.046s] writing ../../../build/spot_manipulation_driver/spot_manipulation_driver.egg-info/PKG-INFO
[1.047s] writing dependency_links to ../../../build/spot_manipulation_driver/spot_manipulation_driver.egg-info/dependency_links.txt
[1.048s] writing entry points to ../../../build/spot_manipulation_driver/spot_manipulation_driver.egg-info/entry_points.txt
[1.048s] writing requirements to ../../../build/spot_manipulation_driver/spot_manipulation_driver.egg-info/requires.txt
[1.049s] writing top-level names to ../../../build/spot_manipulation_driver/spot_manipulation_driver.egg-info/top_level.txt
[1.050s] writing manifest file '../../../build/spot_manipulation_driver/spot_manipulation_driver.egg-info/SOURCES.txt'
[1.065s] reading manifest file '../../../build/spot_manipulation_driver/spot_manipulation_driver.egg-info/SOURCES.txt'
[1.066s] writing manifest file '../../../build/spot_manipulation_driver/spot_manipulation_driver.egg-info/SOURCES.txt'
[1.066s] running build
[1.066s] running build_py
[1.066s] creating /home/caleb/ros2_ws/build/spot_manipulation_driver/build
[1.066s] creating /home/caleb/ros2_ws/build/spot_manipulation_driver/build/lib
[1.067s] creating /home/caleb/ros2_ws/build/spot_manipulation_driver/build/lib/spot_manipulation_driver
[1.067s] copying spot_manipulation_driver/__init__.py -> /home/caleb/ros2_ws/build/spot_manipulation_driver/build/lib/spot_manipulation_driver
[1.067s] copying spot_manipulation_driver/manipulation_driver_util.py -> /home/caleb/ros2_ws/build/spot_manipulation_driver/build/lib/spot_manipulation_driver
[1.067s] creating /home/caleb/ros2_ws/build/spot_manipulation_driver/build/lib/scripts
[1.067s] copying scripts/follow_joint_trajectory_action_server.py -> /home/caleb/ros2_ws/build/spot_manipulation_driver/build/lib/scripts
[1.067s] copying scripts/__init__.py -> /home/caleb/ros2_ws/build/spot_manipulation_driver/build/lib/scripts
[1.067s] running install
[1.067s] running install_lib
[1.067s] creating /home/caleb/ros2_ws/install/spot_manipulation_driver/lib/python3.8/site-packages/scripts
[1.067s] copying /home/caleb/ros2_ws/build/spot_manipulation_driver/build/lib/scripts/follow_joint_trajectory_action_server.py -> /home/caleb/ros2_ws/install/spot_manipulation_driver/lib/python3.8/site-packages/scripts
[1.067s] copying /home/caleb/ros2_ws/build/spot_manipulation_driver/build/lib/scripts/__init__.py -> /home/caleb/ros2_ws/install/spot_manipulation_driver/lib/python3.8/site-packages/scripts
[1.067s] creating /home/caleb/ros2_ws/install/spot_manipulation_driver/lib/python3.8/site-packages/spot_manipulation_driver
[1.068s] copying /home/caleb/ros2_ws/build/spot_manipulation_driver/build/lib/spot_manipulation_driver/__init__.py -> /home/caleb/ros2_ws/install/spot_manipulation_driver/lib/python3.8/site-packages/spot_manipulation_driver
[1.068s] copying /home/caleb/ros2_ws/build/spot_manipulation_driver/build/lib/spot_manipulation_driver/manipulation_driver_util.py -> /home/caleb/ros2_ws/install/spot_manipulation_driver/lib/python3.8/site-packages/spot_manipulation_driver
[1.068s] byte-compiling /home/caleb/ros2_ws/install/spot_manipulation_driver/lib/python3.8/site-packages/scripts/follow_joint_trajectory_action_server.py to follow_joint_trajectory_action_server.cpython-38.pyc
[1.069s] byte-compiling /home/caleb/ros2_ws/install/spot_manipulation_driver/lib/python3.8/site-packages/scripts/__init__.py to __init__.cpython-38.pyc
[1.069s] byte-compiling /home/caleb/ros2_ws/install/spot_manipulation_driver/lib/python3.8/site-packages/spot_manipulation_driver/__init__.py to __init__.cpython-38.pyc
[1.070s] byte-compiling /home/caleb/ros2_ws/install/spot_manipulation_driver/lib/python3.8/site-packages/spot_manipulation_driver/manipulation_driver_util.py to manipulation_driver_util.cpython-38.pyc
[1.071s] running install_data
[1.071s] creating /home/caleb/ros2_ws/install/spot_manipulation_driver/share/ament_index
[1.072s] creating /home/caleb/ros2_ws/install/spot_manipulation_driver/share/ament_index/resource_index
[1.072s] creating /home/caleb/ros2_ws/install/spot_manipulation_driver/share/ament_index/resource_index/packages
[1.072s] copying resource/spot_manipulation_driver -> /home/caleb/ros2_ws/install/spot_manipulation_driver/share/ament_index/resource_index/packages
[1.072s] copying package.xml -> /home/caleb/ros2_ws/install/spot_manipulation_driver/share/spot_manipulation_driver
[1.072s] running install_egg_info
[1.073s] Copying ../../../build/spot_manipulation_driver/spot_manipulation_driver.egg-info to /home/caleb/ros2_ws/install/spot_manipulation_driver/lib/python3.8/site-packages/spot_manipulation_driver-0.0.0-py3.8.egg-info
[1.073s] running install_scripts
[1.083s] Installing follow_joint_trajectory_action_server script to /home/caleb/ros2_ws/install/spot_manipulation_driver/lib/spot_manipulation_driver
[1.083s] writing list of installed files to '/home/caleb/ros2_ws/build/spot_manipulation_driver/install.log'
[1.819s] Invoked command in '/home/caleb/ros2_ws/src/nrg_spot_manipulation/spot_manipulation_driver' returned '0': PYTHONPATH=/home/caleb/ros2_ws/build/spot_manipulation_driver/prefix_override:/home/caleb/ros2_ws/install/spot_manipulation_driver/lib/python3.8/site-packages:${PYTHONPATH} /usr/bin/python3 setup.py egg_info --egg-base ../../../build/spot_manipulation_driver build --build-base /home/caleb/ros2_ws/build/spot_manipulation_driver/build install --record /home/caleb/ros2_ws/build/spot_manipulation_driver/install.log --single-version-externally-managed
