Performing C SOURCE FILE Test CMAKE_HAVE_LIBC_PTHREAD failed with the following output:
Change Dir: /home/caleb/ros2_ws/build/chomp_motion_planner/CMakeFiles/CMakeTmp

Run Build Command(s):/usr/bin/make -f Makefile cmTC_3b542/fast && /usr/bin/make  -f CMakeFiles/cmTC_3b542.dir/build.make CMakeFiles/cmTC_3b542.dir/build
make[1]: Entering directory '/home/caleb/ros2_ws/build/chomp_motion_planner/CMakeFiles/CMakeTmp'
Building C object CMakeFiles/cmTC_3b542.dir/src.c.o
/usr/bin/cc -DCMAKE_HAVE_LIBC_PTHREAD   -o CMakeFiles/cmTC_3b542.dir/src.c.o -c /home/caleb/ros2_ws/build/chomp_motion_planner/CMakeFiles/CMakeTmp/src.c
Linking C executable cmTC_3b542
/opt/cmake-3.24.2-linux-x86_64/bin/cmake -E cmake_link_script CMakeFiles/cmTC_3b542.dir/link.txt --verbose=1
/usr/bin/cc CMakeFiles/cmTC_3b542.dir/src.c.o -o cmTC_3b542 
/usr/bin/ld: CMakeFiles/cmTC_3b542.dir/src.c.o: in function `main':
src.c:(.text+0x46): undefined reference to `pthread_create'
/usr/bin/ld: src.c:(.text+0x52): undefined reference to `pthread_detach'
/usr/bin/ld: src.c:(.text+0x5e): undefined reference to `pthread_cancel'
/usr/bin/ld: src.c:(.text+0x6f): undefined reference to `pthread_join'
collect2: error: ld returned 1 exit status
make[1]: *** [CMakeFiles/cmTC_3b542.dir/build.make:99: cmTC_3b542] Error 1
make[1]: Leaving directory '/home/caleb/ros2_ws/build/chomp_motion_planner/CMakeFiles/CMakeTmp'
make: *** [Makefile:127: cmTC_3b542/fast] Error 2


Source file was:
#include <pthread.h>

static void* test_func(void* data)
{
  return data;
}

int main(void)
{
  pthread_t thread;
  pthread_create(&thread, NULL, test_func, NULL);
  pthread_detach(thread);
  pthread_cancel(thread);
  pthread_join(thread, NULL);
  pthread_atfork(NULL, NULL, NULL);
  pthread_exit(NULL);

  return 0;
}

Determining if the function pthread_create exists in the pthreads failed with the following output:
Change Dir: /home/caleb/ros2_ws/build/chomp_motion_planner/CMakeFiles/CMakeTmp

Run Build Command(s):/usr/bin/make -f Makefile cmTC_30749/fast && /usr/bin/make  -f CMakeFiles/cmTC_30749.dir/build.make CMakeFiles/cmTC_30749.dir/build
make[1]: Entering directory '/home/caleb/ros2_ws/build/chomp_motion_planner/CMakeFiles/CMakeTmp'
Building C object CMakeFiles/cmTC_30749.dir/CheckFunctionExists.c.o
/usr/bin/cc   -DCHECK_FUNCTION_EXISTS=pthread_create -o CMakeFiles/cmTC_30749.dir/CheckFunctionExists.c.o -c /opt/cmake-3.24.2-linux-x86_64/share/cmake-3.24/Modules/CheckFunctionExists.c
Linking C executable cmTC_30749
/opt/cmake-3.24.2-linux-x86_64/bin/cmake -E cmake_link_script CMakeFiles/cmTC_30749.dir/link.txt --verbose=1
/usr/bin/cc  -DCHECK_FUNCTION_EXISTS=pthread_create CMakeFiles/cmTC_30749.dir/CheckFunctionExists.c.o -o cmTC_30749  -lpthreads 
/usr/bin/ld: cannot find -lpthreads
collect2: error: ld returned 1 exit status
make[1]: *** [CMakeFiles/cmTC_30749.dir/build.make:99: cmTC_30749] Error 1
make[1]: Leaving directory '/home/caleb/ros2_ws/build/chomp_motion_planner/CMakeFiles/CMakeTmp'
make: *** [Makefile:127: cmTC_30749/fast] Error 2



