[0.234s] Invoking command in '/home/caleb/ros2_ws/build/spot_bringup': AMENT_PREFIX_PATH=/home/caleb/ros2_ws/install/spot_driver:/home/caleb/ros2_ws/install/spot_ros:/home/caleb/ros2_ws/install/spot_viz:/home/caleb/ros2_ws/install/spot_bringup:/home/caleb/ros2_ws/install/spot_navigation:/home/caleb/ros2_ws/install/spot_msgs:/home/caleb/ros2_ws/install/spot_manipulation_driver:/home/caleb/ros2_ws/install/spot_gazebo:/home/caleb/ros2_ws/install/spot_description:/home/caleb/ros2_ws/install/spot_control:/home/caleb/ros2_ws/install/spot_arm_moveit2_config:/home/caleb/ros2_ws/install/optimization:/opt/ros/galactic CMAKE_PREFIX_PATH=/home/caleb/ros2_ws/install/spot_navigation:/home/caleb/ros2_ws/install/spot_msgs:/home/caleb/ros2_ws/install/spot_description:/home/caleb/ros2_ws/install/spot_ros:/home/caleb/ros2_ws/install/spot_viz:/home/caleb/ros2_ws/install/spot_bringup:/home/caleb/ros2_ws/install/spot_gazebo:/home/caleb/ros2_ws/install/spot_control:/home/caleb/ros2_ws/install/spot_arm_moveit2_config:/home/caleb/ros2_ws/install/optimization:/home/caleb/ros2_ws/install/spot_driver:/home/caleb/ros2_ws/install/spot_manipulation_driver:/opt/ros/galactic /usr/local/bin/cmake --build /home/caleb/ros2_ws/build/spot_bringup -- -j20 -l20
[0.240s] Invoked command in '/home/caleb/ros2_ws/build/spot_bringup' returned '0': AMENT_PREFIX_PATH=/home/caleb/ros2_ws/install/spot_driver:/home/caleb/ros2_ws/install/spot_ros:/home/caleb/ros2_ws/install/spot_viz:/home/caleb/ros2_ws/install/spot_bringup:/home/caleb/ros2_ws/install/spot_navigation:/home/caleb/ros2_ws/install/spot_msgs:/home/caleb/ros2_ws/install/spot_manipulation_driver:/home/caleb/ros2_ws/install/spot_gazebo:/home/caleb/ros2_ws/install/spot_description:/home/caleb/ros2_ws/install/spot_control:/home/caleb/ros2_ws/install/spot_arm_moveit2_config:/home/caleb/ros2_ws/install/optimization:/opt/ros/galactic CMAKE_PREFIX_PATH=/home/caleb/ros2_ws/install/spot_navigation:/home/caleb/ros2_ws/install/spot_msgs:/home/caleb/ros2_ws/install/spot_description:/home/caleb/ros2_ws/install/spot_ros:/home/caleb/ros2_ws/install/spot_viz:/home/caleb/ros2_ws/install/spot_bringup:/home/caleb/ros2_ws/install/spot_gazebo:/home/caleb/ros2_ws/install/spot_control:/home/caleb/ros2_ws/install/spot_arm_moveit2_config:/home/caleb/ros2_ws/install/optimization:/home/caleb/ros2_ws/install/spot_driver:/home/caleb/ros2_ws/install/spot_manipulation_driver:/opt/ros/galactic /usr/local/bin/cmake --build /home/caleb/ros2_ws/build/spot_bringup -- -j20 -l20
[0.249s] Invoking command in '/home/caleb/ros2_ws/build/spot_bringup': AMENT_PREFIX_PATH=/home/caleb/ros2_ws/install/spot_driver:/home/caleb/ros2_ws/install/spot_ros:/home/caleb/ros2_ws/install/spot_viz:/home/caleb/ros2_ws/install/spot_bringup:/home/caleb/ros2_ws/install/spot_navigation:/home/caleb/ros2_ws/install/spot_msgs:/home/caleb/ros2_ws/install/spot_manipulation_driver:/home/caleb/ros2_ws/install/spot_gazebo:/home/caleb/ros2_ws/install/spot_description:/home/caleb/ros2_ws/install/spot_control:/home/caleb/ros2_ws/install/spot_arm_moveit2_config:/home/caleb/ros2_ws/install/optimization:/opt/ros/galactic CMAKE_PREFIX_PATH=/home/caleb/ros2_ws/install/spot_navigation:/home/caleb/ros2_ws/install/spot_msgs:/home/caleb/ros2_ws/install/spot_description:/home/caleb/ros2_ws/install/spot_ros:/home/caleb/ros2_ws/install/spot_viz:/home/caleb/ros2_ws/install/spot_bringup:/home/caleb/ros2_ws/install/spot_gazebo:/home/caleb/ros2_ws/install/spot_control:/home/caleb/ros2_ws/install/spot_arm_moveit2_config:/home/caleb/ros2_ws/install/optimization:/home/caleb/ros2_ws/install/spot_driver:/home/caleb/ros2_ws/install/spot_manipulation_driver:/opt/ros/galactic /usr/local/bin/cmake --install /home/caleb/ros2_ws/build/spot_bringup
[0.252s] -- Install configuration: ""
[0.252s] -- Up-to-date: /home/caleb/ros2_ws/install/spot_bringup/share/spot_bringup/launch
[0.253s] -- Up-to-date: /home/caleb/ros2_ws/install/spot_bringup/share/spot_bringup/launch/bringup.launch.py
[0.253s] -- Up-to-date: /home/caleb/ros2_ws/install/spot_bringup/share/spot_bringup/launch/bringup_with_nav.launch.py
[0.253s] -- Up-to-date: /home/caleb/ros2_ws/install/spot_bringup/share/spot_bringup/launch/camera_pointclouds.launch.py
[0.253s] -- Up-to-date: /home/caleb/ros2_ws/install/spot_bringup/share/ament_index/resource_index/package_run_dependencies/spot_bringup
[0.253s] -- Up-to-date: /home/caleb/ros2_ws/install/spot_bringup/share/ament_index/resource_index/parent_prefix_path/spot_bringup
[0.254s] -- Up-to-date: /home/caleb/ros2_ws/install/spot_bringup/share/spot_bringup/environment/ament_prefix_path.sh
[0.254s] -- Up-to-date: /home/caleb/ros2_ws/install/spot_bringup/share/spot_bringup/environment/ament_prefix_path.dsv
[0.254s] -- Up-to-date: /home/caleb/ros2_ws/install/spot_bringup/share/spot_bringup/environment/path.sh
[0.254s] -- Up-to-date: /home/caleb/ros2_ws/install/spot_bringup/share/spot_bringup/environment/path.dsv
[0.254s] -- Up-to-date: /home/caleb/ros2_ws/install/spot_bringup/share/spot_bringup/local_setup.bash
[0.254s] -- Up-to-date: /home/caleb/ros2_ws/install/spot_bringup/share/spot_bringup/local_setup.sh
[0.254s] -- Up-to-date: /home/caleb/ros2_ws/install/spot_bringup/share/spot_bringup/local_setup.zsh
[0.254s] -- Up-to-date: /home/caleb/ros2_ws/install/spot_bringup/share/spot_bringup/local_setup.dsv
[0.254s] -- Installing: /home/caleb/ros2_ws/install/spot_bringup/share/spot_bringup/package.dsv
[0.254s] -- Up-to-date: /home/caleb/ros2_ws/install/spot_bringup/share/ament_index/resource_index/packages/spot_bringup
[0.254s] -- Up-to-date: /home/caleb/ros2_ws/install/spot_bringup/share/spot_bringup/cmake/spot_bringupConfig.cmake
[0.254s] -- Up-to-date: /home/caleb/ros2_ws/install/spot_bringup/share/spot_bringup/cmake/spot_bringupConfig-version.cmake
[0.254s] -- Up-to-date: /home/caleb/ros2_ws/install/spot_bringup/share/spot_bringup/package.xml
[0.254s] Invoked command in '/home/caleb/ros2_ws/build/spot_bringup' returned '0': AMENT_PREFIX_PATH=/home/caleb/ros2_ws/install/spot_driver:/home/caleb/ros2_ws/install/spot_ros:/home/caleb/ros2_ws/install/spot_viz:/home/caleb/ros2_ws/install/spot_bringup:/home/caleb/ros2_ws/install/spot_navigation:/home/caleb/ros2_ws/install/spot_msgs:/home/caleb/ros2_ws/install/spot_manipulation_driver:/home/caleb/ros2_ws/install/spot_gazebo:/home/caleb/ros2_ws/install/spot_description:/home/caleb/ros2_ws/install/spot_control:/home/caleb/ros2_ws/install/spot_arm_moveit2_config:/home/caleb/ros2_ws/install/optimization:/opt/ros/galactic CMAKE_PREFIX_PATH=/home/caleb/ros2_ws/install/spot_navigation:/home/caleb/ros2_ws/install/spot_msgs:/home/caleb/ros2_ws/install/spot_description:/home/caleb/ros2_ws/install/spot_ros:/home/caleb/ros2_ws/install/spot_viz:/home/caleb/ros2_ws/install/spot_bringup:/home/caleb/ros2_ws/install/spot_gazebo:/home/caleb/ros2_ws/install/spot_control:/home/caleb/ros2_ws/install/spot_arm_moveit2_config:/home/caleb/ros2_ws/install/optimization:/home/caleb/ros2_ws/install/spot_driver:/home/caleb/ros2_ws/install/spot_manipulation_driver:/opt/ros/galactic /usr/local/bin/cmake --install /home/caleb/ros2_ws/build/spot_bringup
