[1.427s] DEBUG:colcon:Command line arguments: ['/usr/bin/colcon', 'build', '--packages-select', 'optimization']
[1.427s] DEBUG:colcon:Parsed command line arguments: Namespace(allow_overriding=[], ament_cmake_args=None, base_paths=['.'], build_base='build', catkin_cmake_args=None, catkin_skip_building_tests=False, cmake_args=None, cmake_clean_cache=False, cmake_clean_first=False, cmake_force_configure=False, cmake_target=None, cmake_target_skip_unavailable=False, continue_on_error=False, event_handlers=None, executor='parallel', ignore_user_meta=False, install_base='install', log_base=None, log_level=None, main=<bound method BuildVerb.main of <colcon_core.verb.build.BuildVerb object at 0x7fe85243f640>>, merge_install=False, metas=['./colcon.meta'], packages_above=None, packages_above_and_dependencies=None, packages_above_depth=None, packages_end=None, packages_ignore=None, packages_ignore_regex=None, packages_select=['optimization'], packages_select_build_failed=False, packages_select_by_dep=None, packages_select_regex=None, packages_select_test_failures=False, packages_skip=None, packages_skip_build_finished=False, packages_skip_by_dep=None, packages_skip_regex=None, packages_skip_test_passed=False, packages_skip_up_to=None, packages_start=None, packages_up_to=None, packages_up_to_regex=None, parallel_workers=20, paths=None, symlink_install=False, test_result_base=None, verb_extension=<colcon_core.verb.build.BuildVerb object at 0x7fe85243f640>, verb_name='build', verb_parser=<colcon_defaults.argument_parser.defaults.DefaultArgumentsDecorator object at 0x7fe852429160>)
[1.486s] Level 1:colcon.colcon_core.package_discovery:discover_packages(colcon_meta) check parameters
[1.486s] Level 1:colcon.colcon_core.package_discovery:discover_packages(recursive) check parameters
[1.486s] Level 1:colcon.colcon_core.package_discovery:discover_packages(ignore) check parameters
[1.486s] Level 1:colcon.colcon_core.package_discovery:discover_packages(path) check parameters
[1.486s] Level 1:colcon.colcon_core.package_discovery:discover_packages(colcon_meta) discover
[1.486s] Level 1:colcon.colcon_core.package_discovery:discover_packages(recursive) discover
[1.486s] INFO:colcon.colcon_core.package_discovery:Crawling recursively for packages in '/home/caleb/ros2_ws'
[1.487s] Level 1:colcon.colcon_core.package_identification:_identify(.) by extensions ['ignore', 'ignore_ament_install']
[1.487s] Level 1:colcon.colcon_core.package_identification:_identify(.) by extension 'ignore'
[1.487s] Level 1:colcon.colcon_core.package_identification:_identify(.) by extension 'ignore_ament_install'
[1.487s] Level 1:colcon.colcon_core.package_identification:_identify(.) by extensions ['colcon_pkg']
[1.487s] Level 1:colcon.colcon_core.package_identification:_identify(.) by extension 'colcon_pkg'
[1.487s] Level 1:colcon.colcon_core.package_identification:_identify(.) by extensions ['colcon_meta']
[1.487s] Level 1:colcon.colcon_core.package_identification:_identify(.) by extension 'colcon_meta'
[1.487s] Level 1:colcon.colcon_core.package_identification:_identify(.) by extensions ['ros']
[1.487s] Level 1:colcon.colcon_core.package_identification:_identify(.) by extension 'ros'
[1.492s] Level 1:colcon.colcon_core.package_identification:_identify(.) by extensions ['cmake', 'python']
[1.492s] Level 1:colcon.colcon_core.package_identification:_identify(.) by extension 'cmake'
[1.492s] Level 1:colcon.colcon_core.package_identification:_identify(.) by extension 'python'
[1.492s] Level 1:colcon.colcon_core.package_identification:_identify(.) by extensions ['python_setup_py']
[1.492s] Level 1:colcon.colcon_core.package_identification:_identify(.) by extension 'python_setup_py'
[1.493s] Level 1:colcon.colcon_core.package_identification:_identify(build) by extensions ['ignore', 'ignore_ament_install']
[1.493s] Level 1:colcon.colcon_core.package_identification:_identify(build) by extension 'ignore'
[1.493s] Level 1:colcon.colcon_core.package_identification:_identify(build) ignored
[1.493s] Level 1:colcon.colcon_core.package_identification:_identify(install) by extensions ['ignore', 'ignore_ament_install']
[1.493s] Level 1:colcon.colcon_core.package_identification:_identify(install) by extension 'ignore'
[1.493s] Level 1:colcon.colcon_core.package_identification:_identify(install) ignored
[1.493s] Level 1:colcon.colcon_core.package_identification:_identify(log) by extensions ['ignore', 'ignore_ament_install']
[1.493s] Level 1:colcon.colcon_core.package_identification:_identify(log) by extension 'ignore'
[1.493s] Level 1:colcon.colcon_core.package_identification:_identify(log) ignored
[1.493s] Level 1:colcon.colcon_core.package_identification:_identify(src) by extensions ['ignore', 'ignore_ament_install']
[1.493s] Level 1:colcon.colcon_core.package_identification:_identify(src) by extension 'ignore'
[1.493s] Level 1:colcon.colcon_core.package_identification:_identify(src) by extension 'ignore_ament_install'
[1.493s] Level 1:colcon.colcon_core.package_identification:_identify(src) by extensions ['colcon_pkg']
[1.493s] Level 1:colcon.colcon_core.package_identification:_identify(src) by extension 'colcon_pkg'
[1.493s] Level 1:colcon.colcon_core.package_identification:_identify(src) by extensions ['colcon_meta']
[1.493s] Level 1:colcon.colcon_core.package_identification:_identify(src) by extension 'colcon_meta'
[1.493s] Level 1:colcon.colcon_core.package_identification:_identify(src) by extensions ['ros']
[1.493s] Level 1:colcon.colcon_core.package_identification:_identify(src) by extension 'ros'
[1.493s] Level 1:colcon.colcon_core.package_identification:_identify(src) by extensions ['cmake', 'python']
[1.493s] Level 1:colcon.colcon_core.package_identification:_identify(src) by extension 'cmake'
[1.493s] Level 1:colcon.colcon_core.package_identification:_identify(src) by extension 'python'
[1.493s] Level 1:colcon.colcon_core.package_identification:_identify(src) by extensions ['python_setup_py']
[1.493s] Level 1:colcon.colcon_core.package_identification:_identify(src) by extension 'python_setup_py'
[1.493s] Level 1:colcon.colcon_core.package_identification:_identify(src/nrg_spot_manipulation) by extensions ['ignore', 'ignore_ament_install']
[1.493s] Level 1:colcon.colcon_core.package_identification:_identify(src/nrg_spot_manipulation) by extension 'ignore'
[1.493s] Level 1:colcon.colcon_core.package_identification:_identify(src/nrg_spot_manipulation) by extension 'ignore_ament_install'
[1.493s] Level 1:colcon.colcon_core.package_identification:_identify(src/nrg_spot_manipulation) by extensions ['colcon_pkg']
[1.493s] Level 1:colcon.colcon_core.package_identification:_identify(src/nrg_spot_manipulation) by extension 'colcon_pkg'
[1.493s] Level 1:colcon.colcon_core.package_identification:_identify(src/nrg_spot_manipulation) by extensions ['colcon_meta']
[1.493s] Level 1:colcon.colcon_core.package_identification:_identify(src/nrg_spot_manipulation) by extension 'colcon_meta'
[1.493s] Level 1:colcon.colcon_core.package_identification:_identify(src/nrg_spot_manipulation) by extensions ['ros']
[1.493s] Level 1:colcon.colcon_core.package_identification:_identify(src/nrg_spot_manipulation) by extension 'ros'
[1.493s] Level 1:colcon.colcon_core.package_identification:_identify(src/nrg_spot_manipulation) by extensions ['cmake', 'python']
[1.493s] Level 1:colcon.colcon_core.package_identification:_identify(src/nrg_spot_manipulation) by extension 'cmake'
[1.494s] Level 1:colcon.colcon_core.package_identification:_identify(src/nrg_spot_manipulation) by extension 'python'
[1.494s] Level 1:colcon.colcon_core.package_identification:_identify(src/nrg_spot_manipulation) by extensions ['python_setup_py']
[1.494s] Level 1:colcon.colcon_core.package_identification:_identify(src/nrg_spot_manipulation) by extension 'python_setup_py'
[1.494s] Level 1:colcon.colcon_core.package_identification:_identify(src/nrg_spot_manipulation/spot_manipulation_driver) by extensions ['ignore', 'ignore_ament_install']
[1.494s] Level 1:colcon.colcon_core.package_identification:_identify(src/nrg_spot_manipulation/spot_manipulation_driver) by extension 'ignore'
[1.494s] Level 1:colcon.colcon_core.package_identification:_identify(src/nrg_spot_manipulation/spot_manipulation_driver) by extension 'ignore_ament_install'
[1.494s] Level 1:colcon.colcon_core.package_identification:_identify(src/nrg_spot_manipulation/spot_manipulation_driver) by extensions ['colcon_pkg']
[1.494s] Level 1:colcon.colcon_core.package_identification:_identify(src/nrg_spot_manipulation/spot_manipulation_driver) by extension 'colcon_pkg'
[1.494s] Level 1:colcon.colcon_core.package_identification:_identify(src/nrg_spot_manipulation/spot_manipulation_driver) by extensions ['colcon_meta']
[1.494s] Level 1:colcon.colcon_core.package_identification:_identify(src/nrg_spot_manipulation/spot_manipulation_driver) by extension 'colcon_meta'
[1.494s] Level 1:colcon.colcon_core.package_identification:_identify(src/nrg_spot_manipulation/spot_manipulation_driver) by extensions ['ros']
[1.494s] Level 1:colcon.colcon_core.package_identification:_identify(src/nrg_spot_manipulation/spot_manipulation_driver) by extension 'ros'
[1.495s] DEBUG:colcon.colcon_core.package_identification:Package 'src/nrg_spot_manipulation/spot_manipulation_driver' with type 'ros.ament_python' and name 'spot_manipulation_driver'
[1.495s] Level 1:colcon.colcon_core.package_identification:_identify(src/nrg_spot_manipulation_moveit) by extensions ['ignore', 'ignore_ament_install']
[1.495s] Level 1:colcon.colcon_core.package_identification:_identify(src/nrg_spot_manipulation_moveit) by extension 'ignore'
[1.495s] Level 1:colcon.colcon_core.package_identification:_identify(src/nrg_spot_manipulation_moveit) by extension 'ignore_ament_install'
[1.495s] Level 1:colcon.colcon_core.package_identification:_identify(src/nrg_spot_manipulation_moveit) by extensions ['colcon_pkg']
[1.495s] Level 1:colcon.colcon_core.package_identification:_identify(src/nrg_spot_manipulation_moveit) by extension 'colcon_pkg'
[1.495s] Level 1:colcon.colcon_core.package_identification:_identify(src/nrg_spot_manipulation_moveit) by extensions ['colcon_meta']
[1.495s] Level 1:colcon.colcon_core.package_identification:_identify(src/nrg_spot_manipulation_moveit) by extension 'colcon_meta'
[1.495s] Level 1:colcon.colcon_core.package_identification:_identify(src/nrg_spot_manipulation_moveit) by extensions ['ros']
[1.495s] Level 1:colcon.colcon_core.package_identification:_identify(src/nrg_spot_manipulation_moveit) by extension 'ros'
[1.496s] Level 1:colcon.colcon_core.package_identification:_identify(src/nrg_spot_manipulation_moveit) by extensions ['cmake', 'python']
[1.496s] Level 1:colcon.colcon_core.package_identification:_identify(src/nrg_spot_manipulation_moveit) by extension 'cmake'
[1.496s] Level 1:colcon.colcon_core.package_identification:_identify(src/nrg_spot_manipulation_moveit) by extension 'python'
[1.496s] Level 1:colcon.colcon_core.package_identification:_identify(src/nrg_spot_manipulation_moveit) by extensions ['python_setup_py']
[1.496s] Level 1:colcon.colcon_core.package_identification:_identify(src/nrg_spot_manipulation_moveit) by extension 'python_setup_py'
[1.496s] Level 1:colcon.colcon_core.package_identification:_identify(src/nrg_spot_manipulation_moveit/spot_arm_moveit2_config) by extensions ['ignore', 'ignore_ament_install']
[1.496s] Level 1:colcon.colcon_core.package_identification:_identify(src/nrg_spot_manipulation_moveit/spot_arm_moveit2_config) by extension 'ignore'
[1.496s] Level 1:colcon.colcon_core.package_identification:_identify(src/nrg_spot_manipulation_moveit/spot_arm_moveit2_config) by extension 'ignore_ament_install'
[1.496s] Level 1:colcon.colcon_core.package_identification:_identify(src/nrg_spot_manipulation_moveit/spot_arm_moveit2_config) by extensions ['colcon_pkg']
[1.496s] Level 1:colcon.colcon_core.package_identification:_identify(src/nrg_spot_manipulation_moveit/spot_arm_moveit2_config) by extension 'colcon_pkg'
[1.496s] Level 1:colcon.colcon_core.package_identification:_identify(src/nrg_spot_manipulation_moveit/spot_arm_moveit2_config) by extensions ['colcon_meta']
[1.496s] Level 1:colcon.colcon_core.package_identification:_identify(src/nrg_spot_manipulation_moveit/spot_arm_moveit2_config) by extension 'colcon_meta'
[1.496s] Level 1:colcon.colcon_core.package_identification:_identify(src/nrg_spot_manipulation_moveit/spot_arm_moveit2_config) by extensions ['ros']
[1.496s] Level 1:colcon.colcon_core.package_identification:_identify(src/nrg_spot_manipulation_moveit/spot_arm_moveit2_config) by extension 'ros'
[1.496s] DEBUG:colcon.colcon_core.package_identification:Package 'src/nrg_spot_manipulation_moveit/spot_arm_moveit2_config' with type 'ros.ament_cmake' and name 'spot_arm_moveit2_config'
[1.496s] Level 1:colcon.colcon_core.package_identification:_identify(src/optimization) by extensions ['ignore', 'ignore_ament_install']
[1.496s] Level 1:colcon.colcon_core.package_identification:_identify(src/optimization) by extension 'ignore'
[1.496s] Level 1:colcon.colcon_core.package_identification:_identify(src/optimization) by extension 'ignore_ament_install'
[1.496s] Level 1:colcon.colcon_core.package_identification:_identify(src/optimization) by extensions ['colcon_pkg']
[1.496s] Level 1:colcon.colcon_core.package_identification:_identify(src/optimization) by extension 'colcon_pkg'
[1.496s] Level 1:colcon.colcon_core.package_identification:_identify(src/optimization) by extensions ['colcon_meta']
[1.496s] Level 1:colcon.colcon_core.package_identification:_identify(src/optimization) by extension 'colcon_meta'
[1.496s] Level 1:colcon.colcon_core.package_identification:_identify(src/optimization) by extensions ['ros']
[1.496s] Level 1:colcon.colcon_core.package_identification:_identify(src/optimization) by extension 'ros'
[1.497s] DEBUG:colcon.colcon_core.package_identification:Package 'src/optimization' with type 'ros.ament_cmake' and name 'optimization'
[1.497s] Level 1:colcon.colcon_core.package_identification:_identify(src/spot_ros) by extensions ['ignore', 'ignore_ament_install']
[1.497s] Level 1:colcon.colcon_core.package_identification:_identify(src/spot_ros) by extension 'ignore'
[1.497s] Level 1:colcon.colcon_core.package_identification:_identify(src/spot_ros) by extension 'ignore_ament_install'
[1.497s] Level 1:colcon.colcon_core.package_identification:_identify(src/spot_ros) by extensions ['colcon_pkg']
[1.497s] Level 1:colcon.colcon_core.package_identification:_identify(src/spot_ros) by extension 'colcon_pkg'
[1.497s] Level 1:colcon.colcon_core.package_identification:_identify(src/spot_ros) by extensions ['colcon_meta']
[1.497s] Level 1:colcon.colcon_core.package_identification:_identify(src/spot_ros) by extension 'colcon_meta'
[1.497s] Level 1:colcon.colcon_core.package_identification:_identify(src/spot_ros) by extensions ['ros']
[1.497s] Level 1:colcon.colcon_core.package_identification:_identify(src/spot_ros) by extension 'ros'
[1.497s] Level 1:colcon.colcon_core.package_identification:_identify(src/spot_ros) by extensions ['cmake', 'python']
[1.497s] Level 1:colcon.colcon_core.package_identification:_identify(src/spot_ros) by extension 'cmake'
[1.497s] Level 1:colcon.colcon_core.package_identification:_identify(src/spot_ros) by extension 'python'
[1.497s] Level 1:colcon.colcon_core.package_identification:_identify(src/spot_ros) by extensions ['python_setup_py']
[1.497s] Level 1:colcon.colcon_core.package_identification:_identify(src/spot_ros) by extension 'python_setup_py'
[1.497s] Level 1:colcon.colcon_core.package_identification:_identify(src/spot_ros/spot_bringup) by extensions ['ignore', 'ignore_ament_install']
[1.497s] Level 1:colcon.colcon_core.package_identification:_identify(src/spot_ros/spot_bringup) by extension 'ignore'
[1.497s] Level 1:colcon.colcon_core.package_identification:_identify(src/spot_ros/spot_bringup) by extension 'ignore_ament_install'
[1.497s] Level 1:colcon.colcon_core.package_identification:_identify(src/spot_ros/spot_bringup) by extensions ['colcon_pkg']
[1.497s] Level 1:colcon.colcon_core.package_identification:_identify(src/spot_ros/spot_bringup) by extension 'colcon_pkg'
[1.497s] Level 1:colcon.colcon_core.package_identification:_identify(src/spot_ros/spot_bringup) by extensions ['colcon_meta']
[1.497s] Level 1:colcon.colcon_core.package_identification:_identify(src/spot_ros/spot_bringup) by extension 'colcon_meta'
[1.497s] Level 1:colcon.colcon_core.package_identification:_identify(src/spot_ros/spot_bringup) by extensions ['ros']
[1.497s] Level 1:colcon.colcon_core.package_identification:_identify(src/spot_ros/spot_bringup) by extension 'ros'
[1.498s] DEBUG:colcon.colcon_core.package_identification:Package 'src/spot_ros/spot_bringup' with type 'ros.ament_cmake' and name 'spot_bringup'
[1.498s] Level 1:colcon.colcon_core.package_identification:_identify(src/spot_ros/spot_control) by extensions ['ignore', 'ignore_ament_install']
[1.498s] Level 1:colcon.colcon_core.package_identification:_identify(src/spot_ros/spot_control) by extension 'ignore'
[1.498s] Level 1:colcon.colcon_core.package_identification:_identify(src/spot_ros/spot_control) by extension 'ignore_ament_install'
[1.498s] Level 1:colcon.colcon_core.package_identification:_identify(src/spot_ros/spot_control) by extensions ['colcon_pkg']
[1.498s] Level 1:colcon.colcon_core.package_identification:_identify(src/spot_ros/spot_control) by extension 'colcon_pkg'
[1.498s] Level 1:colcon.colcon_core.package_identification:_identify(src/spot_ros/spot_control) by extensions ['colcon_meta']
[1.498s] Level 1:colcon.colcon_core.package_identification:_identify(src/spot_ros/spot_control) by extension 'colcon_meta'
[1.498s] Level 1:colcon.colcon_core.package_identification:_identify(src/spot_ros/spot_control) by extensions ['ros']
[1.498s] Level 1:colcon.colcon_core.package_identification:_identify(src/spot_ros/spot_control) by extension 'ros'
[1.498s] DEBUG:colcon.colcon_core.package_identification:Package 'src/spot_ros/spot_control' with type 'ros.ament_cmake' and name 'spot_control'
[1.498s] Level 1:colcon.colcon_core.package_identification:_identify(src/spot_ros/spot_description) by extensions ['ignore', 'ignore_ament_install']
[1.498s] Level 1:colcon.colcon_core.package_identification:_identify(src/spot_ros/spot_description) by extension 'ignore'
[1.498s] Level 1:colcon.colcon_core.package_identification:_identify(src/spot_ros/spot_description) by extension 'ignore_ament_install'
[1.498s] Level 1:colcon.colcon_core.package_identification:_identify(src/spot_ros/spot_description) by extensions ['colcon_pkg']
[1.498s] Level 1:colcon.colcon_core.package_identification:_identify(src/spot_ros/spot_description) by extension 'colcon_pkg'
[1.498s] Level 1:colcon.colcon_core.package_identification:_identify(src/spot_ros/spot_description) by extensions ['colcon_meta']
[1.498s] Level 1:colcon.colcon_core.package_identification:_identify(src/spot_ros/spot_description) by extension 'colcon_meta'
[1.498s] Level 1:colcon.colcon_core.package_identification:_identify(src/spot_ros/spot_description) by extensions ['ros']
[1.498s] Level 1:colcon.colcon_core.package_identification:_identify(src/spot_ros/spot_description) by extension 'ros'
[1.499s] DEBUG:colcon.colcon_core.package_identification:Package 'src/spot_ros/spot_description' with type 'ros.ament_cmake' and name 'spot_description'
[1.499s] Level 1:colcon.colcon_core.package_identification:_identify(src/spot_ros/spot_driver) by extensions ['ignore', 'ignore_ament_install']
[1.499s] Level 1:colcon.colcon_core.package_identification:_identify(src/spot_ros/spot_driver) by extension 'ignore'
[1.499s] Level 1:colcon.colcon_core.package_identification:_identify(src/spot_ros/spot_driver) by extension 'ignore_ament_install'
[1.499s] Level 1:colcon.colcon_core.package_identification:_identify(src/spot_ros/spot_driver) by extensions ['colcon_pkg']
[1.499s] Level 1:colcon.colcon_core.package_identification:_identify(src/spot_ros/spot_driver) by extension 'colcon_pkg'
[1.499s] Level 1:colcon.colcon_core.package_identification:_identify(src/spot_ros/spot_driver) by extensions ['colcon_meta']
[1.499s] Level 1:colcon.colcon_core.package_identification:_identify(src/spot_ros/spot_driver) by extension 'colcon_meta'
[1.499s] Level 1:colcon.colcon_core.package_identification:_identify(src/spot_ros/spot_driver) by extensions ['ros']
[1.499s] Level 1:colcon.colcon_core.package_identification:_identify(src/spot_ros/spot_driver) by extension 'ros'
[1.499s] DEBUG:colcon.colcon_core.package_identification:Package 'src/spot_ros/spot_driver' with type 'ros.ament_python' and name 'spot_driver'
[1.500s] Level 1:colcon.colcon_core.package_identification:_identify(src/spot_ros/spot_gazebo) by extensions ['ignore', 'ignore_ament_install']
[1.500s] Level 1:colcon.colcon_core.package_identification:_identify(src/spot_ros/spot_gazebo) by extension 'ignore'
[1.500s] Level 1:colcon.colcon_core.package_identification:_identify(src/spot_ros/spot_gazebo) by extension 'ignore_ament_install'
[1.500s] Level 1:colcon.colcon_core.package_identification:_identify(src/spot_ros/spot_gazebo) by extensions ['colcon_pkg']
[1.500s] Level 1:colcon.colcon_core.package_identification:_identify(src/spot_ros/spot_gazebo) by extension 'colcon_pkg'
[1.500s] Level 1:colcon.colcon_core.package_identification:_identify(src/spot_ros/spot_gazebo) by extensions ['colcon_meta']
[1.500s] Level 1:colcon.colcon_core.package_identification:_identify(src/spot_ros/spot_gazebo) by extension 'colcon_meta'
[1.500s] Level 1:colcon.colcon_core.package_identification:_identify(src/spot_ros/spot_gazebo) by extensions ['ros']
[1.500s] Level 1:colcon.colcon_core.package_identification:_identify(src/spot_ros/spot_gazebo) by extension 'ros'
[1.500s] DEBUG:colcon.colcon_core.package_identification:Package 'src/spot_ros/spot_gazebo' with type 'ros.ament_cmake' and name 'spot_gazebo'
[1.500s] Level 1:colcon.colcon_core.package_identification:_identify(src/spot_ros/spot_msgs) by extensions ['ignore', 'ignore_ament_install']
[1.500s] Level 1:colcon.colcon_core.package_identification:_identify(src/spot_ros/spot_msgs) by extension 'ignore'
[1.500s] Level 1:colcon.colcon_core.package_identification:_identify(src/spot_ros/spot_msgs) by extension 'ignore_ament_install'
[1.500s] Level 1:colcon.colcon_core.package_identification:_identify(src/spot_ros/spot_msgs) by extensions ['colcon_pkg']
[1.500s] Level 1:colcon.colcon_core.package_identification:_identify(src/spot_ros/spot_msgs) by extension 'colcon_pkg'
[1.500s] Level 1:colcon.colcon_core.package_identification:_identify(src/spot_ros/spot_msgs) by extensions ['colcon_meta']
[1.500s] Level 1:colcon.colcon_core.package_identification:_identify(src/spot_ros/spot_msgs) by extension 'colcon_meta'
[1.501s] Level 1:colcon.colcon_core.package_identification:_identify(src/spot_ros/spot_msgs) by extensions ['ros']
[1.501s] Level 1:colcon.colcon_core.package_identification:_identify(src/spot_ros/spot_msgs) by extension 'ros'
[1.501s] DEBUG:colcon.colcon_core.package_identification:Package 'src/spot_ros/spot_msgs' with type 'ros.ament_cmake' and name 'spot_msgs'
[1.501s] Level 1:colcon.colcon_core.package_identification:_identify(src/spot_ros/spot_navigation) by extensions ['ignore', 'ignore_ament_install']
[1.501s] Level 1:colcon.colcon_core.package_identification:_identify(src/spot_ros/spot_navigation) by extension 'ignore'
[1.501s] Level 1:colcon.colcon_core.package_identification:_identify(src/spot_ros/spot_navigation) by extension 'ignore_ament_install'
[1.501s] Level 1:colcon.colcon_core.package_identification:_identify(src/spot_ros/spot_navigation) by extensions ['colcon_pkg']
[1.501s] Level 1:colcon.colcon_core.package_identification:_identify(src/spot_ros/spot_navigation) by extension 'colcon_pkg'
[1.501s] Level 1:colcon.colcon_core.package_identification:_identify(src/spot_ros/spot_navigation) by extensions ['colcon_meta']
[1.501s] Level 1:colcon.colcon_core.package_identification:_identify(src/spot_ros/spot_navigation) by extension 'colcon_meta'
[1.501s] Level 1:colcon.colcon_core.package_identification:_identify(src/spot_ros/spot_navigation) by extensions ['ros']
[1.501s] Level 1:colcon.colcon_core.package_identification:_identify(src/spot_ros/spot_navigation) by extension 'ros'
[1.501s] DEBUG:colcon.colcon_core.package_identification:Package 'src/spot_ros/spot_navigation' with type 'ros.ament_cmake' and name 'spot_navigation'
[1.502s] Level 1:colcon.colcon_core.package_identification:_identify(src/spot_ros/spot_ros) by extensions ['ignore', 'ignore_ament_install']
[1.502s] Level 1:colcon.colcon_core.package_identification:_identify(src/spot_ros/spot_ros) by extension 'ignore'
[1.502s] Level 1:colcon.colcon_core.package_identification:_identify(src/spot_ros/spot_ros) by extension 'ignore_ament_install'
[1.502s] Level 1:colcon.colcon_core.package_identification:_identify(src/spot_ros/spot_ros) by extensions ['colcon_pkg']
[1.502s] Level 1:colcon.colcon_core.package_identification:_identify(src/spot_ros/spot_ros) by extension 'colcon_pkg'
[1.502s] Level 1:colcon.colcon_core.package_identification:_identify(src/spot_ros/spot_ros) by extensions ['colcon_meta']
[1.502s] Level 1:colcon.colcon_core.package_identification:_identify(src/spot_ros/spot_ros) by extension 'colcon_meta'
[1.502s] Level 1:colcon.colcon_core.package_identification:_identify(src/spot_ros/spot_ros) by extensions ['ros']
[1.502s] Level 1:colcon.colcon_core.package_identification:_identify(src/spot_ros/spot_ros) by extension 'ros'
[1.502s] DEBUG:colcon.colcon_core.package_identification:Package 'src/spot_ros/spot_ros' with type 'ros.ament_cmake' and name 'spot_ros'
[1.502s] Level 1:colcon.colcon_core.package_identification:_identify(src/spot_ros/spot_viz) by extensions ['ignore', 'ignore_ament_install']
[1.502s] Level 1:colcon.colcon_core.package_identification:_identify(src/spot_ros/spot_viz) by extension 'ignore'
[1.502s] Level 1:colcon.colcon_core.package_identification:_identify(src/spot_ros/spot_viz) by extension 'ignore_ament_install'
[1.502s] Level 1:colcon.colcon_core.package_identification:_identify(src/spot_ros/spot_viz) by extensions ['colcon_pkg']
[1.502s] Level 1:colcon.colcon_core.package_identification:_identify(src/spot_ros/spot_viz) by extension 'colcon_pkg'
[1.502s] Level 1:colcon.colcon_core.package_identification:_identify(src/spot_ros/spot_viz) by extensions ['colcon_meta']
[1.502s] Level 1:colcon.colcon_core.package_identification:_identify(src/spot_ros/spot_viz) by extension 'colcon_meta'
[1.502s] Level 1:colcon.colcon_core.package_identification:_identify(src/spot_ros/spot_viz) by extensions ['ros']
[1.502s] Level 1:colcon.colcon_core.package_identification:_identify(src/spot_ros/spot_viz) by extension 'ros'
[1.503s] DEBUG:colcon.colcon_core.package_identification:Package 'src/spot_ros/spot_viz' with type 'ros.ament_cmake' and name 'spot_viz'
[1.503s] Level 1:colcon.colcon_core.package_discovery:discover_packages(recursive) using defaults
[1.503s] Level 1:colcon.colcon_core.package_discovery:discover_packages(ignore) discover
[1.503s] Level 1:colcon.colcon_core.package_discovery:discover_packages(ignore) using defaults
[1.503s] Level 1:colcon.colcon_core.package_discovery:discover_packages(path) discover
[1.503s] Level 1:colcon.colcon_core.package_discovery:discover_packages(path) using defaults
[1.587s] INFO:colcon.colcon_core.package_selection:Skipping not selected package 'spot_arm_moveit2_config' in 'src/nrg_spot_manipulation_moveit/spot_arm_moveit2_config'
[1.587s] INFO:colcon.colcon_core.package_selection:Skipping not selected package 'spot_control' in 'src/spot_ros/spot_control'
[1.587s] INFO:colcon.colcon_core.package_selection:Skipping not selected package 'spot_description' in 'src/spot_ros/spot_description'
[1.587s] INFO:colcon.colcon_core.package_selection:Skipping not selected package 'spot_manipulation_driver' in 'src/nrg_spot_manipulation/spot_manipulation_driver'
[1.587s] INFO:colcon.colcon_core.package_selection:Skipping not selected package 'spot_msgs' in 'src/spot_ros/spot_msgs'
[1.587s] INFO:colcon.colcon_core.package_selection:Skipping not selected package 'spot_navigation' in 'src/spot_ros/spot_navigation'
[1.587s] INFO:colcon.colcon_core.package_selection:Skipping not selected package 'spot_driver' in 'src/spot_ros/spot_driver'
[1.587s] INFO:colcon.colcon_core.package_selection:Skipping not selected package 'spot_gazebo' in 'src/spot_ros/spot_gazebo'
[1.587s] INFO:colcon.colcon_core.package_selection:Skipping not selected package 'spot_viz' in 'src/spot_ros/spot_viz'
[1.587s] INFO:colcon.colcon_core.package_selection:Skipping not selected package 'spot_bringup' in 'src/spot_ros/spot_bringup'
[1.587s] INFO:colcon.colcon_core.package_selection:Skipping not selected package 'spot_ros' in 'src/spot_ros/spot_ros'
[1.635s] Level 1:colcon.colcon_core.package_discovery:discover_packages(prefix_path) check parameters
[1.636s] Level 1:colcon.colcon_core.package_discovery:discover_packages(prefix_path) discover
[1.666s] WARNING:colcon.colcon_ros.prefix_path.ament:The path '/home/caleb/ros2_ws/install/manipulator_path_optimization' in the environment variable AMENT_PREFIX_PATH doesn't exist
[1.666s] WARNING:colcon.colcon_ros.prefix_path.ament:The path '/home/caleb/ros2_ws/install/manipulator_controller' in the environment variable AMENT_PREFIX_PATH doesn't exist
[1.666s] WARNING:colcon.colcon_ros.prefix_path.catkin:The path '/home/caleb/ros2_ws/install/manipulator_path_optimization' in the environment variable CMAKE_PREFIX_PATH doesn't exist
[1.666s] WARNING:colcon.colcon_ros.prefix_path.catkin:The path '/home/caleb/ros2_ws/install/manipulator_controller' in the environment variable CMAKE_PREFIX_PATH doesn't exist
[1.691s] DEBUG:colcon.colcon_installed_package_information.package_discovery:Found 12 installed packages in /home/caleb/ros2_ws/install
[1.717s] DEBUG:colcon.colcon_installed_package_information.package_discovery:Found 359 installed packages in /opt/ros/galactic
[1.718s] Level 1:colcon.colcon_core.package_discovery:discover_packages(prefix_path) using defaults
[1.811s] Level 5:colcon.colcon_core.verb:set package 'optimization' build argument 'cmake_args' from command line to 'None'
[1.811s] Level 5:colcon.colcon_core.verb:set package 'optimization' build argument 'cmake_target' from command line to 'None'
[1.811s] Level 5:colcon.colcon_core.verb:set package 'optimization' build argument 'cmake_target_skip_unavailable' from command line to 'False'
[1.811s] Level 5:colcon.colcon_core.verb:set package 'optimization' build argument 'cmake_clean_cache' from command line to 'False'
[1.811s] Level 5:colcon.colcon_core.verb:set package 'optimization' build argument 'cmake_clean_first' from command line to 'False'
[1.811s] Level 5:colcon.colcon_core.verb:set package 'optimization' build argument 'cmake_force_configure' from command line to 'False'
[1.811s] Level 5:colcon.colcon_core.verb:set package 'optimization' build argument 'ament_cmake_args' from command line to 'None'
[1.811s] Level 5:colcon.colcon_core.verb:set package 'optimization' build argument 'catkin_cmake_args' from command line to 'None'
[1.811s] Level 5:colcon.colcon_core.verb:set package 'optimization' build argument 'catkin_skip_building_tests' from command line to 'False'
[1.811s] DEBUG:colcon.colcon_core.verb:Building package 'optimization' with the following arguments: {'ament_cmake_args': None, 'build_base': '/home/caleb/ros2_ws/build/optimization', 'catkin_cmake_args': None, 'catkin_skip_building_tests': False, 'cmake_args': None, 'cmake_clean_cache': False, 'cmake_clean_first': False, 'cmake_force_configure': False, 'cmake_target': None, 'cmake_target_skip_unavailable': False, 'install_base': '/home/caleb/ros2_ws/install/optimization', 'merge_install': False, 'path': '/home/caleb/ros2_ws/src/optimization', 'symlink_install': False, 'test_result_base': None}
[1.836s] INFO:colcon.colcon_core.executor:Executing jobs using 'parallel' executor
[1.866s] DEBUG:colcon.colcon_parallel_executor.executor.parallel:run_until_complete
[1.866s] INFO:colcon.colcon_ros.task.ament_cmake.build:Building ROS package in '/home/caleb/ros2_ws/src/optimization' with build type 'ament_cmake'
[1.866s] INFO:colcon.colcon_cmake.task.cmake.build:Building CMake package in '/home/caleb/ros2_ws/src/optimization'
[1.892s] INFO:colcon.colcon_core.plugin_system:Skipping extension 'colcon_core.shell.bat': Not used on non-Windows systems
[1.892s] INFO:colcon.colcon_core.shell:Skip shell extension 'powershell' for command environment: Not usable outside of PowerShell
[1.892s] DEBUG:colcon.colcon_core.shell:Skip shell extension 'dsv' for command environment
[1.975s] DEBUG:colcon.colcon_core.event_handler.log_command:Invoking command in '/home/caleb/ros2_ws/build/optimization': CMAKE_PREFIX_PATH=${CMAKE_PREFIX_PATH}:/home/caleb/ros2_ws/install/spot_driver:/home/caleb/ros2_ws/install/spot_manipulation_driver:/opt/ros/galactic /usr/local/bin/cmake --build /home/caleb/ros2_ws/build/optimization -- -j20 -l20
[4.719s] DEBUG:colcon.colcon_core.event_handler.log_command:Invoked command in '/home/caleb/ros2_ws/build/optimization' returned '0': CMAKE_PREFIX_PATH=${CMAKE_PREFIX_PATH}:/home/caleb/ros2_ws/install/spot_driver:/home/caleb/ros2_ws/install/spot_manipulation_driver:/opt/ros/galactic /usr/local/bin/cmake --build /home/caleb/ros2_ws/build/optimization -- -j20 -l20
[4.731s] DEBUG:colcon.colcon_core.event_handler.log_command:Invoking command in '/home/caleb/ros2_ws/build/optimization': CMAKE_PREFIX_PATH=${CMAKE_PREFIX_PATH}:/home/caleb/ros2_ws/install/spot_driver:/home/caleb/ros2_ws/install/spot_manipulation_driver:/opt/ros/galactic /usr/local/bin/cmake --install /home/caleb/ros2_ws/build/optimization
[4.733s] Level 1:colcon.colcon_core.environment:create_environment_scripts_only(optimization)
[4.734s] DEBUG:colcon.colcon_core.event_handler.log_command:Invoked command in '/home/caleb/ros2_ws/build/optimization' returned '0': CMAKE_PREFIX_PATH=${CMAKE_PREFIX_PATH}:/home/caleb/ros2_ws/install/spot_driver:/home/caleb/ros2_ws/install/spot_manipulation_driver:/opt/ros/galactic /usr/local/bin/cmake --install /home/caleb/ros2_ws/build/optimization
[4.762s] Level 1:colcon.colcon_core.environment:checking '/home/caleb/ros2_ws/install/optimization' for CMake module files
[4.762s] Level 1:colcon.colcon_core.environment:checking '/home/caleb/ros2_ws/install/optimization' for CMake config files
[4.762s] Level 1:colcon.colcon_core.shell:create_environment_hook('optimization', 'cmake_prefix_path')
[4.788s] INFO:colcon.colcon_core.shell:Creating environment hook '/home/caleb/ros2_ws/install/optimization/share/optimization/hook/cmake_prefix_path.ps1'
[4.788s] INFO:colcon.colcon_core.shell:Creating environment descriptor '/home/caleb/ros2_ws/install/optimization/share/optimization/hook/cmake_prefix_path.dsv'
[4.789s] INFO:colcon.colcon_core.shell:Creating environment hook '/home/caleb/ros2_ws/install/optimization/share/optimization/hook/cmake_prefix_path.sh'
[4.789s] Level 1:colcon.colcon_core.environment:checking '/home/caleb/ros2_ws/install/optimization/lib'
[4.789s] Level 1:colcon.colcon_core.environment:checking '/home/caleb/ros2_ws/install/optimization/bin'
[4.789s] Level 1:colcon.colcon_core.environment:checking '/home/caleb/ros2_ws/install/optimization/lib/pkgconfig/optimization.pc'
[4.789s] Level 1:colcon.colcon_core.environment:checking '/home/caleb/ros2_ws/install/optimization/lib/python3.8/site-packages'
[4.789s] Level 1:colcon.colcon_core.environment:checking '/home/caleb/ros2_ws/install/optimization/bin'
[4.815s] INFO:colcon.colcon_core.shell:Creating package script '/home/caleb/ros2_ws/install/optimization/share/optimization/package.ps1'
[4.815s] INFO:colcon.colcon_core.shell:Creating package descriptor '/home/caleb/ros2_ws/install/optimization/share/optimization/package.dsv'
[4.815s] INFO:colcon.colcon_core.shell:Creating package script '/home/caleb/ros2_ws/install/optimization/share/optimization/package.sh'
[4.816s] INFO:colcon.colcon_core.shell:Creating package script '/home/caleb/ros2_ws/install/optimization/share/optimization/package.bash'
[4.816s] INFO:colcon.colcon_core.shell:Creating package script '/home/caleb/ros2_ws/install/optimization/share/optimization/package.zsh'
[4.816s] Level 1:colcon.colcon_core.environment:create_file_with_runtime_dependencies(/home/caleb/ros2_ws/install/optimization/share/colcon-core/packages/optimization)
[4.851s] Level 1:colcon.colcon_core.environment:create_environment_scripts_only(optimization)
[4.877s] Level 1:colcon.colcon_core.environment:checking '/home/caleb/ros2_ws/install/optimization' for CMake module files
[4.877s] Level 1:colcon.colcon_core.environment:checking '/home/caleb/ros2_ws/install/optimization' for CMake config files
[4.877s] Level 1:colcon.colcon_core.shell:create_environment_hook('optimization', 'cmake_prefix_path')
[4.902s] INFO:colcon.colcon_core.shell:Creating environment hook '/home/caleb/ros2_ws/install/optimization/share/optimization/hook/cmake_prefix_path.ps1'
[4.910s] INFO:colcon.colcon_core.shell:Creating environment descriptor '/home/caleb/ros2_ws/install/optimization/share/optimization/hook/cmake_prefix_path.dsv'
[4.910s] INFO:colcon.colcon_core.shell:Creating environment hook '/home/caleb/ros2_ws/install/optimization/share/optimization/hook/cmake_prefix_path.sh'
[4.910s] Level 1:colcon.colcon_core.environment:checking '/home/caleb/ros2_ws/install/optimization/lib'
[4.910s] Level 1:colcon.colcon_core.environment:checking '/home/caleb/ros2_ws/install/optimization/bin'
[4.910s] Level 1:colcon.colcon_core.environment:checking '/home/caleb/ros2_ws/install/optimization/lib/pkgconfig/optimization.pc'
[4.911s] Level 1:colcon.colcon_core.environment:checking '/home/caleb/ros2_ws/install/optimization/lib/python3.8/site-packages'
[4.911s] Level 1:colcon.colcon_core.environment:checking '/home/caleb/ros2_ws/install/optimization/bin'
[4.936s] INFO:colcon.colcon_core.shell:Creating package script '/home/caleb/ros2_ws/install/optimization/share/optimization/package.ps1'
[4.936s] INFO:colcon.colcon_core.shell:Creating package descriptor '/home/caleb/ros2_ws/install/optimization/share/optimization/package.dsv'
[4.936s] INFO:colcon.colcon_core.shell:Creating package script '/home/caleb/ros2_ws/install/optimization/share/optimization/package.sh'
[4.936s] INFO:colcon.colcon_core.shell:Creating package script '/home/caleb/ros2_ws/install/optimization/share/optimization/package.bash'
[4.936s] INFO:colcon.colcon_core.shell:Creating package script '/home/caleb/ros2_ws/install/optimization/share/optimization/package.zsh'
[4.937s] Level 1:colcon.colcon_core.environment:create_file_with_runtime_dependencies(/home/caleb/ros2_ws/install/optimization/share/colcon-core/packages/optimization)
[4.937s] DEBUG:colcon.colcon_parallel_executor.executor.parallel:closing loop
[4.937s] DEBUG:colcon.colcon_parallel_executor.executor.parallel:loop closed
[4.937s] DEBUG:colcon.colcon_parallel_executor.executor.parallel:run_until_complete finished with '0'
[4.937s] DEBUG:colcon.colcon_core.event_reactor:joining thread
[4.966s] INFO:colcon.colcon_core.plugin_system:Skipping extension 'colcon_notification.desktop_notification.terminal_notifier': Not used on non-Darwin systems
[4.966s] INFO:colcon.colcon_core.plugin_system:Skipping extension 'colcon_notification.desktop_notification.win32': Not used on non-Windows systems
[4.966s] INFO:colcon.colcon_notification.desktop_notification:Sending desktop notification using 'notify2'
[4.979s] DEBUG:colcon.colcon_core.event_reactor:joined thread
[5.006s] INFO:colcon.colcon_core.shell:Creating prefix script '/home/caleb/ros2_ws/install/local_setup.ps1'
[5.006s] INFO:colcon.colcon_core.shell:Creating prefix util module '/home/caleb/ros2_ws/install/_local_setup_util_ps1.py'
[5.007s] INFO:colcon.colcon_core.shell:Creating prefix chain script '/home/caleb/ros2_ws/install/setup.ps1'
[5.033s] INFO:colcon.colcon_core.shell:Creating prefix script '/home/caleb/ros2_ws/install/local_setup.sh'
[5.033s] INFO:colcon.colcon_core.shell:Creating prefix util module '/home/caleb/ros2_ws/install/_local_setup_util_sh.py'
[5.033s] INFO:colcon.colcon_core.shell:Creating prefix chain script '/home/caleb/ros2_ws/install/setup.sh'
[5.059s] INFO:colcon.colcon_core.shell:Creating prefix script '/home/caleb/ros2_ws/install/local_setup.bash'
[5.059s] INFO:colcon.colcon_core.shell:Creating prefix chain script '/home/caleb/ros2_ws/install/setup.bash'
[5.092s] INFO:colcon.colcon_core.shell:Creating prefix script '/home/caleb/ros2_ws/install/local_setup.zsh'
[5.092s] INFO:colcon.colcon_core.shell:Creating prefix chain script '/home/caleb/ros2_ws/install/setup.zsh'
