[0.470s] Invoking command in '/home/caleb/ros2_ws/build/optimization': CMAKE_PREFIX_PATH=${CMAKE_PREFIX_PATH}:/home/caleb/ros2_ws/install/spot_driver:/home/caleb/ros2_ws/install/spot_manipulation_driver:/opt/ros/galactic /usr/local/bin/cmake --build /home/caleb/ros2_ws/build/optimization -- -j20 -l20
[0.742s] [100%] Built target optimization
[0.750s] Invoked command in '/home/caleb/ros2_ws/build/optimization' returned '0': CMAKE_PREFIX_PATH=${CMAKE_PREFIX_PATH}:/home/caleb/ros2_ws/install/spot_driver:/home/caleb/ros2_ws/install/spot_manipulation_driver:/opt/ros/galactic /usr/local/bin/cmake --build /home/caleb/ros2_ws/build/optimization -- -j20 -l20
[0.823s] Invoking command in '/home/caleb/ros2_ws/build/optimization': CMAKE_PREFIX_PATH=${CMAKE_PREFIX_PATH}:/home/caleb/ros2_ws/install/spot_driver:/home/caleb/ros2_ws/install/spot_manipulation_driver:/opt/ros/galactic /usr/local/bin/cmake --install /home/caleb/ros2_ws/build/optimization
[0.840s] -- Install configuration: ""
[0.840s] -- Up-to-date: /home/caleb/ros2_ws/install/optimization/share/optimization//launch
[0.840s] -- Up-to-date: /home/caleb/ros2_ws/install/optimization/share/optimization//launch/robot_simulation.launch.py
[0.841s] -- Up-to-date: /home/caleb/ros2_ws/install/optimization/lib/optimization/optimization
[0.841s] -- Up-to-date: /home/caleb/ros2_ws/install/optimization/share/ament_index/resource_index/package_run_dependencies/optimization
[0.841s] -- Up-to-date: /home/caleb/ros2_ws/install/optimization/share/ament_index/resource_index/parent_prefix_path/optimization
[0.842s] -- Up-to-date: /home/caleb/ros2_ws/install/optimization/share/optimization/environment/ament_prefix_path.sh
[0.842s] -- Up-to-date: /home/caleb/ros2_ws/install/optimization/share/optimization/environment/ament_prefix_path.dsv
[0.843s] -- Up-to-date: /home/caleb/ros2_ws/install/optimization/share/optimization/environment/path.sh
[0.843s] -- Up-to-date: /home/caleb/ros2_ws/install/optimization/share/optimization/environment/path.dsv
[0.844s] -- Up-to-date: /home/caleb/ros2_ws/install/optimization/share/optimization/local_setup.bash
[0.844s] -- Up-to-date: /home/caleb/ros2_ws/install/optimization/share/optimization/local_setup.sh
[0.845s] -- Up-to-date: /home/caleb/ros2_ws/install/optimization/share/optimization/local_setup.zsh
[0.845s] -- Up-to-date: /home/caleb/ros2_ws/install/optimization/share/optimization/local_setup.dsv
[0.845s] -- Up-to-date: /home/caleb/ros2_ws/install/optimization/share/optimization/package.dsv
[0.846s] -- Up-to-date: /home/caleb/ros2_ws/install/optimization/share/ament_index/resource_index/packages/optimization
[0.846s] -- Up-to-date: /home/caleb/ros2_ws/install/optimization/share/optimization/cmake/optimizationConfig.cmake
[0.847s] -- Up-to-date: /home/caleb/ros2_ws/install/optimization/share/optimization/cmake/optimizationConfig-version.cmake
[0.847s] -- Up-to-date: /home/caleb/ros2_ws/install/optimization/share/optimization/package.xml
[1.440s] Invoked command in '/home/caleb/ros2_ws/build/optimization' returned '0': CMAKE_PREFIX_PATH=${CMAKE_PREFIX_PATH}:/home/caleb/ros2_ws/install/spot_driver:/home/caleb/ros2_ws/install/spot_manipulation_driver:/opt/ros/galactic /usr/local/bin/cmake --install /home/caleb/ros2_ws/build/optimization
