[1.843s] Invoking command in '/home/caleb/ros2_ws/src/nrg_spot_manipulation/spot_manipulation_driver': PYTHONPATH=/home/caleb/ros2_ws/build/spot_manipulation_driver/prefix_override:/home/caleb/ros2_ws/install/spot_manipulation_driver/lib/python3.8/site-packages:${PYTHONPATH} /usr/bin/python3 setup.py egg_info --egg-base ../../../build/spot_manipulation_driver build --build-base /home/caleb/ros2_ws/build/spot_manipulation_driver/build install --record /home/caleb/ros2_ws/build/spot_manipulation_driver/install.log --single-version-externally-managed
[2.215s] running egg_info
[2.216s] writing ../../../build/spot_manipulation_driver/spot_manipulation_driver.egg-info/PKG-INFO
[2.216s] writing dependency_links to ../../../build/spot_manipulation_driver/spot_manipulation_driver.egg-info/dependency_links.txt
[2.216s] writing entry points to ../../../build/spot_manipulation_driver/spot_manipulation_driver.egg-info/entry_points.txt
[2.216s] writing requirements to ../../../build/spot_manipulation_driver/spot_manipulation_driver.egg-info/requires.txt
[2.217s] writing top-level names to ../../../build/spot_manipulation_driver/spot_manipulation_driver.egg-info/top_level.txt
[2.217s] reading manifest file '../../../build/spot_manipulation_driver/spot_manipulation_driver.egg-info/SOURCES.txt'
[2.217s] writing manifest file '../../../build/spot_manipulation_driver/spot_manipulation_driver.egg-info/SOURCES.txt'
[2.218s] running build
[2.218s] running build_py
[2.219s] running install
[2.219s] running install_lib
[2.219s] running install_data
[2.219s] running install_egg_info
[2.220s] removing '/home/caleb/ros2_ws/install/spot_manipulation_driver/lib/python3.8/site-packages/spot_manipulation_driver-0.0.0-py3.8.egg-info' (and everything under it)
[2.220s] Copying ../../../build/spot_manipulation_driver/spot_manipulation_driver.egg-info to /home/caleb/ros2_ws/install/spot_manipulation_driver/lib/python3.8/site-packages/spot_manipulation_driver-0.0.0-py3.8.egg-info
[2.221s] running install_scripts
[2.221s] Installing follow_joint_trajectory_action_server script to /home/caleb/ros2_ws/install/spot_manipulation_driver/lib/spot_manipulation_driver
[2.221s] writing list of installed files to '/home/caleb/ros2_ws/build/spot_manipulation_driver/install.log'
[2.911s] Invoked command in '/home/caleb/ros2_ws/src/nrg_spot_manipulation/spot_manipulation_driver' returned '0': PYTHONPATH=/home/caleb/ros2_ws/build/spot_manipulation_driver/prefix_override:/home/caleb/ros2_ws/install/spot_manipulation_driver/lib/python3.8/site-packages:${PYTHONPATH} /usr/bin/python3 setup.py egg_info --egg-base ../../../build/spot_manipulation_driver build --build-base /home/caleb/ros2_ws/build/spot_manipulation_driver/build install --record /home/caleb/ros2_ws/build/spot_manipulation_driver/install.log --single-version-externally-managed
