[1.166s] Invoking command in '/home/caleb/ros2_ws/build/moveit_ros_occupancy_map_monitor': AMENT_PREFIX_PATH=/home/caleb/ros2_ws/install/moveit_core:/home/caleb/ros2_ws/install/moveit_common:${AMENT_PREFIX_PATH} CMAKE_PREFIX_PATH=/home/caleb/ros2_ws/install/moveit_core:/home/caleb/ros2_ws/install/moveit_common:/home/caleb/ros2_ws/install/spot_ros:/home/caleb/ros2_ws/install/spot_viz:/home/caleb/ros2_ws/install/spot_bringup:/home/caleb/ros2_ws/install/spot_navigation:/home/caleb/ros2_ws/install/spot_msgs:/home/caleb/ros2_ws/install/spot_gazebo:/home/caleb/ros2_ws/install/spot_description:/home/caleb/ros2_ws/install/spot_control:/home/caleb/ros2_ws/install/spot_arm_moveit2_config:/home/caleb/ros2_ws/install/optimization:/home/caleb/ros2_ws/install/spot_driver:/home/caleb/ros2_ws/install/spot_manipulation_driver:/opt/ros/galactic LD_LIBRARY_PATH=/home/caleb/ros2_ws/install/moveit_core/lib:${LD_LIBRARY_PATH} PATH=/home/caleb/ros2_ws/install/moveit_core/bin:${PATH} /usr/local/bin/cmake /home/caleb/ros2_ws/src/moveit2/moveit_ros/occupancy_map_monitor -DCMAKE_BUILD_TYPE=Release -DCMAKE_INSTALL_PREFIX=/home/caleb/ros2_ws/install/moveit_ros_occupancy_map_monitor
[1.240s] -- The C compiler identification is GNU 9.4.0
[1.280s] -- The CXX compiler identification is GNU 9.4.0
[1.287s] -- Detecting C compiler ABI info
[1.319s] -- Detecting C compiler ABI info - done
[1.328s] -- Check for working C compiler: /usr/bin/cc - skipped
[1.329s] -- Detecting C compile features
[1.329s] -- Detecting C compile features - done
[1.332s] -- Detecting CXX compiler ABI info
[1.372s] -- Detecting CXX compiler ABI info - done
[1.382s] -- Check for working CXX compiler: /usr/bin/c++ - skipped
[1.382s] -- Detecting CXX compile features
[1.382s] -- Detecting CXX compile features - done
[1.384s] -- Found moveit_common: 2.3.4 (/home/caleb/ros2_ws/install/moveit_common/share/moveit_common/cmake)
[1.387s] -- Found ament_cmake: 1.1.6 (/opt/ros/galactic/share/ament_cmake/cmake)
[1.408s] -- Found PythonInterp: /usr/bin/python3 (found suitable version "3.8.10", minimum required is "3") 
[1.408s] -- Using PYTHON_EXECUTABLE: /usr/bin/python3
[1.561s] -- Found moveit_core: 2.3.4 (/home/caleb/ros2_ws/install/moveit_core/share/moveit_core/cmake)
[1.708s] -- Found Boost: /usr/lib/x86_64-linux-gnu/cmake/Boost-1.71.0/BoostConfig.cmake (found version "1.71.0") found components: chrono date_time filesystem iostreams program_options regex serialization system thread 
[1.722s] -- Found Boost: /usr/lib/x86_64-linux-gnu/cmake/Boost-1.71.0/BoostConfig.cmake (found version "1.71.0") found components: filesystem 
[1.765s] -- Using all available rosidl_typesupport_c: rosidl_typesupport_fastrtps_c;rosidl_typesupport_introspection_c
[1.772s] -- Found rosidl_adapter: 2.2.3 (/opt/ros/galactic/share/rosidl_adapter/cmake)
[1.823s] -- Found OpenSSL: /usr/lib/x86_64-linux-gnu/libcrypto.so (found version "1.1.1f")  
[1.845s] -- Found FastRTPS: /opt/ros/galactic/include  
[1.898s] -- Using all available rosidl_typesupport_cpp: rosidl_typesupport_fastrtps_cpp;rosidl_typesupport_introspection_cpp
[1.998s] -- Found rmw_implementation_cmake: 3.3.1 (/opt/ros/galactic/share/rmw_implementation_cmake/cmake)
[2.001s] -- Found rmw_cyclonedds_cpp: 0.22.6 (/opt/ros/galactic/share/rmw_cyclonedds_cpp/cmake)
[2.013s] -- Using RMW implementation 'rmw_cyclonedds_cpp' as default
[2.014s] -- Found Threads: TRUE  
[2.149s] -- library: /usr/lib/x86_64-linux-gnu/libcurl.so
[2.267s] -- Found Eigen3: TRUE (found version "3.3.7") 
[3.383s] -- Found Boost: /usr/lib/x86_64-linux-gnu/cmake/Boost-1.71.0/BoostConfig.cmake (found version "1.71.0") found components: thread 
[3.394s] -- Found ament_lint_auto: 0.10.7 (/opt/ros/galactic/share/ament_lint_auto/cmake)
[3.409s] -- Found gmock sources under '/opt/ros/galactic/src/gmock_vendor': C++ tests using 'Google Mock' will be built
[3.414s] -- Found ament_cmake_gtest: 1.1.6 (/opt/ros/galactic/share/ament_cmake_gtest/cmake)
[3.415s] -- Found gtest sources under '/opt/ros/galactic/src/gtest_vendor': C++ tests using 'Google Test' will be built
[3.420s] -- Added test 'lint_cmake' to check CMake code style
[3.421s] -- Added test 'xmllint' to check XML markup files
[3.422s] -- Configuring done
[3.461s] -- Generating done
[3.463s] -- Build files have been written to: /home/caleb/ros2_ws/build/moveit_ros_occupancy_map_monitor
[3.473s] Invoked command in '/home/caleb/ros2_ws/build/moveit_ros_occupancy_map_monitor' returned '0': AMENT_PREFIX_PATH=/home/caleb/ros2_ws/install/moveit_core:/home/caleb/ros2_ws/install/moveit_common:${AMENT_PREFIX_PATH} CMAKE_PREFIX_PATH=/home/caleb/ros2_ws/install/moveit_core:/home/caleb/ros2_ws/install/moveit_common:/home/caleb/ros2_ws/install/spot_ros:/home/caleb/ros2_ws/install/spot_viz:/home/caleb/ros2_ws/install/spot_bringup:/home/caleb/ros2_ws/install/spot_navigation:/home/caleb/ros2_ws/install/spot_msgs:/home/caleb/ros2_ws/install/spot_gazebo:/home/caleb/ros2_ws/install/spot_description:/home/caleb/ros2_ws/install/spot_control:/home/caleb/ros2_ws/install/spot_arm_moveit2_config:/home/caleb/ros2_ws/install/optimization:/home/caleb/ros2_ws/install/spot_driver:/home/caleb/ros2_ws/install/spot_manipulation_driver:/opt/ros/galactic LD_LIBRARY_PATH=/home/caleb/ros2_ws/install/moveit_core/lib:${LD_LIBRARY_PATH} PATH=/home/caleb/ros2_ws/install/moveit_core/bin:${PATH} /usr/local/bin/cmake /home/caleb/ros2_ws/src/moveit2/moveit_ros/occupancy_map_monitor -DCMAKE_BUILD_TYPE=Release -DCMAKE_INSTALL_PREFIX=/home/caleb/ros2_ws/install/moveit_ros_occupancy_map_monitor
[3.475s] Invoking command in '/home/caleb/ros2_ws/build/moveit_ros_occupancy_map_monitor': AMENT_PREFIX_PATH=/home/caleb/ros2_ws/install/moveit_core:/home/caleb/ros2_ws/install/moveit_common:${AMENT_PREFIX_PATH} CMAKE_PREFIX_PATH=/home/caleb/ros2_ws/install/moveit_core:/home/caleb/ros2_ws/install/moveit_common:/home/caleb/ros2_ws/install/spot_ros:/home/caleb/ros2_ws/install/spot_viz:/home/caleb/ros2_ws/install/spot_bringup:/home/caleb/ros2_ws/install/spot_navigation:/home/caleb/ros2_ws/install/spot_msgs:/home/caleb/ros2_ws/install/spot_gazebo:/home/caleb/ros2_ws/install/spot_description:/home/caleb/ros2_ws/install/spot_control:/home/caleb/ros2_ws/install/spot_arm_moveit2_config:/home/caleb/ros2_ws/install/optimization:/home/caleb/ros2_ws/install/spot_driver:/home/caleb/ros2_ws/install/spot_manipulation_driver:/opt/ros/galactic LD_LIBRARY_PATH=/home/caleb/ros2_ws/install/moveit_core/lib:${LD_LIBRARY_PATH} PATH=/home/caleb/ros2_ws/install/moveit_core/bin:${PATH} /usr/local/bin/cmake --build /home/caleb/ros2_ws/build/moveit_ros_occupancy_map_monitor -- -j20 -l20
[3.488s] [  7%] [32mBuilding CXX object CMakeFiles/moveit_ros_occupancy_map_monitor.dir/src/occupancy_map_monitor.cpp.o[0m
[3.488s] [ 23%] [32mBuilding CXX object gmock/CMakeFiles/gmock.dir/opt/ros/galactic/src/gtest_vendor/src/gtest-all.cc.o[0m
[3.488s] [ 30%] [32mBuilding CXX object CMakeFiles/moveit_ros_occupancy_map_monitor.dir/src/occupancy_map_updater.cpp.o[0m
[3.488s] [ 30%] [32mBuilding CXX object CMakeFiles/moveit_ros_occupancy_map_monitor.dir/src/occupancy_map_monitor_middleware_handle.cpp.o[0m
[3.488s] [ 38%] [32mBuilding CXX object gmock/CMakeFiles/gmock_main.dir/src/gmock_main.cc.o[0m
[3.488s] [ 46%] [32mBuilding CXX object gmock/CMakeFiles/gmock.dir/src/gmock-all.cc.o[0m
[4.919s] [ 53%] [32m[1mLinking CXX static library libgmock_main.a[0m
[4.954s] [ 53%] Built target gmock_main
[14.679s] [ 61%] [32m[1mLinking CXX static library libgmock.a[0m
[14.704s] [ 61%] Built target gmock
[15.566s] [ 69%] [32m[1mLinking CXX shared library libmoveit_ros_occupancy_map_monitor.so[0m
[15.756s] [ 69%] Built target moveit_ros_occupancy_map_monitor
[15.763s] [ 76%] [32mBuilding CXX object CMakeFiles/moveit_ros_occupancy_map_server.dir/src/occupancy_map_server.cpp.o[0m
[15.763s] [ 84%] [32mBuilding CXX object CMakeFiles/occupancy_map_monitor_tests.dir/test/occupancy_map_monitor_tests.cpp.o[0m
[20.551s] [ 92%] [32m[1mLinking CXX executable occupancy_map_monitor_tests[0m
[20.713s] [ 92%] Built target occupancy_map_monitor_tests
[23.568s] [100%] [32m[1mLinking CXX executable moveit_ros_occupancy_map_server[0m
[23.707s] [100%] Built target moveit_ros_occupancy_map_server
