[0.487s] Invoking command in '/home/caleb/ros2_ws/build/spot_control': CMAKE_PREFIX_PATH=${CMAKE_PREFIX_PATH}:/home/caleb/ros2_ws/install/spot_driver:/home/caleb/ros2_ws/install/spot_manipulation_driver:/opt/ros/galactic /usr/local/bin/cmake /home/caleb/ros2_ws/src/spot_ros/spot_control -DCMAKE_INSTALL_PREFIX=/home/caleb/ros2_ws/install/spot_control
[0.791s] -- The C compiler identification is GNU 9.4.0
[0.791s] -- The CXX compiler identification is GNU 9.4.0
[0.791s] -- Detecting C compiler ABI info
[0.791s] -- Detecting C compiler ABI info - done
[0.791s] -- Check for working C compiler: /usr/bin/cc - skipped
[0.791s] -- Detecting C compile features
[0.791s] -- Detecting C compile features - done
[0.791s] -- Detecting CXX compiler ABI info
[0.791s] -- Detecting CXX compiler ABI info - done
[0.791s] -- Check for working CXX compiler: /usr/bin/c++ - skipped
[0.792s] -- Detecting CXX compile features
[0.792s] -- Detecting CXX compile features - done
[0.792s] -- Found ament_cmake: 1.1.6 (/opt/ros/galactic/share/ament_cmake/cmake)
[0.792s] -- Found PythonInterp: /usr/bin/python3 (found suitable version "3.8.10", minimum required is "3") 
[0.792s] -- Using PYTHON_EXECUTABLE: /usr/bin/python3
[0.869s] -- Configuring done
[0.873s] -- Generating done
[0.874s] -- Build files have been written to: /home/caleb/ros2_ws/build/spot_control
[0.877s] Invoked command in '/home/caleb/ros2_ws/build/spot_control' returned '0': CMAKE_PREFIX_PATH=${CMAKE_PREFIX_PATH}:/home/caleb/ros2_ws/install/spot_driver:/home/caleb/ros2_ws/install/spot_manipulation_driver:/opt/ros/galactic /usr/local/bin/cmake /home/caleb/ros2_ws/src/spot_ros/spot_control -DCMAKE_INSTALL_PREFIX=/home/caleb/ros2_ws/install/spot_control
[0.879s] Invoking command in '/home/caleb/ros2_ws/build/spot_control': CMAKE_PREFIX_PATH=${CMAKE_PREFIX_PATH}:/home/caleb/ros2_ws/install/spot_driver:/home/caleb/ros2_ws/install/spot_manipulation_driver:/opt/ros/galactic /usr/local/bin/cmake --build /home/caleb/ros2_ws/build/spot_control -- -j20 -l20
[0.887s] Invoked command in '/home/caleb/ros2_ws/build/spot_control' returned '0': CMAKE_PREFIX_PATH=${CMAKE_PREFIX_PATH}:/home/caleb/ros2_ws/install/spot_driver:/home/caleb/ros2_ws/install/spot_manipulation_driver:/opt/ros/galactic /usr/local/bin/cmake --build /home/caleb/ros2_ws/build/spot_control -- -j20 -l20
[0.898s] Invoking command in '/home/caleb/ros2_ws/build/spot_control': CMAKE_PREFIX_PATH=${CMAKE_PREFIX_PATH}:/home/caleb/ros2_ws/install/spot_driver:/home/caleb/ros2_ws/install/spot_manipulation_driver:/opt/ros/galactic /usr/local/bin/cmake --install /home/caleb/ros2_ws/build/spot_control
[0.900s] -- Install configuration: ""
[0.901s] -- Installing: /home/caleb/ros2_ws/install/spot_control/share/spot_control/launch
[0.901s] -- Installing: /home/caleb/ros2_ws/install/spot_control/share/spot_control/launch/teleop.launch.py
[0.902s] -- Installing: /home/caleb/ros2_ws/install/spot_control/share/spot_control/launch/control.launch
[0.903s] -- Installing: /home/caleb/ros2_ws/install/spot_control/share/spot_control/config
[0.903s] -- Installing: /home/caleb/ros2_ws/install/spot_control/share/spot_control/config/control.yaml
[0.903s] -- Installing: /home/caleb/ros2_ws/install/spot_control/share/spot_control/config/teleop_ps4.yaml
[0.903s] -- Installing: /home/caleb/ros2_ws/install/spot_control/share/spot_control/config/robot_localization.yaml
[0.903s] -- Installing: /home/caleb/ros2_ws/install/spot_control/share/spot_control/config/twist_mux.yaml
[0.903s] -- Installing: /home/caleb/ros2_ws/install/spot_control/share/spot_control/config/teleop_ps3.yaml
[0.903s] -- Installing: /home/caleb/ros2_ws/install/spot_control/share/ament_index/resource_index/package_run_dependencies/spot_control
[0.903s] -- Installing: /home/caleb/ros2_ws/install/spot_control/share/ament_index/resource_index/parent_prefix_path/spot_control
[0.903s] -- Installing: /home/caleb/ros2_ws/install/spot_control/share/spot_control/environment/ament_prefix_path.sh
[0.903s] -- Installing: /home/caleb/ros2_ws/install/spot_control/share/spot_control/environment/ament_prefix_path.dsv
[0.903s] -- Installing: /home/caleb/ros2_ws/install/spot_control/share/spot_control/environment/path.sh
[0.903s] -- Installing: /home/caleb/ros2_ws/install/spot_control/share/spot_control/environment/path.dsv
[0.904s] -- Installing: /home/caleb/ros2_ws/install/spot_control/share/spot_control/local_setup.bash
[0.904s] -- Installing: /home/caleb/ros2_ws/install/spot_control/share/spot_control/local_setup.sh
[0.904s] -- Installing: /home/caleb/ros2_ws/install/spot_control/share/spot_control/local_setup.zsh
[0.904s] -- Installing: /home/caleb/ros2_ws/install/spot_control/share/spot_control/local_setup.dsv
[0.904s] -- Installing: /home/caleb/ros2_ws/install/spot_control/share/spot_control/package.dsv
[0.904s] -- Installing: /home/caleb/ros2_ws/install/spot_control/share/ament_index/resource_index/packages/spot_control
[0.904s] -- Installing: /home/caleb/ros2_ws/install/spot_control/share/spot_control/cmake/spot_controlConfig.cmake
[0.904s] -- Installing: /home/caleb/ros2_ws/install/spot_control/share/spot_control/cmake/spot_controlConfig-version.cmake
[0.904s] -- Installing: /home/caleb/ros2_ws/install/spot_control/share/spot_control/package.xml
[0.905s] Invoked command in '/home/caleb/ros2_ws/build/spot_control' returned '0': CMAKE_PREFIX_PATH=${CMAKE_PREFIX_PATH}:/home/caleb/ros2_ws/install/spot_driver:/home/caleb/ros2_ws/install/spot_manipulation_driver:/opt/ros/galactic /usr/local/bin/cmake --install /home/caleb/ros2_ws/build/spot_control
