[0.907s] Invoking command in '/home/caleb/ros2_ws/build/moveit_simple_controller_manager': AMENT_PREFIX_PATH=/home/caleb/ros2_ws/install/moveit_core:/home/caleb/ros2_ws/install/moveit_common:${AMENT_PREFIX_PATH} CMAKE_PREFIX_PATH=/home/caleb/ros2_ws/install/moveit_core:/home/caleb/ros2_ws/install/moveit_common:/home/caleb/ros2_ws/install/spot_ros:/home/caleb/ros2_ws/install/spot_viz:/home/caleb/ros2_ws/install/spot_bringup:/home/caleb/ros2_ws/install/spot_navigation:/home/caleb/ros2_ws/install/spot_msgs:/home/caleb/ros2_ws/install/spot_gazebo:/home/caleb/ros2_ws/install/spot_description:/home/caleb/ros2_ws/install/spot_control:/home/caleb/ros2_ws/install/spot_arm_moveit2_config:/home/caleb/ros2_ws/install/optimization:/home/caleb/ros2_ws/install/spot_driver:/home/caleb/ros2_ws/install/spot_manipulation_driver:/opt/ros/galactic LD_LIBRARY_PATH=/home/caleb/ros2_ws/install/moveit_core/lib:${LD_LIBRARY_PATH} PATH=/home/caleb/ros2_ws/install/moveit_core/bin:${PATH} /usr/local/bin/cmake /home/caleb/ros2_ws/src/moveit2/moveit_plugins/moveit_simple_controller_manager -DCMAKE_BUILD_TYPE=Release -DCMAKE_INSTALL_PREFIX=/home/caleb/ros2_ws/install/moveit_simple_controller_manager
[0.978s] -- The C compiler identification is GNU 9.4.0
[1.014s] -- The CXX compiler identification is GNU 9.4.0
[1.022s] -- Detecting C compiler ABI info
[1.055s] -- Detecting C compiler ABI info - done
[1.060s] -- Check for working C compiler: /usr/bin/cc - skipped
[1.060s] -- Detecting C compile features
[1.061s] -- Detecting C compile features - done
[1.063s] -- Detecting CXX compiler ABI info
[1.100s] -- Detecting CXX compiler ABI info - done
[1.109s] -- Check for working CXX compiler: /usr/bin/c++ - skipped
[1.110s] -- Detecting CXX compile features
[1.110s] -- Detecting CXX compile features - done
[1.112s] -- Found moveit_common: 2.3.4 (/home/caleb/ros2_ws/install/moveit_common/share/moveit_common/cmake)
[1.120s] -- Found ament_cmake: 1.1.6 (/opt/ros/galactic/share/ament_cmake/cmake)
[1.145s] -- Found PythonInterp: /usr/bin/python3 (found suitable version "3.8.10", minimum required is "3") 
[1.145s] -- Using PYTHON_EXECUTABLE: /usr/bin/python3
[1.300s] -- Found moveit_core: 2.3.4 (/home/caleb/ros2_ws/install/moveit_core/share/moveit_core/cmake)
[1.447s] -- Found Boost: /usr/lib/x86_64-linux-gnu/cmake/Boost-1.71.0/BoostConfig.cmake (found version "1.71.0") found components: chrono date_time filesystem iostreams program_options regex serialization system thread 
[1.470s] -- Found Boost: /usr/lib/x86_64-linux-gnu/cmake/Boost-1.71.0/BoostConfig.cmake (found version "1.71.0") found components: filesystem 
[1.542s] -- Using all available rosidl_typesupport_c: rosidl_typesupport_fastrtps_c;rosidl_typesupport_introspection_c
[1.553s] -- Found rosidl_adapter: 2.2.3 (/opt/ros/galactic/share/rosidl_adapter/cmake)
[1.621s] -- Found OpenSSL: /usr/lib/x86_64-linux-gnu/libcrypto.so (found version "1.1.1f")  
[1.656s] -- Found FastRTPS: /opt/ros/galactic/include  
[1.746s] -- Using all available rosidl_typesupport_cpp: rosidl_typesupport_fastrtps_cpp;rosidl_typesupport_introspection_cpp
[1.911s] -- Found rmw_implementation_cmake: 3.3.1 (/opt/ros/galactic/share/rmw_implementation_cmake/cmake)
[1.916s] -- Found rmw_cyclonedds_cpp: 0.22.6 (/opt/ros/galactic/share/rmw_cyclonedds_cpp/cmake)
[1.935s] -- Using RMW implementation 'rmw_cyclonedds_cpp' as default
[1.937s] -- Found Threads: TRUE  
[2.139s] -- library: /usr/lib/x86_64-linux-gnu/libcurl.so
[2.311s] -- Found Eigen3: TRUE (found version "3.3.7") 
[4.209s] -- Found control_msgs: 3.0.0 (/opt/ros/galactic/share/control_msgs/cmake)
[4.457s] -- Found Boost: /usr/lib/x86_64-linux-gnu/cmake/Boost-1.71.0/BoostConfig.cmake (found version "1.71.0") found components: thread 
[4.471s] -- Found ament_lint_auto: 0.10.7 (/opt/ros/galactic/share/ament_lint_auto/cmake)
[4.501s] -- Added test 'lint_cmake' to check CMake code style
[4.503s] -- Added test 'xmllint' to check XML markup files
[4.506s] -- Configuring done
[4.547s] -- Generating done
[4.551s] -- Build files have been written to: /home/caleb/ros2_ws/build/moveit_simple_controller_manager
[4.570s] Invoked command in '/home/caleb/ros2_ws/build/moveit_simple_controller_manager' returned '0': AMENT_PREFIX_PATH=/home/caleb/ros2_ws/install/moveit_core:/home/caleb/ros2_ws/install/moveit_common:${AMENT_PREFIX_PATH} CMAKE_PREFIX_PATH=/home/caleb/ros2_ws/install/moveit_core:/home/caleb/ros2_ws/install/moveit_common:/home/caleb/ros2_ws/install/spot_ros:/home/caleb/ros2_ws/install/spot_viz:/home/caleb/ros2_ws/install/spot_bringup:/home/caleb/ros2_ws/install/spot_navigation:/home/caleb/ros2_ws/install/spot_msgs:/home/caleb/ros2_ws/install/spot_gazebo:/home/caleb/ros2_ws/install/spot_description:/home/caleb/ros2_ws/install/spot_control:/home/caleb/ros2_ws/install/spot_arm_moveit2_config:/home/caleb/ros2_ws/install/optimization:/home/caleb/ros2_ws/install/spot_driver:/home/caleb/ros2_ws/install/spot_manipulation_driver:/opt/ros/galactic LD_LIBRARY_PATH=/home/caleb/ros2_ws/install/moveit_core/lib:${LD_LIBRARY_PATH} PATH=/home/caleb/ros2_ws/install/moveit_core/bin:${PATH} /usr/local/bin/cmake /home/caleb/ros2_ws/src/moveit2/moveit_plugins/moveit_simple_controller_manager -DCMAKE_BUILD_TYPE=Release -DCMAKE_INSTALL_PREFIX=/home/caleb/ros2_ws/install/moveit_simple_controller_manager
[4.572s] Invoking command in '/home/caleb/ros2_ws/build/moveit_simple_controller_manager': AMENT_PREFIX_PATH=/home/caleb/ros2_ws/install/moveit_core:/home/caleb/ros2_ws/install/moveit_common:${AMENT_PREFIX_PATH} CMAKE_PREFIX_PATH=/home/caleb/ros2_ws/install/moveit_core:/home/caleb/ros2_ws/install/moveit_common:/home/caleb/ros2_ws/install/spot_ros:/home/caleb/ros2_ws/install/spot_viz:/home/caleb/ros2_ws/install/spot_bringup:/home/caleb/ros2_ws/install/spot_navigation:/home/caleb/ros2_ws/install/spot_msgs:/home/caleb/ros2_ws/install/spot_gazebo:/home/caleb/ros2_ws/install/spot_description:/home/caleb/ros2_ws/install/spot_control:/home/caleb/ros2_ws/install/spot_arm_moveit2_config:/home/caleb/ros2_ws/install/optimization:/home/caleb/ros2_ws/install/spot_driver:/home/caleb/ros2_ws/install/spot_manipulation_driver:/opt/ros/galactic LD_LIBRARY_PATH=/home/caleb/ros2_ws/install/moveit_core/lib:${LD_LIBRARY_PATH} PATH=/home/caleb/ros2_ws/install/moveit_core/bin:${PATH} /usr/local/bin/cmake --build /home/caleb/ros2_ws/build/moveit_simple_controller_manager -- -j20 -l20
[4.601s] [ 33%] [32mBuilding CXX object CMakeFiles/moveit_simple_controller_manager.dir/src/moveit_simple_controller_manager.cpp.o[0m
[4.605s] [ 66%] [32mBuilding CXX object CMakeFiles/moveit_simple_controller_manager.dir/src/follow_joint_trajectory_controller_handle.cpp.o[0m
[13.475s] [100%] [32m[1mLinking CXX shared library libmoveit_simple_controller_manager.so[0m
[13.663s] [100%] Built target moveit_simple_controller_manager
[13.666s] Invoked command in '/home/caleb/ros2_ws/build/moveit_simple_controller_manager' returned '0': AMENT_PREFIX_PATH=/home/caleb/ros2_ws/install/moveit_core:/home/caleb/ros2_ws/install/moveit_common:${AMENT_PREFIX_PATH} CMAKE_PREFIX_PATH=/home/caleb/ros2_ws/install/moveit_core:/home/caleb/ros2_ws/install/moveit_common:/home/caleb/ros2_ws/install/spot_ros:/home/caleb/ros2_ws/install/spot_viz:/home/caleb/ros2_ws/install/spot_bringup:/home/caleb/ros2_ws/install/spot_navigation:/home/caleb/ros2_ws/install/spot_msgs:/home/caleb/ros2_ws/install/spot_gazebo:/home/caleb/ros2_ws/install/spot_description:/home/caleb/ros2_ws/install/spot_control:/home/caleb/ros2_ws/install/spot_arm_moveit2_config:/home/caleb/ros2_ws/install/optimization:/home/caleb/ros2_ws/install/spot_driver:/home/caleb/ros2_ws/install/spot_manipulation_driver:/opt/ros/galactic LD_LIBRARY_PATH=/home/caleb/ros2_ws/install/moveit_core/lib:${LD_LIBRARY_PATH} PATH=/home/caleb/ros2_ws/install/moveit_core/bin:${PATH} /usr/local/bin/cmake --build /home/caleb/ros2_ws/build/moveit_simple_controller_manager -- -j20 -l20
[13.684s] Invoking command in '/home/caleb/ros2_ws/build/moveit_simple_controller_manager': AMENT_PREFIX_PATH=/home/caleb/ros2_ws/install/moveit_core:/home/caleb/ros2_ws/install/moveit_common:${AMENT_PREFIX_PATH} CMAKE_PREFIX_PATH=/home/caleb/ros2_ws/install/moveit_core:/home/caleb/ros2_ws/install/moveit_common:/home/caleb/ros2_ws/install/spot_ros:/home/caleb/ros2_ws/install/spot_viz:/home/caleb/ros2_ws/install/spot_bringup:/home/caleb/ros2_ws/install/spot_navigation:/home/caleb/ros2_ws/install/spot_msgs:/home/caleb/ros2_ws/install/spot_gazebo:/home/caleb/ros2_ws/install/spot_description:/home/caleb/ros2_ws/install/spot_control:/home/caleb/ros2_ws/install/spot_arm_moveit2_config:/home/caleb/ros2_ws/install/optimization:/home/caleb/ros2_ws/install/spot_driver:/home/caleb/ros2_ws/install/spot_manipulation_driver:/opt/ros/galactic LD_LIBRARY_PATH=/home/caleb/ros2_ws/install/moveit_core/lib:${LD_LIBRARY_PATH} PATH=/home/caleb/ros2_ws/install/moveit_core/bin:${PATH} /usr/local/bin/cmake --install /home/caleb/ros2_ws/build/moveit_simple_controller_manager
[13.686s] -- Install configuration: "Release"
[13.686s] -- Installing: /home/caleb/ros2_ws/install/moveit_simple_controller_manager/lib/libmoveit_simple_controller_manager.so.2.3.4
[13.687s] -- Set runtime path of "/home/caleb/ros2_ws/install/moveit_simple_controller_manager/lib/libmoveit_simple_controller_manager.so.2.3.4" to ""
[13.687s] -- Installing: /home/caleb/ros2_ws/install/moveit_simple_controller_manager/lib/libmoveit_simple_controller_manager.so
[13.687s] -- Installing: /home/caleb/ros2_ws/install/moveit_simple_controller_manager/include
[13.688s] -- Installing: /home/caleb/ros2_ws/install/moveit_simple_controller_manager/include/moveit_simple_controller_manager
[13.688s] -- Installing: /home/caleb/ros2_ws/install/moveit_simple_controller_manager/include/moveit_simple_controller_manager/gripper_controller_handle.h
[13.688s] -- Installing: /home/caleb/ros2_ws/install/moveit_simple_controller_manager/include/moveit_simple_controller_manager/follow_joint_trajectory_controller_handle.h
[13.688s] -- Installing: /home/caleb/ros2_ws/install/moveit_simple_controller_manager/include/moveit_simple_controller_manager/action_based_controller_handle.h
[13.688s] -- Installing: /home/caleb/ros2_ws/install/moveit_simple_controller_manager/share/moveit_simple_controller_manager/environment/library_path.sh
[13.689s] -- Installing: /home/caleb/ros2_ws/install/moveit_simple_controller_manager/share/moveit_simple_controller_manager/environment/library_path.dsv
[13.689s] -- Installing: /home/caleb/ros2_ws/install/moveit_simple_controller_manager/share/moveit_simple_controller_manager/moveit_simple_controller_manager_plugin_description.xml
[13.689s] -- Installing: /home/caleb/ros2_ws/install/moveit_simple_controller_manager/share/ament_index/resource_index/package_run_dependencies/moveit_simple_controller_manager
[13.689s] -- Installing: /home/caleb/ros2_ws/install/moveit_simple_controller_manager/share/ament_index/resource_index/parent_prefix_path/moveit_simple_controller_manager
[13.689s] -- Installing: /home/caleb/ros2_ws/install/moveit_simple_controller_manager/share/moveit_simple_controller_manager/environment/ament_prefix_path.sh
[13.690s] -- Installing: /home/caleb/ros2_ws/install/moveit_simple_controller_manager/share/moveit_simple_controller_manager/environment/ament_prefix_path.dsv
[13.690s] -- Installing: /home/caleb/ros2_ws/install/moveit_simple_controller_manager/share/moveit_simple_controller_manager/environment/path.sh
[13.690s] -- Installing: /home/caleb/ros2_ws/install/moveit_simple_controller_manager/share/moveit_simple_controller_manager/environment/path.dsv
[13.690s] -- Installing: /home/caleb/ros2_ws/install/moveit_simple_controller_manager/share/moveit_simple_controller_manager/local_setup.bash
[13.690s] -- Installing: /home/caleb/ros2_ws/install/moveit_simple_controller_manager/share/moveit_simple_controller_manager/local_setup.sh
[13.691s] -- Installing: /home/caleb/ros2_ws/install/moveit_simple_controller_manager/share/moveit_simple_controller_manager/local_setup.zsh
[13.692s] -- Installing: /home/caleb/ros2_ws/install/moveit_simple_controller_manager/share/moveit_simple_controller_manager/local_setup.dsv
[13.692s] -- Installing: /home/caleb/ros2_ws/install/moveit_simple_controller_manager/share/moveit_simple_controller_manager/package.dsv
[13.692s] -- Installing: /home/caleb/ros2_ws/install/moveit_simple_controller_manager/share/ament_index/resource_index/packages/moveit_simple_controller_manager
[13.692s] -- Installing: /home/caleb/ros2_ws/install/moveit_simple_controller_manager/share/ament_index/resource_index/moveit_core__pluginlib__plugin/moveit_simple_controller_manager
[13.692s] -- Installing: /home/caleb/ros2_ws/install/moveit_simple_controller_manager/share/moveit_simple_controller_manager/cmake/export_moveit_simple_controller_managerExport.cmake
[13.692s] -- Installing: /home/caleb/ros2_ws/install/moveit_simple_controller_manager/share/moveit_simple_controller_manager/cmake/export_moveit_simple_controller_managerExport-release.cmake
[13.693s] -- Installing: /home/caleb/ros2_ws/install/moveit_simple_controller_manager/share/moveit_simple_controller_manager/cmake/ConfigExtras.cmake
[13.693s] -- Installing: /home/caleb/ros2_ws/install/moveit_simple_controller_manager/share/moveit_simple_controller_manager/cmake/ament_cmake_export_targets-extras.cmake
[13.693s] -- Installing: /home/caleb/ros2_ws/install/moveit_simple_controller_manager/share/moveit_simple_controller_manager/cmake/ament_cmake_export_dependencies-extras.cmake
[13.693s] -- Installing: /home/caleb/ros2_ws/install/moveit_simple_controller_manager/share/moveit_simple_controller_manager/cmake/moveit_simple_controller_managerConfig.cmake
[13.693s] -- Installing: /home/caleb/ros2_ws/install/moveit_simple_controller_manager/share/moveit_simple_controller_manager/cmake/moveit_simple_controller_managerConfig-version.cmake
[13.693s] -- Installing: /home/caleb/ros2_ws/install/moveit_simple_controller_manager/share/moveit_simple_controller_manager/package.xml
[13.694s] Invoked command in '/home/caleb/ros2_ws/build/moveit_simple_controller_manager' returned '0': AMENT_PREFIX_PATH=/home/caleb/ros2_ws/install/moveit_core:/home/caleb/ros2_ws/install/moveit_common:${AMENT_PREFIX_PATH} CMAKE_PREFIX_PATH=/home/caleb/ros2_ws/install/moveit_core:/home/caleb/ros2_ws/install/moveit_common:/home/caleb/ros2_ws/install/spot_ros:/home/caleb/ros2_ws/install/spot_viz:/home/caleb/ros2_ws/install/spot_bringup:/home/caleb/ros2_ws/install/spot_navigation:/home/caleb/ros2_ws/install/spot_msgs:/home/caleb/ros2_ws/install/spot_gazebo:/home/caleb/ros2_ws/install/spot_description:/home/caleb/ros2_ws/install/spot_control:/home/caleb/ros2_ws/install/spot_arm_moveit2_config:/home/caleb/ros2_ws/install/optimization:/home/caleb/ros2_ws/install/spot_driver:/home/caleb/ros2_ws/install/spot_manipulation_driver:/opt/ros/galactic LD_LIBRARY_PATH=/home/caleb/ros2_ws/install/moveit_core/lib:${LD_LIBRARY_PATH} PATH=/home/caleb/ros2_ws/install/moveit_core/bin:${PATH} /usr/local/bin/cmake --install /home/caleb/ros2_ws/build/moveit_simple_controller_manager
