[0.219s] Invoking command in '/home/caleb/ros2_ws/build/spot_bringup': AMENT_PREFIX_PATH=/home/caleb/ros2_ws/install/spot_driver:/home/caleb/ros2_ws/install/spot_ros:/home/caleb/ros2_ws/install/spot_viz:/home/caleb/ros2_ws/install/spot_bringup:/home/caleb/ros2_ws/install/spot_navigation:/home/caleb/ros2_ws/install/spot_msgs:/home/caleb/ros2_ws/install/spot_manipulation_driver:/home/caleb/ros2_ws/install/spot_gazebo:/home/caleb/ros2_ws/install/spot_description:/home/caleb/ros2_ws/install/spot_control:/home/caleb/ros2_ws/install/spot_arm_moveit2_config:/home/caleb/ros2_ws/install/optimization:/home/caleb/ros2_ws/install/manipulator_path_optimization:/home/caleb/ros2_ws/install/manipulator_controller:/opt/ros/galactic CMAKE_PREFIX_PATH=/home/caleb/ros2_ws/install/spot_navigation:/home/caleb/ros2_ws/install/spot_msgs:/home/caleb/ros2_ws/install/spot_description:/home/caleb/ros2_ws/install/spot_ros:/home/caleb/ros2_ws/install/spot_viz:/home/caleb/ros2_ws/install/spot_bringup:/home/caleb/ros2_ws/install/spot_gazebo:/home/caleb/ros2_ws/install/spot_control:/home/caleb/ros2_ws/install/spot_arm_moveit2_config:/home/caleb/ros2_ws/install/optimization:/home/caleb/ros2_ws/install/manipulator_path_optimization:/home/caleb/ros2_ws/install/manipulator_controller:/home/caleb/ros2_ws/install/spot_driver:/home/caleb/ros2_ws/install/spot_manipulation_driver:/opt/ros/galactic /usr/local/bin/cmake /home/caleb/ros2_ws/src/spot_ros/spot_bringup -DCMAKE_INSTALL_PREFIX=/home/caleb/ros2_ws/install/spot_bringup
[0.246s] -- The C compiler identification is GNU 9.4.0
[0.278s] -- The CXX compiler identification is GNU 9.4.0
[0.283s] -- Detecting C compiler ABI info
[0.312s] -- Detecting C compiler ABI info - done
[0.321s] -- Check for working C compiler: /usr/bin/cc - skipped
[0.321s] -- Detecting C compile features
[0.322s] -- Detecting C compile features - done
[0.325s] -- Detecting CXX compiler ABI info
[0.363s] -- Detecting CXX compiler ABI info - done
[0.372s] -- Check for working CXX compiler: /usr/bin/c++ - skipped
[0.372s] -- Detecting CXX compile features
[0.373s] -- Detecting CXX compile features - done
[0.376s] -- Found ament_cmake: 1.1.6 (/opt/ros/galactic/share/ament_cmake/cmake)
[0.394s] -- Found PythonInterp: /usr/bin/python3 (found suitable version "3.8.10", minimum required is "3") 
[0.394s] -- Using PYTHON_EXECUTABLE: /usr/bin/python3
[0.492s] -- Configuring done
[0.495s] -- Generating done
[0.496s] -- Build files have been written to: /home/caleb/ros2_ws/build/spot_bringup
[0.499s] Invoked command in '/home/caleb/ros2_ws/build/spot_bringup' returned '0': AMENT_PREFIX_PATH=/home/caleb/ros2_ws/install/spot_driver:/home/caleb/ros2_ws/install/spot_ros:/home/caleb/ros2_ws/install/spot_viz:/home/caleb/ros2_ws/install/spot_bringup:/home/caleb/ros2_ws/install/spot_navigation:/home/caleb/ros2_ws/install/spot_msgs:/home/caleb/ros2_ws/install/spot_manipulation_driver:/home/caleb/ros2_ws/install/spot_gazebo:/home/caleb/ros2_ws/install/spot_description:/home/caleb/ros2_ws/install/spot_control:/home/caleb/ros2_ws/install/spot_arm_moveit2_config:/home/caleb/ros2_ws/install/optimization:/home/caleb/ros2_ws/install/manipulator_path_optimization:/home/caleb/ros2_ws/install/manipulator_controller:/opt/ros/galactic CMAKE_PREFIX_PATH=/home/caleb/ros2_ws/install/spot_navigation:/home/caleb/ros2_ws/install/spot_msgs:/home/caleb/ros2_ws/install/spot_description:/home/caleb/ros2_ws/install/spot_ros:/home/caleb/ros2_ws/install/spot_viz:/home/caleb/ros2_ws/install/spot_bringup:/home/caleb/ros2_ws/install/spot_gazebo:/home/caleb/ros2_ws/install/spot_control:/home/caleb/ros2_ws/install/spot_arm_moveit2_config:/home/caleb/ros2_ws/install/optimization:/home/caleb/ros2_ws/install/manipulator_path_optimization:/home/caleb/ros2_ws/install/manipulator_controller:/home/caleb/ros2_ws/install/spot_driver:/home/caleb/ros2_ws/install/spot_manipulation_driver:/opt/ros/galactic /usr/local/bin/cmake /home/caleb/ros2_ws/src/spot_ros/spot_bringup -DCMAKE_INSTALL_PREFIX=/home/caleb/ros2_ws/install/spot_bringup
[0.500s] Invoking command in '/home/caleb/ros2_ws/build/spot_bringup': AMENT_PREFIX_PATH=/home/caleb/ros2_ws/install/spot_driver:/home/caleb/ros2_ws/install/spot_ros:/home/caleb/ros2_ws/install/spot_viz:/home/caleb/ros2_ws/install/spot_bringup:/home/caleb/ros2_ws/install/spot_navigation:/home/caleb/ros2_ws/install/spot_msgs:/home/caleb/ros2_ws/install/spot_manipulation_driver:/home/caleb/ros2_ws/install/spot_gazebo:/home/caleb/ros2_ws/install/spot_description:/home/caleb/ros2_ws/install/spot_control:/home/caleb/ros2_ws/install/spot_arm_moveit2_config:/home/caleb/ros2_ws/install/optimization:/home/caleb/ros2_ws/install/manipulator_path_optimization:/home/caleb/ros2_ws/install/manipulator_controller:/opt/ros/galactic CMAKE_PREFIX_PATH=/home/caleb/ros2_ws/install/spot_navigation:/home/caleb/ros2_ws/install/spot_msgs:/home/caleb/ros2_ws/install/spot_description:/home/caleb/ros2_ws/install/spot_ros:/home/caleb/ros2_ws/install/spot_viz:/home/caleb/ros2_ws/install/spot_bringup:/home/caleb/ros2_ws/install/spot_gazebo:/home/caleb/ros2_ws/install/spot_control:/home/caleb/ros2_ws/install/spot_arm_moveit2_config:/home/caleb/ros2_ws/install/optimization:/home/caleb/ros2_ws/install/manipulator_path_optimization:/home/caleb/ros2_ws/install/manipulator_controller:/home/caleb/ros2_ws/install/spot_driver:/home/caleb/ros2_ws/install/spot_manipulation_driver:/opt/ros/galactic /usr/local/bin/cmake --build /home/caleb/ros2_ws/build/spot_bringup -- -j20 -l20
[0.507s] Invoked command in '/home/caleb/ros2_ws/build/spot_bringup' returned '0': AMENT_PREFIX_PATH=/home/caleb/ros2_ws/install/spot_driver:/home/caleb/ros2_ws/install/spot_ros:/home/caleb/ros2_ws/install/spot_viz:/home/caleb/ros2_ws/install/spot_bringup:/home/caleb/ros2_ws/install/spot_navigation:/home/caleb/ros2_ws/install/spot_msgs:/home/caleb/ros2_ws/install/spot_manipulation_driver:/home/caleb/ros2_ws/install/spot_gazebo:/home/caleb/ros2_ws/install/spot_description:/home/caleb/ros2_ws/install/spot_control:/home/caleb/ros2_ws/install/spot_arm_moveit2_config:/home/caleb/ros2_ws/install/optimization:/home/caleb/ros2_ws/install/manipulator_path_optimization:/home/caleb/ros2_ws/install/manipulator_controller:/opt/ros/galactic CMAKE_PREFIX_PATH=/home/caleb/ros2_ws/install/spot_navigation:/home/caleb/ros2_ws/install/spot_msgs:/home/caleb/ros2_ws/install/spot_description:/home/caleb/ros2_ws/install/spot_ros:/home/caleb/ros2_ws/install/spot_viz:/home/caleb/ros2_ws/install/spot_bringup:/home/caleb/ros2_ws/install/spot_gazebo:/home/caleb/ros2_ws/install/spot_control:/home/caleb/ros2_ws/install/spot_arm_moveit2_config:/home/caleb/ros2_ws/install/optimization:/home/caleb/ros2_ws/install/manipulator_path_optimization:/home/caleb/ros2_ws/install/manipulator_controller:/home/caleb/ros2_ws/install/spot_driver:/home/caleb/ros2_ws/install/spot_manipulation_driver:/opt/ros/galactic /usr/local/bin/cmake --build /home/caleb/ros2_ws/build/spot_bringup -- -j20 -l20
[0.602s] Invoking command in '/home/caleb/ros2_ws/build/spot_bringup': AMENT_PREFIX_PATH=/home/caleb/ros2_ws/install/spot_driver:/home/caleb/ros2_ws/install/spot_ros:/home/caleb/ros2_ws/install/spot_viz:/home/caleb/ros2_ws/install/spot_bringup:/home/caleb/ros2_ws/install/spot_navigation:/home/caleb/ros2_ws/install/spot_msgs:/home/caleb/ros2_ws/install/spot_manipulation_driver:/home/caleb/ros2_ws/install/spot_gazebo:/home/caleb/ros2_ws/install/spot_description:/home/caleb/ros2_ws/install/spot_control:/home/caleb/ros2_ws/install/spot_arm_moveit2_config:/home/caleb/ros2_ws/install/optimization:/home/caleb/ros2_ws/install/manipulator_path_optimization:/home/caleb/ros2_ws/install/manipulator_controller:/opt/ros/galactic CMAKE_PREFIX_PATH=/home/caleb/ros2_ws/install/spot_navigation:/home/caleb/ros2_ws/install/spot_msgs:/home/caleb/ros2_ws/install/spot_description:/home/caleb/ros2_ws/install/spot_ros:/home/caleb/ros2_ws/install/spot_viz:/home/caleb/ros2_ws/install/spot_bringup:/home/caleb/ros2_ws/install/spot_gazebo:/home/caleb/ros2_ws/install/spot_control:/home/caleb/ros2_ws/install/spot_arm_moveit2_config:/home/caleb/ros2_ws/install/optimization:/home/caleb/ros2_ws/install/manipulator_path_optimization:/home/caleb/ros2_ws/install/manipulator_controller:/home/caleb/ros2_ws/install/spot_driver:/home/caleb/ros2_ws/install/spot_manipulation_driver:/opt/ros/galactic /usr/local/bin/cmake --install /home/caleb/ros2_ws/build/spot_bringup
[0.603s] -- Install configuration: ""
[0.603s] -- Installing: /home/caleb/ros2_ws/install/spot_bringup/share/spot_bringup/launch
[0.603s] -- Installing: /home/caleb/ros2_ws/install/spot_bringup/share/spot_bringup/launch/bringup.launch.py
[0.603s] -- Installing: /home/caleb/ros2_ws/install/spot_bringup/share/spot_bringup/launch/bringup_with_nav.launch.py
[0.603s] -- Installing: /home/caleb/ros2_ws/install/spot_bringup/share/spot_bringup/launch/camera_pointclouds.launch.py
[0.603s] -- Installing: /home/caleb/ros2_ws/install/spot_bringup/share/ament_index/resource_index/package_run_dependencies/spot_bringup
[0.603s] -- Installing: /home/caleb/ros2_ws/install/spot_bringup/share/ament_index/resource_index/parent_prefix_path/spot_bringup
[0.603s] -- Installing: /home/caleb/ros2_ws/install/spot_bringup/share/spot_bringup/environment/ament_prefix_path.sh
[0.603s] -- Installing: /home/caleb/ros2_ws/install/spot_bringup/share/spot_bringup/environment/ament_prefix_path.dsv
[0.603s] -- Installing: /home/caleb/ros2_ws/install/spot_bringup/share/spot_bringup/environment/path.sh
[0.603s] -- Installing: /home/caleb/ros2_ws/install/spot_bringup/share/spot_bringup/environment/path.dsv
[0.603s] -- Installing: /home/caleb/ros2_ws/install/spot_bringup/share/spot_bringup/local_setup.bash
[0.603s] -- Installing: /home/caleb/ros2_ws/install/spot_bringup/share/spot_bringup/local_setup.sh
[0.604s] -- Installing: /home/caleb/ros2_ws/install/spot_bringup/share/spot_bringup/local_setup.zsh
[0.604s] -- Installing: /home/caleb/ros2_ws/install/spot_bringup/share/spot_bringup/local_setup.dsv
[0.604s] -- Installing: /home/caleb/ros2_ws/install/spot_bringup/share/spot_bringup/package.dsv
[0.604s] -- Installing: /home/caleb/ros2_ws/install/spot_bringup/share/ament_index/resource_index/packages/spot_bringup
[0.604s] -- Installing: /home/caleb/ros2_ws/install/spot_bringup/share/spot_bringup/cmake/spot_bringupConfig.cmake
[0.604s] -- Installing: /home/caleb/ros2_ws/install/spot_bringup/share/spot_bringup/cmake/spot_bringupConfig-version.cmake
[0.604s] -- Installing: /home/caleb/ros2_ws/install/spot_bringup/share/spot_bringup/package.xml
[0.605s] Invoked command in '/home/caleb/ros2_ws/build/spot_bringup' returned '0': AMENT_PREFIX_PATH=/home/caleb/ros2_ws/install/spot_driver:/home/caleb/ros2_ws/install/spot_ros:/home/caleb/ros2_ws/install/spot_viz:/home/caleb/ros2_ws/install/spot_bringup:/home/caleb/ros2_ws/install/spot_navigation:/home/caleb/ros2_ws/install/spot_msgs:/home/caleb/ros2_ws/install/spot_manipulation_driver:/home/caleb/ros2_ws/install/spot_gazebo:/home/caleb/ros2_ws/install/spot_description:/home/caleb/ros2_ws/install/spot_control:/home/caleb/ros2_ws/install/spot_arm_moveit2_config:/home/caleb/ros2_ws/install/optimization:/home/caleb/ros2_ws/install/manipulator_path_optimization:/home/caleb/ros2_ws/install/manipulator_controller:/opt/ros/galactic CMAKE_PREFIX_PATH=/home/caleb/ros2_ws/install/spot_navigation:/home/caleb/ros2_ws/install/spot_msgs:/home/caleb/ros2_ws/install/spot_description:/home/caleb/ros2_ws/install/spot_ros:/home/caleb/ros2_ws/install/spot_viz:/home/caleb/ros2_ws/install/spot_bringup:/home/caleb/ros2_ws/install/spot_gazebo:/home/caleb/ros2_ws/install/spot_control:/home/caleb/ros2_ws/install/spot_arm_moveit2_config:/home/caleb/ros2_ws/install/optimization:/home/caleb/ros2_ws/install/manipulator_path_optimization:/home/caleb/ros2_ws/install/manipulator_controller:/home/caleb/ros2_ws/install/spot_driver:/home/caleb/ros2_ws/install/spot_manipulation_driver:/opt/ros/galactic /usr/local/bin/cmake --install /home/caleb/ros2_ws/build/spot_bringup
