[1.347s] Invoking command in '/home/caleb/ros2_ws/build/spot_viz': CMAKE_PREFIX_PATH=/home/caleb/ros2_ws/install/spot_description:/home/caleb/ros2_ws/install/spot_ros:/home/caleb/ros2_ws/install/spot_viz:/home/caleb/ros2_ws/install/spot_bringup:/home/caleb/ros2_ws/install/spot_navigation:/home/caleb/ros2_ws/install/spot_msgs:/home/caleb/ros2_ws/install/spot_gazebo:/home/caleb/ros2_ws/install/spot_control:/home/caleb/ros2_ws/install/spot_arm_moveit2_config:/home/caleb/ros2_ws/install/optimization:/home/caleb/ros2_ws/install/manipulator_path_optimization:/home/caleb/ros2_ws/install/manipulator_controller:/home/caleb/ros2_ws/install/spot_driver:/home/caleb/ros2_ws/install/spot_manipulation_driver:/opt/ros/galactic /usr/local/bin/cmake --build /home/caleb/ros2_ws/build/spot_viz -- -j20 -l20
[1.921s] Invoked command in '/home/caleb/ros2_ws/build/spot_viz' returned '0': CMAKE_PREFIX_PATH=/home/caleb/ros2_ws/install/spot_description:/home/caleb/ros2_ws/install/spot_ros:/home/caleb/ros2_ws/install/spot_viz:/home/caleb/ros2_ws/install/spot_bringup:/home/caleb/ros2_ws/install/spot_navigation:/home/caleb/ros2_ws/install/spot_msgs:/home/caleb/ros2_ws/install/spot_gazebo:/home/caleb/ros2_ws/install/spot_control:/home/caleb/ros2_ws/install/spot_arm_moveit2_config:/home/caleb/ros2_ws/install/optimization:/home/caleb/ros2_ws/install/manipulator_path_optimization:/home/caleb/ros2_ws/install/manipulator_controller:/home/caleb/ros2_ws/install/spot_driver:/home/caleb/ros2_ws/install/spot_manipulation_driver:/opt/ros/galactic /usr/local/bin/cmake --build /home/caleb/ros2_ws/build/spot_viz -- -j20 -l20
[2.265s] Invoking command in '/home/caleb/ros2_ws/build/spot_viz': CMAKE_PREFIX_PATH=/home/caleb/ros2_ws/install/spot_description:/home/caleb/ros2_ws/install/spot_ros:/home/caleb/ros2_ws/install/spot_viz:/home/caleb/ros2_ws/install/spot_bringup:/home/caleb/ros2_ws/install/spot_navigation:/home/caleb/ros2_ws/install/spot_msgs:/home/caleb/ros2_ws/install/spot_gazebo:/home/caleb/ros2_ws/install/spot_control:/home/caleb/ros2_ws/install/spot_arm_moveit2_config:/home/caleb/ros2_ws/install/optimization:/home/caleb/ros2_ws/install/manipulator_path_optimization:/home/caleb/ros2_ws/install/manipulator_controller:/home/caleb/ros2_ws/install/spot_driver:/home/caleb/ros2_ws/install/spot_manipulation_driver:/opt/ros/galactic /usr/local/bin/cmake --install /home/caleb/ros2_ws/build/spot_viz
[2.270s] -- Install configuration: ""
[2.271s] -- Up-to-date: /home/caleb/ros2_ws/install/spot_viz/share/spot_viz/launch
[2.271s] -- Up-to-date: /home/caleb/ros2_ws/install/spot_viz/share/spot_viz/launch/view_model.launch.py
[2.272s] -- Up-to-date: /home/caleb/ros2_ws/install/spot_viz/share/spot_viz/launch/view_robot.launch.py
[2.273s] -- Up-to-date: /home/caleb/ros2_ws/install/spot_viz/share/spot_viz/rviz
[2.273s] -- Up-to-date: /home/caleb/ros2_ws/install/spot_viz/share/spot_viz/rviz/robot.rviz
[2.274s] -- Up-to-date: /home/caleb/ros2_ws/install/spot_viz/share/spot_viz/rviz/model.rviz
[2.274s] -- Up-to-date: /home/caleb/ros2_ws/install/spot_viz/share/ament_index/resource_index/package_run_dependencies/spot_viz
[2.274s] -- Up-to-date: /home/caleb/ros2_ws/install/spot_viz/share/ament_index/resource_index/parent_prefix_path/spot_viz
[2.274s] -- Up-to-date: /home/caleb/ros2_ws/install/spot_viz/share/spot_viz/environment/ament_prefix_path.sh
[2.274s] -- Up-to-date: /home/caleb/ros2_ws/install/spot_viz/share/spot_viz/environment/ament_prefix_path.dsv
[2.274s] -- Up-to-date: /home/caleb/ros2_ws/install/spot_viz/share/spot_viz/environment/path.sh
[2.274s] -- Up-to-date: /home/caleb/ros2_ws/install/spot_viz/share/spot_viz/environment/path.dsv
[2.274s] -- Up-to-date: /home/caleb/ros2_ws/install/spot_viz/share/spot_viz/local_setup.bash
[2.274s] -- Up-to-date: /home/caleb/ros2_ws/install/spot_viz/share/spot_viz/local_setup.sh
[2.274s] -- Up-to-date: /home/caleb/ros2_ws/install/spot_viz/share/spot_viz/local_setup.zsh
[2.275s] -- Up-to-date: /home/caleb/ros2_ws/install/spot_viz/share/spot_viz/local_setup.dsv
[2.275s] -- Installing: /home/caleb/ros2_ws/install/spot_viz/share/spot_viz/package.dsv
[2.275s] -- Up-to-date: /home/caleb/ros2_ws/install/spot_viz/share/ament_index/resource_index/packages/spot_viz
[2.275s] -- Up-to-date: /home/caleb/ros2_ws/install/spot_viz/share/spot_viz/cmake/spot_vizConfig.cmake
[2.275s] -- Up-to-date: /home/caleb/ros2_ws/install/spot_viz/share/spot_viz/cmake/spot_vizConfig-version.cmake
[2.275s] -- Up-to-date: /home/caleb/ros2_ws/install/spot_viz/share/spot_viz/package.xml
[2.302s] Invoked command in '/home/caleb/ros2_ws/build/spot_viz' returned '0': CMAKE_PREFIX_PATH=/home/caleb/ros2_ws/install/spot_description:/home/caleb/ros2_ws/install/spot_ros:/home/caleb/ros2_ws/install/spot_viz:/home/caleb/ros2_ws/install/spot_bringup:/home/caleb/ros2_ws/install/spot_navigation:/home/caleb/ros2_ws/install/spot_msgs:/home/caleb/ros2_ws/install/spot_gazebo:/home/caleb/ros2_ws/install/spot_control:/home/caleb/ros2_ws/install/spot_arm_moveit2_config:/home/caleb/ros2_ws/install/optimization:/home/caleb/ros2_ws/install/manipulator_path_optimization:/home/caleb/ros2_ws/install/manipulator_controller:/home/caleb/ros2_ws/install/spot_driver:/home/caleb/ros2_ws/install/spot_manipulation_driver:/opt/ros/galactic /usr/local/bin/cmake --install /home/caleb/ros2_ws/build/spot_viz
