[0.426s] Invoking command in '/home/caleb/ros2_ws/build/chomp_motion_planner': AMENT_PREFIX_PATH=/home/caleb/ros2_ws/install/moveit_core:/home/caleb/ros2_ws/install/moveit_common:${AMENT_PREFIX_PATH} CMAKE_PREFIX_PATH=/home/caleb/ros2_ws/install/moveit_core:/home/caleb/ros2_ws/install/moveit_common:/home/caleb/ros2_ws/install/spot_ros:/home/caleb/ros2_ws/install/spot_viz:/home/caleb/ros2_ws/install/spot_bringup:/home/caleb/ros2_ws/install/spot_navigation:/home/caleb/ros2_ws/install/spot_msgs:/home/caleb/ros2_ws/install/spot_gazebo:/home/caleb/ros2_ws/install/spot_description:/home/caleb/ros2_ws/install/spot_control:/home/caleb/ros2_ws/install/spot_arm_moveit2_config:/home/caleb/ros2_ws/install/optimization:/home/caleb/ros2_ws/install/spot_driver:/home/caleb/ros2_ws/install/spot_manipulation_driver:/opt/ros/galactic LD_LIBRARY_PATH=/home/caleb/ros2_ws/install/moveit_core/lib:${LD_LIBRARY_PATH} PATH=/home/caleb/ros2_ws/install/moveit_core/bin:${PATH} /usr/local/bin/cmake /home/caleb/ros2_ws/src/moveit2/moveit_planners/chomp/chomp_motion_planner -DCMAKE_BUILD_TYPE=Release -DCMAKE_INSTALL_PREFIX=/home/caleb/ros2_ws/install/chomp_motion_planner
[0.489s] -- The C compiler identification is GNU 9.4.0
[0.524s] -- The CXX compiler identification is GNU 9.4.0
[0.532s] -- Detecting C compiler ABI info
[0.566s] -- Detecting C compiler ABI info - done
[0.575s] -- Check for working C compiler: /usr/bin/cc - skipped
[0.575s] -- Detecting C compile features
[0.576s] -- Detecting C compile features - done
[0.579s] -- Detecting CXX compiler ABI info
[0.619s] -- Detecting CXX compiler ABI info - done
[0.628s] -- Check for working CXX compiler: /usr/bin/c++ - skipped
[0.629s] -- Detecting CXX compile features
[0.629s] -- Detecting CXX compile features - done
[0.631s] -- Found moveit_common: 2.3.4 (/home/caleb/ros2_ws/install/moveit_common/share/moveit_common/cmake)
[0.635s] -- Found ament_cmake: 1.1.6 (/opt/ros/galactic/share/ament_cmake/cmake)
[0.657s] -- Found PythonInterp: /usr/bin/python3 (found suitable version "3.8.10", minimum required is "3") 
[0.657s] -- Using PYTHON_EXECUTABLE: /usr/bin/python3
[0.811s] -- Found moveit_core: 2.3.4 (/home/caleb/ros2_ws/install/moveit_core/share/moveit_core/cmake)
[0.959s] -- Found Boost: /usr/lib/x86_64-linux-gnu/cmake/Boost-1.71.0/BoostConfig.cmake (found version "1.71.0") found components: chrono date_time filesystem iostreams program_options regex serialization system thread 
[0.982s] -- Found Boost: /usr/lib/x86_64-linux-gnu/cmake/Boost-1.71.0/BoostConfig.cmake (found version "1.71.0") found components: filesystem 
[1.047s] -- Using all available rosidl_typesupport_c: rosidl_typesupport_fastrtps_c;rosidl_typesupport_introspection_c
[1.058s] -- Found rosidl_adapter: 2.2.3 (/opt/ros/galactic/share/rosidl_adapter/cmake)
[1.127s] -- Found OpenSSL: /usr/lib/x86_64-linux-gnu/libcrypto.so (found version "1.1.1f")  
[1.161s] -- Found FastRTPS: /opt/ros/galactic/include  
[1.248s] -- Using all available rosidl_typesupport_cpp: rosidl_typesupport_fastrtps_cpp;rosidl_typesupport_introspection_cpp
[1.411s] -- Found rmw_implementation_cmake: 3.3.1 (/opt/ros/galactic/share/rmw_implementation_cmake/cmake)
[1.416s] -- Found rmw_cyclonedds_cpp: 0.22.6 (/opt/ros/galactic/share/rmw_cyclonedds_cpp/cmake)
[1.435s] -- Using RMW implementation 'rmw_cyclonedds_cpp' as default
[1.437s] -- Found Threads: TRUE  
[1.643s] -- library: /usr/lib/x86_64-linux-gnu/libcurl.so
[1.814s] -- Found Eigen3: TRUE (found version "3.3.7") 
[3.821s] -- Found ament_lint_auto: 0.10.7 (/opt/ros/galactic/share/ament_lint_auto/cmake)
[3.841s] -- Added test 'xmllint' to check XML markup files
[3.844s] -- Configuring done
[3.881s] -- Generating done
[3.884s] -- Build files have been written to: /home/caleb/ros2_ws/build/chomp_motion_planner
[3.895s] Invoked command in '/home/caleb/ros2_ws/build/chomp_motion_planner' returned '0': AMENT_PREFIX_PATH=/home/caleb/ros2_ws/install/moveit_core:/home/caleb/ros2_ws/install/moveit_common:${AMENT_PREFIX_PATH} CMAKE_PREFIX_PATH=/home/caleb/ros2_ws/install/moveit_core:/home/caleb/ros2_ws/install/moveit_common:/home/caleb/ros2_ws/install/spot_ros:/home/caleb/ros2_ws/install/spot_viz:/home/caleb/ros2_ws/install/spot_bringup:/home/caleb/ros2_ws/install/spot_navigation:/home/caleb/ros2_ws/install/spot_msgs:/home/caleb/ros2_ws/install/spot_gazebo:/home/caleb/ros2_ws/install/spot_description:/home/caleb/ros2_ws/install/spot_control:/home/caleb/ros2_ws/install/spot_arm_moveit2_config:/home/caleb/ros2_ws/install/optimization:/home/caleb/ros2_ws/install/spot_driver:/home/caleb/ros2_ws/install/spot_manipulation_driver:/opt/ros/galactic LD_LIBRARY_PATH=/home/caleb/ros2_ws/install/moveit_core/lib:${LD_LIBRARY_PATH} PATH=/home/caleb/ros2_ws/install/moveit_core/bin:${PATH} /usr/local/bin/cmake /home/caleb/ros2_ws/src/moveit2/moveit_planners/chomp/chomp_motion_planner -DCMAKE_BUILD_TYPE=Release -DCMAKE_INSTALL_PREFIX=/home/caleb/ros2_ws/install/chomp_motion_planner
[3.898s] Invoking command in '/home/caleb/ros2_ws/build/chomp_motion_planner': AMENT_PREFIX_PATH=/home/caleb/ros2_ws/install/moveit_core:/home/caleb/ros2_ws/install/moveit_common:${AMENT_PREFIX_PATH} CMAKE_PREFIX_PATH=/home/caleb/ros2_ws/install/moveit_core:/home/caleb/ros2_ws/install/moveit_common:/home/caleb/ros2_ws/install/spot_ros:/home/caleb/ros2_ws/install/spot_viz:/home/caleb/ros2_ws/install/spot_bringup:/home/caleb/ros2_ws/install/spot_navigation:/home/caleb/ros2_ws/install/spot_msgs:/home/caleb/ros2_ws/install/spot_gazebo:/home/caleb/ros2_ws/install/spot_description:/home/caleb/ros2_ws/install/spot_control:/home/caleb/ros2_ws/install/spot_arm_moveit2_config:/home/caleb/ros2_ws/install/optimization:/home/caleb/ros2_ws/install/spot_driver:/home/caleb/ros2_ws/install/spot_manipulation_driver:/opt/ros/galactic LD_LIBRARY_PATH=/home/caleb/ros2_ws/install/moveit_core/lib:${LD_LIBRARY_PATH} PATH=/home/caleb/ros2_ws/install/moveit_core/bin:${PATH} /usr/local/bin/cmake --build /home/caleb/ros2_ws/build/chomp_motion_planner -- -j20 -l20
[3.921s] [ 50%] [32mBuilding CXX object CMakeFiles/chomp_motion_planner.dir/src/chomp_cost.cpp.o[0m
[3.922s] [ 50%] [32mBuilding CXX object CMakeFiles/chomp_motion_planner.dir/src/chomp_trajectory.cpp.o[0m
[3.922s] [ 50%] [32mBuilding CXX object CMakeFiles/chomp_motion_planner.dir/src/chomp_parameters.cpp.o[0m
[3.922s] [ 66%] [32mBuilding CXX object CMakeFiles/chomp_motion_planner.dir/src/chomp_planner.cpp.o[0m
[3.922s] [ 83%] [32mBuilding CXX object CMakeFiles/chomp_motion_planner.dir/src/chomp_optimizer.cpp.o[0m
[24.508s] [100%] [32m[1mLinking CXX shared library libchomp_motion_planner.so[0m
[24.629s] [100%] Built target chomp_motion_planner
