[0.616s] Invoking command in '/home/caleb/ros2_ws/build/spot_navigation': CMAKE_PREFIX_PATH=${CMAKE_PREFIX_PATH}:/home/caleb/ros2_ws/install/spot_driver:/home/caleb/ros2_ws/install/spot_manipulation_driver:/opt/ros/galactic /usr/local/bin/cmake --build /home/caleb/ros2_ws/build/spot_navigation -- -j20 -l20
[0.873s] Invoked command in '/home/caleb/ros2_ws/build/spot_navigation' returned '0': CMAKE_PREFIX_PATH=${CMAKE_PREFIX_PATH}:/home/caleb/ros2_ws/install/spot_driver:/home/caleb/ros2_ws/install/spot_manipulation_driver:/opt/ros/galactic /usr/local/bin/cmake --build /home/caleb/ros2_ws/build/spot_navigation -- -j20 -l20
[0.892s] Invoking command in '/home/caleb/ros2_ws/build/spot_navigation': CMAKE_PREFIX_PATH=${CMAKE_PREFIX_PATH}:/home/caleb/ros2_ws/install/spot_driver:/home/caleb/ros2_ws/install/spot_manipulation_driver:/opt/ros/galactic /usr/local/bin/cmake --install /home/caleb/ros2_ws/build/spot_navigation
[0.927s] -- Install configuration: ""
[0.927s] -- Up-to-date: /home/caleb/ros2_ws/install/spot_navigation/share/spot_navigation/launch
[0.927s] -- Up-to-date: /home/caleb/ros2_ws/install/spot_navigation/share/spot_navigation/launch/octomap.launch.py
[0.927s] -- Up-to-date: /home/caleb/ros2_ws/install/spot_navigation/share/spot_navigation/launch/slam.launch.py
[0.928s] -- Up-to-date: /home/caleb/ros2_ws/install/spot_navigation/share/spot_navigation/launch/navigation_suite.launch.py
[0.928s] -- Up-to-date: /home/caleb/ros2_ws/install/spot_navigation/share/spot_navigation/launch/amcl.launch.py
[0.928s] -- Up-to-date: /home/caleb/ros2_ws/install/spot_navigation/share/spot_navigation/launch/navigation.launch.py
[0.929s] -- Up-to-date: /home/caleb/ros2_ws/install/spot_navigation/share/spot_navigation/map
[0.929s] -- Up-to-date: /home/caleb/ros2_ws/install/spot_navigation/share/spot_navigation/map/map.pgm
[0.929s] -- Up-to-date: /home/caleb/ros2_ws/install/spot_navigation/share/spot_navigation/map/map.yaml
[0.930s] -- Up-to-date: /home/caleb/ros2_ws/install/spot_navigation/share/spot_navigation/map/ahg.yaml
[0.930s] -- Up-to-date: /home/caleb/ros2_ws/install/spot_navigation/share/spot_navigation/map/ahg.pgm
[0.931s] -- Up-to-date: /home/caleb/ros2_ws/install/spot_navigation/share/spot_navigation/config
[0.931s] -- Up-to-date: /home/caleb/ros2_ws/install/spot_navigation/share/spot_navigation/config/lidar_slam.yaml
[0.931s] -- Up-to-date: /home/caleb/ros2_ws/install/spot_navigation/share/spot_navigation/config/lidar_with_map.yaml
[0.932s] -- Up-to-date: /home/caleb/ros2_ws/install/spot_navigation/share/spot_navigation/config/lidar.yaml
[0.932s] -- Up-to-date: /home/caleb/ros2_ws/install/spot_navigation/share/spot_navigation/config/octomap_params.yaml
[0.932s] -- Up-to-date: /home/caleb/ros2_ws/install/spot_navigation/share/spot_navigation/config/spot.yaml
[0.933s] -- Up-to-date: /home/caleb/ros2_ws/install/spot_navigation/share/spot_navigation/rviz
[0.933s] -- Up-to-date: /home/caleb/ros2_ws/install/spot_navigation/share/spot_navigation/rviz/tb3_navigation2.rviz
[0.933s] -- Up-to-date: /home/caleb/ros2_ws/install/spot_navigation/share/ament_index/resource_index/package_run_dependencies/spot_navigation
[0.933s] -- Up-to-date: /home/caleb/ros2_ws/install/spot_navigation/share/ament_index/resource_index/parent_prefix_path/spot_navigation
[0.934s] -- Up-to-date: /home/caleb/ros2_ws/install/spot_navigation/share/spot_navigation/environment/ament_prefix_path.sh
[0.934s] -- Up-to-date: /home/caleb/ros2_ws/install/spot_navigation/share/spot_navigation/environment/ament_prefix_path.dsv
[0.934s] -- Up-to-date: /home/caleb/ros2_ws/install/spot_navigation/share/spot_navigation/environment/path.sh
[0.935s] -- Up-to-date: /home/caleb/ros2_ws/install/spot_navigation/share/spot_navigation/environment/path.dsv
[0.935s] -- Up-to-date: /home/caleb/ros2_ws/install/spot_navigation/share/spot_navigation/local_setup.bash
[0.935s] -- Up-to-date: /home/caleb/ros2_ws/install/spot_navigation/share/spot_navigation/local_setup.sh
[0.936s] -- Up-to-date: /home/caleb/ros2_ws/install/spot_navigation/share/spot_navigation/local_setup.zsh
[0.936s] -- Up-to-date: /home/caleb/ros2_ws/install/spot_navigation/share/spot_navigation/local_setup.dsv
[0.937s] -- Installing: /home/caleb/ros2_ws/install/spot_navigation/share/spot_navigation/package.dsv
[0.937s] -- Up-to-date: /home/caleb/ros2_ws/install/spot_navigation/share/ament_index/resource_index/packages/spot_navigation
[0.937s] -- Up-to-date: /home/caleb/ros2_ws/install/spot_navigation/share/spot_navigation/cmake/spot_navigationConfig.cmake
[0.938s] -- Up-to-date: /home/caleb/ros2_ws/install/spot_navigation/share/spot_navigation/cmake/spot_navigationConfig-version.cmake
[0.938s] -- Up-to-date: /home/caleb/ros2_ws/install/spot_navigation/share/spot_navigation/package.xml
[0.948s] Invoked command in '/home/caleb/ros2_ws/build/spot_navigation' returned '0': CMAKE_PREFIX_PATH=${CMAKE_PREFIX_PATH}:/home/caleb/ros2_ws/install/spot_driver:/home/caleb/ros2_ws/install/spot_manipulation_driver:/opt/ros/galactic /usr/local/bin/cmake --install /home/caleb/ros2_ws/build/spot_navigation
