[0.640s] Invoking command in '/home/caleb/ros2_ws/build/spot_gazebo': CMAKE_PREFIX_PATH=/home/caleb/ros2_ws/install/spot_description:/home/caleb/ros2_ws/install/spot_ros:/home/caleb/ros2_ws/install/spot_viz:/home/caleb/ros2_ws/install/spot_bringup:/home/caleb/ros2_ws/install/spot_navigation:/home/caleb/ros2_ws/install/spot_msgs:/home/caleb/ros2_ws/install/spot_gazebo:/home/caleb/ros2_ws/install/spot_control:/home/caleb/ros2_ws/install/spot_arm_moveit2_config:/home/caleb/ros2_ws/install/optimization:/home/caleb/ros2_ws/install/spot_driver:/home/caleb/ros2_ws/install/spot_manipulation_driver:/opt/ros/galactic /usr/local/bin/cmake --build /home/caleb/ros2_ws/build/spot_gazebo -- -j20 -l20
[1.290s] Invoked command in '/home/caleb/ros2_ws/build/spot_gazebo' returned '0': CMAKE_PREFIX_PATH=/home/caleb/ros2_ws/install/spot_description:/home/caleb/ros2_ws/install/spot_ros:/home/caleb/ros2_ws/install/spot_viz:/home/caleb/ros2_ws/install/spot_bringup:/home/caleb/ros2_ws/install/spot_navigation:/home/caleb/ros2_ws/install/spot_msgs:/home/caleb/ros2_ws/install/spot_gazebo:/home/caleb/ros2_ws/install/spot_control:/home/caleb/ros2_ws/install/spot_arm_moveit2_config:/home/caleb/ros2_ws/install/optimization:/home/caleb/ros2_ws/install/spot_driver:/home/caleb/ros2_ws/install/spot_manipulation_driver:/opt/ros/galactic /usr/local/bin/cmake --build /home/caleb/ros2_ws/build/spot_gazebo -- -j20 -l20
[1.658s] Invoking command in '/home/caleb/ros2_ws/build/spot_gazebo': CMAKE_PREFIX_PATH=/home/caleb/ros2_ws/install/spot_description:/home/caleb/ros2_ws/install/spot_ros:/home/caleb/ros2_ws/install/spot_viz:/home/caleb/ros2_ws/install/spot_bringup:/home/caleb/ros2_ws/install/spot_navigation:/home/caleb/ros2_ws/install/spot_msgs:/home/caleb/ros2_ws/install/spot_gazebo:/home/caleb/ros2_ws/install/spot_control:/home/caleb/ros2_ws/install/spot_arm_moveit2_config:/home/caleb/ros2_ws/install/optimization:/home/caleb/ros2_ws/install/spot_driver:/home/caleb/ros2_ws/install/spot_manipulation_driver:/opt/ros/galactic /usr/local/bin/cmake --install /home/caleb/ros2_ws/build/spot_gazebo
[1.665s] -- Install configuration: ""
[1.665s] -- Up-to-date: /home/caleb/ros2_ws/install/spot_gazebo/share/spot_gazebo/launch
[1.666s] -- Up-to-date: /home/caleb/ros2_ws/install/spot_gazebo/share/spot_gazebo/launch/spawn_turtlebot3.launch.py
[1.666s] -- Up-to-date: /home/caleb/ros2_ws/install/spot_gazebo/share/spot_gazebo/launch/empty_world.launch.py
[1.666s] -- Up-to-date: /home/caleb/ros2_ws/install/spot_gazebo/share/spot_gazebo/launch/turtlebot3_world.launch.py
[1.666s] -- Up-to-date: /home/caleb/ros2_ws/install/spot_gazebo/share/spot_gazebo/worlds
[1.666s] -- Up-to-date: /home/caleb/ros2_ws/install/spot_gazebo/share/spot_gazebo/worlds/turtlebot3_world.world
[1.666s] -- Up-to-date: /home/caleb/ros2_ws/install/spot_gazebo/share/spot_gazebo/worlds/turtlebot3_dqn_stage2.world
[1.666s] -- Up-to-date: /home/caleb/ros2_ws/install/spot_gazebo/share/spot_gazebo/worlds/empty_world.world
[1.666s] -- Up-to-date: /home/caleb/ros2_ws/install/spot_gazebo/share/spot_gazebo/worlds/turtlebot3_dqn_stage1.world
[1.666s] -- Up-to-date: /home/caleb/ros2_ws/install/spot_gazebo/share/spot_gazebo/worlds/turtlebot3_dqn_stage4.world
[1.666s] -- Up-to-date: /home/caleb/ros2_ws/install/spot_gazebo/share/spot_gazebo/worlds/turtlebot3_house.world
[1.668s] -- Up-to-date: /home/caleb/ros2_ws/install/spot_gazebo/share/spot_gazebo/worlds/turtlebot3_dqn_stage3.world
[1.668s] -- Up-to-date: /home/caleb/ros2_ws/install/spot_gazebo/share/spot_gazebo/rviz
[1.668s] -- Up-to-date: /home/caleb/ros2_ws/install/spot_gazebo/share/spot_gazebo/rviz/tb3_gazebo.rviz
[1.669s] -- Up-to-date: /home/caleb/ros2_ws/install/spot_gazebo/share/spot_gazebo/models
[1.669s] -- Up-to-date: /home/caleb/ros2_ws/install/spot_gazebo/share/spot_gazebo/models/turtlebot3_waffle
[1.669s] -- Up-to-date: /home/caleb/ros2_ws/install/spot_gazebo/share/spot_gazebo/models/turtlebot3_waffle/model.sdf
[1.669s] -- Up-to-date: /home/caleb/ros2_ws/install/spot_gazebo/share/spot_gazebo/models/turtlebot3_waffle/model-1_4.sdf
[1.670s] -- Up-to-date: /home/caleb/ros2_ws/install/spot_gazebo/share/spot_gazebo/models/turtlebot3_waffle/model.config
[1.670s] -- Up-to-date: /home/caleb/ros2_ws/install/spot_gazebo/share/spot_gazebo/models/turtlebot3_dqn_world
[1.670s] -- Up-to-date: /home/caleb/ros2_ws/install/spot_gazebo/share/spot_gazebo/models/turtlebot3_dqn_world/obstacles
[1.671s] -- Up-to-date: /home/caleb/ros2_ws/install/spot_gazebo/share/spot_gazebo/models/turtlebot3_dqn_world/obstacles/model.sdf
[1.671s] -- Up-to-date: /home/caleb/ros2_ws/install/spot_gazebo/share/spot_gazebo/models/turtlebot3_dqn_world/obstacles/model.config
[1.671s] -- Up-to-date: /home/caleb/ros2_ws/install/spot_gazebo/share/spot_gazebo/models/turtlebot3_dqn_world/obstacle_plugin
[1.672s] -- Up-to-date: /home/caleb/ros2_ws/install/spot_gazebo/share/spot_gazebo/models/turtlebot3_dqn_world/obstacle_plugin/obstacle2.cc
[1.672s] -- Up-to-date: /home/caleb/ros2_ws/install/spot_gazebo/share/spot_gazebo/models/turtlebot3_dqn_world/obstacle_plugin/obstacles.cc
[1.672s] -- Up-to-date: /home/caleb/ros2_ws/install/spot_gazebo/share/spot_gazebo/models/turtlebot3_dqn_world/obstacle_plugin/CMakeLists.txt
[1.673s] -- Up-to-date: /home/caleb/ros2_ws/install/spot_gazebo/share/spot_gazebo/models/turtlebot3_dqn_world/obstacle_plugin/obstacle1.cc
[1.673s] -- Up-to-date: /home/caleb/ros2_ws/install/spot_gazebo/share/spot_gazebo/models/turtlebot3_dqn_world/goal_box
[1.674s] -- Up-to-date: /home/caleb/ros2_ws/install/spot_gazebo/share/spot_gazebo/models/turtlebot3_dqn_world/goal_box/model.sdf
[1.674s] -- Up-to-date: /home/caleb/ros2_ws/install/spot_gazebo/share/spot_gazebo/models/turtlebot3_dqn_world/goal_box/model.config
[1.674s] -- Up-to-date: /home/caleb/ros2_ws/install/spot_gazebo/share/spot_gazebo/models/turtlebot3_dqn_world/model.sdf
[1.675s] -- Up-to-date: /home/caleb/ros2_ws/install/spot_gazebo/share/spot_gazebo/models/turtlebot3_dqn_world/model.config
[1.675s] -- Up-to-date: /home/caleb/ros2_ws/install/spot_gazebo/share/spot_gazebo/models/turtlebot3_dqn_world/obstacle1
[1.675s] -- Up-to-date: /home/caleb/ros2_ws/install/spot_gazebo/share/spot_gazebo/models/turtlebot3_dqn_world/obstacle1/model.sdf
[1.675s] -- Up-to-date: /home/caleb/ros2_ws/install/spot_gazebo/share/spot_gazebo/models/turtlebot3_dqn_world/obstacle1/model.config
[1.676s] -- Up-to-date: /home/caleb/ros2_ws/install/spot_gazebo/share/spot_gazebo/models/turtlebot3_dqn_world/inner_walls
[1.676s] -- Up-to-date: /home/caleb/ros2_ws/install/spot_gazebo/share/spot_gazebo/models/turtlebot3_dqn_world/inner_walls/model.sdf
[1.677s] -- Up-to-date: /home/caleb/ros2_ws/install/spot_gazebo/share/spot_gazebo/models/turtlebot3_dqn_world/inner_walls/model.config
[1.677s] -- Up-to-date: /home/caleb/ros2_ws/install/spot_gazebo/share/spot_gazebo/models/turtlebot3_dqn_world/obstacle2
[1.677s] -- Up-to-date: /home/caleb/ros2_ws/install/spot_gazebo/share/spot_gazebo/models/turtlebot3_dqn_world/obstacle2/model.sdf
[1.677s] -- Up-to-date: /home/caleb/ros2_ws/install/spot_gazebo/share/spot_gazebo/models/turtlebot3_dqn_world/obstacle2/model.config
[1.678s] -- Up-to-date: /home/caleb/ros2_ws/install/spot_gazebo/share/spot_gazebo/models/turtlebot3_waffle_pi
[1.678s] -- Up-to-date: /home/caleb/ros2_ws/install/spot_gazebo/share/spot_gazebo/models/turtlebot3_waffle_pi/model-1_4_.sdf
[1.679s] -- Up-to-date: /home/caleb/ros2_ws/install/spot_gazebo/share/spot_gazebo/models/turtlebot3_waffle_pi/model.sdf
[1.679s] -- Up-to-date: /home/caleb/ros2_ws/install/spot_gazebo/share/spot_gazebo/models/turtlebot3_waffle_pi/model.config
[1.679s] -- Up-to-date: /home/caleb/ros2_ws/install/spot_gazebo/share/spot_gazebo/models/turtlebot3_world
[1.680s] -- Up-to-date: /home/caleb/ros2_ws/install/spot_gazebo/share/spot_gazebo/models/turtlebot3_world/model.sdf
[1.680s] -- Up-to-date: /home/caleb/ros2_ws/install/spot_gazebo/share/spot_gazebo/models/turtlebot3_world/model-1_4.sdf
[1.680s] -- Up-to-date: /home/caleb/ros2_ws/install/spot_gazebo/share/spot_gazebo/models/turtlebot3_world/model.config
[1.681s] -- Up-to-date: /home/caleb/ros2_ws/install/spot_gazebo/share/spot_gazebo/models/turtlebot3_world/meshes
[1.681s] -- Up-to-date: /home/caleb/ros2_ws/install/spot_gazebo/share/spot_gazebo/models/turtlebot3_world/meshes/wall.dae
[1.681s] -- Up-to-date: /home/caleb/ros2_ws/install/spot_gazebo/share/spot_gazebo/models/turtlebot3_world/meshes/hexagon.dae
[1.682s] -- Up-to-date: /home/caleb/ros2_ws/install/spot_gazebo/share/spot_gazebo/models/turtlebot3_common
[1.682s] -- Up-to-date: /home/caleb/ros2_ws/install/spot_gazebo/share/spot_gazebo/models/turtlebot3_common/model.config
[1.682s] -- Up-to-date: /home/caleb/ros2_ws/install/spot_gazebo/share/spot_gazebo/models/turtlebot3_common/meshes
[1.683s] -- Up-to-date: /home/caleb/ros2_ws/install/spot_gazebo/share/spot_gazebo/models/turtlebot3_common/meshes/lds.dae
[1.683s] -- Up-to-date: /home/caleb/ros2_ws/install/spot_gazebo/share/spot_gazebo/models/turtlebot3_common/meshes/waffle_pi_base.dae
[1.683s] -- Up-to-date: /home/caleb/ros2_ws/install/spot_gazebo/share/spot_gazebo/models/turtlebot3_common/meshes/waffle_base.dae
[1.684s] -- Up-to-date: /home/caleb/ros2_ws/install/spot_gazebo/share/spot_gazebo/models/turtlebot3_common/meshes/tire.dae
[1.684s] -- Up-to-date: /home/caleb/ros2_ws/install/spot_gazebo/share/spot_gazebo/models/turtlebot3_common/meshes/burger_base.dae
[1.684s] -- Up-to-date: /home/caleb/ros2_ws/install/spot_gazebo/share/spot_gazebo/models/turtlebot3_common/meshes/r200.dae
[1.685s] -- Up-to-date: /home/caleb/ros2_ws/install/spot_gazebo/share/spot_gazebo/models/turtlebot3_house
[1.685s] -- Up-to-date: /home/caleb/ros2_ws/install/spot_gazebo/share/spot_gazebo/models/turtlebot3_house/model.sdf
[1.685s] -- Up-to-date: /home/caleb/ros2_ws/install/spot_gazebo/share/spot_gazebo/models/turtlebot3_house/model.config
[1.686s] -- Up-to-date: /home/caleb/ros2_ws/install/spot_gazebo/share/spot_gazebo/models/turtlebot3_burger
[1.686s] -- Up-to-date: /home/caleb/ros2_ws/install/spot_gazebo/share/spot_gazebo/models/turtlebot3_burger/model.sdf
[1.686s] -- Up-to-date: /home/caleb/ros2_ws/install/spot_gazebo/share/spot_gazebo/models/turtlebot3_burger/model-1_4.sdf
[1.687s] -- Up-to-date: /home/caleb/ros2_ws/install/spot_gazebo/share/spot_gazebo/models/turtlebot3_burger/model.config
[1.687s] -- Up-to-date: /home/caleb/ros2_ws/install/spot_gazebo/share/ament_index/resource_index/package_run_dependencies/spot_gazebo
[1.687s] -- Up-to-date: /home/caleb/ros2_ws/install/spot_gazebo/share/ament_index/resource_index/parent_prefix_path/spot_gazebo
[1.688s] -- Up-to-date: /home/caleb/ros2_ws/install/spot_gazebo/share/spot_gazebo/environment/ament_prefix_path.sh
[1.688s] -- Up-to-date: /home/caleb/ros2_ws/install/spot_gazebo/share/spot_gazebo/environment/ament_prefix_path.dsv
[1.689s] -- Up-to-date: /home/caleb/ros2_ws/install/spot_gazebo/share/spot_gazebo/environment/path.sh
[1.689s] -- Up-to-date: /home/caleb/ros2_ws/install/spot_gazebo/share/spot_gazebo/environment/path.dsv
[1.689s] -- Up-to-date: /home/caleb/ros2_ws/install/spot_gazebo/share/spot_gazebo/local_setup.bash
[1.689s] -- Up-to-date: /home/caleb/ros2_ws/install/spot_gazebo/share/spot_gazebo/local_setup.sh
[1.690s] -- Up-to-date: /home/caleb/ros2_ws/install/spot_gazebo/share/spot_gazebo/local_setup.zsh
[1.690s] -- Up-to-date: /home/caleb/ros2_ws/install/spot_gazebo/share/spot_gazebo/local_setup.dsv
[1.690s] -- Up-to-date: /home/caleb/ros2_ws/install/spot_gazebo/share/spot_gazebo/package.dsv
[1.690s] -- Up-to-date: /home/caleb/ros2_ws/install/spot_gazebo/share/ament_index/resource_index/packages/spot_gazebo
[1.690s] -- Up-to-date: /home/caleb/ros2_ws/install/spot_gazebo/share/spot_gazebo/cmake/spot_gazeboConfig.cmake
[1.690s] -- Up-to-date: /home/caleb/ros2_ws/install/spot_gazebo/share/spot_gazebo/cmake/spot_gazeboConfig-version.cmake
[1.690s] -- Up-to-date: /home/caleb/ros2_ws/install/spot_gazebo/share/spot_gazebo/package.xml
[1.844s] Invoked command in '/home/caleb/ros2_ws/build/spot_gazebo' returned '0': CMAKE_PREFIX_PATH=/home/caleb/ros2_ws/install/spot_description:/home/caleb/ros2_ws/install/spot_ros:/home/caleb/ros2_ws/install/spot_viz:/home/caleb/ros2_ws/install/spot_bringup:/home/caleb/ros2_ws/install/spot_navigation:/home/caleb/ros2_ws/install/spot_msgs:/home/caleb/ros2_ws/install/spot_gazebo:/home/caleb/ros2_ws/install/spot_control:/home/caleb/ros2_ws/install/spot_arm_moveit2_config:/home/caleb/ros2_ws/install/optimization:/home/caleb/ros2_ws/install/spot_driver:/home/caleb/ros2_ws/install/spot_manipulation_driver:/opt/ros/galactic /usr/local/bin/cmake --install /home/caleb/ros2_ws/build/spot_gazebo
