[0.366s] Invoking command in '/home/caleb/ros2_ws/build/optimization': CMAKE_PREFIX_PATH=${CMAKE_PREFIX_PATH}:/home/caleb/ros2_ws/install/spot_driver:/home/caleb/ros2_ws/install/spot_manipulation_driver:/opt/ros/galactic /usr/local/bin/cmake --build /home/caleb/ros2_ws/build/optimization -- -j20 -l20
[0.375s] [35m[1mConsolidate compiler generated dependencies of target optimization[0m
[0.396s] [100%] Built target optimization
[0.731s] Invoked command in '/home/caleb/ros2_ws/build/optimization' returned '0': CMAKE_PREFIX_PATH=${CMAKE_PREFIX_PATH}:/home/caleb/ros2_ws/install/spot_driver:/home/caleb/ros2_ws/install/spot_manipulation_driver:/opt/ros/galactic /usr/local/bin/cmake --build /home/caleb/ros2_ws/build/optimization -- -j20 -l20
[0.930s] Invoking command in '/home/caleb/ros2_ws/build/optimization': CMAKE_PREFIX_PATH=${CMAKE_PREFIX_PATH}:/home/caleb/ros2_ws/install/spot_driver:/home/caleb/ros2_ws/install/spot_manipulation_driver:/opt/ros/galactic /usr/local/bin/cmake --install /home/caleb/ros2_ws/build/optimization
[1.095s] -- Install configuration: ""
[1.095s] -- Up-to-date: /home/caleb/ros2_ws/install/optimization/lib/optimization/optimization
[1.095s] -- Up-to-date: /home/caleb/ros2_ws/install/optimization/share/ament_index/resource_index/package_run_dependencies/optimization
[1.095s] -- Up-to-date: /home/caleb/ros2_ws/install/optimization/share/ament_index/resource_index/parent_prefix_path/optimization
[1.095s] -- Up-to-date: /home/caleb/ros2_ws/install/optimization/share/optimization/environment/ament_prefix_path.sh
[1.095s] -- Up-to-date: /home/caleb/ros2_ws/install/optimization/share/optimization/environment/ament_prefix_path.dsv
[1.095s] -- Up-to-date: /home/caleb/ros2_ws/install/optimization/share/optimization/environment/path.sh
[1.095s] -- Up-to-date: /home/caleb/ros2_ws/install/optimization/share/optimization/environment/path.dsv
[1.095s] -- Up-to-date: /home/caleb/ros2_ws/install/optimization/share/optimization/local_setup.bash
[1.095s] -- Up-to-date: /home/caleb/ros2_ws/install/optimization/share/optimization/local_setup.sh
[1.095s] -- Up-to-date: /home/caleb/ros2_ws/install/optimization/share/optimization/local_setup.zsh
[1.096s] -- Up-to-date: /home/caleb/ros2_ws/install/optimization/share/optimization/local_setup.dsv
[1.096s] -- Installing: /home/caleb/ros2_ws/install/optimization/share/optimization/package.dsv
[1.096s] -- Up-to-date: /home/caleb/ros2_ws/install/optimization/share/ament_index/resource_index/packages/optimization
[1.096s] -- Up-to-date: /home/caleb/ros2_ws/install/optimization/share/optimization/cmake/optimizationConfig.cmake
[1.096s] -- Up-to-date: /home/caleb/ros2_ws/install/optimization/share/optimization/cmake/optimizationConfig-version.cmake
[1.096s] -- Up-to-date: /home/caleb/ros2_ws/install/optimization/share/optimization/package.xml
[1.437s] Invoked command in '/home/caleb/ros2_ws/build/optimization' returned '0': CMAKE_PREFIX_PATH=${CMAKE_PREFIX_PATH}:/home/caleb/ros2_ws/install/spot_driver:/home/caleb/ros2_ws/install/spot_manipulation_driver:/opt/ros/galactic /usr/local/bin/cmake --install /home/caleb/ros2_ws/build/optimization
